#
# A fatal error has been detected by the Java Runtime Environment:
#
#  EXCEPTION_ACCESS_VIOLATION (0xc0000005) at pc=0x0000000077bf3290, pid=5868, tid=8916
#
# JRE version: 6.0_17-b04
# Java VM: Java HotSpot(TM) 64-Bit Server VM (14.3-b01 mixed mode windows-amd64 )
# Problematic frame:
# C  [ntdll.dll+0x53290]
#
# If you would like to submit a bug report, please visit:
#   http://java.sun.com/webapps/bugreport/crash.jsp
# The crash happened outside the Java Virtual Machine in native code.
# See problematic frame for where to report the bug.
#

---------------  T H R E A D  ---------------

Current thread (0x000000000f0f6800):  JavaThread "AddressBar directory emptiness poller" [_thread_in_native, id=8916, stack(0x0000000014ff0000,0x0000000015070000)]

siginfo: ExceptionCode=0xc0000005, reading address 0x00000501c53705e8

Registers:
EAX=0x000000007b505958, EBX=0x00000501c53705e0, ECX=0x000000ffffffffff, EDX=0x000000007ac773f0
ESP=0x000000001506ec60, EBP=0x0000000000000000, ESI=0x0000000005060000, EDI=0x000000007ac77400
EIP=0x0000000077bf3290, EFLAGS=0x0000000000010202

Top of Stack: (sp=0x000000001506ec60)
0x000000001506ec60:   000000000506bea0 00000000668e4450
0x000000001506ec70:   000000007ad154c0 000000006cf59300
0x000000001506ec80:   000000006d0404b8 000000001506ed58
0x000000001506ec90:   fffffffffffffffe 0000000075736385
0x000000001506eca0:   000000001506f140 000000000f0f69b8
0x000000001506ecb0:   0000000000000004 000000000000000d
0x000000001506ecc0:   000000001506eea0 000000000eec2870
0x000000001506ecd0:   000000000f0f69b8 00000000779a300a
0x000000001506ece0:   000000000000000d 000000001506edd8
0x000000001506ecf0:   000000000000000d 000000006dfec114
0x000000001506ed00:   000000001506eea0 000000006df6cabc
0x000000001506ed10:   0000000000000000 000000000f0f69b8
0x000000001506ed20:   0000000000000004 000000000000000d
0x000000001506ed30:   000000001506edd8 000000006dfe9f71
0x000000001506ed40:   000000001506eea0 000000000f0f69b8
0x000000001506ed50:   000000000eec2870 0000000065cd0f70 

Instructions: (pc=0x0000000077bf3290)
0x0000000077bf3280:   33 d8 48 33 1d 3f f1 0d 00 48 c1 e3 04 0f 0d 0b
0x0000000077bf3290:   4c 8b 63 08 49 bd 01 00 00 00 01 00 00 00 49 be 


Stack: [0x0000000014ff0000,0x0000000015070000],  sp=0x000000001506ec60,  free space=507k
Native frames: (J=compiled Java code, j=interpreted, Vv=VM code, C=native code)
C  [ntdll.dll+0x53290]

[error occurred during error reporting (printing native stack), id 0xc0000005]

Java frames: (J=compiled Java code, j=interpreted, Vv=VM code)
j  com.mathworks.services.settings.SettingPath.nativeIsChildNode(J[Ljava/lang/String;Ljava/lang/String;)Z+0
j  com.mathworks.services.settings.SettingPath.isChildNode(Ljava/lang/String;)Z+9
j  com.mathworks.services.settings.Setting.getInternal(ZLcom/mathworks/services/settings/SettingLevel;)Ljava/lang/Object;+152
j  com.mathworks.services.settings.Setting.get()Ljava/lang/Object;+3
j  com.mathworks.mlwidgets.explorer.widgets.address.AddressBar$EmptyPoller$1.run()V+25
j  java.util.TimerThread.mainLoop()V+221
j  java.util.TimerThread.run()V+1
v  ~StubRoutines::call_stub

---------------  P R O C E S S  ---------------

Java Threads: ( => current thread )
  0x000000000f0f7800 JavaThread "Timer-31" [_thread_new, id=4572, stack(0x0000000000000000,0x0000000000000000)]
  0x000000000f0f9000 JavaThread "Explorer NavigationContext request queue" [_thread_in_Java, id=4900, stack(0x0000000015140000,0x00000000151c0000)]
  0x0000000065efb000 JavaThread "Code Analyzer updating thread" [_thread_blocked, id=6888, stack(0x00000000681d0000,0x0000000068250000)]
  0x0000000065efa800 JavaThread "Code Analyzer updating thread" [_thread_blocked, id=7548, stack(0x0000000061250000,0x00000000612d0000)]
  0x0000000065efa000 JavaThread "Code Analyzer updating thread" [_thread_blocked, id=6844, stack(0x000000004cd10000,0x000000004cd90000)]
  0x0000000065ef9000 JavaThread "Code Analyzer updating thread" [_thread_blocked, id=3504, stack(0x00000000590c0000,0x0000000059140000)]
  0x0000000065ef8800 JavaThread "Code Analyzer updating thread" [_thread_blocked, id=8988, stack(0x0000000050e30000,0x0000000050eb0000)]
  0x000000000f0fb800 JavaThread "Active Reference Queue Daemon" daemon [_thread_blocked, id=1248, stack(0x0000000054ef0000,0x0000000054f70000)]
  0x000000000f0f9800 JavaThread "Timer-6" daemon [_thread_blocked, id=4648, stack(0x000000004cd90000,0x000000004ce10000)]
  0x000000000f0fa800 JavaThread "Timer-5" daemon [_thread_blocked, id=6436, stack(0x0000000040960000,0x00000000409e0000)]
=>0x000000000f0f6800 JavaThread "AddressBar directory emptiness poller" [_thread_in_native, id=8916, stack(0x0000000014ff0000,0x0000000015070000)]
  0x000000000f0f5000 JavaThread "Timer-1" [_thread_blocked, id=4288, stack(0x0000000019140000,0x00000000191c0000)]
  0x000000000f0f4800 JavaThread "TimerQueue" daemon [_thread_blocked, id=1440, stack(0x0000000015080000,0x0000000015100000)]
  0x000000000f012800 JavaThread "FelixPackageAdmin" daemon [_thread_blocked, id=6468, stack(0x000000000ff30000,0x000000000ffb0000)]
  0x000000000f011800 JavaThread "FelixStartLevel" daemon [_thread_blocked, id=7788, stack(0x000000000fe80000,0x000000000ff00000)]
  0x000000000f011000 JavaThread "FelixDispatchQueue" daemon [_thread_blocked, id=3864, stack(0x000000000f760000,0x000000000f7e0000)]
  0x0000000065c4d800 JavaThread "AWT-EventQueue-0" [_thread_in_Java, id=4284, stack(0x000000000fb90000,0x000000000fc10000)]
  0x000000000f55d000 JavaThread "com.google.common.base.internal.Finalizer" daemon [_thread_blocked, id=6272, stack(0x000000000fa60000,0x000000000fae0000)]
  0x0000000065c7c000 JavaThread "AWT-Windows" daemon [_thread_in_native, id=2616, stack(0x000000000f7e0000,0x000000000f860000)]
  0x0000000065c7b800 JavaThread "AWT-Shutdown" [_thread_blocked, id=7804, stack(0x000000000f8f0000,0x000000000f970000)]
  0x0000000065c7a800 JavaThread "Java2D Disposer" daemon [_thread_blocked, id=9160, stack(0x000000000e710000,0x000000000e790000)]
  0x000000006566f800 JavaThread "Timer-0" [_thread_blocked, id=5112, stack(0x000000000e690000,0x000000000e710000)]
  0x00000000655cb000 JavaThread "EventMgr Dispatcher" daemon [_thread_in_native, id=6584, stack(0x000000001d240000,0x0000000021240000)]
  0x000000000d49c800 JavaThread "Low Memory Detector" daemon [_thread_blocked, id=3372, stack(0x000000000e8e0000,0x000000000e960000)]
  0x000000000d496000 JavaThread "CompilerThread1" daemon [_thread_in_native, id=6248, stack(0x000000005d1e0000,0x00000000611e0000)]
  0x000000000d48f800 JavaThread "CompilerThread0" daemon [_thread_blocked, id=5148, stack(0x0000000059180000,0x000000005d180000)]
  0x000000000d48f000 JavaThread "Attach Listener" daemon [_thread_blocked, id=1336, stack(0x000000000e830000,0x000000000e8b0000)]
  0x000000000d436000 JavaThread "Finalizer" daemon [_thread_blocked, id=5804, stack(0x000000000e7a0000,0x000000000e820000)]
  0x000000000d42c000 JavaThread "Reference Handler" daemon [_thread_blocked, id=3340, stack(0x000000000cba0000,0x000000000cc20000)]
  0x0000000005394800 JavaThread "main" [_thread_in_native, id=3832, stack(0x0000000000150000,0x0000000004150000)]

Other Threads:
  0x000000000d427000 VMThread [stack: 0x0000000055090000,0x0000000059090000] [id=4412]
  0x000000000d4c9800 WatcherThread [stack: 0x0000000061320000,0x0000000065320000] [id=6824]

VM state:not at safepoint (normal execution)

VM Mutex/Monitor currently owned by a thread: None

Heap
 PSYoungGen      total 129984K, used 43904K [0x00000000d0000000, 0x00000000da7c0000, 0x00000000e8000000)
  eden space 104192K, 33% used [0x00000000d0000000,0x00000000d225f980,0x00000000d65c0000)
  from space 25792K, 33% used [0x00000000d65c0000,0x00000000d6e40a68,0x00000000d7ef0000)
  to   space 24256K, 0% used [0x00000000d9010000,0x00000000d9010000,0x00000000da7c0000)
 PSOldGen        total 83200K, used 44940K [0x0000000088000000, 0x000000008d140000, 0x00000000d0000000)
  object space 83200K, 54% used [0x0000000088000000,0x000000008abe31a8,0x000000008d140000)
 PSPermGen       total 104512K, used 59353K [0x0000000080000000, 0x0000000086610000, 0x0000000088000000)
  object space 104512K, 56% used [0x0000000080000000,0x00000000839f6530,0x0000000086610000)

Dynamic libraries:
0x000000013fde0000 - 0x000000013fe12000 	C:\Program Files\MATLAB\R2012a\bin\win64\MATLAB.exe
0x0000000077ba0000 - 0x0000000077d49000 	C:\Windows\SYSTEM32\ntdll.dll
0x0000000077980000 - 0x0000000077a9f000 	C:\Windows\system32\kernel32.dll
0x000007fefdac0000 - 0x000007fefdb2b000 	C:\Windows\system32\KERNELBASE.dll
0x0000000074460000 - 0x0000000074554000 	C:\Program Files\MATLAB\R2012a\bin\win64\libut.dll
0x00000000758a0000 - 0x0000000075952000 	C:\Program Files\MATLAB\R2012a\bin\win64\libmwi18n.dll
0x0000000180000000 - 0x000000018000b000 	C:\Program Files\MATLAB\R2012a\bin\win64\libmwresource_core.dll
0x000000006dfd0000 - 0x000000006e0a3000 	C:\Windows\WinSxS\amd64_microsoft.vc90.crt_1fc8b3b9a1e18e3b_9.0.30729.6161_none_08e61857a83bc251\MSVCP90.dll
0x000000006df20000 - 0x000000006dfc3000 	C:\Windows\WinSxS\amd64_microsoft.vc90.crt_1fc8b3b9a1e18e3b_9.0.30729.6161_none_08e61857a83bc251\MSVCR90.dll
0x000000007a170000 - 0x000000007a19c000 	C:\Program Files\MATLAB\R2012a\bin\win64\boost_filesystem-vc90-mt-1_44.dll
0x000000007a560000 - 0x000000007a569000 	C:\Program Files\MATLAB\R2012a\bin\win64\boost_system-vc90-mt-1_44.dll
0x000007feffbd0000 - 0x000007feffcab000 	C:\Windows\system32\ADVAPI32.dll
0x000007fefe2e0000 - 0x000007fefe37f000 	C:\Windows\system32\msvcrt.dll
0x000007fefe6b0000 - 0x000007fefe6cf000 	C:\Windows\SYSTEM32\sechost.dll
0x000007feffcb0000 - 0x000007feffddd000 	C:\Windows\system32\RPCRT4.dll
0x000000007a010000 - 0x000000007a035000 	C:\Program Files\MATLAB\R2012a\bin\win64\LIBEXPAT.dll
0x000000006c0b0000 - 0x000000006c2a1000 	C:\Program Files\MATLAB\R2012a\bin\win64\icuin44.dll
0x000000006cee0000 - 0x000000006d051000 	C:\Program Files\MATLAB\R2012a\bin\win64\icuuc44.dll
0x0000000010000000 - 0x0000000010e41000 	C:\Program Files\MATLAB\R2012a\bin\win64\icudt44.dll
0x0000000073f70000 - 0x00000000740ad000 	C:\Program Files\MATLAB\R2012a\bin\win64\libmwfl.dll
0x0000000004420000 - 0x0000000004716000 	C:\Program Files\MATLAB\R2012a\bin\win64\libmwMATLAB_res.dll
0x000000007a3b0000 - 0x000000007a3c0000 	C:\Program Files\MATLAB\R2012a\bin\win64\boost_date_time-vc90-mt-1_44.dll
0x000000007a250000 - 0x000000007a263000 	C:\Program Files\MATLAB\R2012a\bin\win64\boost_signals-vc90-mt-1_44.dll
0x000000007a2d0000 - 0x000000007a2e2000 	C:\Program Files\MATLAB\R2012a\bin\win64\boost_thread-vc90-mt-1_44.dll
0x00000000041a0000 - 0x00000000041e6000 	C:\Program Files\MATLAB\R2012a\bin\win64\tbb.dll
0x000007feff770000 - 0x000007feff789000 	C:\Windows\system32\imagehlp.dll
0x0000000077d60000 - 0x0000000077d67000 	C:\Windows\system32\PSAPI.DLL
0x0000000074f30000 - 0x0000000074f43000 	C:\Program Files\MATLAB\R2012a\bin\win64\icuio44.dll
0x000007fefb480000 - 0x000007fefb5a5000 	C:\Windows\system32\dbghelp.dll
0x0000000077aa0000 - 0x0000000077b9a000 	C:\Windows\system32\USER32.dll
0x000007fefe380000 - 0x000007fefe3e7000 	C:\Windows\system32\GDI32.dll
0x000007fefe620000 - 0x000007fefe62e000 	C:\Windows\system32\LPK.dll
0x000007feff830000 - 0x000007feff8f9000 	C:\Windows\system32\USP10.dll
0x000000007bed0000 - 0x000000007c183000 	C:\Program Files\MATLAB\R2012a\bin\win64\libmwservices.dll
0x0000000075a20000 - 0x0000000075ae2000 	C:\Program Files\MATLAB\R2012a\bin\win64\libmx.dll
0x000000007a210000 - 0x000000007a228000 	C:\Program Files\MATLAB\R2012a\bin\win64\zlib1.dll
0x0000000004240000 - 0x0000000004261000 	C:\Program Files\MATLAB\R2012a\bin\win64\libmwmfl_scalar.dll
0x0000000075f10000 - 0x0000000075f5d000 	C:\Program Files\MATLAB\R2012a\bin\win64\mpath.dll
0x000000007b680000 - 0x000000007bbe1000 	C:\Program Files\MATLAB\R2012a\bin\win64\mlutil.dll
0x0000000074eb0000 - 0x0000000074f2f000 	C:\Program Files\MATLAB\R2012a\bin\win64\xmlcore.dll
0x000000007bc30000 - 0x000000007be83000 	C:\Program Files\MATLAB\R2012a\bin\win64\xerces-c_2_7.dll
0x000007feffde0000 - 0x000007feffe2d000 	C:\Windows\system32\WS2_32.dll
0x000007feffb90000 - 0x000007feffb98000 	C:\Windows\system32\NSI.dll
0x00000000042c0000 - 0x00000000042da000 	C:\Program Files\MATLAB\R2012a\bin\win64\libmwMATLAB_settings_res.dll
0x0000000004720000 - 0x0000000004767000 	C:\Program Files\MATLAB\R2012a\bin\win64\boost_serialization-vc90-mt-1_44.dll
0x000007fefe6d0000 - 0x000007feff458000 	C:\Windows\system32\SHELL32.dll
0x000007fefe630000 - 0x000007fefe6a1000 	C:\Windows\system32\SHLWAPI.dll
0x000007fef9470000 - 0x000007fef9510000 	C:\Windows\WinSxS\amd64_microsoft.windows.common-controls_6595b64144ccf1df_5.82.7601.17514_none_a4d6a923711520a9\COMCTL32.dll
0x000007feff790000 - 0x000007feff827000 	C:\Windows\system32\COMDLG32.dll
0x000007fefaeb0000 - 0x000007fefaec6000 	C:\Windows\system32\NETAPI32.dll
0x000007fefaea0000 - 0x000007fefaeac000 	C:\Windows\system32\netutils.dll
0x000007fefd4d0000 - 0x000007fefd4f3000 	C:\Windows\system32\srvcli.dll
0x000007fefae80000 - 0x000007fefae95000 	C:\Windows\system32\wkscli.dll
0x000007feff4c0000 - 0x000007feff6c3000 	C:\Windows\system32\ole32.dll
0x000007fefdf90000 - 0x000007fefe067000 	C:\Windows\system32\OLEAUT32.dll
0x0000000074970000 - 0x0000000074b06000 	C:\Program Files\MATLAB\R2012a\bin\win64\mcr.dll
0x0000000075000000 - 0x000000007536b000 	C:\Program Files\MATLAB\R2012a\bin\win64\iqm.dll
0x000000006b880000 - 0x000000006c0a1000 	C:\Program Files\MATLAB\R2012a\bin\win64\m_interpreter.dll
0x0000000074e80000 - 0x0000000074ea5000 	C:\Program Files\MATLAB\R2012a\bin\win64\libmex.dll
0x0000000070ea0000 - 0x0000000070f53000 	C:\Program Files\MATLAB\R2012a\bin\win64\m_dispatcher.dll
0x0000000074880000 - 0x000000007496d000 	C:\Program Files\MATLAB\R2012a\bin\win64\boost_regex-vc90-mt-1_44.dll
0x0000000070d50000 - 0x0000000070dd4000 	C:\Program Files\MATLAB\R2012a\bin\win64\profiler.dll
0x00000000047c0000 - 0x0000000004a15000 	C:\Program Files\MATLAB\R2012a\bin\win64\libmwmathutil.dll
0x0000000079f40000 - 0x0000000079f6d000 	C:\Program Files\MATLAB\R2012a\bin\win64\libmwmathrng.dll
0x0000000074c10000 - 0x0000000074ced000 	C:\Program Files\MATLAB\R2012a\bin\win64\libmwmathcore.dll
0x0000000076160000 - 0x00000000761cb000 	C:\Program Files\MATLAB\R2012a\bin\win64\libmwspmatrix.dll
0x0000000075ea0000 - 0x0000000075f02000 	C:\Program Files\MATLAB\R2012a\bin\win64\libmwcholmod.dll
0x000000007a460000 - 0x000000007a46d000 	C:\Program Files\MATLAB\R2012a\bin\win64\libmwamd.dll
0x000000007a4b0000 - 0x000000007a4bc000 	C:\Program Files\MATLAB\R2012a\bin\win64\libmwcolamd.dll
0x0000000074e60000 - 0x0000000074e79000 	C:\Program Files\MATLAB\R2012a\bin\win64\libmwblas.dll
0x0000000074e40000 - 0x0000000074e52000 	C:\Program Files\MATLAB\R2012a\bin\win64\libmwbinder.dll
0x0000000074e30000 - 0x0000000074e3b000 	C:\Program Files\MATLAB\R2012a\bin\win64\libmwompwrapper.dll
0x000000006dbd0000 - 0x000000006dc56000 	C:\Program Files\MATLAB\R2012a\bin\win64\libmwlapack.dll
0x0000000074db0000 - 0x0000000074dd1000 	C:\Program Files\MATLAB\R2012a\bin\win64\m_pcodeio.dll
0x0000000079b10000 - 0x0000000079b77000 	C:\Program Files\MATLAB\R2012a\bin\win64\m_ir.dll
0x000000006b230000 - 0x000000006b880000 	C:\Program Files\MATLAB\R2012a\bin\win64\m_parser.dll
0x0000000074e00000 - 0x0000000074e1a000 	C:\Program Files\MATLAB\R2012a\bin\win64\ir_xfmr.dll
0x000000006c780000 - 0x000000006c9f9000 	C:\Program Files\MATLAB\R2012a\bin\win64\mcos.dll
0x0000000070e90000 - 0x0000000070e9c000 	C:\Program Files\MATLAB\R2012a\bin\win64\mtok.dll
0x0000000070d10000 - 0x0000000070d41000 	C:\Program Files\MATLAB\R2012a\bin\win64\m_pcodegen.dll
0x0000000079fb0000 - 0x0000000079fe7000 	C:\Program Files\MATLAB\R2012a\bin\win64\libmwbridge.dll
0x000000006db00000 - 0x000000006dbc8000 	C:\Program Files\MATLAB\R2012a\bin\win64\udd.dll
0x000000006d6e0000 - 0x000000006d832000 	C:\Program Files\MATLAB\R2012a\bin\win64\libmwgui.dll
0x000000006ed00000 - 0x000000006ed17000 	C:\Program Files\MATLAB\R2012a\bin\win64\graphics_util.dll
0x0000000069b70000 - 0x000000006a513000 	C:\Program Files\MATLAB\R2012a\bin\win64\hg.dll
0x0000000004b90000 - 0x0000000004bf7000 	C:\Program Files\MATLAB\R2012a\bin\win64\libmat.dll
0x0000000072d30000 - 0x0000000072f44000 	C:\Program Files\MATLAB\R2012a\bin\win64\hdf5dll.dll
0x0000000075710000 - 0x00000000757c1000 	C:\Program Files\MATLAB\R2012a\bin\win64\jmi.dll
0x0000000004c30000 - 0x0000000004c3e000 	C:\Program Files\MATLAB\R2012a\bin\win64\nativejava_services.dll
0x000000006dab0000 - 0x000000006daf2000 	C:\Program Files\MATLAB\R2012a\bin\win64\libmwhardcopy.dll
0x000000006d5e0000 - 0x000000006d63a000 	C:\Program Files\MATLAB\R2012a\bin\win64\libuij.dll
0x000000006aab0000 - 0x000000006acbc000 	C:\Program Files\MATLAB\R2012a\bin\win64\hgdatatypes.dll
0x000000006c3a0000 - 0x000000006c49d000 	C:\Program Files\MATLAB\R2012a\bin\win64\hgutils.dll
0x000000006d4d0000 - 0x000000006d58d000 	C:\Program Files\MATLAB\R2012a\bin\win64\udd_mi.dll
0x0000000004ca0000 - 0x0000000004cdb000 	C:\Program Files\MATLAB\R2012a\bin\win64\libmwgbtutils.dll
0x0000000004cf0000 - 0x0000000004d09000 	C:\Program Files\MATLAB\R2012a\bin\win64\libmwgbt.dll
0x0000000004d20000 - 0x0000000004fea000 	C:\Program Files\MATLAB\R2012a\bin\win64\uiw.dll
0x0000000070d00000 - 0x0000000070d0f000 	C:\Program Files\MATLAB\R2012a\bin\win64\uinone.dll
0x000007fefacb0000 - 0x000007fefacc8000 	C:\Windows\system32\MPR.dll
0x0000000068680000 - 0x0000000068b64000 	C:\Windows\WinSxS\amd64_microsoft.vc90.mfc_1fc8b3b9a1e18e3b_9.0.30729.6161_none_044aad0bab1eb146\mfc90.dll
0x000007fef8df0000 - 0x000007fef8df7000 	C:\Windows\system32\MSIMG32.dll
0x000007fef9530000 - 0x000007fef95a1000 	C:\Windows\system32\WINSPOOL.DRV
0x000000006da90000 - 0x000000006dab0000 	C:\Program Files\MATLAB\R2012a\bin\win64\mwoles05.DLL
0x000000006c700000 - 0x000000006c77c000 	C:\Program Files\MATLAB\R2012a\bin\win64\comcli.dll
0x000000006d330000 - 0x000000006d35f000 	C:\Windows\WinSxS\amd64_microsoft.vc90.atl_1fc8b3b9a1e18e3b_9.0.30729.6161_none_0a1fd3a3a768b895\ATL90.DLL
0x000000006fe00000 - 0x000000006fe0c000 	C:\Program Files\MATLAB\R2012a\bin\win64\mlautoregister.dll
0x0000000005040000 - 0x0000000005050000 	C:\Program Files\MATLAB\R2012a\bin\win64\boost_iostreams-vc90-mt-1_44.dll
0x000007fefd850000 - 0x000007fefd8a7000 	C:\Windows\system32\apphelp.dll
0x000007fef8080000 - 0x000007fef80d1000 	C:\Windows\AppPatch\AppPatch64\AcGenral.DLL
0x000007fefd820000 - 0x000007fefd845000 	C:\Windows\system32\SspiCli.dll
0x0000000071a10000 - 0x0000000071a13000 	C:\Windows\system32\sfc.dll
0x000007fef9850000 - 0x000007fef9860000 	C:\Windows\system32\sfc_os.DLL
0x000007fefccc0000 - 0x000007fefccde000 	C:\Windows\system32\USERENV.dll
0x000007fefd980000 - 0x000007fefd98f000 	C:\Windows\system32\profapi.dll
0x000007fefbf00000 - 0x000007fefbf18000 	C:\Windows\system32\dwmapi.dll
0x000007feffba0000 - 0x000007feffbce000 	C:\Windows\system32\IMM32.DLL
0x000007fefe070000 - 0x000007fefe179000 	C:\Windows\system32\MSCTF.dll
0x000007fefbf80000 - 0x000007fefbfd6000 	C:\Windows\system32\UxTheme.dll
0x000000006f1f0000 - 0x000000006f1fd000 	C:\Windows\WinSxS\amd64_microsoft.vc90.mfcloc_1fc8b3b9a1e18e3b_9.0.30729.6161_none_01c9581e60cbee58\MFC90ENU.DLL
0x00000000051b0000 - 0x00000000051d9000 	C:\Program Files\MATLAB\R2012a\bin\win64\tbbmalloc.dll
0x000007fefc060000 - 0x000007fefc06f000 	C:\Program Files\MATLAB\R2012a\bin\win64\xmlxrcsc.dll
0x000007fefd8b0000 - 0x000007fefd8bf000 	C:\Windows\system32\CRYPTBASE.dll
0x000007fef82c0000 - 0x000007fef82e0000 	C:\Program Files (x86)\TeamViewer\Version8\tv_x64.dll
0x000007fefcac0000 - 0x000007fefcacc000 	C:\Windows\system32\VERSION.dll
0x000007fefc430000 - 0x000007fefc624000 	C:\Windows\WinSxS\amd64_microsoft.windows.common-controls_6595b64144ccf1df_6.0.7601.17514_none_fa396087175ac9ac\comctl32.dll
0x000007fefddb0000 - 0x000007fefdf87000 	C:\Windows\system32\SETUPAPI.dll
0x000007fefda80000 - 0x000007fefdab6000 	C:\Windows\system32\CFGMGR32.dll
0x000007fefdd60000 - 0x000007fefdd7a000 	C:\Windows\system32\DEVOBJ.dll

VM Arguments:
jvm_args: -Xss512k -XX:PermSize=32m -Xms64m -XX:NewRatio=3 -XX:MaxPermSize=128m -Xmx1535m -XX:MaxDirectMemorySize=2147400000 -Dsun.java2d.noddraw=true -Dsun.awt.nopixfmt=true -Xshare:off -Xrs -Dsun.awt.disableMixing=true -Djava.library.path=C:\Program Files\MATLAB\R2012a\bin\win64 vfprintf abort 
java_command: <unknown>
Launcher Type: generic

Environment Variables:
JAVA_HOME=C:\Program Files\Java\jdk1.7.0_09\bin
PATH=C:\Python33\;C:\Program Files (x86)\NVIDIA Corporation\PhysX\Common;C:\Windows\system32;C:\Windows;C:\Windows\System32\Wbem;C:\Windows\System32\WindowsPowerShell\v1.0\;C:\Program Files\TortoiseSVN\bin;C:\Program Files\MATLAB\R2012a\runtime\win64;C:\Program Files\MATLAB\R2012a\bin;C:\Program Files\Java\jdk1.7.0_09\bin;C:\Program Files (x86)\Point Grey Research\FlyCapture2\bin;C:\Development\adt-bundle-windows-x86_64-20130219\sdk\platform-tools;C:\Development\adt-bundle-windows-x86_64-20130219\sdk\tools;C:\Development\apache-ant-1.8.4\bin;C:\Program Files\Point Grey Research\FlyCapture2\bin64;C:\Libraries\opencv\build\bin\Debug;C:\Libraries\tbb41_20121003oss\bin\intel64\vc10;C:\MinGW\bin;H:\Development\adt-bundle-windows-x86_64-20130219\sdk\platform-tools;H:\Development\adt-bundle-windows-x86_64-20130219\sdk\tools;H:\Development\apache-ant-1.9.2\bin;C:\Modeltech_pe_edu_10.2a\win32pe_edu;C:\Program Files (x86)\FAHClient
USERNAME=steve
OS=Windows_NT
PROCESSOR_IDENTIFIER=Intel64 Family 6 Model 26 Stepping 5, GenuineIntel



---------------  S Y S T E M  ---------------

OS: Windows 7 Build 7601 Service Pack 1

CPU:total 8 (8 cores per cpu, 2 threads per core) family 6 model 26 stepping 5, cmov, cx8, fxsr, mmx, sse, sse2, sse3, ssse3, sse4.1, sse4.2, ht

Memory: 4k page, physical 6288888k(3396148k free), swap 420210188k(417118428k free)

vm_info: Java HotSpot(TM) 64-Bit Server VM (14.3-b01) for windows-amd64 JRE (1.6.0_17-b04), built on Oct 11 2009 00:46:08 by "java_re" with MS VC++ 8.0

time: Mon Sep 16 20:32:02 2013
elapsed time: 203 seconds

