#
# A fatal error has been detected by the Java Runtime Environment:
#
#  EXCEPTION_ACCESS_VIOLATION (0xc0000005) at pc=0x0000000077bf3290, pid=7872, tid=6508
#
# JRE version: 6.0_17-b04
# Java VM: Java HotSpot(TM) 64-Bit Server VM (14.3-b01 mixed mode windows-amd64 )
# Problematic frame:
# C  [ntdll.dll+0x53290]
#
# If you would like to submit a bug report, please visit:
#   http://java.sun.com/webapps/bugreport/crash.jsp
# The crash happened outside the Java Virtual Machine in native code.
# See problematic frame for where to report the bug.
#

---------------  T H R E A D  ---------------

Current thread (0x000000005d2c5000):  JavaThread "AddressBar directory emptiness poller" [_thread_in_native, id=6508, stack(0x0000000054b20000,0x0000000054ba0000)]

siginfo: ExceptionCode=0xc0000005, reading address 0x000008e7d3dddaf8

Registers:
EAX=0x000000007ad1baa8, EBX=0x000008e7d3dddaf0, ECX=0x000000ffffffffff, EDX=0x00000000770507f0
ESP=0x0000000054b9e910, EBP=0x0000000000000000, ESI=0x00000000052f0000, EDI=0x0000000077050800
EIP=0x0000000077bf3290, EFLAGS=0x0000000000010206

Top of Stack: (sp=0x0000000054b9e910)
0x0000000054b9e910:   0000000000000000 00000000779a300a
0x0000000054b9e920:   0000000000000000 0000000054b9e9d8
0x0000000054b9e930:   0000000054b9e9d8 00000000758d96db
0x0000000054b9e940:   0000000076f22970 000000006de5cabc
0x0000000054b9e950:   0000000054b9ed10 000000005d2c51b8
0x0000000054b9e960:   0000000000000004 0000000000000002
0x0000000054b9e970:   0000000054b9eb38 0000000054b9ebf0
0x0000000054b9e980:   0000000000000000 00000000779a300a
0x0000000054b9e990:   0000000054b9ea48 0000000054b9ea70
0x0000000054b9e9a0:   0000000054b9ea48 00000000758f5614
0x0000000054b9e9b0:   000000000000000d 000000006de5cabc
0x0000000054b9e9c0:   0000000054b9eb38 0000000054b9eb40
0x0000000054b9e9d0:   fffffffffffffffe 000000007590de58
0x0000000054b9e9e0:   0000000054b9ea70 000000006ded9f71
0x0000000054b9e9f0:   0000000054b9eb38 0000000000000000
0x0000000054b9ea00:   0000000054b9ebf0 0000000054b9eb38 

Instructions: (pc=0x0000000077bf3290)
0x0000000077bf3280:   33 d8 48 33 1d 3f f1 0d 00 48 c1 e3 04 0f 0d 0b
0x0000000077bf3290:   4c 8b 63 08 49 bd 01 00 00 00 01 00 00 00 49 be 


Stack: [0x0000000054b20000,0x0000000054ba0000],  sp=0x0000000054b9e910,  free space=506k
Native frames: (J=compiled Java code, j=interpreted, Vv=VM code, C=native code)
C  [ntdll.dll+0x53290]

[error occurred during error reporting (printing native stack), id 0xc0000005]

Java frames: (J=compiled Java code, j=interpreted, Vv=VM code)
j  com.mathworks.services.settings.SettingPath.nativeIsChildNode(J[Ljava/lang/String;Ljava/lang/String;)Z+0
j  com.mathworks.services.settings.SettingPath.isChildNode(Ljava/lang/String;)Z+9
j  com.mathworks.services.settings.Setting.getInternal(ZLcom/mathworks/services/settings/SettingLevel;)Ljava/lang/Object;+152
j  com.mathworks.services.settings.Setting.get()Ljava/lang/Object;+3
j  com.mathworks.mlwidgets.explorer.widgets.address.AddressBar$EmptyPoller$1.run()V+25
j  java.util.TimerThread.mainLoop()V+221
j  java.util.TimerThread.run()V+1
v  ~StubRoutines::call_stub

---------------  P R O C E S S  ---------------

Java Threads: ( => current thread )
  0x000000005d2cd800 JavaThread "Code Analyzer updating thread" [_thread_blocked, id=11768, stack(0x000000005f940000,0x000000005f9c0000)]
  0x000000005d2cd000 JavaThread "Code Analyzer updating thread" [_thread_blocked, id=2124, stack(0x000000005fcb0000,0x000000005fd30000)]
  0x000000005d2cc000 JavaThread "Code Analyzer updating thread" [_thread_blocked, id=5836, stack(0x000000005fb00000,0x000000005fb80000)]
  0x000000005d2cb800 JavaThread "Code Analyzer updating thread" [_thread_blocked, id=7128, stack(0x000000005fb90000,0x000000005fc10000)]
  0x000000005d2ca800 JavaThread "Code Analyzer updating thread" [_thread_blocked, id=13264, stack(0x0000000054bd0000,0x0000000054c50000)]
  0x000000005d2ca000 JavaThread "Active Reference Queue Daemon" daemon [_thread_blocked, id=6084, stack(0x000000002d340000,0x000000002d3c0000)]
  0x000000005d2c8000 JavaThread "Timer-8" daemon [_thread_blocked, id=10476, stack(0x000000005fa00000,0x000000005fa80000)]
  0x000000005d2c8800 JavaThread "Timer-7" daemon [_thread_blocked, id=7056, stack(0x000000005f8b0000,0x000000005f930000)]
  0x000000005d2c7000 JavaThread "Explorer NavigationContext request queue" [_thread_blocked, id=2156, stack(0x0000000050a60000,0x0000000050ae0000)]
=>0x000000005d2c5000 JavaThread "AddressBar directory emptiness poller" [_thread_in_native, id=6508, stack(0x0000000054b20000,0x0000000054ba0000)]
  0x000000005d2c3800 JavaThread "Timer-1" [_thread_blocked, id=11800, stack(0x0000000014ea0000,0x0000000014f20000)]
  0x000000005d2c2800 JavaThread "TimerQueue" daemon [_thread_blocked, id=8232, stack(0x000000000f8c0000,0x000000000f940000)]
  0x000000005d384000 JavaThread "FelixPackageAdmin" daemon [_thread_blocked, id=12832, stack(0x000000000fe80000,0x000000000ff00000)]
  0x000000000f0a8000 JavaThread "FelixStartLevel" daemon [_thread_blocked, id=7512, stack(0x000000001cf80000,0x000000001d000000)]
  0x000000000d4fd800 JavaThread "FelixDispatchQueue" daemon [_thread_blocked, id=7792, stack(0x000000000ff10000,0x000000000ff90000)]
  0x000000000f272000 JavaThread "AWT-EventQueue-0" [_thread_blocked, id=11400, stack(0x000000000fc20000,0x000000000fca0000)]
  0x000000005d2f8800 JavaThread "com.google.common.base.internal.Finalizer" daemon [_thread_blocked, id=11540, stack(0x000000000fb30000,0x000000000fbb0000)]
  0x000000005d356800 JavaThread "AWT-Windows" daemon [_thread_in_native, id=13952, stack(0x000000000d5b0000,0x000000000d630000)]
  0x000000005d355800 JavaThread "AWT-Shutdown" [_thread_blocked, id=6496, stack(0x000000000f740000,0x000000000f7c0000)]
  0x000000005d355000 JavaThread "Java2D Disposer" daemon [_thread_blocked, id=3568, stack(0x000000000d8f0000,0x000000000d970000)]
  0x000000005ce78000 JavaThread "Timer-0" [_thread_blocked, id=7700, stack(0x000000000d820000,0x000000000d8a0000)]
  0x000000005ce84000 JavaThread "EventMgr Dispatcher" daemon [_thread_in_native, id=13476, stack(0x000000001d040000,0x0000000021040000)]
  0x000000000d4ec800 JavaThread "Low Memory Detector" daemon [_thread_blocked, id=8132, stack(0x000000000d1c0000,0x000000000d240000)]
  0x000000000d4e6000 JavaThread "CompilerThread1" daemon [_thread_blocked, id=9836, stack(0x0000000065140000,0x0000000069140000)]
  0x000000000d4df800 JavaThread "CompilerThread0" daemon [_thread_blocked, id=1124, stack(0x0000000058c50000,0x000000005cc50000)]
  0x000000000d4df000 JavaThread "Attach Listener" daemon [_thread_blocked, id=6484, stack(0x000000000d650000,0x000000000d6d0000)]
  0x000000000d486000 JavaThread "Finalizer" daemon [_thread_blocked, id=11340, stack(0x000000000d530000,0x000000000d5b0000)]
  0x000000000d47c000 JavaThread "Reference Handler" daemon [_thread_blocked, id=10292, stack(0x000000000d240000,0x000000000d2c0000)]
  0x0000000005444800 JavaThread "main" [_thread_in_native, id=7276, stack(0x0000000000110000,0x0000000004110000)]

Other Threads:
  0x000000000d477000 VMThread [stack: 0x0000000054c50000,0x0000000058c50000] [id=13468]
  0x000000000d519800 WatcherThread [stack: 0x00000000e8130000,0x00000000ec130000] [id=8364]

VM state:not at safepoint (normal execution)

VM Mutex/Monitor currently owned by a thread: None

Heap
 PSYoungGen      total 104832K, used 69413K [0x00000000d0000000, 0x00000000d9850000, 0x00000000e8000000)
  eden space 98880K, 64% used [0x00000000d0000000,0x00000000d3dfca40,0x00000000d6090000)
  from space 5952K, 99% used [0x00000000d9280000,0x00000000d984cab0,0x00000000d9850000)
  to   space 25088K, 0% used [0x00000000d6750000,0x00000000d6750000,0x00000000d7fd0000)
 PSOldGen        total 82304K, used 43932K [0x0000000088000000, 0x000000008d060000, 0x00000000d0000000)
  object space 82304K, 53% used [0x0000000088000000,0x000000008aae7328,0x000000008d060000)
 PSPermGen       total 104384K, used 59001K [0x0000000080000000, 0x00000000865f0000, 0x0000000088000000)
  object space 104384K, 56% used [0x0000000080000000,0x000000008399e4a0,0x00000000865f0000)

Dynamic libraries:
0x000000013fa50000 - 0x000000013fa82000 	C:\Program Files\MATLAB\R2012a\bin\win64\MATLAB.exe
0x0000000077ba0000 - 0x0000000077d49000 	C:\Windows\SYSTEM32\ntdll.dll
0x0000000077980000 - 0x0000000077a9f000 	C:\Windows\system32\kernel32.dll
0x000007fefdac0000 - 0x000007fefdb2b000 	C:\Windows\system32\KERNELBASE.dll
0x0000000074460000 - 0x0000000074554000 	C:\Program Files\MATLAB\R2012a\bin\win64\libut.dll
0x00000000758a0000 - 0x0000000075952000 	C:\Program Files\MATLAB\R2012a\bin\win64\libmwi18n.dll
0x0000000180000000 - 0x000000018000b000 	C:\Program Files\MATLAB\R2012a\bin\win64\libmwresource_core.dll
0x000000006dec0000 - 0x000000006df93000 	C:\Windows\WinSxS\amd64_microsoft.vc90.crt_1fc8b3b9a1e18e3b_9.0.30729.6161_none_08e61857a83bc251\MSVCP90.dll
0x000000006de10000 - 0x000000006deb3000 	C:\Windows\WinSxS\amd64_microsoft.vc90.crt_1fc8b3b9a1e18e3b_9.0.30729.6161_none_08e61857a83bc251\MSVCR90.dll
0x000000007a170000 - 0x000000007a19c000 	C:\Program Files\MATLAB\R2012a\bin\win64\boost_filesystem-vc90-mt-1_44.dll
0x000000007a560000 - 0x000000007a569000 	C:\Program Files\MATLAB\R2012a\bin\win64\boost_system-vc90-mt-1_44.dll
0x000007feffbd0000 - 0x000007feffcab000 	C:\Windows\system32\ADVAPI32.dll
0x000007fefe2e0000 - 0x000007fefe37f000 	C:\Windows\system32\msvcrt.dll
0x000007fefe6b0000 - 0x000007fefe6cf000 	C:\Windows\SYSTEM32\sechost.dll
0x000007feffcb0000 - 0x000007feffddd000 	C:\Windows\system32\RPCRT4.dll
0x000000007a010000 - 0x000000007a035000 	C:\Program Files\MATLAB\R2012a\bin\win64\LIBEXPAT.dll
0x000000006b540000 - 0x000000006b731000 	C:\Program Files\MATLAB\R2012a\bin\win64\icuin44.dll
0x000000006b7c0000 - 0x000000006b931000 	C:\Program Files\MATLAB\R2012a\bin\win64\icuuc44.dll
0x0000000010000000 - 0x0000000010e41000 	C:\Program Files\MATLAB\R2012a\bin\win64\icudt44.dll
0x0000000073f70000 - 0x00000000740ad000 	C:\Program Files\MATLAB\R2012a\bin\win64\libmwfl.dll
0x00000000042d0000 - 0x00000000045c6000 	C:\Program Files\MATLAB\R2012a\bin\win64\libmwMATLAB_res.dll
0x000000007a3b0000 - 0x000000007a3c0000 	C:\Program Files\MATLAB\R2012a\bin\win64\boost_date_time-vc90-mt-1_44.dll
0x000000007a250000 - 0x000000007a263000 	C:\Program Files\MATLAB\R2012a\bin\win64\boost_signals-vc90-mt-1_44.dll
0x000000007a2d0000 - 0x000000007a2e2000 	C:\Program Files\MATLAB\R2012a\bin\win64\boost_thread-vc90-mt-1_44.dll
0x00000000045d0000 - 0x0000000004616000 	C:\Program Files\MATLAB\R2012a\bin\win64\tbb.dll
0x000007feff770000 - 0x000007feff789000 	C:\Windows\system32\imagehlp.dll
0x0000000077d60000 - 0x0000000077d67000 	C:\Windows\system32\PSAPI.DLL
0x000000006ee90000 - 0x000000006eea3000 	C:\Program Files\MATLAB\R2012a\bin\win64\icuio44.dll
0x000007fefb480000 - 0x000007fefb5a5000 	C:\Windows\system32\dbghelp.dll
0x0000000077aa0000 - 0x0000000077b9a000 	C:\Windows\system32\USER32.dll
0x000007fefe380000 - 0x000007fefe3e7000 	C:\Windows\system32\GDI32.dll
0x000007fefe620000 - 0x000007fefe62e000 	C:\Windows\system32\LPK.dll
0x000007feff830000 - 0x000007feff8f9000 	C:\Windows\system32\USP10.dll
0x000000007bed0000 - 0x000000007c183000 	C:\Program Files\MATLAB\R2012a\bin\win64\libmwservices.dll
0x0000000075a20000 - 0x0000000075ae2000 	C:\Program Files\MATLAB\R2012a\bin\win64\libmx.dll
0x000000007a210000 - 0x000000007a228000 	C:\Program Files\MATLAB\R2012a\bin\win64\zlib1.dll
0x0000000004640000 - 0x0000000004661000 	C:\Program Files\MATLAB\R2012a\bin\win64\libmwmfl_scalar.dll
0x0000000075f10000 - 0x0000000075f5d000 	C:\Program Files\MATLAB\R2012a\bin\win64\mpath.dll
0x000000007b680000 - 0x000000007bbe1000 	C:\Program Files\MATLAB\R2012a\bin\win64\mlutil.dll
0x000000006db30000 - 0x000000006dbaf000 	C:\Program Files\MATLAB\R2012a\bin\win64\xmlcore.dll
0x000000007bc30000 - 0x000000007be83000 	C:\Program Files\MATLAB\R2012a\bin\win64\xerces-c_2_7.dll
0x000007feffde0000 - 0x000007feffe2d000 	C:\Windows\system32\WS2_32.dll
0x000007feffb90000 - 0x000007feffb98000 	C:\Windows\system32\NSI.dll
0x00000000046c0000 - 0x00000000046da000 	C:\Program Files\MATLAB\R2012a\bin\win64\libmwMATLAB_settings_res.dll
0x00000000046f0000 - 0x0000000004737000 	C:\Program Files\MATLAB\R2012a\bin\win64\boost_serialization-vc90-mt-1_44.dll
0x000007fefe6d0000 - 0x000007feff458000 	C:\Windows\system32\SHELL32.dll
0x000007fefe630000 - 0x000007fefe6a1000 	C:\Windows\system32\SHLWAPI.dll
0x000007fef9470000 - 0x000007fef9510000 	C:\Windows\WinSxS\amd64_microsoft.windows.common-controls_6595b64144ccf1df_5.82.7601.17514_none_a4d6a923711520a9\COMCTL32.dll
0x000007feff790000 - 0x000007feff827000 	C:\Windows\system32\COMDLG32.dll
0x000007fefaeb0000 - 0x000007fefaec6000 	C:\Windows\system32\NETAPI32.dll
0x000007fefaea0000 - 0x000007fefaeac000 	C:\Windows\system32\netutils.dll
0x000007fefd4d0000 - 0x000007fefd4f3000 	C:\Windows\system32\srvcli.dll
0x000007fefae80000 - 0x000007fefae95000 	C:\Windows\system32\wkscli.dll
0x000007feff4c0000 - 0x000007feff6c3000 	C:\Windows\system32\ole32.dll
0x000007fefdf90000 - 0x000007fefe067000 	C:\Windows\system32\OLEAUT32.dll
0x0000000074970000 - 0x0000000074b06000 	C:\Program Files\MATLAB\R2012a\bin\win64\mcr.dll
0x0000000075000000 - 0x000000007536b000 	C:\Program Files\MATLAB\R2012a\bin\win64\iqm.dll
0x0000000061690000 - 0x0000000061eb1000 	C:\Program Files\MATLAB\R2012a\bin\win64\m_interpreter.dll
0x000000006ee60000 - 0x000000006ee85000 	C:\Program Files\MATLAB\R2012a\bin\win64\libmex.dll
0x000000006be30000 - 0x000000006bee3000 	C:\Program Files\MATLAB\R2012a\bin\win64\m_dispatcher.dll
0x0000000074880000 - 0x000000007496d000 	C:\Program Files\MATLAB\R2012a\bin\win64\boost_regex-vc90-mt-1_44.dll
0x000000006bda0000 - 0x000000006be24000 	C:\Program Files\MATLAB\R2012a\bin\win64\profiler.dll
0x00000000047c0000 - 0x0000000004a15000 	C:\Program Files\MATLAB\R2012a\bin\win64\libmwmathutil.dll
0x0000000079f40000 - 0x0000000079f6d000 	C:\Program Files\MATLAB\R2012a\bin\win64\libmwmathrng.dll
0x0000000074c10000 - 0x0000000074ced000 	C:\Program Files\MATLAB\R2012a\bin\win64\libmwmathcore.dll
0x0000000076160000 - 0x00000000761cb000 	C:\Program Files\MATLAB\R2012a\bin\win64\libmwspmatrix.dll
0x0000000075ea0000 - 0x0000000075f02000 	C:\Program Files\MATLAB\R2012a\bin\win64\libmwcholmod.dll
0x000000007a460000 - 0x000000007a46d000 	C:\Program Files\MATLAB\R2012a\bin\win64\libmwamd.dll
0x000000007a4b0000 - 0x000000007a4bc000 	C:\Program Files\MATLAB\R2012a\bin\win64\libmwcolamd.dll
0x000000006fe10000 - 0x000000006fe29000 	C:\Program Files\MATLAB\R2012a\bin\win64\libmwblas.dll
0x000000006dd90000 - 0x000000006dda2000 	C:\Program Files\MATLAB\R2012a\bin\win64\libmwbinder.dll
0x00000000709c0000 - 0x00000000709cb000 	C:\Program Files\MATLAB\R2012a\bin\win64\libmwompwrapper.dll
0x000000006b4b0000 - 0x000000006b536000 	C:\Program Files\MATLAB\R2012a\bin\win64\libmwlapack.dll
0x000000006dd60000 - 0x000000006dd81000 	C:\Program Files\MATLAB\R2012a\bin\win64\m_pcodeio.dll
0x0000000079b10000 - 0x0000000079b77000 	C:\Program Files\MATLAB\R2012a\bin\win64\m_ir.dll
0x0000000069e50000 - 0x000000006a4a0000 	C:\Program Files\MATLAB\R2012a\bin\win64\m_parser.dll
0x000000006dd40000 - 0x000000006dd5a000 	C:\Program Files\MATLAB\R2012a\bin\win64\ir_xfmr.dll
0x000000006b230000 - 0x000000006b4a9000 	C:\Program Files\MATLAB\R2012a\bin\win64\mcos.dll
0x0000000070b40000 - 0x0000000070b4c000 	C:\Program Files\MATLAB\R2012a\bin\win64\mtok.dll
0x000000006d5b0000 - 0x000000006d5e1000 	C:\Program Files\MATLAB\R2012a\bin\win64\m_pcodegen.dll
0x0000000079fb0000 - 0x0000000079fe7000 	C:\Program Files\MATLAB\R2012a\bin\win64\libmwbridge.dll
0x000000006b080000 - 0x000000006b148000 	C:\Program Files\MATLAB\R2012a\bin\win64\udd.dll
0x000000006a640000 - 0x000000006a792000 	C:\Program Files\MATLAB\R2012a\bin\win64\libmwgui.dll
0x000000006db10000 - 0x000000006db27000 	C:\Program Files\MATLAB\R2012a\bin\win64\graphics_util.dll
0x00000000605a0000 - 0x0000000060f43000 	C:\Program Files\MATLAB\R2012a\bin\win64\hg.dll
0x0000000004b90000 - 0x0000000004bf7000 	C:\Program Files\MATLAB\R2012a\bin\win64\libmat.dll
0x0000000072d30000 - 0x0000000072f44000 	C:\Program Files\MATLAB\R2012a\bin\win64\hdf5dll.dll
0x0000000075710000 - 0x00000000757c1000 	C:\Program Files\MATLAB\R2012a\bin\win64\jmi.dll
0x0000000004c30000 - 0x0000000004c3e000 	C:\Program Files\MATLAB\R2012a\bin\win64\nativejava_services.dll
0x000000006c5a0000 - 0x000000006c5e2000 	C:\Program Files\MATLAB\R2012a\bin\win64\libmwhardcopy.dll
0x000000006b760000 - 0x000000006b7ba000 	C:\Program Files\MATLAB\R2012a\bin\win64\libuij.dll
0x0000000069c40000 - 0x0000000069e4c000 	C:\Program Files\MATLAB\R2012a\bin\win64\hgdatatypes.dll
0x000000006a800000 - 0x000000006a8fd000 	C:\Program Files\MATLAB\R2012a\bin\win64\hgutils.dll
0x0000000064eb0000 - 0x0000000064f6d000 	C:\Program Files\MATLAB\R2012a\bin\win64\udd_mi.dll
0x0000000004ca0000 - 0x0000000004cdb000 	C:\Program Files\MATLAB\R2012a\bin\win64\libmwgbtutils.dll
0x0000000004cf0000 - 0x0000000004d09000 	C:\Program Files\MATLAB\R2012a\bin\win64\libmwgbt.dll
0x0000000004d20000 - 0x0000000004fea000 	C:\Program Files\MATLAB\R2012a\bin\win64\uiw.dll
0x000000006efa0000 - 0x000000006efaf000 	C:\Program Files\MATLAB\R2012a\bin\win64\uinone.dll
0x000007fefacb0000 - 0x000007fefacc8000 	C:\Windows\system32\MPR.dll
0x00000000649c0000 - 0x0000000064ea4000 	C:\Windows\WinSxS\amd64_microsoft.vc90.mfc_1fc8b3b9a1e18e3b_9.0.30729.6161_none_044aad0bab1eb146\mfc90.dll
0x000007fef8df0000 - 0x000007fef8df7000 	C:\Windows\system32\MSIMG32.dll
0x000007fef9530000 - 0x000007fef95a1000 	C:\Windows\system32\WINSPOOL.DRV
0x000000006c580000 - 0x000000006c5a0000 	C:\Program Files\MATLAB\R2012a\bin\win64\mwoles05.DLL
0x000000006a5c0000 - 0x000000006a63c000 	C:\Program Files\MATLAB\R2012a\bin\win64\comcli.dll
0x000000006bd70000 - 0x000000006bd9f000 	C:\Windows\WinSxS\amd64_microsoft.vc90.atl_1fc8b3b9a1e18e3b_9.0.30729.6161_none_0a1fd3a3a768b895\ATL90.DLL
0x00000000704b0000 - 0x00000000704bc000 	C:\Program Files\MATLAB\R2012a\bin\win64\mlautoregister.dll
0x0000000005040000 - 0x0000000005050000 	C:\Program Files\MATLAB\R2012a\bin\win64\boost_iostreams-vc90-mt-1_44.dll
0x000007fefd850000 - 0x000007fefd8a7000 	C:\Windows\system32\apphelp.dll
0x000007fef37e0000 - 0x000007fef3831000 	C:\Windows\AppPatch\AppPatch64\AcGenral.DLL
0x000007fefd820000 - 0x000007fefd845000 	C:\Windows\system32\SspiCli.dll
0x0000000071a10000 - 0x0000000071a13000 	C:\Windows\system32\sfc.dll
0x000007fef9850000 - 0x000007fef9860000 	C:\Windows\system32\sfc_os.DLL
0x000007fefccc0000 - 0x000007fefccde000 	C:\Windows\system32\USERENV.dll
0x000007fefd980000 - 0x000007fefd98f000 	C:\Windows\system32\profapi.dll
0x000007fefbf00000 - 0x000007fefbf18000 	C:\Windows\system32\dwmapi.dll
0x000007feffba0000 - 0x000007feffbce000 	C:\Windows\system32\IMM32.DLL
0x000007fefe070000 - 0x000007fefe179000 	C:\Windows\system32\MSCTF.dll
0x000007fefbf80000 - 0x000007fefbfd6000 	C:\Windows\system32\UxTheme.dll
0x000000006dd30000 - 0x000000006dd3d000 	C:\Windows\WinSxS\amd64_microsoft.vc90.mfcloc_1fc8b3b9a1e18e3b_9.0.30729.6161_none_01c9581e60cbee58\MFC90ENU.DLL
0x0000000006ff0000 - 0x0000000007019000 	C:\Program Files\MATLAB\R2012a\bin\win64\tbbmalloc.dll
0x000007fefc060000 - 0x000007fefc06f000 	C:\Program Files\MATLAB\R2012a\bin\win64\xmlxrcsc.dll
0x000007fefd8b0000 - 0x000007fefd8bf000 	C:\Windows\system32\CRYPTBASE.dll
0x000007fefbf60000 - 0x000007fefbf80000 	C:\Program Files (x86)\TeamViewer\Version8\tv_x64.dll
0x000007fefcac0000 - 0x000007fefcacc000 	C:\Windows\system32\VERSION.dll
0x000007fefc430000 - 0x000007fefc624000 	C:\Windows\WinSxS\amd64_microsoft.windows.common-controls_6595b64144ccf1df_6.0.7601.17514_none_fa396087175ac9ac\comctl32.dll
0x000007fefddb0000 - 0x000007fefdf87000 	C:\Windows\system32\SETUPAPI.dll
0x000007fefda80000 - 0x000007fefdab6000 	C:\Windows\system32\CFGMGR32.dll
0x000007fefdd60000 - 0x000007fefdd7a000 	C:\Windows\system32\DEVOBJ.dll

VM Arguments:
jvm_args: -Xss512k -XX:PermSize=32m -Xms64m -XX:NewRatio=3 -XX:MaxPermSize=128m -Xmx1535m -XX:MaxDirectMemorySize=2147400000 -Dsun.java2d.noddraw=true -Dsun.awt.nopixfmt=true -Xshare:off -Xrs -Dsun.awt.disableMixing=true -Djava.library.path=C:\Program Files\MATLAB\R2012a\bin\win64 vfprintf abort 
java_command: <unknown>
Launcher Type: generic

Environment Variables:
JAVA_HOME=C:\Program Files\Java\jdk1.7.0_09\bin
PATH=C:\Python33\;C:\Program Files (x86)\NVIDIA Corporation\PhysX\Common;C:\Windows\system32;C:\Windows;C:\Windows\System32\Wbem;C:\Windows\System32\WindowsPowerShell\v1.0\;C:\Program Files\TortoiseSVN\bin;C:\Program Files\MATLAB\R2012a\runtime\win64;C:\Program Files\MATLAB\R2012a\bin;C:\Program Files\Java\jdk1.7.0_09\bin;C:\Program Files (x86)\Point Grey Research\FlyCapture2\bin;C:\Development\adt-bundle-windows-x86_64-20130219\sdk\platform-tools;C:\Development\adt-bundle-windows-x86_64-20130219\sdk\tools;C:\Development\apache-ant-1.8.4\bin;C:\Program Files\Point Grey Research\FlyCapture2\bin64;C:\Libraries\opencv\build\bin\Debug;C:\Libraries\tbb41_20121003oss\bin\intel64\vc10;C:\MinGW\bin;H:\Development\adt-bundle-windows-x86_64-20130219\sdk\platform-tools;H:\Development\adt-bundle-windows-x86_64-20130219\sdk\tools;H:\Development\apache-ant-1.9.2\bin;C:\Modeltech_pe_edu_10.2a\win32pe_edu;C:\Program Files (x86)\FAHClient
USERNAME=steve
OS=Windows_NT
PROCESSOR_IDENTIFIER=Intel64 Family 6 Model 26 Stepping 5, GenuineIntel



---------------  S Y S T E M  ---------------

OS: Windows 7 Build 7601 Service Pack 1

CPU:total 8 (8 cores per cpu, 2 threads per core) family 6 model 26 stepping 5, cmov, cx8, fxsr, mmx, sse, sse2, sse3, ssse3, sse4.1, sse4.2, ht

Memory: 4k page, physical 6288888k(2020668k free), swap 420210188k(414642584k free)

vm_info: Java HotSpot(TM) 64-Bit Server VM (14.3-b01) for windows-amd64 JRE (1.6.0_17-b04), built on Oct 11 2009 00:46:08 by "java_re" with MS VC++ 8.0

time: Tue Sep 17 22:35:18 2013
elapsed time: 25 seconds

