#
# A fatal error has been detected by the Java Runtime Environment:
#
#  EXCEPTION_ACCESS_VIOLATION (0xc0000005) at pc=0x000000006c7cbcfe, pid=3812, tid=3892
#
# JRE version: 6.0_17-b04
# Java VM: Java HotSpot(TM) 64-Bit Server VM (14.3-b01 mixed mode windows-amd64 )
# Problematic frame:
# C  [m_dispatcher.dll+0xbcfe]
#
# If you would like to submit a bug report, please visit:
#   http://java.sun.com/webapps/bugreport/crash.jsp
# The crash happened outside the Java Virtual Machine in native code.
# See problematic frame for where to report the bug.
#

---------------  T H R E A D  ---------------

Current thread (0x00000000023b3000):  JavaThread "main" [_thread_in_native, id=3892, stack(0x00000000001b0000,0x00000000016b0000)]

siginfo: ExceptionCode=0xc0000005, reading address 0x00000000000000c0

Registers:
EAX=0x0000000000000000, EBX=0x0000000000000001, ECX=0x00000000016af1a0, EDX=0x0000000000000007
ESP=0x00000000016ae578, EBP=0x00000000016ae890, ESI=0x0000000000000000, EDI=0x0000000026a08f00
EIP=0x000000006c7cbcfe, EFLAGS=0x0000000000010206

Top of Stack: (sp=0x00000000016ae578)
0x00000000016ae578:   00000000648a4240 00000000023b31b8
0x00000000016ae588:   00000000744d564c 0000000025624358
0x00000000016ae598:   00000000023b31b8 0000000010935834
0x00000000016ae5a8:   00000000022e08c0 0000000000000000
0x00000000016ae5b8:   000000002941b688 0000000000000000
0x00000000016ae5c8:   00000000648a4343 0000000000000001
0x00000000016ae5d8:   0000000000000000 0000000000000001
0x00000000016ae5e8:   000000002941b648 00000000016ae688
0x00000000016ae5f8:   00000000023b31b8 fffffffffffffffe
0x00000000016ae608:   0000000000000010 0000000000000010
0x00000000016ae618:   0000000000000007 0000000082eb7cf0
0x00000000016ae628:   000007fefe201332 0000000000000007
0x00000000016ae638:   0000000075a74f29 00000000023b3000
0x00000000016ae648:   0000000000000000 0000000000000002
0x00000000016ae658:   0000000000000000 0000000000000000
0x00000000016ae668:   0000000064806890 000000002941b688 

Instructions: (pc=0x000000006c7cbcfe)
0x000000006c7cbcee:   48 8b 89 08 04 00 00 48 85 c9 74 1c 48 8b 41 28
0x000000006c7cbcfe:   80 b8 c0 00 00 00 00 74 06 48 85 c9 74 0a c3 48 


Stack: [0x00000000001b0000,0x00000000016b0000],  sp=0x00000000016ae578,  free space=21497k
Native frames: (J=compiled Java code, j=interpreted, Vv=VM code, C=native code)
C  [m_dispatcher.dll+0xbcfe]

Java frames: (J=compiled Java code, j=interpreted, Vv=VM code)
j  com.mathworks.jmi.NativeMatlab.SendMatlabMessage(Ljava/lang/Object;)Ljava/lang/Object;+0
j  com.mathworks.jmi.NativeMatlab.sendMatlabMessage(Ljava/lang/Object;)Ljava/lang/Object;+22
j  com.mathworks.jmi.MatlabLooper.sendMatlabMessage(Lcom/mathworks/services/message/MWMessage;)Ljava/lang/Object;+20
j  com.mathworks.jmi.Matlab.mtFevalConsoleOutput(Ljava/lang/String;[Ljava/lang/Object;I)Ljava/lang/Object;+58
j  com.mathworks.mde.desk.MLDesktop$8.run()V+14
j  com.mathworks.jmi.NativeMatlab.dispatchMTRequests(Z)V+50
v  ~StubRoutines::call_stub

---------------  P R O C E S S  ---------------

Java Threads: ( => current thread )
  0x0000000025867800 JavaThread "FileDecorationCache request queue" [_thread_blocked, id=8940, stack(0x000000000e180000,0x000000000e200000)]
  0x0000000025866800 JavaThread "pool-2-thread-1" [_thread_blocked, id=9032, stack(0x000000000de80000,0x000000000df00000)]
  0x0000000025869800 JavaThread "Code Analyzer updating thread" [_thread_blocked, id=8872, stack(0x000000000e080000,0x000000000e100000)]
  0x000000002585f800 JavaThread "RequestQueue for GenericFileList" [_thread_blocked, id=5192, stack(0x000000000d870000,0x000000000d8f0000)]
  0x0000000025864000 JavaThread "Code Analyzer updating thread" [_thread_blocked, id=7024, stack(0x00000000305a0000,0x0000000030620000)]
  0x0000000025863000 JavaThread "Code Analyzer updating thread" [_thread_blocked, id=3100, stack(0x000000002f100000,0x000000002f180000)]
  0x0000000025862800 JavaThread "Code Analyzer updating thread" [_thread_blocked, id=7748, stack(0x0000000030480000,0x0000000030500000)]
  0x0000000025861800 JavaThread "Code Analyzer updating thread" [_thread_blocked, id=7928, stack(0x000000002f370000,0x000000002f3f0000)]
  0x0000000025861000 JavaThread "Active Reference Queue Daemon" daemon [_thread_blocked, id=6040, stack(0x00000000181c0000,0x0000000018240000)]
  0x0000000025860000 JavaThread "Timer-6" daemon [_thread_blocked, id=5320, stack(0x0000000021e90000,0x0000000021f10000)]
  0x000000002585e800 JavaThread "Prefs Updater" daemon [_thread_blocked, id=4384, stack(0x000000002f1e0000,0x000000002f260000)]
  0x000000002585e000 JavaThread "Timer-2" [_thread_blocked, id=3060, stack(0x000000002b8b0000,0x000000002b930000)]
  0x000000002585c800 JavaThread "Timer-1" daemon [_thread_blocked, id=3420, stack(0x000000002e900000,0x000000002e980000)]
  0x000000002585b000 JavaThread "FelixPackageAdmin" daemon [_thread_blocked, id=4308, stack(0x0000000019780000,0x0000000019800000)]
  0x0000000025c36800 JavaThread "FelixStartLevel" daemon [_thread_blocked, id=8152, stack(0x0000000023510000,0x0000000023590000)]
  0x000000002592f800 JavaThread "FelixDispatchQueue" daemon [_thread_blocked, id=1496, stack(0x000000002b7d0000,0x000000002b850000)]
  0x00000000258ea000 JavaThread "TimerQueue" daemon [_thread_blocked, id=2596, stack(0x000000001ae10000,0x000000001ae90000)]
  0x0000000025873800 JavaThread "AWT-EventQueue-0" [_thread_blocked, id=7968, stack(0x000000001c3d0000,0x000000001c450000)]
  0x000000002556a800 JavaThread "com.google.common.base.internal.Finalizer" daemon [_thread_blocked, id=7176, stack(0x000000001ad70000,0x000000001adf0000)]
  0x000000002557f800 JavaThread "AWT-Windows" daemon [_thread_in_native, id=3880, stack(0x0000000015550000,0x00000000155d0000)]
  0x000000002557f000 JavaThread "AWT-Shutdown" [_thread_blocked, id=8184, stack(0x0000000013fa0000,0x0000000014020000)]
  0x00000000255a7000 JavaThread "Java2D Disposer" daemon [_thread_blocked, id=1556, stack(0x000000000ff50000,0x000000000ffd0000)]
  0x0000000024e76800 JavaThread "Timer-0" [_thread_blocked, id=8176, stack(0x000000000bf40000,0x000000000bfc0000)]
  0x0000000024e1b000 JavaThread "JMI Unnamed Thread" [_thread_in_native, id=2240, stack(0x0000000007990000,0x0000000008e90000)]
  0x000000001f197000 JavaThread "Low Memory Detector" daemon [_thread_blocked, id=6424, stack(0x000000000fe40000,0x000000000fec0000)]
  0x000000001f190800 JavaThread "CompilerThread1" daemon [_thread_blocked, id=1748, stack(0x0000000021ff0000,0x00000000234f0000)]
  0x000000001f18c000 JavaThread "CompilerThread0" daemon [_thread_blocked, id=1680, stack(0x0000000020980000,0x0000000021e80000)]
  0x000000001f18b800 JavaThread "Attach Listener" daemon [_thread_blocked, id=1120, stack(0x000000000fd90000,0x000000000fe10000)]
  0x000000001f134800 JavaThread "Finalizer" daemon [_thread_blocked, id=7312, stack(0x00000000091f0000,0x0000000009270000)]
  0x000000001f12a800 JavaThread "Reference Handler" daemon [_thread_blocked, id=6544, stack(0x0000000006360000,0x00000000063e0000)]
=>0x00000000023b3000 JavaThread "main" [_thread_in_native, id=3892, stack(0x00000000001b0000,0x00000000016b0000)]

Other Threads:
  0x000000000243f800 VMThread [stack: 0x000000001f310000,0x0000000020810000] [id=3312]
  0x000000001f1c7800 WatcherThread [stack: 0x00000000236e0000,0x0000000024be0000] [id=7040]

VM state:not at safepoint (normal execution)

VM Mutex/Monitor currently owned by a thread: None

Heap
 PSYoungGen      total 73216K, used 54839K [0x00000000d0000000, 0x00000000d64d0000, 0x00000000e8000000)
  eden space 47168K, 97% used [0x00000000d0000000,0x00000000d2cca5c8,0x00000000d2e10000)
  from space 26048K, 34% used [0x00000000d4b60000,0x00000000d54238c8,0x00000000d64d0000)
  to   space 28032K, 0% used [0x00000000d2e10000,0x00000000d2e10000,0x00000000d4970000)
 PSOldGen        total 92480K, used 75889K [0x0000000088000000, 0x000000008da50000, 0x00000000d0000000)
  object space 92480K, 82% used [0x0000000088000000,0x000000008ca1c498,0x000000008da50000)
 PSPermGen       total 107328K, used 60165K [0x0000000080000000, 0x00000000868d0000, 0x0000000088000000)
  object space 107328K, 56% used [0x0000000080000000,0x0000000083ac1420,0x00000000868d0000)

Dynamic libraries:
0x000000013f9f0000 - 0x000000013fa19000 	C:\Program Files\MATLAB\R2011a\bin\win64\MATLAB.exe
0x00000000772d0000 - 0x000000007747b000 	C:\windows\SYSTEM32\ntdll.dll
0x0000000076e40000 - 0x0000000076f5f000 	C:\windows\system32\kernel32.dll
0x000007fefce80000 - 0x000007fefceeb000 	C:\windows\system32\KERNELBASE.dll
0x0000000074460000 - 0x0000000074569000 	C:\Program Files\MATLAB\R2011a\bin\win64\libut.dll
0x00000000758a0000 - 0x0000000075920000 	C:\Program Files\MATLAB\R2011a\bin\win64\libmwi18n.dll
0x0000000180000000 - 0x000000018000b000 	C:\Program Files\MATLAB\R2011a\bin\win64\libmwresource_core.dll
0x00000000739a0000 - 0x0000000073a73000 	C:\windows\WinSxS\amd64_microsoft.vc90.crt_1fc8b3b9a1e18e3b_9.0.30729.6161_none_08e61857a83bc251\MSVCP90.dll
0x00000000738f0000 - 0x0000000073993000 	C:\windows\WinSxS\amd64_microsoft.vc90.crt_1fc8b3b9a1e18e3b_9.0.30729.6161_none_08e61857a83bc251\MSVCR90.dll
0x000000007a3b0000 - 0x000000007a3c0000 	C:\Program Files\MATLAB\R2011a\bin\win64\boost_date_time-vc90-mt-1_40.dll
0x000000007a170000 - 0x000000007a189000 	C:\Program Files\MATLAB\R2011a\bin\win64\boost_filesystem-vc90-mt-1_40.dll
0x000000007a560000 - 0x000000007a569000 	C:\Program Files\MATLAB\R2011a\bin\win64\boost_system-vc90-mt-1_40.dll
0x000000007a2d0000 - 0x000000007a2e2000 	C:\Program Files\MATLAB\R2011a\bin\win64\boost_thread-vc90-mt-1_40.dll
0x000000007a010000 - 0x000000007a035000 	C:\Program Files\MATLAB\R2011a\bin\win64\LIBEXPAT.dll
0x00000000016b0000 - 0x000000000186c000 	C:\Program Files\MATLAB\R2011a\bin\win64\icuin42.dll
0x00000000740b0000 - 0x0000000074223000 	C:\Program Files\MATLAB\R2011a\bin\win64\icuuc42.dll
0x000007fefe7f0000 - 0x000007fefe8cb000 	C:\windows\system32\ADVAPI32.dll
0x000007fefe200000 - 0x000007fefe29f000 	C:\windows\system32\msvcrt.dll
0x000007fefcef0000 - 0x000007fefcf0f000 	C:\windows\SYSTEM32\sechost.dll
0x000007fefe5f0000 - 0x000007fefe71e000 	C:\windows\system32\RPCRT4.dll
0x0000000010000000 - 0x0000000010f47000 	C:\Program Files\MATLAB\R2011a\bin\win64\icudt42.dll
0x0000000073f70000 - 0x000000007407d000 	C:\Program Files\MATLAB\R2011a\bin\win64\libmwfl.dll
0x00000000019a0000 - 0x0000000001a33000 	C:\Program Files\MATLAB\R2011a\bin\win64\libmwMATLAB_res.dll
0x000000007a250000 - 0x000000007a263000 	C:\Program Files\MATLAB\R2011a\bin\win64\boost_signals-vc90-mt-1_40.dll
0x0000000001a40000 - 0x0000000001a86000 	C:\Program Files\MATLAB\R2011a\bin\win64\tbb.dll
0x000007fefd180000 - 0x000007fefd197000 	C:\windows\system32\imagehlp.dll
0x00000000774a0000 - 0x00000000774a7000 	C:\windows\system32\PSAPI.DLL
0x000000007a3d0000 - 0x000000007a3e3000 	C:\Program Files\MATLAB\R2011a\bin\win64\icuio42.dll
0x000007fef7250000 - 0x000007fef7375000 	C:\windows\system32\dbghelp.dll
0x0000000076bf0000 - 0x0000000076cea000 	C:\windows\system32\USER32.dll
0x000007fefe340000 - 0x000007fefe3a7000 	C:\windows\system32\GDI32.dll
0x000007fefe920000 - 0x000007fefe92e000 	C:\windows\system32\LPK.dll
0x000007fefe720000 - 0x000007fefe7ea000 	C:\windows\system32\USP10.dll
0x000000007bed0000 - 0x000000007c0f5000 	C:\Program Files\MATLAB\R2011a\bin\win64\libmwservices.dll
0x0000000075a20000 - 0x0000000075ab2000 	C:\Program Files\MATLAB\R2011a\bin\win64\libmx.dll
0x000000007a210000 - 0x000000007a226000 	C:\Program Files\MATLAB\R2011a\bin\win64\zlib1.dll
0x0000000074330000 - 0x000000007444b000 	C:\Program Files\MATLAB\R2011a\bin\win64\libmwmathutil.dll
0x000000006df60000 - 0x000000006dfb4000 	C:\Program Files\MATLAB\R2011a\bin\win64\mpath.dll
0x000000007b680000 - 0x000000007b982000 	C:\Program Files\MATLAB\R2011a\bin\win64\mlutil.dll
0x000000006d1c0000 - 0x000000006d242000 	C:\Program Files\MATLAB\R2011a\bin\win64\xmlcore.dll
0x000000007bc30000 - 0x000000007be83000 	C:\Program Files\MATLAB\R2011a\bin\win64\xerces-c_2_7.dll
0x000007fefe8d0000 - 0x000007fefe91d000 	C:\windows\system32\WS2_32.dll
0x000007fefe930000 - 0x000007fefe938000 	C:\windows\system32\NSI.dll
0x000007fefd470000 - 0x000007fefe1f6000 	C:\windows\system32\SHELL32.dll
0x000007fefe940000 - 0x000007fefe9b1000 	C:\windows\system32\SHLWAPI.dll
0x000007fefcbd0000 - 0x000007fefcc70000 	C:\windows\WinSxS\amd64_microsoft.windows.common-controls_6595b64144ccf1df_5.82.7600.16385_none_a44af8ec57f961cf\COMCTL32.dll
0x000007fefd3d0000 - 0x000007fefd468000 	C:\windows\system32\COMDLG32.dll
0x000007fefab90000 - 0x000007fefaba6000 	C:\windows\system32\NETAPI32.dll
0x000007fefab80000 - 0x000007fefab8c000 	C:\windows\system32\netutils.dll
0x000007fefc750000 - 0x000007fefc773000 	C:\windows\system32\srvcli.dll
0x000007fefab60000 - 0x000007fefab75000 	C:\windows\system32\wkscli.dll
0x000007fefe3b0000 - 0x000007fefe5b1000 	C:\windows\system32\ole32.dll
0x000007fefd0a0000 - 0x000007fefd177000 	C:\windows\system32\OLEAUT32.dll
0x0000000074970000 - 0x0000000074a34000 	C:\Program Files\MATLAB\R2011a\bin\win64\mcr.dll
0x0000000075000000 - 0x00000000750e4000 	C:\Program Files\MATLAB\R2011a\bin\win64\iqm.dll
0x00000000647e0000 - 0x0000000064f7c000 	C:\Program Files\MATLAB\R2011a\bin\win64\m_interpreter.dll
0x0000000073d40000 - 0x0000000073d4f000 	C:\Program Files\MATLAB\R2011a\bin\win64\libmex.dll
0x000000006c7c0000 - 0x000000006c864000 	C:\Program Files\MATLAB\R2011a\bin\win64\m_dispatcher.dll
0x0000000074880000 - 0x0000000074945000 	C:\Program Files\MATLAB\R2011a\bin\win64\boost_regex-vc90-mt-1_40.dll
0x000000006d260000 - 0x000000006d2df000 	C:\Program Files\MATLAB\R2011a\bin\win64\profiler.dll
0x0000000079f40000 - 0x0000000079f6c000 	C:\Program Files\MATLAB\R2011a\bin\win64\libmwmathrng.dll
0x0000000070130000 - 0x0000000070150000 	C:\Program Files\MATLAB\R2011a\bin\win64\m_pcodeio.dll
0x0000000079b10000 - 0x0000000079b71000 	C:\Program Files\MATLAB\R2011a\bin\win64\m_ir.dll
0x000000006a580000 - 0x000000006abbb000 	C:\Program Files\MATLAB\R2011a\bin\win64\m_parser.dll
0x0000000070110000 - 0x0000000070129000 	C:\Program Files\MATLAB\R2011a\bin\win64\ir_xfmr.dll
0x000000006b7a0000 - 0x000000006b9eb000 	C:\Program Files\MATLAB\R2011a\bin\win64\mcos.dll
0x0000000073110000 - 0x000000007311c000 	C:\Program Files\MATLAB\R2011a\bin\win64\mtok.dll
0x000000006fce0000 - 0x000000006fd0b000 	C:\Program Files\MATLAB\R2011a\bin\win64\m_pcodegen.dll
0x0000000076160000 - 0x00000000761c2000 	C:\Program Files\MATLAB\R2011a\bin\win64\libmwspmatrix.dll
0x0000000079fb0000 - 0x0000000079fde000 	C:\Program Files\MATLAB\R2011a\bin\win64\libmwbridge.dll
0x000000006bb80000 - 0x000000006bc39000 	C:\Program Files\MATLAB\R2011a\bin\win64\udd.dll
0x000000006ba30000 - 0x000000006bb71000 	C:\Program Files\MATLAB\R2011a\bin\win64\libmwgui.dll
0x000000006f9a0000 - 0x000000006f9b7000 	C:\Program Files\MATLAB\R2011a\bin\win64\graphics_util.dll
0x00000000584f0000 - 0x0000000058d70000 	C:\Program Files\MATLAB\R2011a\bin\win64\hg.dll
0x0000000076100000 - 0x000000007614f000 	C:\Program Files\MATLAB\R2011a\bin\win64\libmat.dll
0x0000000072d30000 - 0x0000000072f33000 	C:\Program Files\MATLAB\R2011a\bin\win64\libhdf5.dll
0x000000006cfd0000 - 0x000000006d04b000 	C:\Program Files\MATLAB\R2011a\bin\win64\jmi.dll
0x0000000001c60000 - 0x0000000001c6e000 	C:\Program Files\MATLAB\R2011a\bin\win64\nativejava_services.dll
0x000000006eda0000 - 0x000000006eddc000 	C:\Program Files\MATLAB\R2011a\bin\win64\libmwhardcopy.dll
0x000000006dfc0000 - 0x000000006e018000 	C:\Program Files\MATLAB\R2011a\bin\win64\libuij.dll
0x0000000069e00000 - 0x0000000069fe3000 	C:\Program Files\MATLAB\R2011a\bin\win64\hgdatatypes.dll
0x000000006a4c0000 - 0x000000006a57c000 	C:\Program Files\MATLAB\R2011a\bin\win64\hgutils.dll
0x000000006c8a0000 - 0x000000006c91c000 	C:\Program Files\MATLAB\R2011a\bin\win64\libmwlapack.dll
0x000000006e820000 - 0x000000006e832000 	C:\Program Files\MATLAB\R2011a\bin\win64\libmwbinder.dll
0x0000000072860000 - 0x000000007286b000 	C:\Program Files\MATLAB\R2011a\bin\win64\libmwompwrapper.dll
0x0000000001cf0000 - 0x0000000001fb4000 	C:\Program Files\MATLAB\R2011a\bin\win64\uiw.dll
0x00000000707d0000 - 0x00000000707da000 	C:\Program Files\MATLAB\R2011a\bin\win64\uinone.dll
0x00000000664d0000 - 0x00000000669b4000 	C:\windows\WinSxS\amd64_microsoft.vc90.mfc_1fc8b3b9a1e18e3b_9.0.30729.6161_none_044aad0bab1eb146\mfc90.dll
0x000007fefa850000 - 0x000007fefa857000 	C:\windows\system32\MSIMG32.dll
0x000007fefa0d0000 - 0x000007fefa140000 	C:\windows\system32\WINSPOOL.DRV
0x0000000069d50000 - 0x0000000069df9000 	C:\Program Files\MATLAB\R2011a\bin\win64\udd_mi.dll
0x000000006e470000 - 0x000000006e48b000 	C:\Program Files\MATLAB\R2011a\bin\win64\mwoles05.DLL
0x000000006d710000 - 0x000000006d77e000 	C:\Program Files\MATLAB\R2011a\bin\win64\comcli.dll
0x0000000070690000 - 0x00000000706bf000 	C:\windows\WinSxS\amd64_microsoft.vc90.atl_1fc8b3b9a1e18e3b_9.0.30729.6161_none_0a1fd3a3a768b895\ATL90.DLL
0x000000006ff20000 - 0x000000006ff2c000 	C:\Program Files\MATLAB\R2011a\bin\win64\mlautoregister.dll
0x0000000002020000 - 0x000000000202d000 	C:\Program Files\MATLAB\R2011a\bin\win64\boost_iostreams-vc90-mt-1_40.dll
0x000007fefc9f0000 - 0x000007fefca47000 	C:\windows\system32\apphelp.dll
0x000007fef2900000 - 0x000007fef2951000 	C:\windows\AppPatch\AppPatch64\AcGenral.DLL
0x000007fefc9c0000 - 0x000007fefc9e5000 	C:\windows\system32\SspiCli.dll
0x0000000070f20000 - 0x0000000070f23000 	C:\windows\system32\sfc.dll
0x000007fef8720000 - 0x000007fef8730000 	C:\windows\system32\sfc_os.DLL
0x000007fefbe20000 - 0x000007fefbe3e000 	C:\windows\system32\USERENV.dll
0x000007fefcb20000 - 0x000007fefcb2f000 	C:\windows\system32\profapi.dll
0x000007fefae40000 - 0x000007fefae58000 	C:\windows\system32\dwmapi.dll
0x000007fefb870000 - 0x000007fefb888000 	C:\windows\system32\MPR.dll
0x000007fefe5c0000 - 0x000007fefe5ee000 	C:\windows\system32\IMM32.DLL
0x000007fefcf10000 - 0x000007fefd019000 	C:\windows\system32\MSCTF.dll
0x000007fefb220000 - 0x000007fefb276000 	C:\windows\system32\UxTheme.dll
0x0000000070340000 - 0x000000007034d000 	C:\windows\WinSxS\amd64_microsoft.vc90.mfcloc_1fc8b3b9a1e18e3b_9.0.30729.6161_none_01c9581e60cbee58\MFC90ENU.DLL
0x000007fefbc20000 - 0x000007fefbc2c000 	C:\windows\system32\VERSION.dll
0x0000000002440000 - 0x0000000002469000 	C:\Program Files\MATLAB\R2011a\bin\win64\tbbmalloc.dll
0x0000000002480000 - 0x00000000024c9000 	C:\Program Files (x86)\Intel\ComposerXE-2011\redist\intel64\compiler\cilkrts20.dll
0x000007fefa360000 - 0x000007fefa387000 	C:\windows\system32\iphlpapi.dll
0x000007fefa350000 - 0x000007fefa35b000 	C:\windows\system32\WINNSI.DLL
0x000007fefc210000 - 0x000007fefc26b000 	C:\windows\system32\DNSAPI.dll
0x000007fefa230000 - 0x000007fefa248000 	C:\windows\system32\dhcpcsvc.DLL
0x000007fefa210000 - 0x000007fefa221000 	C:\windows\system32\dhcpcsvc6.DLL
0x000000006fa60000 - 0x000000006fa63000 	C:\windows\system32\icmp.Dll
0x000007fefca50000 - 0x000007fefca5f000 	C:\windows\system32\CRYPTBASE.dll
0x000007fefcc90000 - 0x000007fefccc6000 	C:\windows\system32\CFGMGR32.dll
0x0000000078870000 - 0x0000000078ecd000 	C:\Program Files\MATLAB\R2011a\sys\java\jre\win64\jre\bin\server\jvm.dll
0x000007fef9c70000 - 0x000007fef9cab000 	C:\windows\system32\WINMM.dll
0x000000007a440000 - 0x000000007a44e000 	C:\Program Files\MATLAB\R2011a\sys\java\jre\win64\jre\bin\verify.dll
0x000000007a070000 - 0x000000007a097000 	C:\Program Files\MATLAB\R2011a\sys\java\jre\win64\jre\bin\java.dll
0x000000007a540000 - 0x000000007a54a000 	C:\Program Files\MATLAB\R2011a\sys\java\jre\win64\jre\bin\hpi.dll
0x000000007a370000 - 0x000000007a382000 	C:\Program Files\MATLAB\R2011a\sys\java\jre\win64\jre\bin\zip.dll
0x0000000075b90000 - 0x0000000075bfb000 	C:\Program Files\MATLAB\R2011a\sys\java\jre\win64\jre\bin\fontmanager.dll
0x0000000073150000 - 0x0000000073311000 	C:\Program Files\MATLAB\R2011a\sys\java\jre\win64\jre\bin\awt.dll

VM Arguments:
jvm_args: -Xss512k -XX:PermSize=32m -Xms64m -XX:NewRatio=3 -XX:MaxPermSize=128m -Xmx1535m -XX:MaxDirectMemorySize=2147400000 -Dsun.java2d.noddraw=true -Dsun.awt.nopixfmt=true -Xshare:off -Xrs -Dsun.awt.disableMixing=true -Djava.library.path=C:\Program Files\MATLAB\R2011a\bin\win64 vfprintf abort 
java_command: <unknown>
Launcher Type: generic

Environment Variables:
CLASSPATH=.;C:\Program Files (x86)\Java\jre6\lib\ext\QTJava.zip
PATH=C:\Program Files (x86)\NVIDIA Corporation\PhysX\Common;C:\Program Files\NVIDIA GPU Computing Toolkit\CUDA\v5.5\bin;C:\Program Files\NVIDIA GPU Computing Toolkit\CUDA\v5.5\libnvvp;c:\devkitPro\msys\bin;C:\Program Files (x86)\Intel\ComposerXE-2011\redist\intel64\tbb\vc10;C:\Program Files (x86)\Intel\ComposerXE-2011\redist\ia32\tbb\vc10;C:\Program Files (x86)\Intel\ComposerXE-2011\redist\intel64\ipp;C:\Program Files (x86)\Intel\ComposerXE-2011\redist\ia32\ipp;C:\Program Files (x86)\Intel\ComposerXE-2011\redist\intel64\mkl;C:\Program Files (x86)\Intel\ComposerXE-2011\redist\ia32\mkl;C:\Program Files (x86)\Intel\ComposerXE-2011\redist\intel64\compiler;C:\Program Files (x86)\Intel\ComposerXE-2011\redist\ia32\compiler;C:\Program Files (x86)\Intel\ComposerXE-2011\compiler\lib;C:\Program Files (x86)\Java\jdk1.7.0_03\bin;C:\Program Files\Common Files\Microsoft Shared\Windows Live;C:\Program Files (x86)\Common Files\Microsoft Shared\Windows Live;C:\Program Files (x86)\Code Laboratories\CL-Eye Platform SDK\Bin;C:\Program Files\Common Files\Autodesk Shared\;C:\Program Files (x86)\Autodesk\Backburner\;C:\Program Files (x86)\Windows Live\Shared;C:\Program Files\TortoiseSVN\bin;C:\Program Files\Point Grey Research\FlyCapture2\gtk64\bin\;C:\Program Files (x86)\SoftKinetic\DepthSenseSDK\bin;C:\Program Files\SoftKinetic\DepthSenseSDK\bin;D:\Libraries\opencv32\build\bin\Debug;C:\strawberry\c\bin;C:\strawberry\perl\site\bin;C:\strawberry\perl\bin;C:\Program Files (x86)\ProTeXt\miktex\bin;C:\windows\System32;C:\Program Files (x86)\FreeArc\bin;C:\Python26;C:\Python26\DLLs;C:\Python26\Scripts;C:\Python26\Lib\site-packages\PyQt4;C:\Python26\gnuplot\bin;C:\Python26\Lib\site-packages\vtk;C:\Program Files (x86)\pythonxy\console;C:\Program Files (x86)\pythonxy\SciTE-2.21;C:\Program Files (x86)\pythonxy\mingw\bin;C:\Users\just.steve\Downloads\opencv\build\bin\Debug;C:\Users\just.steve\Downloads\opencv\build\bin\Release;C:\Program Files (x86)\FAHClient
USERNAME=just.steve
OS=Windows_NT
PROCESSOR_IDENTIFIER=Intel64 Family 6 Model 26 Stepping 5, GenuineIntel



---------------  S Y S T E M  ---------------

OS: Windows 7 Build 7600 

CPU:total 8 (8 cores per cpu, 2 threads per core) family 6 model 26 stepping 5, cmov, cx8, fxsr, mmx, sse, sse2, sse3, ssse3, sse4.1, sse4.2, ht

Memory: 4k page, physical 6288888k(1345408k free), swap 12575876k(7591156k free)

vm_info: Java HotSpot(TM) 64-Bit Server VM (14.3-b01) for windows-amd64 JRE (1.6.0_17-b04), built on Oct 11 2009 00:46:08 by "java_re" with MS VC++ 8.0

time: Sun Sep 15 12:20:08 2013
elapsed time: 36240 seconds

