#
# A fatal error has been detected by the Java Runtime Environment:
#
#  EXCEPTION_ACCESS_VIOLATION (0xc0000005) at pc=0x0000000077ba24fd, pid=9188, tid=4988
#
# JRE version: 6.0_17-b04
# Java VM: Java HotSpot(TM) 64-Bit Server VM (14.3-b01 mixed mode windows-amd64 )
# Problematic frame:
# C  [ntdll.dll+0x24fd]
#
# If you would like to submit a bug report, please visit:
#   http://java.sun.com/webapps/bugreport/crash.jsp
# The crash happened outside the Java Virtual Machine in native code.
# See problematic frame for where to report the bug.
#

---------------  T H R E A D  ---------------

Current thread (0x000000005d7c6800):  JavaThread "AddressBar directory emptiness poller" [_thread_in_native, id=4988, stack(0x0000000054ce0000,0x0000000054d60000)]

siginfo: ExceptionCode=0xc0000005, reading address 0xffffffffffffffff

Registers:
EAX=0x0000000000000000, EBX=0x0000000000000000, ECX=0x0000000068045cb2, EDX=0x40629c0f4f896808
ESP=0x0000000054d5ec20, EBP=0x0000000000000000, ESI=0x0000000005050080, EDI=0x0000000005050284
EIP=0x0000000077ba24fd, EFLAGS=0x0000000000010202

Top of Stack: (sp=0x0000000054d5ec20)
0x0000000054d5ec20:   00000000100c8b68 00000000100c8b7b
0x0000000054d5ec30:   0000000000000000 000000006d62a73a
0x0000000054d5ec40:   0000000077cb5430 0000000000000000
0x0000000054d5ec50:   0000000000000000 00000000050508c0
0x0000000054d5ec60:   0000000005050870 0000000000000120
0x0000000054d5ec70:   00000000052203a8 0000000005050080
0x0000000054d5ec80:   00000000050508f0 0000000005050284
0x0000000054d5ec90:   0000000005050860 000000005ee6ab00
0x0000000054d5eca0:   000000000522bee0 0000000005050080
0x0000000054d5ecb0:   0000000000000130 000000006d62ad84
0x0000000054d5ecc0:   0000000077cb5430 0000000000000000
0x0000000054d5ecd0:   0000000000000060 0000000005220000
0x0000000054d5ece0:   0000000000000050 0000000000000050
0x0000000054d5ecf0:   00000000052202d8 0000000077bf3448
0x0000000054d5ed00:   0000000000000000 0000000000000050
0x0000000054d5ed10:   0000000005050860 0000000005050470 

Instructions: (pc=0x0000000077ba24fd)
0x0000000077ba24ed:   8b c0 f0 0f b1 11 0f 85 04 f6 07 00 41 8b c0 c3
0x0000000077ba24fd:   8b 42 28 24 01 3c 01 0f 85 b6 c2 06 00 41 ff c3 


Stack: [0x0000000054ce0000,0x0000000054d60000],  sp=0x0000000054d5ec20,  free space=507k
Native frames: (J=compiled Java code, j=interpreted, Vv=VM code, C=native code)
C  [ntdll.dll+0x24fd]

[error occurred during error reporting (printing native stack), id 0xc0000005]

Java frames: (J=compiled Java code, j=interpreted, Vv=VM code)
j  com.mathworks.services.settings.Setting.nativeGet(J[Ljava/lang/String;Ljava/lang/String;Ljava/lang/String;)Lcom/mathworks/services/settings/SettingInfo;+0
j  com.mathworks.services.settings.Setting.getInternal(ZLcom/mathworks/services/settings/SettingLevel;)Ljava/lang/Object;+230
j  com.mathworks.services.settings.Setting.get()Ljava/lang/Object;+3
j  com.mathworks.mlwidgets.explorer.widgets.address.AddressBar$EmptyPoller$1.run()V+25
j  java.util.TimerThread.mainLoop()V+221
j  java.util.TimerThread.run()V+1
v  ~StubRoutines::call_stub

---------------  P R O C E S S  ---------------

Java Threads: ( => current thread )
  0x000000005d7c8800 JavaThread "Explorer NavigationContext request queue" [_thread_in_Java, id=8500, stack(0x0000000007b60000,0x0000000007be0000)]
  0x000000005d7cf000 JavaThread "Code Analyzer updating thread" [_thread_blocked, id=3032, stack(0x000000005fd50000,0x000000005fdd0000)]
  0x000000005d7ce800 JavaThread "Code Analyzer updating thread" [_thread_blocked, id=3704, stack(0x000000005ffe0000,0x0000000060060000)]
  0x000000005d7cd800 JavaThread "Code Analyzer updating thread" [_thread_blocked, id=3356, stack(0x0000000029650000,0x00000000296d0000)]
  0x000000005d7cd000 JavaThread "Code Analyzer updating thread" [_thread_blocked, id=3644, stack(0x000000005ff00000,0x000000005ff80000)]
  0x000000005d7cc800 JavaThread "Code Analyzer updating thread" [_thread_blocked, id=3728, stack(0x000000005fe60000,0x000000005fee0000)]
  0x000000005d7cb800 JavaThread "Active Reference Queue Daemon" daemon [_thread_blocked, id=5816, stack(0x000000005e020000,0x000000005e0a0000)]
  0x000000005d7c9800 JavaThread "Timer-6" daemon [_thread_blocked, id=4896, stack(0x000000005fcb0000,0x000000005fd30000)]
  0x000000005d7ca000 JavaThread "Timer-5" daemon [_thread_blocked, id=5116, stack(0x000000005df60000,0x000000005dfe0000)]
=>0x000000005d7c6800 JavaThread "AddressBar directory emptiness poller" [_thread_in_native, id=4988, stack(0x0000000054ce0000,0x0000000054d60000)]
  0x000000005d7c5000 JavaThread "Timer-1" [_thread_blocked, id=5544, stack(0x0000000025490000,0x0000000025510000)]
  0x000000005d7c4800 JavaThread "TimerQueue" daemon [_thread_blocked, id=3668, stack(0x00000000212e0000,0x0000000021360000)]
  0x000000000f241000 JavaThread "FelixPackageAdmin" daemon [_thread_blocked, id=5488, stack(0x000000000fd40000,0x000000000fdc0000)]
  0x000000000f210000 JavaThread "FelixStartLevel" daemon [_thread_blocked, id=5276, stack(0x0000000018ff0000,0x0000000019070000)]
  0x000000000f20f000 JavaThread "FelixDispatchQueue" daemon [_thread_blocked, id=4808, stack(0x0000000010ef0000,0x0000000010f70000)]
  0x000000000f213000 JavaThread "AWT-EventQueue-0" [_thread_in_native, id=2956, stack(0x000000000fea0000,0x000000000ff20000)]
  0x000000000f130800 JavaThread "com.google.common.base.internal.Finalizer" daemon [_thread_blocked, id=3888, stack(0x000000000fcc0000,0x000000000fd40000)]
  0x000000000ebaa000 JavaThread "AWT-Windows" daemon [_thread_in_native, id=8972, stack(0x000000000fb30000,0x000000000fbb0000)]
  0x000000000eba9800 JavaThread "AWT-Shutdown" [_thread_blocked, id=4320, stack(0x000000000fa10000,0x000000000fa90000)]
  0x000000000eba8800 JavaThread "Java2D Disposer" daemon [_thread_blocked, id=3948, stack(0x000000000f910000,0x000000000f990000)]
  0x000000000f708000 JavaThread "Timer-0" [_thread_blocked, id=4036, stack(0x000000000e820000,0x000000000e8a0000)]
  0x000000005d129800 JavaThread "EventMgr Dispatcher" daemon [_thread_in_native, id=4188, stack(0x0000000019110000,0x000000001d110000)]
  0x000000000e74c800 JavaThread "Low Memory Detector" daemon [_thread_blocked, id=4684, stack(0x000000000ea90000,0x000000000eb10000)]
  0x000000000e746000 JavaThread "CompilerThread1" daemon [_thread_in_native, id=8672, stack(0x00000000e8050000,0x00000000ec050000)]
  0x000000000e73f800 JavaThread "CompilerThread0" daemon [_thread_in_native, id=8680, stack(0x0000000058f60000,0x000000005cf60000)]
  0x000000000e73f000 JavaThread "Attach Listener" daemon [_thread_blocked, id=8668, stack(0x000000000e9d0000,0x000000000ea50000)]
  0x000000000e6e6000 JavaThread "Finalizer" daemon [_thread_blocked, id=4108, stack(0x000000000cc10000,0x000000000cc90000)]
  0x000000000e6dc000 JavaThread "Reference Handler" daemon [_thread_blocked, id=4112, stack(0x000000000e900000,0x000000000e980000)]
  0x00000000052a4800 JavaThread "main" [_thread_in_native, id=6172, stack(0x00000000000c0000,0x00000000040c0000)]

Other Threads:
  0x000000000e6d7000 VMThread [stack: 0x0000000054e60000,0x0000000058e60000] [id=4272]
  0x000000000e779800 WatcherThread [stack: 0x00000000ec0b0000,0x00000000f00b0000] [id=3448]

VM state:not at safepoint (normal execution)

VM Mutex/Monitor currently owned by a thread: None

Heap
 PSYoungGen      total 129984K, used 51754K [0x00000000d0000000, 0x00000000da640000, 0x00000000e8000000)
  eden space 106688K, 44% used [0x00000000d0000000,0x00000000d2e36c08,0x00000000d6830000)
  from space 23296K, 19% used [0x00000000d6830000,0x00000000d6c83e28,0x00000000d7ef0000)
  to   space 22528K, 0% used [0x00000000d9040000,0x00000000d9040000,0x00000000da640000)
 PSOldGen        total 80896K, used 49246K [0x0000000088000000, 0x000000008cf00000, 0x00000000d0000000)
  object space 80896K, 60% used [0x0000000088000000,0x000000008b017ac0,0x000000008cf00000)
 PSPermGen       total 105344K, used 59579K [0x0000000080000000, 0x00000000866e0000, 0x0000000088000000)
  object space 105344K, 56% used [0x0000000080000000,0x0000000083a2ec80,0x00000000866e0000)

Dynamic libraries:
0x000000013ffd0000 - 0x0000000140002000 	C:\Program Files\MATLAB\R2012a\bin\win64\MATLAB.exe
0x0000000077ba0000 - 0x0000000077d49000 	C:\Windows\SYSTEM32\ntdll.dll
0x0000000077980000 - 0x0000000077a9f000 	C:\Windows\system32\kernel32.dll
0x000007fefdac0000 - 0x000007fefdb2b000 	C:\Windows\system32\KERNELBASE.dll
0x0000000074460000 - 0x0000000074554000 	C:\Program Files\MATLAB\R2012a\bin\win64\libut.dll
0x00000000758a0000 - 0x0000000075952000 	C:\Program Files\MATLAB\R2012a\bin\win64\libmwi18n.dll
0x0000000180000000 - 0x000000018000b000 	C:\Program Files\MATLAB\R2012a\bin\win64\libmwresource_core.dll
0x000000006dec0000 - 0x000000006df93000 	C:\Windows\WinSxS\amd64_microsoft.vc90.crt_1fc8b3b9a1e18e3b_9.0.30729.6161_none_08e61857a83bc251\MSVCP90.dll
0x000000006de10000 - 0x000000006deb3000 	C:\Windows\WinSxS\amd64_microsoft.vc90.crt_1fc8b3b9a1e18e3b_9.0.30729.6161_none_08e61857a83bc251\MSVCR90.dll
0x000000007a170000 - 0x000000007a19c000 	C:\Program Files\MATLAB\R2012a\bin\win64\boost_filesystem-vc90-mt-1_44.dll
0x000000007a560000 - 0x000000007a569000 	C:\Program Files\MATLAB\R2012a\bin\win64\boost_system-vc90-mt-1_44.dll
0x000007feffbd0000 - 0x000007feffcab000 	C:\Windows\system32\ADVAPI32.dll
0x000007fefe2e0000 - 0x000007fefe37f000 	C:\Windows\system32\msvcrt.dll
0x000007fefe6b0000 - 0x000007fefe6cf000 	C:\Windows\SYSTEM32\sechost.dll
0x000007feffcb0000 - 0x000007feffddd000 	C:\Windows\system32\RPCRT4.dll
0x000000007a010000 - 0x000000007a035000 	C:\Program Files\MATLAB\R2012a\bin\win64\LIBEXPAT.dll
0x000000006d800000 - 0x000000006d9f1000 	C:\Program Files\MATLAB\R2012a\bin\win64\icuin44.dll
0x000000006d5e0000 - 0x000000006d751000 	C:\Program Files\MATLAB\R2012a\bin\win64\icuuc44.dll
0x0000000010000000 - 0x0000000010e41000 	C:\Program Files\MATLAB\R2012a\bin\win64\icudt44.dll
0x0000000073f70000 - 0x00000000740ad000 	C:\Program Files\MATLAB\R2012a\bin\win64\libmwfl.dll
0x0000000004250000 - 0x0000000004546000 	C:\Program Files\MATLAB\R2012a\bin\win64\libmwMATLAB_res.dll
0x000000007a3b0000 - 0x000000007a3c0000 	C:\Program Files\MATLAB\R2012a\bin\win64\boost_date_time-vc90-mt-1_44.dll
0x000000007a250000 - 0x000000007a263000 	C:\Program Files\MATLAB\R2012a\bin\win64\boost_signals-vc90-mt-1_44.dll
0x000000007a2d0000 - 0x000000007a2e2000 	C:\Program Files\MATLAB\R2012a\bin\win64\boost_thread-vc90-mt-1_44.dll
0x0000000004590000 - 0x00000000045d6000 	C:\Program Files\MATLAB\R2012a\bin\win64\tbb.dll
0x000007feff770000 - 0x000007feff789000 	C:\Windows\system32\imagehlp.dll
0x0000000077d60000 - 0x0000000077d67000 	C:\Windows\system32\PSAPI.DLL
0x0000000074ec0000 - 0x0000000074ed3000 	C:\Program Files\MATLAB\R2012a\bin\win64\icuio44.dll
0x000007fefb480000 - 0x000007fefb5a5000 	C:\Windows\system32\dbghelp.dll
0x0000000077aa0000 - 0x0000000077b9a000 	C:\Windows\system32\USER32.dll
0x000007fefe380000 - 0x000007fefe3e7000 	C:\Windows\system32\GDI32.dll
0x000007fefe620000 - 0x000007fefe62e000 	C:\Windows\system32\LPK.dll
0x000007feff830000 - 0x000007feff8f9000 	C:\Windows\system32\USP10.dll
0x000000007bed0000 - 0x000000007c183000 	C:\Program Files\MATLAB\R2012a\bin\win64\libmwservices.dll
0x0000000075a20000 - 0x0000000075ae2000 	C:\Program Files\MATLAB\R2012a\bin\win64\libmx.dll
0x000000007a210000 - 0x000000007a228000 	C:\Program Files\MATLAB\R2012a\bin\win64\zlib1.dll
0x0000000004630000 - 0x0000000004651000 	C:\Program Files\MATLAB\R2012a\bin\win64\libmwmfl_scalar.dll
0x0000000075f10000 - 0x0000000075f5d000 	C:\Program Files\MATLAB\R2012a\bin\win64\mpath.dll
0x000000007b680000 - 0x000000007bbe1000 	C:\Program Files\MATLAB\R2012a\bin\win64\mlutil.dll
0x0000000074dc0000 - 0x0000000074e3f000 	C:\Program Files\MATLAB\R2012a\bin\win64\xmlcore.dll
0x000000007bc30000 - 0x000000007be83000 	C:\Program Files\MATLAB\R2012a\bin\win64\xerces-c_2_7.dll
0x000007feffde0000 - 0x000007feffe2d000 	C:\Windows\system32\WS2_32.dll
0x000007feffb90000 - 0x000007feffb98000 	C:\Windows\system32\NSI.dll
0x00000000046b0000 - 0x00000000046ca000 	C:\Program Files\MATLAB\R2012a\bin\win64\libmwMATLAB_settings_res.dll
0x00000000046e0000 - 0x0000000004727000 	C:\Program Files\MATLAB\R2012a\bin\win64\boost_serialization-vc90-mt-1_44.dll
0x000007fefe6d0000 - 0x000007feff458000 	C:\Windows\system32\SHELL32.dll
0x000007fefe630000 - 0x000007fefe6a1000 	C:\Windows\system32\SHLWAPI.dll
0x000007fef9470000 - 0x000007fef9510000 	C:\Windows\WinSxS\amd64_microsoft.windows.common-controls_6595b64144ccf1df_5.82.7601.17514_none_a4d6a923711520a9\COMCTL32.dll
0x000007feff790000 - 0x000007feff827000 	C:\Windows\system32\COMDLG32.dll
0x000007fefaeb0000 - 0x000007fefaec6000 	C:\Windows\system32\NETAPI32.dll
0x000007fefaea0000 - 0x000007fefaeac000 	C:\Windows\system32\netutils.dll
0x000007fefd4d0000 - 0x000007fefd4f3000 	C:\Windows\system32\srvcli.dll
0x000007fefae80000 - 0x000007fefae95000 	C:\Windows\system32\wkscli.dll
0x000007feff4c0000 - 0x000007feff6c3000 	C:\Windows\system32\ole32.dll
0x000007fefdf90000 - 0x000007fefe067000 	C:\Windows\system32\OLEAUT32.dll
0x0000000074970000 - 0x0000000074b06000 	C:\Program Files\MATLAB\R2012a\bin\win64\mcr.dll
0x0000000075000000 - 0x000000007536b000 	C:\Program Files\MATLAB\R2012a\bin\win64\iqm.dll
0x000000006b510000 - 0x000000006bd31000 	C:\Program Files\MATLAB\R2012a\bin\win64\m_interpreter.dll
0x0000000070f30000 - 0x0000000070f55000 	C:\Program Files\MATLAB\R2012a\bin\win64\libmex.dll
0x0000000070d20000 - 0x0000000070dd3000 	C:\Program Files\MATLAB\R2012a\bin\win64\m_dispatcher.dll
0x0000000074880000 - 0x000000007496d000 	C:\Program Files\MATLAB\R2012a\bin\win64\boost_regex-vc90-mt-1_44.dll
0x000000006daf0000 - 0x000000006db74000 	C:\Program Files\MATLAB\R2012a\bin\win64\profiler.dll
0x00000000047b0000 - 0x0000000004a05000 	C:\Program Files\MATLAB\R2012a\bin\win64\libmwmathutil.dll
0x0000000079f40000 - 0x0000000079f6d000 	C:\Program Files\MATLAB\R2012a\bin\win64\libmwmathrng.dll
0x0000000074c10000 - 0x0000000074ced000 	C:\Program Files\MATLAB\R2012a\bin\win64\libmwmathcore.dll
0x0000000076160000 - 0x00000000761cb000 	C:\Program Files\MATLAB\R2012a\bin\win64\libmwspmatrix.dll
0x0000000075ea0000 - 0x0000000075f02000 	C:\Program Files\MATLAB\R2012a\bin\win64\libmwcholmod.dll
0x000000007a460000 - 0x000000007a46d000 	C:\Program Files\MATLAB\R2012a\bin\win64\libmwamd.dll
0x000000007a4b0000 - 0x000000007a4bc000 	C:\Program Files\MATLAB\R2012a\bin\win64\libmwcolamd.dll
0x0000000074da0000 - 0x0000000074db9000 	C:\Program Files\MATLAB\R2012a\bin\win64\libmwblas.dll
0x0000000070f10000 - 0x0000000070f22000 	C:\Program Files\MATLAB\R2012a\bin\win64\libmwbinder.dll
0x0000000074eb0000 - 0x0000000074ebb000 	C:\Program Files\MATLAB\R2012a\bin\win64\libmwompwrapper.dll
0x000000006ce50000 - 0x000000006ced6000 	C:\Program Files\MATLAB\R2012a\bin\win64\libmwlapack.dll
0x0000000070ee0000 - 0x0000000070f01000 	C:\Program Files\MATLAB\R2012a\bin\win64\m_pcodeio.dll
0x0000000079b10000 - 0x0000000079b77000 	C:\Program Files\MATLAB\R2012a\bin\win64\m_ir.dll
0x0000000066d70000 - 0x00000000673c0000 	C:\Program Files\MATLAB\R2012a\bin\win64\m_parser.dll
0x0000000070ec0000 - 0x0000000070eda000 	C:\Program Files\MATLAB\R2012a\bin\win64\ir_xfmr.dll
0x000000006cbd0000 - 0x000000006ce49000 	C:\Program Files\MATLAB\R2012a\bin\win64\mcos.dll
0x0000000070eb0000 - 0x0000000070ebc000 	C:\Program Files\MATLAB\R2012a\bin\win64\mtok.dll
0x000000006cb00000 - 0x000000006cb31000 	C:\Program Files\MATLAB\R2012a\bin\win64\m_pcodegen.dll
0x0000000079fb0000 - 0x0000000079fe7000 	C:\Program Files\MATLAB\R2012a\bin\win64\libmwbridge.dll
0x000000006ca30000 - 0x000000006caf8000 	C:\Program Files\MATLAB\R2012a\bin\win64\udd.dll
0x000000006c8d0000 - 0x000000006ca22000 	C:\Program Files\MATLAB\R2012a\bin\win64\libmwgui.dll
0x0000000070e00000 - 0x0000000070e17000 	C:\Program Files\MATLAB\R2012a\bin\win64\graphics_util.dll
0x0000000060880000 - 0x0000000061223000 	C:\Program Files\MATLAB\R2012a\bin\win64\hg.dll
0x0000000004b80000 - 0x0000000004be7000 	C:\Program Files\MATLAB\R2012a\bin\win64\libmat.dll
0x0000000072d30000 - 0x0000000072f44000 	C:\Program Files\MATLAB\R2012a\bin\win64\hdf5dll.dll
0x0000000075710000 - 0x00000000757c1000 	C:\Program Files\MATLAB\R2012a\bin\win64\jmi.dll
0x0000000004c20000 - 0x0000000004c2e000 	C:\Program Files\MATLAB\R2012a\bin\win64\nativejava_services.dll
0x000000006c880000 - 0x000000006c8c2000 	C:\Program Files\MATLAB\R2012a\bin\win64\libmwhardcopy.dll
0x000000006c820000 - 0x000000006c87a000 	C:\Program Files\MATLAB\R2012a\bin\win64\libuij.dll
0x0000000064150000 - 0x000000006435c000 	C:\Program Files\MATLAB\R2012a\bin\win64\hgdatatypes.dll
0x000000006c720000 - 0x000000006c81d000 	C:\Program Files\MATLAB\R2012a\bin\win64\hgutils.dll
0x000000006b450000 - 0x000000006b50d000 	C:\Program Files\MATLAB\R2012a\bin\win64\udd_mi.dll
0x0000000004c90000 - 0x0000000004ccb000 	C:\Program Files\MATLAB\R2012a\bin\win64\libmwgbtutils.dll
0x0000000004ce0000 - 0x0000000004cf9000 	C:\Program Files\MATLAB\R2012a\bin\win64\libmwgbt.dll
0x0000000004d10000 - 0x0000000004fda000 	C:\Program Files\MATLAB\R2012a\bin\win64\uiw.dll
0x0000000070ce0000 - 0x0000000070cef000 	C:\Program Files\MATLAB\R2012a\bin\win64\uinone.dll
0x000007fefacb0000 - 0x000007fefacc8000 	C:\Windows\system32\MPR.dll
0x0000000062c20000 - 0x0000000063104000 	C:\Windows\WinSxS\amd64_microsoft.vc90.mfc_1fc8b3b9a1e18e3b_9.0.30729.6161_none_044aad0bab1eb146\mfc90.dll
0x000007fef8df0000 - 0x000007fef8df7000 	C:\Windows\system32\MSIMG32.dll
0x000007fef9530000 - 0x000007fef95a1000 	C:\Windows\system32\WINSPOOL.DRV
0x000000006d5c0000 - 0x000000006d5e0000 	C:\Program Files\MATLAB\R2012a\bin\win64\mwoles05.DLL
0x000000006c6a0000 - 0x000000006c71c000 	C:\Program Files\MATLAB\R2012a\bin\win64\comcli.dll
0x000000006cba0000 - 0x000000006cbcf000 	C:\Windows\WinSxS\amd64_microsoft.vc90.atl_1fc8b3b9a1e18e3b_9.0.30729.6161_none_0a1fd3a3a768b895\ATL90.DLL
0x0000000070cd0000 - 0x0000000070cdc000 	C:\Program Files\MATLAB\R2012a\bin\win64\mlautoregister.dll
0x0000000005030000 - 0x0000000005040000 	C:\Program Files\MATLAB\R2012a\bin\win64\boost_iostreams-vc90-mt-1_44.dll
0x000007feffba0000 - 0x000007feffbce000 	C:\Windows\system32\IMM32.DLL
0x000007fefe070000 - 0x000007fefe179000 	C:\Windows\system32\MSCTF.dll
0x000007fefbf80000 - 0x000007fefbfd6000 	C:\Windows\system32\UxTheme.dll
0x000007fefbf00000 - 0x000007fefbf18000 	C:\Windows\system32\dwmapi.dll
0x0000000070b40000 - 0x0000000070b4d000 	C:\Windows\WinSxS\amd64_microsoft.vc90.mfcloc_1fc8b3b9a1e18e3b_9.0.30729.6161_none_01c9581e60cbee58\MFC90ENU.DLL
0x00000000051b0000 - 0x00000000051d9000 	C:\Program Files\MATLAB\R2012a\bin\win64\tbbmalloc.dll
0x000007fefd980000 - 0x000007fefd98f000 	C:\Windows\system32\profapi.dll
0x000007fef8170000 - 0x000007fef817f000 	C:\Program Files\MATLAB\R2012a\bin\win64\xmlxrcsc.dll
0x000007fefd8b0000 - 0x000007fefd8bf000 	C:\Windows\system32\CRYPTBASE.dll
0x000007fefc430000 - 0x000007fefc624000 	C:\Windows\WinSxS\amd64_microsoft.windows.common-controls_6595b64144ccf1df_6.0.7601.17514_none_fa396087175ac9ac\comctl32.dll
0x000007fefddb0000 - 0x000007fefdf87000 	C:\Windows\system32\SETUPAPI.dll
0x000007fefda80000 - 0x000007fefdab6000 	C:\Windows\system32\CFGMGR32.dll
0x000007fefdd60000 - 0x000007fefdd7a000 	C:\Windows\system32\DEVOBJ.dll
0x000007feff6d0000 - 0x000007feff769000 	C:\Windows\system32\CLBCatQ.DLL
0x000007fefc080000 - 0x000007fefc1ac000 	C:\Windows\system32\propsys.dll
0x000007fefbb60000 - 0x000007fefbb8d000 	C:\Windows\system32\ntmarta.dll
0x000007feff460000 - 0x000007feff4b2000 	C:\Windows\system32\WLDAP32.dll
0x0000000078870000 - 0x0000000078ecd000 	C:\Program Files\MATLAB\R2012a\sys\java\jre\win64\jre\bin\server\jvm.dll
0x000007fef8d20000 - 0x000007fef8d5b000 	C:\Windows\system32\WINMM.dll
0x000007fefa9c0000 - 0x000007fefa9e7000 	C:\Windows\system32\iphlpapi.dll
0x000007fefa9b0000 - 0x000007fefa9bb000 	C:\Windows\system32\WINNSI.DLL

VM Arguments:
jvm_args: -Xss512k -XX:PermSize=32m -Xms64m -XX:NewRatio=3 -XX:MaxPermSize=128m -Xmx1535m -XX:MaxDirectMemorySize=2147400000 -Dsun.java2d.noddraw=true -Dsun.awt.nopixfmt=true -Xshare:off -Xrs -Dsun.awt.disableMixing=true -Djava.library.path=C:\Program Files\MATLAB\R2012a\bin\win64 vfprintf abort 
java_command: <unknown>
Launcher Type: generic

Environment Variables:
JAVA_HOME=C:\Program Files\Java\jdk1.7.0_09\bin
PATH=C:\Python33\;C:\Program Files (x86)\NVIDIA Corporation\PhysX\Common;C:\Windows\system32;C:\Windows;C:\Windows\System32\Wbem;C:\Windows\System32\WindowsPowerShell\v1.0\;C:\Program Files\TortoiseSVN\bin;C:\Program Files\MATLAB\R2012a\runtime\win64;C:\Program Files\MATLAB\R2012a\bin;C:\Program Files\Java\jdk1.7.0_09\bin;C:\Program Files (x86)\Point Grey Research\FlyCapture2\bin;C:\Development\adt-bundle-windows-x86_64-20130219\sdk\platform-tools;C:\Development\adt-bundle-windows-x86_64-20130219\sdk\tools;C:\Development\apache-ant-1.8.4\bin;C:\Program Files\Point Grey Research\FlyCapture2\bin64;C:\Libraries\opencv\build\bin\Debug;C:\Libraries\tbb41_20121003oss\bin\intel64\vc10;C:\MinGW\bin;H:\Development\adt-bundle-windows-x86_64-20130219\sdk\platform-tools;H:\Development\adt-bundle-windows-x86_64-20130219\sdk\tools;H:\Development\apache-ant-1.9.2\bin;C:\Modeltech_pe_edu_10.2a\win32pe_edu;C:\Program Files (x86)\FAHClient
USERNAME=steve
OS=Windows_NT
PROCESSOR_IDENTIFIER=Intel64 Family 6 Model 26 Stepping 5, GenuineIntel



---------------  S Y S T E M  ---------------

OS: Windows 7 Build 7601 Service Pack 1

CPU:total 8 (8 cores per cpu, 2 threads per core) family 6 model 26 stepping 5, cmov, cx8, fxsr, mmx, sse, sse2, sse3, ssse3, sse4.1, sse4.2, ht

Memory: 4k page, physical 6288888k(3579576k free), swap 420210188k(417442404k free)

vm_info: Java HotSpot(TM) 64-Bit Server VM (14.3-b01) for windows-amd64 JRE (1.6.0_17-b04), built on Oct 11 2009 00:46:08 by "java_re" with MS VC++ 8.0

time: Mon Sep 16 18:49:20 2013
elapsed time: 217 seconds

