#
# A fatal error has been detected by the Java Runtime Environment:
#
#  EXCEPTION_ACCESS_VIOLATION (0xc0000005) at pc=0x0000000077bf3290, pid=4016, tid=8996
#
# JRE version: 6.0_17-b04
# Java VM: Java HotSpot(TM) 64-Bit Server VM (14.3-b01 mixed mode windows-amd64 )
# Problematic frame:
# C  [ntdll.dll+0x53290]
#
# If you would like to submit a bug report, please visit:
#   http://java.sun.com/webapps/bugreport/crash.jsp
# The crash happened outside the Java Virtual Machine in native code.
# See problematic frame for where to report the bug.
#

---------------  T H R E A D  ---------------

Current thread (0x000000004d796800):  JavaThread "AddressBar directory emptiness poller" [_thread_in_native, id=8996, stack(0x0000000025600000,0x0000000025680000)]

siginfo: ExceptionCode=0xc0000005, reading address 0x00000e7268ac3e58

Registers:
EAX=0x000000005ce279a8, EBX=0x00000e7268ac3e50, ECX=0x000000ffffffffff, EDX=0x000000005c4eaa20
ESP=0x000000002567e990, EBP=0x0000000000000000, ESI=0x00000000053d0000, EDI=0x000000005c4eaa30
EIP=0x0000000077bf3290, EFLAGS=0x0000000000010206

Top of Stack: (sp=0x000000002567e990)
0x000000002567e990:   0000000000000000 0000000075736f0f
0x000000002567e9a0:   000000005c4eaad0 000000005c4eaa30
0x000000002567e9b0:   000000007bb700d8 000000002567ea01
0x000000002567e9c0:   fffffffffffffffe 00000000079727d0
0x000000002567e9d0:   000000004d796800 0000000000000000
0x000000002567e9e0:   000000002567eb80 0000000007974bc0
0x000000002567e9f0:   000000002567ed30 000000005c4eaad0
0x000000002567ea00:   00000000079e68c0 00000000779a300a
0x000000002567ea10:   000000002567eb80 000000005c4eaa30
0x000000002567ea20:   000000002567ed30 000000007b8b8842
0x000000002567ea30:   0000000000000001 000000006df6cabc
0x000000002567ea40:   fffffffffffffffe 0000000000000000
0x000000002567ea50:   fffffffffffffffe 0000000000000000
0x000000002567ea60:   000000005c4eaa30 000000000fab0ccf
0x000000002567ea70:   000000004d7969b8 7fffffffffffffff
0x000000002567ea80:   0000000000000000 0000000000000001 

Instructions: (pc=0x0000000077bf3290)
0x0000000077bf3280:   33 d8 48 33 1d 3f f1 0d 00 48 c1 e3 04 0f 0d 0b
0x0000000077bf3290:   4c 8b 63 08 49 bd 01 00 00 00 01 00 00 00 49 be 


Stack: [0x0000000025600000,0x0000000025680000],  sp=0x000000002567e990,  free space=506k
Native frames: (J=compiled Java code, j=interpreted, Vv=VM code, C=native code)
C  [ntdll.dll+0x53290]

[error occurred during error reporting (printing native stack), id 0xc0000005]

Java frames: (J=compiled Java code, j=interpreted, Vv=VM code)
j  com.mathworks.services.settings.Setting.nativeGet(J[Ljava/lang/String;Ljava/lang/String;Ljava/lang/String;)Lcom/mathworks/services/settings/SettingInfo;+0
j  com.mathworks.services.settings.Setting.getInternal(ZLcom/mathworks/services/settings/SettingLevel;)Ljava/lang/Object;+230
j  com.mathworks.services.settings.Setting.get()Ljava/lang/Object;+3
j  com.mathworks.mlwidgets.explorer.widgets.address.AddressBar$EmptyPoller$1.run()V+25
j  java.util.TimerThread.mainLoop()V+221
j  java.util.TimerThread.run()V+1
v  ~StubRoutines::call_stub

---------------  P R O C E S S  ---------------

Java Threads: ( => current thread )
  0x000000004d79f000 JavaThread "Code Analyzer updating thread" [_thread_blocked, id=1028, stack(0x000000004fbf0000,0x000000004fc70000)]
  0x000000004d79e800 JavaThread "Code Analyzer updating thread" [_thread_blocked, id=1200, stack(0x000000004fa20000,0x000000004faa0000)]
  0x000000004d79d800 JavaThread "Code Analyzer updating thread" [_thread_blocked, id=6988, stack(0x000000004f980000,0x000000004fa00000)]
  0x000000004d79d000 JavaThread "Code Analyzer updating thread" [_thread_blocked, id=6548, stack(0x0000000021420000,0x00000000214a0000)]
  0x000000004d79c000 JavaThread "Code Analyzer updating thread" [_thread_blocked, id=5288, stack(0x000000003caa0000,0x000000003cb20000)]
  0x000000004d79b800 JavaThread "Active Reference Queue Daemon" daemon [_thread_blocked, id=684, stack(0x0000000048d40000,0x0000000048dc0000)]
  0x000000004d799800 JavaThread "Timer-6" daemon [_thread_blocked, id=4196, stack(0x0000000040bc0000,0x0000000040c40000)]
  0x000000004d79a000 JavaThread "Timer-5" daemon [_thread_blocked, id=5312, stack(0x000000002d6f0000,0x000000002d770000)]
  0x000000004d798800 JavaThread "Explorer NavigationContext request queue" [_thread_in_native, id=3912, stack(0x00000000388f0000,0x0000000038970000)]
=>0x000000004d796800 JavaThread "AddressBar directory emptiness poller" [_thread_in_native, id=8996, stack(0x0000000025600000,0x0000000025680000)]
  0x000000004d795000 JavaThread "Timer-1" [_thread_blocked, id=4388, stack(0x00000000214a0000,0x0000000021520000)]
  0x000000004d794000 JavaThread "TimerQueue" daemon [_thread_blocked, id=6116, stack(0x000000000fb70000,0x000000000fbf0000)]
  0x000000000e88f000 JavaThread "FelixPackageAdmin" daemon [_thread_blocked, id=9160, stack(0x000000000f9f0000,0x000000000fa70000)]
  0x000000000ef85800 JavaThread "FelixStartLevel" daemon [_thread_blocked, id=8368, stack(0x000000000fe80000,0x000000000ff00000)]
  0x000000000ef85000 JavaThread "FelixDispatchQueue" daemon [_thread_blocked, id=1820, stack(0x000000000fc00000,0x000000000fc80000)]
  0x000000000e959000 JavaThread "AWT-EventQueue-0" [_thread_in_native, id=8712, stack(0x000000000f8b0000,0x000000000f930000)]
  0x000000000ef63800 JavaThread "com.google.common.base.internal.Finalizer" daemon [_thread_blocked, id=2576, stack(0x000000000f950000,0x000000000f9d0000)]
  0x000000000ece6000 JavaThread "AWT-Windows" daemon [_thread_in_native, id=8812, stack(0x000000000f770000,0x000000000f7f0000)]
  0x000000000ece5800 JavaThread "AWT-Shutdown" [_thread_blocked, id=3684, stack(0x000000000f400000,0x000000000f480000)]
  0x000000000ece4800 JavaThread "Java2D Disposer" daemon [_thread_blocked, id=6928, stack(0x000000000f6b0000,0x000000000f730000)]
  0x000000004d0db800 JavaThread "Timer-0" [_thread_blocked, id=3832, stack(0x000000000f4f0000,0x000000000f570000)]
  0x000000004cf98800 JavaThread "EventMgr Dispatcher" daemon [_thread_in_native, id=1156, stack(0x000000001d410000,0x0000000021410000)]
  0x000000000e69c800 JavaThread "Low Memory Detector" daemon [_thread_blocked, id=3688, stack(0x000000000d2f0000,0x000000000d370000)]
  0x000000000e696000 JavaThread "CompilerThread1" daemon [_thread_blocked, id=4520, stack(0x00000000f01d0000,0x00000000f41d0000)]
  0x000000000e68f800 JavaThread "CompilerThread0" daemon [_thread_blocked, id=8400, stack(0x00000000ec180000,0x00000000f0180000)]
  0x000000000e68f000 JavaThread "Attach Listener" daemon [_thread_blocked, id=1440, stack(0x000000000e700000,0x000000000e780000)]
  0x000000000e636000 JavaThread "Finalizer" daemon [_thread_blocked, id=2336, stack(0x000000000e780000,0x000000000e800000)]
  0x000000000e62c000 JavaThread "Reference Handler" daemon [_thread_blocked, id=708, stack(0x000000000d230000,0x000000000d2b0000)]
  0x0000000005454800 JavaThread "main" [_thread_in_native, id=8636, stack(0x0000000000040000,0x0000000004040000)]

Other Threads:
  0x000000000e627000 VMThread [stack: 0x00000000e8080000,0x00000000ec080000] [id=8124]
  0x000000000e6c9800 WatcherThread [stack: 0x00000000f4310000,0x00000000f8310000] [id=7484]

VM state:not at safepoint (normal execution)

VM Mutex/Monitor currently owned by a thread: None

Heap
 PSYoungGen      total 130496K, used 67719K [0x00000000d0000000, 0x00000000daf20000, 0x00000000e8000000)
  eden space 104768K, 60% used [0x00000000d0000000,0x00000000d3db2288,0x00000000d6650000)
  from space 25728K, 17% used [0x00000000d6650000,0x00000000d6abfb38,0x00000000d7f70000)
  to   space 24896K, 0% used [0x00000000d96d0000,0x00000000d96d0000,0x00000000daf20000)
 PSOldGen        total 83136K, used 49807K [0x0000000088000000, 0x000000008d130000, 0x00000000d0000000)
  object space 83136K, 59% used [0x0000000088000000,0x000000008b0a3c20,0x000000008d130000)
 PSPermGen       total 105216K, used 59546K [0x0000000080000000, 0x00000000866c0000, 0x0000000088000000)
  object space 105216K, 56% used [0x0000000080000000,0x0000000083a26bc8,0x00000000866c0000)

Dynamic libraries:
0x000000013f860000 - 0x000000013f892000 	C:\Program Files\MATLAB\R2012a\bin\win64\MATLAB.exe
0x0000000077ba0000 - 0x0000000077d49000 	C:\Windows\SYSTEM32\ntdll.dll
0x0000000077980000 - 0x0000000077a9f000 	C:\Windows\system32\kernel32.dll
0x000007fefdac0000 - 0x000007fefdb2b000 	C:\Windows\system32\KERNELBASE.dll
0x0000000074460000 - 0x0000000074554000 	C:\Program Files\MATLAB\R2012a\bin\win64\libut.dll
0x00000000758a0000 - 0x0000000075952000 	C:\Program Files\MATLAB\R2012a\bin\win64\libmwi18n.dll
0x0000000180000000 - 0x000000018000b000 	C:\Program Files\MATLAB\R2012a\bin\win64\libmwresource_core.dll
0x000000006dfd0000 - 0x000000006e0a3000 	C:\Windows\WinSxS\amd64_microsoft.vc90.crt_1fc8b3b9a1e18e3b_9.0.30729.6161_none_08e61857a83bc251\MSVCP90.dll
0x000000006df20000 - 0x000000006dfc3000 	C:\Windows\WinSxS\amd64_microsoft.vc90.crt_1fc8b3b9a1e18e3b_9.0.30729.6161_none_08e61857a83bc251\MSVCR90.dll
0x000000007a170000 - 0x000000007a19c000 	C:\Program Files\MATLAB\R2012a\bin\win64\boost_filesystem-vc90-mt-1_44.dll
0x000000007a560000 - 0x000000007a569000 	C:\Program Files\MATLAB\R2012a\bin\win64\boost_system-vc90-mt-1_44.dll
0x000007feffbd0000 - 0x000007feffcab000 	C:\Windows\system32\ADVAPI32.dll
0x000007fefe2e0000 - 0x000007fefe37f000 	C:\Windows\system32\msvcrt.dll
0x000007fefe6b0000 - 0x000007fefe6cf000 	C:\Windows\SYSTEM32\sechost.dll
0x000007feffcb0000 - 0x000007feffddd000 	C:\Windows\system32\RPCRT4.dll
0x000000007a010000 - 0x000000007a035000 	C:\Program Files\MATLAB\R2012a\bin\win64\LIBEXPAT.dll
0x000000005e150000 - 0x000000005e341000 	C:\Program Files\MATLAB\R2012a\bin\win64\icuin44.dll
0x000000005fcb0000 - 0x000000005fe21000 	C:\Program Files\MATLAB\R2012a\bin\win64\icuuc44.dll
0x0000000010000000 - 0x0000000010e41000 	C:\Program Files\MATLAB\R2012a\bin\win64\icudt44.dll
0x0000000073f70000 - 0x00000000740ad000 	C:\Program Files\MATLAB\R2012a\bin\win64\libmwfl.dll
0x0000000004280000 - 0x0000000004576000 	C:\Program Files\MATLAB\R2012a\bin\win64\libmwMATLAB_res.dll
0x000000007a3b0000 - 0x000000007a3c0000 	C:\Program Files\MATLAB\R2012a\bin\win64\boost_date_time-vc90-mt-1_44.dll
0x000000007a250000 - 0x000000007a263000 	C:\Program Files\MATLAB\R2012a\bin\win64\boost_signals-vc90-mt-1_44.dll
0x000000007a2d0000 - 0x000000007a2e2000 	C:\Program Files\MATLAB\R2012a\bin\win64\boost_thread-vc90-mt-1_44.dll
0x00000000045a0000 - 0x00000000045e6000 	C:\Program Files\MATLAB\R2012a\bin\win64\tbb.dll
0x000007feff770000 - 0x000007feff789000 	C:\Windows\system32\imagehlp.dll
0x0000000077d60000 - 0x0000000077d67000 	C:\Windows\system32\PSAPI.DLL
0x0000000067dd0000 - 0x0000000067de3000 	C:\Program Files\MATLAB\R2012a\bin\win64\icuio44.dll
0x000007fefb480000 - 0x000007fefb5a5000 	C:\Windows\system32\dbghelp.dll
0x0000000077aa0000 - 0x0000000077b9a000 	C:\Windows\system32\USER32.dll
0x000007fefe380000 - 0x000007fefe3e7000 	C:\Windows\system32\GDI32.dll
0x000007fefe620000 - 0x000007fefe62e000 	C:\Windows\system32\LPK.dll
0x000007feff830000 - 0x000007feff8f9000 	C:\Windows\system32\USP10.dll
0x000000007bed0000 - 0x000000007c183000 	C:\Program Files\MATLAB\R2012a\bin\win64\libmwservices.dll
0x0000000075a20000 - 0x0000000075ae2000 	C:\Program Files\MATLAB\R2012a\bin\win64\libmx.dll
0x000000007a210000 - 0x000000007a228000 	C:\Program Files\MATLAB\R2012a\bin\win64\zlib1.dll
0x0000000004640000 - 0x0000000004661000 	C:\Program Files\MATLAB\R2012a\bin\win64\libmwmfl_scalar.dll
0x0000000075f10000 - 0x0000000075f5d000 	C:\Program Files\MATLAB\R2012a\bin\win64\mpath.dll
0x000000007b680000 - 0x000000007bbe1000 	C:\Program Files\MATLAB\R2012a\bin\win64\mlutil.dll
0x0000000067d50000 - 0x0000000067dcf000 	C:\Program Files\MATLAB\R2012a\bin\win64\xmlcore.dll
0x000000007bc30000 - 0x000000007be83000 	C:\Program Files\MATLAB\R2012a\bin\win64\xerces-c_2_7.dll
0x000007feffde0000 - 0x000007feffe2d000 	C:\Windows\system32\WS2_32.dll
0x000007feffb90000 - 0x000007feffb98000 	C:\Windows\system32\NSI.dll
0x00000000046c0000 - 0x00000000046da000 	C:\Program Files\MATLAB\R2012a\bin\win64\libmwMATLAB_settings_res.dll
0x00000000046f0000 - 0x0000000004737000 	C:\Program Files\MATLAB\R2012a\bin\win64\boost_serialization-vc90-mt-1_44.dll
0x000007fefe6d0000 - 0x000007feff458000 	C:\Windows\system32\SHELL32.dll
0x000007fefe630000 - 0x000007fefe6a1000 	C:\Windows\system32\SHLWAPI.dll
0x000007fef9470000 - 0x000007fef9510000 	C:\Windows\WinSxS\amd64_microsoft.windows.common-controls_6595b64144ccf1df_5.82.7601.17514_none_a4d6a923711520a9\COMCTL32.dll
0x000007feff790000 - 0x000007feff827000 	C:\Windows\system32\COMDLG32.dll
0x000007fefaeb0000 - 0x000007fefaec6000 	C:\Windows\system32\NETAPI32.dll
0x000007fefaea0000 - 0x000007fefaeac000 	C:\Windows\system32\netutils.dll
0x000007fefd4d0000 - 0x000007fefd4f3000 	C:\Windows\system32\srvcli.dll
0x000007fefae80000 - 0x000007fefae95000 	C:\Windows\system32\wkscli.dll
0x000007feff4c0000 - 0x000007feff6c3000 	C:\Windows\system32\ole32.dll
0x000007fefdf90000 - 0x000007fefe067000 	C:\Windows\system32\OLEAUT32.dll
0x0000000074970000 - 0x0000000074b06000 	C:\Program Files\MATLAB\R2012a\bin\win64\mcr.dll
0x0000000075000000 - 0x000000007536b000 	C:\Program Files\MATLAB\R2012a\bin\win64\iqm.dll
0x0000000055d90000 - 0x00000000565b1000 	C:\Program Files\MATLAB\R2012a\bin\win64\m_interpreter.dll
0x0000000067d20000 - 0x0000000067d45000 	C:\Program Files\MATLAB\R2012a\bin\win64\libmex.dll
0x0000000060470000 - 0x0000000060523000 	C:\Program Files\MATLAB\R2012a\bin\win64\m_dispatcher.dll
0x0000000074880000 - 0x000000007496d000 	C:\Program Files\MATLAB\R2012a\bin\win64\boost_regex-vc90-mt-1_44.dll
0x0000000060770000 - 0x00000000607f4000 	C:\Program Files\MATLAB\R2012a\bin\win64\profiler.dll
0x00000000047c0000 - 0x0000000004a15000 	C:\Program Files\MATLAB\R2012a\bin\win64\libmwmathutil.dll
0x0000000079f40000 - 0x0000000079f6d000 	C:\Program Files\MATLAB\R2012a\bin\win64\libmwmathrng.dll
0x0000000074c10000 - 0x0000000074ced000 	C:\Program Files\MATLAB\R2012a\bin\win64\libmwmathcore.dll
0x0000000076160000 - 0x00000000761cb000 	C:\Program Files\MATLAB\R2012a\bin\win64\libmwspmatrix.dll
0x0000000075ea0000 - 0x0000000075f02000 	C:\Program Files\MATLAB\R2012a\bin\win64\libmwcholmod.dll
0x000000007a460000 - 0x000000007a46d000 	C:\Program Files\MATLAB\R2012a\bin\win64\libmwamd.dll
0x000000007a4b0000 - 0x000000007a4bc000 	C:\Program Files\MATLAB\R2012a\bin\win64\libmwcolamd.dll
0x0000000067df0000 - 0x0000000067e09000 	C:\Program Files\MATLAB\R2012a\bin\win64\libmwblas.dll
0x0000000062f50000 - 0x0000000062f62000 	C:\Program Files\MATLAB\R2012a\bin\win64\libmwbinder.dll
0x0000000067bc0000 - 0x0000000067bcb000 	C:\Program Files\MATLAB\R2012a\bin\win64\libmwompwrapper.dll
0x00000000606e0000 - 0x0000000060766000 	C:\Program Files\MATLAB\R2012a\bin\win64\libmwlapack.dll
0x0000000066920000 - 0x0000000066941000 	C:\Program Files\MATLAB\R2012a\bin\win64\m_pcodeio.dll
0x0000000079b10000 - 0x0000000079b77000 	C:\Program Files\MATLAB\R2012a\bin\win64\m_ir.dll
0x00000000567a0000 - 0x0000000056df0000 	C:\Program Files\MATLAB\R2012a\bin\win64\m_parser.dll
0x0000000062f30000 - 0x0000000062f4a000 	C:\Program Files\MATLAB\R2012a\bin\win64\ir_xfmr.dll
0x000000005aae0000 - 0x000000005ad59000 	C:\Program Files\MATLAB\R2012a\bin\win64\mcos.dll
0x0000000069640000 - 0x000000006964c000 	C:\Program Files\MATLAB\R2012a\bin\win64\mtok.dll
0x0000000062ef0000 - 0x0000000062f21000 	C:\Program Files\MATLAB\R2012a\bin\win64\m_pcodegen.dll
0x0000000079fb0000 - 0x0000000079fe7000 	C:\Program Files\MATLAB\R2012a\bin\win64\libmwbridge.dll
0x000000005e080000 - 0x000000005e148000 	C:\Program Files\MATLAB\R2012a\bin\win64\udd.dll
0x000000005a980000 - 0x000000005aad2000 	C:\Program Files\MATLAB\R2012a\bin\win64\libmwgui.dll
0x0000000061af0000 - 0x0000000061b07000 	C:\Program Files\MATLAB\R2012a\bin\win64\graphics_util.dll
0x00000000553e0000 - 0x0000000055d83000 	C:\Program Files\MATLAB\R2012a\bin\win64\hg.dll
0x0000000004b90000 - 0x0000000004bf7000 	C:\Program Files\MATLAB\R2012a\bin\win64\libmat.dll
0x0000000072d30000 - 0x0000000072f44000 	C:\Program Files\MATLAB\R2012a\bin\win64\hdf5dll.dll
0x0000000075710000 - 0x00000000757c1000 	C:\Program Files\MATLAB\R2012a\bin\win64\jmi.dll
0x0000000004c30000 - 0x0000000004c3e000 	C:\Program Files\MATLAB\R2012a\bin\win64\nativejava_services.dll
0x0000000060420000 - 0x0000000060462000 	C:\Program Files\MATLAB\R2012a\bin\win64\libmwhardcopy.dll
0x000000005fc50000 - 0x000000005fcaa000 	C:\Program Files\MATLAB\R2012a\bin\win64\libuij.dll
0x0000000057c00000 - 0x0000000057e0c000 	C:\Program Files\MATLAB\R2012a\bin\win64\hgdatatypes.dll
0x000000005b000000 - 0x000000005b0fd000 	C:\Program Files\MATLAB\R2012a\bin\win64\hgutils.dll
0x0000000057b40000 - 0x0000000057bfd000 	C:\Program Files\MATLAB\R2012a\bin\win64\udd_mi.dll
0x0000000004ca0000 - 0x0000000004cdb000 	C:\Program Files\MATLAB\R2012a\bin\win64\libmwgbtutils.dll
0x0000000004cf0000 - 0x0000000004d09000 	C:\Program Files\MATLAB\R2012a\bin\win64\libmwgbt.dll
0x0000000004d20000 - 0x0000000004fea000 	C:\Program Files\MATLAB\R2012a\bin\win64\uiw.dll
0x0000000061ae0000 - 0x0000000061aef000 	C:\Program Files\MATLAB\R2012a\bin\win64\uinone.dll
0x000007fefacb0000 - 0x000007fefacc8000 	C:\Windows\system32\MPR.dll
0x0000000050880000 - 0x0000000050d64000 	C:\Windows\WinSxS\amd64_microsoft.vc90.mfc_1fc8b3b9a1e18e3b_9.0.30729.6161_none_044aad0bab1eb146\mfc90.dll
0x000007fef8df0000 - 0x000007fef8df7000 	C:\Windows\system32\MSIMG32.dll
0x000007fef9530000 - 0x000007fef95a1000 	C:\Windows\system32\WINSPOOL.DRV
0x0000000061ac0000 - 0x0000000061ae0000 	C:\Program Files\MATLAB\R2012a\bin\win64\mwoles05.DLL
0x000000005e8d0000 - 0x000000005e94c000 	C:\Program Files\MATLAB\R2012a\bin\win64\comcli.dll
0x00000000603f0000 - 0x000000006041f000 	C:\Windows\WinSxS\amd64_microsoft.vc90.atl_1fc8b3b9a1e18e3b_9.0.30729.6161_none_0a1fd3a3a768b895\ATL90.DLL
0x0000000061300000 - 0x000000006130c000 	C:\Program Files\MATLAB\R2012a\bin\win64\mlautoregister.dll
0x0000000005040000 - 0x0000000005050000 	C:\Program Files\MATLAB\R2012a\bin\win64\boost_iostreams-vc90-mt-1_44.dll
0x000007fefd850000 - 0x000007fefd8a7000 	C:\Windows\system32\apphelp.dll
0x000007fef80d0000 - 0x000007fef8121000 	C:\Windows\AppPatch\AppPatch64\AcGenral.DLL
0x000007fefd820000 - 0x000007fefd845000 	C:\Windows\system32\SspiCli.dll
0x0000000071a10000 - 0x0000000071a13000 	C:\Windows\system32\sfc.dll
0x000007fef9850000 - 0x000007fef9860000 	C:\Windows\system32\sfc_os.DLL
0x000007fefccc0000 - 0x000007fefccde000 	C:\Windows\system32\USERENV.dll
0x000007fefd980000 - 0x000007fefd98f000 	C:\Windows\system32\profapi.dll
0x000007fefbf00000 - 0x000007fefbf18000 	C:\Windows\system32\dwmapi.dll
0x000007feffba0000 - 0x000007feffbce000 	C:\Windows\system32\IMM32.DLL
0x000007fefe070000 - 0x000007fefe179000 	C:\Windows\system32\MSCTF.dll
0x000007fefbf80000 - 0x000007fefbfd6000 	C:\Windows\system32\UxTheme.dll
0x00000000606d0000 - 0x00000000606dd000 	C:\Windows\WinSxS\amd64_microsoft.vc90.mfcloc_1fc8b3b9a1e18e3b_9.0.30729.6161_none_01c9581e60cbee58\MFC90ENU.DLL
0x00000000050b0000 - 0x00000000050d9000 	C:\Program Files\MATLAB\R2012a\bin\win64\tbbmalloc.dll
0x000007fefbbb0000 - 0x000007fefbbbf000 	C:\Program Files\MATLAB\R2012a\bin\win64\xmlxrcsc.dll
0x000007fefd8b0000 - 0x000007fefd8bf000 	C:\Windows\system32\CRYPTBASE.dll
0x000007fef82c0000 - 0x000007fef82e0000 	C:\Program Files (x86)\TeamViewer\Version8\tv_x64.dll
0x000007fefcac0000 - 0x000007fefcacc000 	C:\Windows\system32\VERSION.dll
0x000007fefc430000 - 0x000007fefc624000 	C:\Windows\WinSxS\amd64_microsoft.windows.common-controls_6595b64144ccf1df_6.0.7601.17514_none_fa396087175ac9ac\comctl32.dll
0x000007fefddb0000 - 0x000007fefdf87000 	C:\Windows\system32\SETUPAPI.dll
0x000007fefda80000 - 0x000007fefdab6000 	C:\Windows\system32\CFGMGR32.dll
0x000007fefdd60000 - 0x000007fefdd7a000 	C:\Windows\system32\DEVOBJ.dll

VM Arguments:
jvm_args: -Xss512k -XX:PermSize=32m -Xms64m -XX:NewRatio=3 -XX:MaxPermSize=128m -Xmx1535m -XX:MaxDirectMemorySize=2147400000 -Dsun.java2d.noddraw=true -Dsun.awt.nopixfmt=true -Xshare:off -Xrs -Dsun.awt.disableMixing=true -Djava.library.path=C:\Program Files\MATLAB\R2012a\bin\win64 vfprintf abort 
java_command: <unknown>
Launcher Type: generic

Environment Variables:
JAVA_HOME=C:\Program Files\Java\jdk1.7.0_09\bin
PATH=C:\Python33\;C:\Program Files (x86)\NVIDIA Corporation\PhysX\Common;C:\Windows\system32;C:\Windows;C:\Windows\System32\Wbem;C:\Windows\System32\WindowsPowerShell\v1.0\;C:\Program Files\TortoiseSVN\bin;C:\Program Files\MATLAB\R2012a\runtime\win64;C:\Program Files\MATLAB\R2012a\bin;C:\Program Files\Java\jdk1.7.0_09\bin;C:\Program Files (x86)\Point Grey Research\FlyCapture2\bin;C:\Development\adt-bundle-windows-x86_64-20130219\sdk\platform-tools;C:\Development\adt-bundle-windows-x86_64-20130219\sdk\tools;C:\Development\apache-ant-1.8.4\bin;C:\Program Files\Point Grey Research\FlyCapture2\bin64;C:\Libraries\opencv\build\bin\Debug;C:\Libraries\tbb41_20121003oss\bin\intel64\vc10;C:\MinGW\bin;H:\Development\adt-bundle-windows-x86_64-20130219\sdk\platform-tools;H:\Development\adt-bundle-windows-x86_64-20130219\sdk\tools;H:\Development\apache-ant-1.9.2\bin;C:\Modeltech_pe_edu_10.2a\win32pe_edu;C:\Program Files (x86)\FAHClient
USERNAME=steve
OS=Windows_NT
PROCESSOR_IDENTIFIER=Intel64 Family 6 Model 26 Stepping 5, GenuineIntel



---------------  S Y S T E M  ---------------

OS: Windows 7 Build 7601 Service Pack 1

CPU:total 8 (8 cores per cpu, 2 threads per core) family 6 model 26 stepping 5, cmov, cx8, fxsr, mmx, sse, sse2, sse3, ssse3, sse4.1, sse4.2, ht

Memory: 4k page, physical 6288888k(3513764k free), swap 420210188k(416515668k free)

vm_info: Java HotSpot(TM) 64-Bit Server VM (14.3-b01) for windows-amd64 JRE (1.6.0_17-b04), built on Oct 11 2009 00:46:08 by "java_re" with MS VC++ 8.0

time: Tue Sep 17 01:04:23 2013
elapsed time: 176 seconds

