#
# A fatal error has been detected by the Java Runtime Environment:
#
#  EXCEPTION_ACCESS_VIOLATION (0xc0000005) at pc=0x0000000077bf3290, pid=4032, tid=11816
#
# JRE version: 6.0_17-b04
# Java VM: Java HotSpot(TM) 64-Bit Server VM (14.3-b01 mixed mode windows-amd64 )
# Problematic frame:
# C  [ntdll.dll+0x53290]
#
# If you would like to submit a bug report, please visit:
#   http://java.sun.com/webapps/bugreport/crash.jsp
# The crash happened outside the Java Virtual Machine in native code.
# See problematic frame for where to report the bug.
#

---------------  T H R E A D  ---------------

Current thread (0x000000000ea0a800):  JavaThread "AddressBar directory emptiness poller" [_thread_in_native, id=11816, stack(0x00000000191b0000,0x0000000019230000)]

siginfo: ExceptionCode=0xc0000005, reading address 0x00000264802c7208

Registers:
EAX=0x0000000076e93700, EBX=0x00000264802c7200, ECX=0x000000ffffffffff, EDX=0x00000000765cee20
ESP=0x000000001922ea00, EBP=0x0000000000000000, ESI=0x0000000005320000, EDI=0x00000000765cee30
EIP=0x0000000077bf3290, EFLAGS=0x0000000000010206

Top of Stack: (sp=0x000000001922ea00)
0x000000001922ea00:   0000000000000000 0000000075736f0f
0x000000001922ea10:   00000000765ceed0 00000000765cee30
0x000000001922ea20:   000000007bb700d8 000000001922eb01
0x000000001922ea30:   fffffffffffffffe 0000000007aa27d0
0x000000001922ea40:   000000000ea0a800 0000000000000000
0x000000001922ea50:   000000001922ebf0 0000000007aa4bc0
0x000000001922ea60:   000000001922eda0 00000000765ceed0
0x000000001922ea70:   0000000007b1c8c0 00000000779a300a
0x000000001922ea80:   000000001922ebf0 00000000765cee30
0x000000001922ea90:   000000001922eda0 000000007b8b8842
0x000000001922eaa0:   0000000000000001 000000006de5cabc
0x000000001922eab0:   fffffffffffffffe 0000000000000000
0x000000001922eac0:   fffffffffffffffe 0000000000000000
0x000000001922ead0:   00000000765cee30 000000000f190ccf
0x000000001922eae0:   000000000ea0a9b8 7fffffffffffffff
0x000000001922eaf0:   0000000000000000 0000000000000001 

Instructions: (pc=0x0000000077bf3290)
0x0000000077bf3280:   33 d8 48 33 1d 3f f1 0d 00 48 c1 e3 04 0f 0d 0b
0x0000000077bf3290:   4c 8b 63 08 49 bd 01 00 00 00 01 00 00 00 49 be 


Stack: [0x00000000191b0000,0x0000000019230000],  sp=0x000000001922ea00,  free space=506k
Native frames: (J=compiled Java code, j=interpreted, Vv=VM code, C=native code)
C  [ntdll.dll+0x53290]

[error occurred during error reporting (printing native stack), id 0xc0000005]

Java frames: (J=compiled Java code, j=interpreted, Vv=VM code)
j  com.mathworks.services.settings.Setting.nativeGet(J[Ljava/lang/String;Ljava/lang/String;Ljava/lang/String;)Lcom/mathworks/services/settings/SettingInfo;+0
j  com.mathworks.services.settings.Setting.getInternal(ZLcom/mathworks/services/settings/SettingLevel;)Ljava/lang/Object;+230
j  com.mathworks.services.settings.Setting.get()Ljava/lang/Object;+3
j  com.mathworks.mlwidgets.explorer.widgets.address.AddressBar$EmptyPoller$1.run()V+25
j  java.util.TimerThread.mainLoop()V+221
j  java.util.TimerThread.run()V+1
v  ~StubRoutines::call_stub

---------------  P R O C E S S  ---------------

Java Threads: ( => current thread )
  0x000000007a777000 JavaThread "Code Analyzer updating thread" [_thread_blocked, id=7880, stack(0x000000004fbe0000,0x000000004fc60000)]
  0x000000007a776800 JavaThread "Code Analyzer updating thread" [_thread_blocked, id=8176, stack(0x000000004fa00000,0x000000004fa80000)]
  0x000000007a775800 JavaThread "Code Analyzer updating thread" [_thread_blocked, id=3416, stack(0x0000000038920000,0x00000000389a0000)]
  0x000000007a775000 JavaThread "Code Analyzer updating thread" [_thread_blocked, id=6560, stack(0x000000004f920000,0x000000004f9a0000)]
  0x000000007a774000 JavaThread "Code Analyzer updating thread" [_thread_blocked, id=6616, stack(0x0000000048c40000,0x0000000048cc0000)]
  0x000000007a773800 JavaThread "Active Reference Queue Daemon" daemon [_thread_blocked, id=4504, stack(0x00000000347f0000,0x0000000034870000)]
  0x000000000ea0e000 JavaThread "Timer-8" daemon [_thread_blocked, id=12168, stack(0x0000000048cf0000,0x0000000048d70000)]
  0x000000000ea0d800 JavaThread "Timer-7" daemon [_thread_blocked, id=6156, stack(0x0000000038890000,0x0000000038910000)]
  0x000000000ea0c800 JavaThread "Explorer NavigationContext request queue" [_thread_in_Java, id=12124, stack(0x000000002d6b0000,0x000000002d730000)]
=>0x000000000ea0a800 JavaThread "AddressBar directory emptiness poller" [_thread_in_native, id=11816, stack(0x00000000191b0000,0x0000000019230000)]
  0x000000000ea09000 JavaThread "Timer-1" [_thread_blocked, id=2084, stack(0x0000000025570000,0x00000000255f0000)]
  0x000000000ea06000 JavaThread "TimerQueue" daemon [_thread_blocked, id=11140, stack(0x0000000019110000,0x0000000019190000)]
  0x000000000ea08800 JavaThread "FelixPackageAdmin" daemon [_thread_blocked, id=11580, stack(0x000000000d4b0000,0x000000000d530000)]
  0x000000000ea07800 JavaThread "FelixStartLevel" daemon [_thread_blocked, id=2868, stack(0x0000000010e50000,0x0000000010ed0000)]
  0x000000000ea07000 JavaThread "FelixDispatchQueue" daemon [_thread_blocked, id=14060, stack(0x000000000fea0000,0x000000000ff20000)]
  0x000000000ea05800 JavaThread "AWT-EventQueue-0" [_thread_in_Java, id=11760, stack(0x000000000ee30000,0x000000000eeb0000)]
  0x000000000ea04800 JavaThread "com.google.common.base.internal.Finalizer" daemon [_thread_blocked, id=13548, stack(0x000000000ecb0000,0x000000000ed30000)]
  0x000000000ea03800 JavaThread "AWT-Windows" daemon [_thread_in_native, id=11204, stack(0x000000000ed50000,0x000000000edd0000)]
  0x000000000ea02800 JavaThread "AWT-Shutdown" [_thread_blocked, id=11864, stack(0x000000000ea50000,0x000000000ead0000)]
  0x000000000ea02000 JavaThread "Java2D Disposer" daemon [_thread_blocked, id=4072, stack(0x000000000ebd0000,0x000000000ec50000)]
  0x000000000ea01000 JavaThread "Timer-0" [_thread_blocked, id=2148, stack(0x000000000d530000,0x000000000d5b0000)]
  0x000000000ea00800 JavaThread "EventMgr Dispatcher" daemon [_thread_in_native, id=8436, stack(0x000000001d350000,0x0000000021350000)]
  0x000000000e9ff800 JavaThread "Low Memory Detector" daemon [_thread_blocked, id=11884, stack(0x0000000008880000,0x0000000008900000)]
  0x000000000ea15000 JavaThread "CompilerThread1" daemon [_thread_blocked, id=5424, stack(0x0000000065120000,0x0000000069120000)]
  0x000000000ea0f000 JavaThread "CompilerThread0" daemon [_thread_blocked, id=13368, stack(0x000000005d370000,0x0000000061370000)]
  0x000000000e9ff000 JavaThread "Attach Listener" daemon [_thread_blocked, id=5292, stack(0x00000000085c0000,0x0000000008640000)]
  0x000000000e9a6000 JavaThread "Finalizer" daemon [_thread_blocked, id=11572, stack(0x000000000cd50000,0x000000000cdd0000)]
  0x000000000e99c000 JavaThread "Reference Handler" daemon [_thread_blocked, id=12688, stack(0x0000000008780000,0x0000000008800000)]
  0x00000000053a4800 JavaThread "main" [_thread_in_native, id=4972, stack(0x0000000000090000,0x0000000004090000)]

Other Threads:
  0x000000000e997000 VMThread [stack: 0x0000000059330000,0x000000005d330000] [id=6016]
  0x000000000f238800 WatcherThread [stack: 0x00000000e8030000,0x00000000ec030000] [id=7040]

VM state:not at safepoint (normal execution)

VM Mutex/Monitor currently owned by a thread: None

Heap
 PSYoungGen      total 105536K, used 78495K [0x00000000d0000000, 0x00000000d94d0000, 0x00000000e8000000)
  eden space 100352K, 73% used [0x00000000d0000000,0x00000000d479c168,0x00000000d6200000)
  from space 5184K, 99% used [0x00000000d8fc0000,0x00000000d94cbce0,0x00000000d94d0000)
  to   space 23104K, 0% used [0x00000000d67b0000,0x00000000d67b0000,0x00000000d7e40000)
 PSOldGen        total 80512K, used 45272K [0x0000000088000000, 0x000000008cea0000, 0x00000000d0000000)
  object space 80512K, 56% used [0x0000000088000000,0x000000008ac361b8,0x000000008cea0000)
 PSPermGen       total 104384K, used 59129K [0x0000000080000000, 0x00000000865f0000, 0x0000000088000000)
  object space 104384K, 56% used [0x0000000080000000,0x00000000839be7e0,0x00000000865f0000)

Dynamic libraries:
0x000000013fdb0000 - 0x000000013fde2000 	C:\Program Files\MATLAB\R2012a\bin\win64\MATLAB.exe
0x0000000077ba0000 - 0x0000000077d49000 	C:\Windows\SYSTEM32\ntdll.dll
0x0000000077980000 - 0x0000000077a9f000 	C:\Windows\system32\kernel32.dll
0x000007fefdac0000 - 0x000007fefdb2b000 	C:\Windows\system32\KERNELBASE.dll
0x0000000074460000 - 0x0000000074554000 	C:\Program Files\MATLAB\R2012a\bin\win64\libut.dll
0x00000000758a0000 - 0x0000000075952000 	C:\Program Files\MATLAB\R2012a\bin\win64\libmwi18n.dll
0x0000000180000000 - 0x000000018000b000 	C:\Program Files\MATLAB\R2012a\bin\win64\libmwresource_core.dll
0x000000006dec0000 - 0x000000006df93000 	C:\Windows\WinSxS\amd64_microsoft.vc90.crt_1fc8b3b9a1e18e3b_9.0.30729.6161_none_08e61857a83bc251\MSVCP90.dll
0x000000006de10000 - 0x000000006deb3000 	C:\Windows\WinSxS\amd64_microsoft.vc90.crt_1fc8b3b9a1e18e3b_9.0.30729.6161_none_08e61857a83bc251\MSVCR90.dll
0x000000007a170000 - 0x000000007a19c000 	C:\Program Files\MATLAB\R2012a\bin\win64\boost_filesystem-vc90-mt-1_44.dll
0x000000007a560000 - 0x000000007a569000 	C:\Program Files\MATLAB\R2012a\bin\win64\boost_system-vc90-mt-1_44.dll
0x000007feffbd0000 - 0x000007feffcab000 	C:\Windows\system32\ADVAPI32.dll
0x000007fefe2e0000 - 0x000007fefe37f000 	C:\Windows\system32\msvcrt.dll
0x000007fefe6b0000 - 0x000007fefe6cf000 	C:\Windows\SYSTEM32\sechost.dll
0x000007feffcb0000 - 0x000007feffddd000 	C:\Windows\system32\RPCRT4.dll
0x000000007a010000 - 0x000000007a035000 	C:\Program Files\MATLAB\R2012a\bin\win64\LIBEXPAT.dll
0x000000006b540000 - 0x000000006b731000 	C:\Program Files\MATLAB\R2012a\bin\win64\icuin44.dll
0x000000006b7c0000 - 0x000000006b931000 	C:\Program Files\MATLAB\R2012a\bin\win64\icuuc44.dll
0x0000000010000000 - 0x0000000010e41000 	C:\Program Files\MATLAB\R2012a\bin\win64\icudt44.dll
0x0000000073f70000 - 0x00000000740ad000 	C:\Program Files\MATLAB\R2012a\bin\win64\libmwfl.dll
0x00000000042f0000 - 0x00000000045e6000 	C:\Program Files\MATLAB\R2012a\bin\win64\libmwMATLAB_res.dll
0x000000007a3b0000 - 0x000000007a3c0000 	C:\Program Files\MATLAB\R2012a\bin\win64\boost_date_time-vc90-mt-1_44.dll
0x000000007a250000 - 0x000000007a263000 	C:\Program Files\MATLAB\R2012a\bin\win64\boost_signals-vc90-mt-1_44.dll
0x000000007a2d0000 - 0x000000007a2e2000 	C:\Program Files\MATLAB\R2012a\bin\win64\boost_thread-vc90-mt-1_44.dll
0x00000000041a0000 - 0x00000000041e6000 	C:\Program Files\MATLAB\R2012a\bin\win64\tbb.dll
0x000007feff770000 - 0x000007feff789000 	C:\Windows\system32\imagehlp.dll
0x0000000077d60000 - 0x0000000077d67000 	C:\Windows\system32\PSAPI.DLL
0x000000006ee90000 - 0x000000006eea3000 	C:\Program Files\MATLAB\R2012a\bin\win64\icuio44.dll
0x000007fefb480000 - 0x000007fefb5a5000 	C:\Windows\system32\dbghelp.dll
0x0000000077aa0000 - 0x0000000077b9a000 	C:\Windows\system32\USER32.dll
0x000007fefe380000 - 0x000007fefe3e7000 	C:\Windows\system32\GDI32.dll
0x000007fefe620000 - 0x000007fefe62e000 	C:\Windows\system32\LPK.dll
0x000007feff830000 - 0x000007feff8f9000 	C:\Windows\system32\USP10.dll
0x000000007bed0000 - 0x000000007c183000 	C:\Program Files\MATLAB\R2012a\bin\win64\libmwservices.dll
0x0000000075a20000 - 0x0000000075ae2000 	C:\Program Files\MATLAB\R2012a\bin\win64\libmx.dll
0x000000007a210000 - 0x000000007a228000 	C:\Program Files\MATLAB\R2012a\bin\win64\zlib1.dll
0x0000000004640000 - 0x0000000004661000 	C:\Program Files\MATLAB\R2012a\bin\win64\libmwmfl_scalar.dll
0x0000000075f10000 - 0x0000000075f5d000 	C:\Program Files\MATLAB\R2012a\bin\win64\mpath.dll
0x000000007b680000 - 0x000000007bbe1000 	C:\Program Files\MATLAB\R2012a\bin\win64\mlutil.dll
0x000000006db30000 - 0x000000006dbaf000 	C:\Program Files\MATLAB\R2012a\bin\win64\xmlcore.dll
0x000000007bc30000 - 0x000000007be83000 	C:\Program Files\MATLAB\R2012a\bin\win64\xerces-c_2_7.dll
0x000007feffde0000 - 0x000007feffe2d000 	C:\Windows\system32\WS2_32.dll
0x000007feffb90000 - 0x000007feffb98000 	C:\Windows\system32\NSI.dll
0x00000000046c0000 - 0x00000000046da000 	C:\Program Files\MATLAB\R2012a\bin\win64\libmwMATLAB_settings_res.dll
0x00000000046f0000 - 0x0000000004737000 	C:\Program Files\MATLAB\R2012a\bin\win64\boost_serialization-vc90-mt-1_44.dll
0x000007fefe6d0000 - 0x000007feff458000 	C:\Windows\system32\SHELL32.dll
0x000007fefe630000 - 0x000007fefe6a1000 	C:\Windows\system32\SHLWAPI.dll
0x000007fef9470000 - 0x000007fef9510000 	C:\Windows\WinSxS\amd64_microsoft.windows.common-controls_6595b64144ccf1df_5.82.7601.17514_none_a4d6a923711520a9\COMCTL32.dll
0x000007feff790000 - 0x000007feff827000 	C:\Windows\system32\COMDLG32.dll
0x000007fefaeb0000 - 0x000007fefaec6000 	C:\Windows\system32\NETAPI32.dll
0x000007fefaea0000 - 0x000007fefaeac000 	C:\Windows\system32\netutils.dll
0x000007fefd4d0000 - 0x000007fefd4f3000 	C:\Windows\system32\srvcli.dll
0x000007fefae80000 - 0x000007fefae95000 	C:\Windows\system32\wkscli.dll
0x000007feff4c0000 - 0x000007feff6c3000 	C:\Windows\system32\ole32.dll
0x000007fefdf90000 - 0x000007fefe067000 	C:\Windows\system32\OLEAUT32.dll
0x0000000074970000 - 0x0000000074b06000 	C:\Program Files\MATLAB\R2012a\bin\win64\mcr.dll
0x0000000075000000 - 0x000000007536b000 	C:\Program Files\MATLAB\R2012a\bin\win64\iqm.dll
0x0000000061690000 - 0x0000000061eb1000 	C:\Program Files\MATLAB\R2012a\bin\win64\m_interpreter.dll
0x000000006ee60000 - 0x000000006ee85000 	C:\Program Files\MATLAB\R2012a\bin\win64\libmex.dll
0x000000006be30000 - 0x000000006bee3000 	C:\Program Files\MATLAB\R2012a\bin\win64\m_dispatcher.dll
0x0000000074880000 - 0x000000007496d000 	C:\Program Files\MATLAB\R2012a\bin\win64\boost_regex-vc90-mt-1_44.dll
0x000000006bda0000 - 0x000000006be24000 	C:\Program Files\MATLAB\R2012a\bin\win64\profiler.dll
0x00000000047c0000 - 0x0000000004a15000 	C:\Program Files\MATLAB\R2012a\bin\win64\libmwmathutil.dll
0x0000000079f40000 - 0x0000000079f6d000 	C:\Program Files\MATLAB\R2012a\bin\win64\libmwmathrng.dll
0x0000000074c10000 - 0x0000000074ced000 	C:\Program Files\MATLAB\R2012a\bin\win64\libmwmathcore.dll
0x0000000076160000 - 0x00000000761cb000 	C:\Program Files\MATLAB\R2012a\bin\win64\libmwspmatrix.dll
0x0000000075ea0000 - 0x0000000075f02000 	C:\Program Files\MATLAB\R2012a\bin\win64\libmwcholmod.dll
0x000000007a460000 - 0x000000007a46d000 	C:\Program Files\MATLAB\R2012a\bin\win64\libmwamd.dll
0x000000007a4b0000 - 0x000000007a4bc000 	C:\Program Files\MATLAB\R2012a\bin\win64\libmwcolamd.dll
0x000000006fe10000 - 0x000000006fe29000 	C:\Program Files\MATLAB\R2012a\bin\win64\libmwblas.dll
0x000000006dd90000 - 0x000000006dda2000 	C:\Program Files\MATLAB\R2012a\bin\win64\libmwbinder.dll
0x00000000709c0000 - 0x00000000709cb000 	C:\Program Files\MATLAB\R2012a\bin\win64\libmwompwrapper.dll
0x000000006b4b0000 - 0x000000006b536000 	C:\Program Files\MATLAB\R2012a\bin\win64\libmwlapack.dll
0x000000006dd60000 - 0x000000006dd81000 	C:\Program Files\MATLAB\R2012a\bin\win64\m_pcodeio.dll
0x0000000079b10000 - 0x0000000079b77000 	C:\Program Files\MATLAB\R2012a\bin\win64\m_ir.dll
0x0000000069e50000 - 0x000000006a4a0000 	C:\Program Files\MATLAB\R2012a\bin\win64\m_parser.dll
0x000000006dd40000 - 0x000000006dd5a000 	C:\Program Files\MATLAB\R2012a\bin\win64\ir_xfmr.dll
0x000000006b230000 - 0x000000006b4a9000 	C:\Program Files\MATLAB\R2012a\bin\win64\mcos.dll
0x0000000070b40000 - 0x0000000070b4c000 	C:\Program Files\MATLAB\R2012a\bin\win64\mtok.dll
0x000000006d5b0000 - 0x000000006d5e1000 	C:\Program Files\MATLAB\R2012a\bin\win64\m_pcodegen.dll
0x0000000079fb0000 - 0x0000000079fe7000 	C:\Program Files\MATLAB\R2012a\bin\win64\libmwbridge.dll
0x000000006b080000 - 0x000000006b148000 	C:\Program Files\MATLAB\R2012a\bin\win64\udd.dll
0x000000006a640000 - 0x000000006a792000 	C:\Program Files\MATLAB\R2012a\bin\win64\libmwgui.dll
0x000000006db10000 - 0x000000006db27000 	C:\Program Files\MATLAB\R2012a\bin\win64\graphics_util.dll
0x00000000505b0000 - 0x0000000050f53000 	C:\Program Files\MATLAB\R2012a\bin\win64\hg.dll
0x0000000004b90000 - 0x0000000004bf7000 	C:\Program Files\MATLAB\R2012a\bin\win64\libmat.dll
0x0000000072d30000 - 0x0000000072f44000 	C:\Program Files\MATLAB\R2012a\bin\win64\hdf5dll.dll
0x0000000075710000 - 0x00000000757c1000 	C:\Program Files\MATLAB\R2012a\bin\win64\jmi.dll
0x0000000004c30000 - 0x0000000004c3e000 	C:\Program Files\MATLAB\R2012a\bin\win64\nativejava_services.dll
0x000000006c5a0000 - 0x000000006c5e2000 	C:\Program Files\MATLAB\R2012a\bin\win64\libmwhardcopy.dll
0x000000006b760000 - 0x000000006b7ba000 	C:\Program Files\MATLAB\R2012a\bin\win64\libuij.dll
0x0000000069c40000 - 0x0000000069e4c000 	C:\Program Files\MATLAB\R2012a\bin\win64\hgdatatypes.dll
0x000000006a800000 - 0x000000006a8fd000 	C:\Program Files\MATLAB\R2012a\bin\win64\hgutils.dll
0x0000000064eb0000 - 0x0000000064f6d000 	C:\Program Files\MATLAB\R2012a\bin\win64\udd_mi.dll
0x0000000004ca0000 - 0x0000000004cdb000 	C:\Program Files\MATLAB\R2012a\bin\win64\libmwgbtutils.dll
0x0000000004cf0000 - 0x0000000004d09000 	C:\Program Files\MATLAB\R2012a\bin\win64\libmwgbt.dll
0x0000000004d20000 - 0x0000000004fea000 	C:\Program Files\MATLAB\R2012a\bin\win64\uiw.dll
0x000000006efa0000 - 0x000000006efaf000 	C:\Program Files\MATLAB\R2012a\bin\win64\uinone.dll
0x000007fefacb0000 - 0x000007fefacc8000 	C:\Windows\system32\MPR.dll
0x00000000649c0000 - 0x0000000064ea4000 	C:\Windows\WinSxS\amd64_microsoft.vc90.mfc_1fc8b3b9a1e18e3b_9.0.30729.6161_none_044aad0bab1eb146\mfc90.dll
0x000007fef8df0000 - 0x000007fef8df7000 	C:\Windows\system32\MSIMG32.dll
0x000007fef9530000 - 0x000007fef95a1000 	C:\Windows\system32\WINSPOOL.DRV
0x000000006c580000 - 0x000000006c5a0000 	C:\Program Files\MATLAB\R2012a\bin\win64\mwoles05.DLL
0x0000000069bc0000 - 0x0000000069c3c000 	C:\Program Files\MATLAB\R2012a\bin\win64\comcli.dll
0x000000006bd70000 - 0x000000006bd9f000 	C:\Windows\WinSxS\amd64_microsoft.vc90.atl_1fc8b3b9a1e18e3b_9.0.30729.6161_none_0a1fd3a3a768b895\ATL90.DLL
0x00000000704b0000 - 0x00000000704bc000 	C:\Program Files\MATLAB\R2012a\bin\win64\mlautoregister.dll
0x0000000005040000 - 0x0000000005050000 	C:\Program Files\MATLAB\R2012a\bin\win64\boost_iostreams-vc90-mt-1_44.dll
0x000007fefd850000 - 0x000007fefd8a7000 	C:\Windows\system32\apphelp.dll
0x000007fef37e0000 - 0x000007fef3831000 	C:\Windows\AppPatch\AppPatch64\AcGenral.DLL
0x000007fefd820000 - 0x000007fefd845000 	C:\Windows\system32\SspiCli.dll
0x0000000071a10000 - 0x0000000071a13000 	C:\Windows\system32\sfc.dll
0x000007fef9850000 - 0x000007fef9860000 	C:\Windows\system32\sfc_os.DLL
0x000007fefccc0000 - 0x000007fefccde000 	C:\Windows\system32\USERENV.dll
0x000007fefd980000 - 0x000007fefd98f000 	C:\Windows\system32\profapi.dll
0x000007fefbf00000 - 0x000007fefbf18000 	C:\Windows\system32\dwmapi.dll
0x000007feffba0000 - 0x000007feffbce000 	C:\Windows\system32\IMM32.DLL
0x000007fefe070000 - 0x000007fefe179000 	C:\Windows\system32\MSCTF.dll
0x000007fefbf80000 - 0x000007fefbfd6000 	C:\Windows\system32\UxTheme.dll
0x000000006dd30000 - 0x000000006dd3d000 	C:\Windows\WinSxS\amd64_microsoft.vc90.mfcloc_1fc8b3b9a1e18e3b_9.0.30729.6161_none_01c9581e60cbee58\MFC90ENU.DLL
0x00000000052e0000 - 0x0000000005309000 	C:\Program Files\MATLAB\R2012a\bin\win64\tbbmalloc.dll
0x000007fefc060000 - 0x000007fefc06f000 	C:\Program Files\MATLAB\R2012a\bin\win64\xmlxrcsc.dll
0x000007fefd8b0000 - 0x000007fefd8bf000 	C:\Windows\system32\CRYPTBASE.dll
0x000007fefbf60000 - 0x000007fefbf80000 	C:\Program Files (x86)\TeamViewer\Version8\tv_x64.dll
0x000007fefcac0000 - 0x000007fefcacc000 	C:\Windows\system32\VERSION.dll
0x000007fefc430000 - 0x000007fefc624000 	C:\Windows\WinSxS\amd64_microsoft.windows.common-controls_6595b64144ccf1df_6.0.7601.17514_none_fa396087175ac9ac\comctl32.dll
0x000007fefddb0000 - 0x000007fefdf87000 	C:\Windows\system32\SETUPAPI.dll
0x000007fefda80000 - 0x000007fefdab6000 	C:\Windows\system32\CFGMGR32.dll
0x000007fefdd60000 - 0x000007fefdd7a000 	C:\Windows\system32\DEVOBJ.dll

VM Arguments:
jvm_args: -Xss512k -XX:PermSize=32m -Xms64m -XX:NewRatio=3 -XX:MaxPermSize=128m -Xmx1535m -XX:MaxDirectMemorySize=2147400000 -Dsun.java2d.noddraw=true -Dsun.awt.nopixfmt=true -Xshare:off -Xrs -Dsun.awt.disableMixing=true -Djava.library.path=C:\Program Files\MATLAB\R2012a\bin\win64 vfprintf abort 
java_command: <unknown>
Launcher Type: generic

Environment Variables:
JAVA_HOME=C:\Program Files\Java\jdk1.7.0_09\bin
PATH=C:\Python33\;C:\Program Files (x86)\NVIDIA Corporation\PhysX\Common;C:\Windows\system32;C:\Windows;C:\Windows\System32\Wbem;C:\Windows\System32\WindowsPowerShell\v1.0\;C:\Program Files\TortoiseSVN\bin;C:\Program Files\MATLAB\R2012a\runtime\win64;C:\Program Files\MATLAB\R2012a\bin;C:\Program Files\Java\jdk1.7.0_09\bin;C:\Program Files (x86)\Point Grey Research\FlyCapture2\bin;C:\Development\adt-bundle-windows-x86_64-20130219\sdk\platform-tools;C:\Development\adt-bundle-windows-x86_64-20130219\sdk\tools;C:\Development\apache-ant-1.8.4\bin;C:\Program Files\Point Grey Research\FlyCapture2\bin64;C:\Libraries\opencv\build\bin\Debug;C:\Libraries\tbb41_20121003oss\bin\intel64\vc10;C:\MinGW\bin;H:\Development\adt-bundle-windows-x86_64-20130219\sdk\platform-tools;H:\Development\adt-bundle-windows-x86_64-20130219\sdk\tools;H:\Development\apache-ant-1.9.2\bin;C:\Modeltech_pe_edu_10.2a\win32pe_edu;C:\Program Files (x86)\FAHClient
USERNAME=steve
OS=Windows_NT
PROCESSOR_IDENTIFIER=Intel64 Family 6 Model 26 Stepping 5, GenuineIntel



---------------  S Y S T E M  ---------------

OS: Windows 7 Build 7601 Service Pack 1

CPU:total 8 (8 cores per cpu, 2 threads per core) family 6 model 26 stepping 5, cmov, cx8, fxsr, mmx, sse, sse2, sse3, ssse3, sse4.1, sse4.2, ht

Memory: 4k page, physical 6288888k(1900024k free), swap 420210188k(414618304k free)

vm_info: Java HotSpot(TM) 64-Bit Server VM (14.3-b01) for windows-amd64 JRE (1.6.0_17-b04), built on Oct 11 2009 00:46:08 by "java_re" with MS VC++ 8.0

time: Tue Sep 17 23:28:49 2013
elapsed time: 1766 seconds

