#
# A fatal error has been detected by the Java Runtime Environment:
#
#  EXCEPTION_ACCESS_VIOLATION (0xc0000005) at pc=0x0000000077bf3290, pid=13652, tid=13920
#
# JRE version: 6.0_17-b04
# Java VM: Java HotSpot(TM) 64-Bit Server VM (14.3-b01 mixed mode windows-amd64 )
# Problematic frame:
# C  [ntdll.dll+0x53290]
#
# If you would like to submit a bug report, please visit:
#   http://java.sun.com/webapps/bugreport/crash.jsp
# The crash happened outside the Java Virtual Machine in native code.
# See problematic frame for where to report the bug.
#

---------------  T H R E A D  ---------------

Current thread (0x000000000f2d1000):  JavaThread "AWT-EventQueue-0" [_thread_in_native, id=13920, stack(0x0000000015000000,0x0000000015080000)]

siginfo: ExceptionCode=0xc0000005, reading address 0x00000190df179da8

Registers:
EAX=0x000000006f4cfc40, EBX=0x00000190df179da0, ECX=0x000000ffffffffff, EDX=0x000000002f374880
ESP=0x000000001507e7e0, EBP=0x0000000000000000, ESI=0x0000000005070000, EDI=0x000000002f374890
EIP=0x0000000077bf3290, EFLAGS=0x0000000000010206

Top of Stack: (sp=0x000000001507e7e0)
0x000000001507e7e0:   000000000507bea0 000000000e14a4a0
0x000000001507e7f0:   000000006cd73210 000000006c129300
0x000000001507e800:   000000006c2104b8 000000001507e8d8
0x000000001507e810:   fffffffffffffffe 0000000075736385
0x000000001507e820:   000000001507ecb8 000000000f2d11b8
0x000000001507e830:   0000000000000003 000000000000000d
0x000000001507e840:   000000001507ea20 00000000555a54e0
0x000000001507e850:   000000000f2d11b8 00000000779a300a
0x000000001507e860:   000000000000000d 000000001507e958
0x000000001507e870:   000000000000000d 000000006dedc114
0x000000001507e880:   000000001507ea20 000000006de5cabc
0x000000001507e890:   0000000000000000 000000000f2d11b8
0x000000001507e8a0:   0000000000000003 000000000000000d
0x000000001507e8b0:   000000001507e958 000000006ded9f71
0x000000001507e8c0:   000000001507ea20 000000000f2d11b8
0x000000001507e8d0:   00000000555a54e0 00000000690048e0 

Instructions: (pc=0x0000000077bf3290)
0x0000000077bf3280:   33 d8 48 33 1d 3f f1 0d 00 48 c1 e3 04 0f 0d 0b
0x0000000077bf3290:   4c 8b 63 08 49 bd 01 00 00 00 01 00 00 00 49 be 


Stack: [0x0000000015000000,0x0000000015080000],  sp=0x000000001507e7e0,  free space=505k
Native frames: (J=compiled Java code, j=interpreted, Vv=VM code, C=native code)
C  [ntdll.dll+0x53290]

[error occurred during error reporting (printing native stack), id 0xc0000005]

Java frames: (J=compiled Java code, j=interpreted, Vv=VM code)
j  com.mathworks.services.settings.SettingPath.nativeIsChildNode(J[Ljava/lang/String;Ljava/lang/String;)Z+0
j  com.mathworks.services.settings.SettingPath.isChildNode(Ljava/lang/String;)Z+9
j  com.mathworks.services.settings.Setting.getInternal(ZLcom/mathworks/services/settings/SettingLevel;)Ljava/lang/Object;+152
j  com.mathworks.services.settings.Setting.get()Ljava/lang/Object;+3
j  com.mathworks.widgets.grouptable.GroupingTableModel.getMaxTableEntries()I+3
j  com.mathworks.widgets.grouptable.GroupingTableModel.detectOverflow(I)Z+15
j  com.mathworks.widgets.grouptable.GroupingTableModel$7.detectOverflow(I)Z+11
j  com.mathworks.widgets.grouptable.RowListTransactionTarget.finishTransaction(ZZ)V+30
j  com.mathworks.widgets.grouptable.GroupingTableTransaction$1.run()V+213
J  java.awt.EventDispatchThread.pumpOneEventForFilters(I)Z
J  java.awt.EventDispatchThread.pumpEventsForFilter(ILjava/awt/Conditional;Ljava/awt/EventFilter;)V
j  java.awt.EventDispatchThread.pumpEventsForHierarchy(ILjava/awt/Conditional;Ljava/awt/Component;)V+11
j  java.awt.EventDispatchThread.pumpEvents(ILjava/awt/Conditional;)V+4
j  java.awt.EventDispatchThread.pumpEvents(Ljava/awt/Conditional;)V+3
j  java.awt.EventDispatchThread.run()V+9
v  ~StubRoutines::call_stub

---------------  P R O C E S S  ---------------

Java Threads: ( => current thread )
  0x000000000f8be000 JavaThread "Timer-34" [_thread_blocked, id=4680, stack(0x0000000008300000,0x0000000008380000)]
  0x000000000f8c0000 JavaThread "pool-8-thread-1" [_thread_blocked, id=13416, stack(0x000000002de30000,0x000000002deb0000)]
  0x000000000f8c0800 JavaThread "Prefs Updater" daemon [_thread_blocked, id=9168, stack(0x000000002dfd0000,0x000000002e050000)]
  0x000000000f8bd000 JavaThread "Code Analyzer updating thread" [_thread_blocked, id=13828, stack(0x0000000007f20000,0x0000000007fa0000)]
  0x000000000f2d2800 JavaThread "Code Analyzer updating thread" [_thread_blocked, id=13816, stack(0x0000000007fb0000,0x0000000008030000)]
  0x000000000f8bc800 JavaThread "Code Analyzer updating thread" [_thread_blocked, id=9824, stack(0x0000000056800000,0x0000000056880000)]
  0x000000000f8bb800 JavaThread "Code Analyzer updating thread" [_thread_blocked, id=13804, stack(0x00000000577d0000,0x0000000057850000)]
  0x000000000f8bb000 JavaThread "Code Analyzer updating thread" [_thread_blocked, id=4920, stack(0x00000000568b0000,0x0000000056930000)]
  0x000000000f8ba000 JavaThread "Active Reference Queue Daemon" daemon [_thread_blocked, id=7268, stack(0x0000000057690000,0x0000000057710000)]
  0x000000000f8b9800 JavaThread "Timer-8" daemon [_thread_blocked, id=13484, stack(0x0000000048d50000,0x0000000048dd0000)]
  0x000000000f2d7800 JavaThread "Timer-7" daemon [_thread_blocked, id=13512, stack(0x0000000056600000,0x0000000056680000)]
  0x000000000f2d6800 JavaThread "Explorer NavigationContext request queue" [_thread_blocked, id=13844, stack(0x0000000056570000,0x00000000565f0000)]
  0x000000000f2d5000 JavaThread "AddressBar directory emptiness poller" [_thread_blocked, id=13820, stack(0x0000000056050000,0x00000000560d0000)]
  0x000000000f2d3800 JavaThread "Timer-1" [_thread_blocked, id=13756, stack(0x00000000388a0000,0x0000000038920000)]
  0x000000000f2d2000 JavaThread "TimerQueue" daemon [_thread_blocked, id=2336, stack(0x000000002d6c0000,0x000000002d740000)]
=>0x000000000f2d1000 JavaThread "AWT-EventQueue-0" [_thread_in_native, id=13920, stack(0x0000000015000000,0x0000000015080000)]
  0x000000000f2d0800 JavaThread "AWT-Shutdown" [_thread_blocked, id=14116, stack(0x000000001d290000,0x000000001d310000)]
  0x000000000f67c000 JavaThread "FelixPackageAdmin" daemon [_thread_blocked, id=14276, stack(0x00000000347d0000,0x0000000034850000)]
  0x000000000f441000 JavaThread "FelixStartLevel" daemon [_thread_blocked, id=13916, stack(0x0000000029510000,0x0000000029590000)]
  0x000000000f440000 JavaThread "FelixDispatchQueue" daemon [_thread_blocked, id=13724, stack(0x0000000019140000,0x00000000191c0000)]
  0x00000000555cc000 JavaThread "com.google.common.base.internal.Finalizer" daemon [_thread_blocked, id=3692, stack(0x00000000190c0000,0x0000000019140000)]
  0x000000000f7dc800 JavaThread "AWT-Windows" daemon [_thread_in_native, id=14300, stack(0x0000000014f80000,0x0000000015000000)]
  0x0000000005446000 JavaThread "Java2D Disposer" daemon [_thread_blocked, id=14196, stack(0x000000000ff40000,0x000000000ffc0000)]
  0x000000005525c800 JavaThread "Timer-0" [_thread_blocked, id=13408, stack(0x000000000ee30000,0x000000000eeb0000)]
  0x0000000055189800 JavaThread "EventMgr Dispatcher" daemon [_thread_in_native, id=14100, stack(0x0000000019270000,0x000000001d270000)]
  0x000000000ed9c800 JavaThread "Low Memory Detector" daemon [_thread_blocked, id=14136, stack(0x000000000f040000,0x000000000f0c0000)]
  0x000000000ed98000 JavaThread "CompilerThread1" daemon [_thread_blocked, id=13740, stack(0x0000000064520000,0x0000000068520000)]
  0x000000000ed8f800 JavaThread "CompilerThread0" daemon [_thread_blocked, id=13932, stack(0x000000005c830000,0x0000000060830000)]
  0x000000000ed8f000 JavaThread "Attach Listener" daemon [_thread_blocked, id=9232, stack(0x000000000eb10000,0x000000000eb90000)]
  0x000000000ed36000 JavaThread "Finalizer" daemon [_thread_blocked, id=13384, stack(0x000000000ef20000,0x000000000efa0000)]
  0x000000000ed2c000 JavaThread "Reference Handler" daemon [_thread_blocked, id=13752, stack(0x000000000ea50000,0x000000000ead0000)]
  0x00000000053f4800 JavaThread "main" [_thread_in_native, id=14268, stack(0x0000000000210000,0x0000000004210000)]

Other Threads:
  0x000000000ed27000 VMThread [stack: 0x0000000058660000,0x000000005c660000] [id=12924]
  0x000000000f110000 WatcherThread [stack: 0x00000000e81d0000,0x00000000ec1d0000] [id=7416]

VM state:not at safepoint (normal execution)

VM Mutex/Monitor currently owned by a thread: None

Heap
 PSYoungGen      total 27520K, used 5182K [0x00000000d0000000, 0x00000000d1d30000, 0x00000000e8000000)
  eden space 25216K, 17% used [0x00000000d0000000,0x00000000d0434a28,0x00000000d18a0000)
  from space 2304K, 38% used [0x00000000d1ae0000,0x00000000d1bbafd0,0x00000000d1d20000)
  to   space 2304K, 0% used [0x00000000d18a0000,0x00000000d18a0000,0x00000000d1ae0000)
 PSOldGen        total 140544K, used 121089K [0x0000000088000000, 0x0000000090940000, 0x00000000d0000000)
  object space 140544K, 86% used [0x0000000088000000,0x000000008f640580,0x0000000090940000)
 PSPermGen       total 119680K, used 64221K [0x0000000080000000, 0x00000000874e0000, 0x0000000088000000)
  object space 119680K, 53% used [0x0000000080000000,0x0000000083eb7570,0x00000000874e0000)

Dynamic libraries:
0x000000013fd30000 - 0x000000013fd62000 	C:\Program Files\MATLAB\R2012a\bin\win64\MATLAB.exe
0x0000000077ba0000 - 0x0000000077d49000 	C:\Windows\SYSTEM32\ntdll.dll
0x0000000077980000 - 0x0000000077a9f000 	C:\Windows\system32\kernel32.dll
0x000007fefdac0000 - 0x000007fefdb2b000 	C:\Windows\system32\KERNELBASE.dll
0x0000000074460000 - 0x0000000074554000 	C:\Program Files\MATLAB\R2012a\bin\win64\libut.dll
0x00000000758a0000 - 0x0000000075952000 	C:\Program Files\MATLAB\R2012a\bin\win64\libmwi18n.dll
0x0000000180000000 - 0x000000018000b000 	C:\Program Files\MATLAB\R2012a\bin\win64\libmwresource_core.dll
0x000000006dec0000 - 0x000000006df93000 	C:\Windows\WinSxS\amd64_microsoft.vc90.crt_1fc8b3b9a1e18e3b_9.0.30729.6161_none_08e61857a83bc251\MSVCP90.dll
0x000000006de10000 - 0x000000006deb3000 	C:\Windows\WinSxS\amd64_microsoft.vc90.crt_1fc8b3b9a1e18e3b_9.0.30729.6161_none_08e61857a83bc251\MSVCR90.dll
0x000000007a170000 - 0x000000007a19c000 	C:\Program Files\MATLAB\R2012a\bin\win64\boost_filesystem-vc90-mt-1_44.dll
0x000000007a560000 - 0x000000007a569000 	C:\Program Files\MATLAB\R2012a\bin\win64\boost_system-vc90-mt-1_44.dll
0x000007feffbd0000 - 0x000007feffcab000 	C:\Windows\system32\ADVAPI32.dll
0x000007fefe2e0000 - 0x000007fefe37f000 	C:\Windows\system32\msvcrt.dll
0x000007fefe6b0000 - 0x000007fefe6cf000 	C:\Windows\SYSTEM32\sechost.dll
0x000007feffcb0000 - 0x000007feffddd000 	C:\Windows\system32\RPCRT4.dll
0x000000007a010000 - 0x000000007a035000 	C:\Program Files\MATLAB\R2012a\bin\win64\LIBEXPAT.dll
0x000000006be30000 - 0x000000006c021000 	C:\Program Files\MATLAB\R2012a\bin\win64\icuin44.dll
0x000000006c0b0000 - 0x000000006c221000 	C:\Program Files\MATLAB\R2012a\bin\win64\icuuc44.dll
0x0000000010000000 - 0x0000000010e41000 	C:\Program Files\MATLAB\R2012a\bin\win64\icudt44.dll
0x0000000073f70000 - 0x00000000740ad000 	C:\Program Files\MATLAB\R2012a\bin\win64\libmwfl.dll
0x00000000043f0000 - 0x00000000046e6000 	C:\Program Files\MATLAB\R2012a\bin\win64\libmwMATLAB_res.dll
0x000000007a3b0000 - 0x000000007a3c0000 	C:\Program Files\MATLAB\R2012a\bin\win64\boost_date_time-vc90-mt-1_44.dll
0x000000007a250000 - 0x000000007a263000 	C:\Program Files\MATLAB\R2012a\bin\win64\boost_signals-vc90-mt-1_44.dll
0x000000007a2d0000 - 0x000000007a2e2000 	C:\Program Files\MATLAB\R2012a\bin\win64\boost_thread-vc90-mt-1_44.dll
0x00000000001a0000 - 0x00000000001e6000 	C:\Program Files\MATLAB\R2012a\bin\win64\tbb.dll
0x000007feff770000 - 0x000007feff789000 	C:\Windows\system32\imagehlp.dll
0x0000000077d60000 - 0x0000000077d67000 	C:\Windows\system32\PSAPI.DLL
0x000000006dd90000 - 0x000000006dda3000 	C:\Program Files\MATLAB\R2012a\bin\win64\icuio44.dll
0x000007fefb480000 - 0x000007fefb5a5000 	C:\Windows\system32\dbghelp.dll
0x0000000077aa0000 - 0x0000000077b9a000 	C:\Windows\system32\USER32.dll
0x000007fefe380000 - 0x000007fefe3e7000 	C:\Windows\system32\GDI32.dll
0x000007fefe620000 - 0x000007fefe62e000 	C:\Windows\system32\LPK.dll
0x000007feff830000 - 0x000007feff8f9000 	C:\Windows\system32\USP10.dll
0x000000007bed0000 - 0x000000007c183000 	C:\Program Files\MATLAB\R2012a\bin\win64\libmwservices.dll
0x0000000075a20000 - 0x0000000075ae2000 	C:\Program Files\MATLAB\R2012a\bin\win64\libmx.dll
0x000000007a210000 - 0x000000007a228000 	C:\Program Files\MATLAB\R2012a\bin\win64\zlib1.dll
0x0000000004240000 - 0x0000000004261000 	C:\Program Files\MATLAB\R2012a\bin\win64\libmwmfl_scalar.dll
0x0000000075f10000 - 0x0000000075f5d000 	C:\Program Files\MATLAB\R2012a\bin\win64\mpath.dll
0x000000007b680000 - 0x000000007bbe1000 	C:\Program Files\MATLAB\R2012a\bin\win64\mlutil.dll
0x000000006c030000 - 0x000000006c0af000 	C:\Program Files\MATLAB\R2012a\bin\win64\xmlcore.dll
0x000000007bc30000 - 0x000000007be83000 	C:\Program Files\MATLAB\R2012a\bin\win64\xerces-c_2_7.dll
0x000007feffde0000 - 0x000007feffe2d000 	C:\Windows\system32\WS2_32.dll
0x000007feffb90000 - 0x000007feffb98000 	C:\Windows\system32\NSI.dll
0x00000000042c0000 - 0x00000000042da000 	C:\Program Files\MATLAB\R2012a\bin\win64\libmwMATLAB_settings_res.dll
0x00000000046f0000 - 0x0000000004737000 	C:\Program Files\MATLAB\R2012a\bin\win64\boost_serialization-vc90-mt-1_44.dll
0x000007fefe6d0000 - 0x000007feff458000 	C:\Windows\system32\SHELL32.dll
0x000007fefe630000 - 0x000007fefe6a1000 	C:\Windows\system32\SHLWAPI.dll
0x000007fef9470000 - 0x000007fef9510000 	C:\Windows\WinSxS\amd64_microsoft.windows.common-controls_6595b64144ccf1df_5.82.7601.17514_none_a4d6a923711520a9\COMCTL32.dll
0x000007feff790000 - 0x000007feff827000 	C:\Windows\system32\COMDLG32.dll
0x000007fefaeb0000 - 0x000007fefaec6000 	C:\Windows\system32\NETAPI32.dll
0x000007fefaea0000 - 0x000007fefaeac000 	C:\Windows\system32\netutils.dll
0x000007fefd4d0000 - 0x000007fefd4f3000 	C:\Windows\system32\srvcli.dll
0x000007fefae80000 - 0x000007fefae95000 	C:\Windows\system32\wkscli.dll
0x000007feff4c0000 - 0x000007feff6c3000 	C:\Windows\system32\ole32.dll
0x000007fefdf90000 - 0x000007fefe067000 	C:\Windows\system32\OLEAUT32.dll
0x0000000074970000 - 0x0000000074b06000 	C:\Program Files\MATLAB\R2012a\bin\win64\mcr.dll
0x0000000075000000 - 0x000000007536b000 	C:\Program Files\MATLAB\R2012a\bin\win64\iqm.dll
0x0000000056e30000 - 0x0000000057651000 	C:\Program Files\MATLAB\R2012a\bin\win64\m_interpreter.dll
0x000000006dd60000 - 0x000000006dd85000 	C:\Program Files\MATLAB\R2012a\bin\win64\libmex.dll
0x000000006bd70000 - 0x000000006be23000 	C:\Program Files\MATLAB\R2012a\bin\win64\m_dispatcher.dll
0x0000000074880000 - 0x000000007496d000 	C:\Program Files\MATLAB\R2012a\bin\win64\boost_regex-vc90-mt-1_44.dll
0x000000006bb70000 - 0x000000006bbf4000 	C:\Program Files\MATLAB\R2012a\bin\win64\profiler.dll
0x00000000047c0000 - 0x0000000004a15000 	C:\Program Files\MATLAB\R2012a\bin\win64\libmwmathutil.dll
0x0000000079f40000 - 0x0000000079f6d000 	C:\Program Files\MATLAB\R2012a\bin\win64\libmwmathrng.dll
0x0000000074c10000 - 0x0000000074ced000 	C:\Program Files\MATLAB\R2012a\bin\win64\libmwmathcore.dll
0x0000000076160000 - 0x00000000761cb000 	C:\Program Files\MATLAB\R2012a\bin\win64\libmwspmatrix.dll
0x0000000075ea0000 - 0x0000000075f02000 	C:\Program Files\MATLAB\R2012a\bin\win64\libmwcholmod.dll
0x000000007a460000 - 0x000000007a46d000 	C:\Program Files\MATLAB\R2012a\bin\win64\libmwamd.dll
0x000000007a4b0000 - 0x000000007a4bc000 	C:\Program Files\MATLAB\R2012a\bin\win64\libmwcolamd.dll
0x000000006dd40000 - 0x000000006dd59000 	C:\Program Files\MATLAB\R2012a\bin\win64\libmwblas.dll
0x000000006c390000 - 0x000000006c3a2000 	C:\Program Files\MATLAB\R2012a\bin\win64\libmwbinder.dll
0x000000006dd30000 - 0x000000006dd3b000 	C:\Program Files\MATLAB\R2012a\bin\win64\libmwompwrapper.dll
0x000000006bae0000 - 0x000000006bb66000 	C:\Program Files\MATLAB\R2012a\bin\win64\libmwlapack.dll
0x000000006bd40000 - 0x000000006bd61000 	C:\Program Files\MATLAB\R2012a\bin\win64\m_pcodeio.dll
0x0000000079b10000 - 0x0000000079b77000 	C:\Program Files\MATLAB\R2012a\bin\win64\m_ir.dll
0x000000006b490000 - 0x000000006bae0000 	C:\Program Files\MATLAB\R2012a\bin\win64\m_parser.dll
0x000000006b470000 - 0x000000006b48a000 	C:\Program Files\MATLAB\R2012a\bin\win64\ir_xfmr.dll
0x0000000063ea0000 - 0x0000000064119000 	C:\Program Files\MATLAB\R2012a\bin\win64\mcos.dll
0x000000006fe10000 - 0x000000006fe1c000 	C:\Program Files\MATLAB\R2012a\bin\win64\mtok.dll
0x000000006b430000 - 0x000000006b461000 	C:\Program Files\MATLAB\R2012a\bin\win64\m_pcodegen.dll
0x0000000079fb0000 - 0x0000000079fe7000 	C:\Program Files\MATLAB\R2012a\bin\win64\libmwbridge.dll
0x000000006b080000 - 0x000000006b148000 	C:\Program Files\MATLAB\R2012a\bin\win64\udd.dll
0x0000000064240000 - 0x0000000064392000 	C:\Program Files\MATLAB\R2012a\bin\win64\libmwgui.dll
0x000000006b060000 - 0x000000006b077000 	C:\Program Files\MATLAB\R2012a\bin\win64\graphics_util.dll
0x0000000057ad0000 - 0x0000000058473000 	C:\Program Files\MATLAB\R2012a\bin\win64\hg.dll
0x0000000004b90000 - 0x0000000004bf7000 	C:\Program Files\MATLAB\R2012a\bin\win64\libmat.dll
0x0000000072d30000 - 0x0000000072f44000 	C:\Program Files\MATLAB\R2012a\bin\win64\hdf5dll.dll
0x0000000075710000 - 0x00000000757c1000 	C:\Program Files\MATLAB\R2012a\bin\win64\jmi.dll
0x0000000004c30000 - 0x0000000004c3e000 	C:\Program Files\MATLAB\R2012a\bin\win64\nativejava_services.dll
0x0000000064470000 - 0x00000000644b2000 	C:\Program Files\MATLAB\R2012a\bin\win64\libmwhardcopy.dll
0x00000000641e0000 - 0x000000006423a000 	C:\Program Files\MATLAB\R2012a\bin\win64\libuij.dll
0x0000000063c90000 - 0x0000000063e9c000 	C:\Program Files\MATLAB\R2012a\bin\win64\hgdatatypes.dll
0x00000000579d0000 - 0x0000000057acd000 	C:\Program Files\MATLAB\R2012a\bin\win64\hgutils.dll
0x0000000064120000 - 0x00000000641dd000 	C:\Program Files\MATLAB\R2012a\bin\win64\udd_mi.dll
0x0000000004ca0000 - 0x0000000004cdb000 	C:\Program Files\MATLAB\R2012a\bin\win64\libmwgbtutils.dll
0x0000000004cf0000 - 0x0000000004d09000 	C:\Program Files\MATLAB\R2012a\bin\win64\libmwgbt.dll
0x0000000004d20000 - 0x0000000004fea000 	C:\Program Files\MATLAB\R2012a\bin\win64\uiw.dll
0x000000006bd30000 - 0x000000006bd3f000 	C:\Program Files\MATLAB\R2012a\bin\win64\uinone.dll
0x000007fefacb0000 - 0x000007fefacc8000 	C:\Windows\system32\MPR.dll
0x0000000056940000 - 0x0000000056e24000 	C:\Windows\WinSxS\amd64_microsoft.vc90.mfc_1fc8b3b9a1e18e3b_9.0.30729.6161_none_044aad0bab1eb146\mfc90.dll
0x000007fef8df0000 - 0x000007fef8df7000 	C:\Windows\system32\MSIMG32.dll
0x000007fef9530000 - 0x000007fef95a1000 	C:\Windows\system32\WINSPOOL.DRV
0x000000006b040000 - 0x000000006b060000 	C:\Program Files\MATLAB\R2012a\bin\win64\mwoles05.DLL
0x0000000063c10000 - 0x0000000063c8c000 	C:\Program Files\MATLAB\R2012a\bin\win64\comcli.dll
0x000000006acd0000 - 0x000000006acff000 	C:\Windows\WinSxS\amd64_microsoft.vc90.atl_1fc8b3b9a1e18e3b_9.0.30729.6161_none_0a1fd3a3a768b895\ATL90.DLL
0x000000006b020000 - 0x000000006b02c000 	C:\Program Files\MATLAB\R2012a\bin\win64\mlautoregister.dll
0x0000000005040000 - 0x0000000005050000 	C:\Program Files\MATLAB\R2012a\bin\win64\boost_iostreams-vc90-mt-1_44.dll
0x000007fefd850000 - 0x000007fefd8a7000 	C:\Windows\system32\apphelp.dll
0x000007fef3a50000 - 0x000007fef3aa1000 	C:\Windows\AppPatch\AppPatch64\AcGenral.DLL
0x000007fefd820000 - 0x000007fefd845000 	C:\Windows\system32\SspiCli.dll
0x0000000071a10000 - 0x0000000071a13000 	C:\Windows\system32\sfc.dll
0x000007fef9850000 - 0x000007fef9860000 	C:\Windows\system32\sfc_os.DLL
0x000007fefccc0000 - 0x000007fefccde000 	C:\Windows\system32\USERENV.dll
0x000007fefd980000 - 0x000007fefd98f000 	C:\Windows\system32\profapi.dll
0x000007fefbf00000 - 0x000007fefbf18000 	C:\Windows\system32\dwmapi.dll
0x000007feffba0000 - 0x000007feffbce000 	C:\Windows\system32\IMM32.DLL
0x000007fefe070000 - 0x000007fefe179000 	C:\Windows\system32\MSCTF.dll
0x000007fefbf80000 - 0x000007fefbfd6000 	C:\Windows\system32\UxTheme.dll
0x000000006b030000 - 0x000000006b03d000 	C:\Windows\WinSxS\amd64_microsoft.vc90.mfcloc_1fc8b3b9a1e18e3b_9.0.30729.6161_none_01c9581e60cbee58\MFC90ENU.DLL
0x00000000051b0000 - 0x00000000051d9000 	C:\Program Files\MATLAB\R2012a\bin\win64\tbbmalloc.dll
0x000007fefbc70000 - 0x000007fefbc7f000 	C:\Program Files\MATLAB\R2012a\bin\win64\xmlxrcsc.dll
0x000007fefd8b0000 - 0x000007fefd8bf000 	C:\Windows\system32\CRYPTBASE.dll
0x000007fefc430000 - 0x000007fefc624000 	C:\Windows\WinSxS\amd64_microsoft.windows.common-controls_6595b64144ccf1df_6.0.7601.17514_none_fa396087175ac9ac\comctl32.dll
0x000007fefddb0000 - 0x000007fefdf87000 	C:\Windows\system32\SETUPAPI.dll
0x000007fefda80000 - 0x000007fefdab6000 	C:\Windows\system32\CFGMGR32.dll
0x000007fefdd60000 - 0x000007fefdd7a000 	C:\Windows\system32\DEVOBJ.dll
0x000007feff6d0000 - 0x000007feff769000 	C:\Windows\system32\CLBCatQ.DLL
0x000007fefc080000 - 0x000007fefc1ac000 	C:\Windows\system32\propsys.dll

VM Arguments:
jvm_args: -Xss512k -XX:PermSize=32m -Xms64m -XX:NewRatio=3 -XX:MaxPermSize=128m -Xmx1535m -XX:MaxDirectMemorySize=2147400000 -Dsun.java2d.noddraw=true -Dsun.awt.nopixfmt=true -Xshare:off -Xrs -Dsun.awt.disableMixing=true -Djava.library.path=C:\Program Files\MATLAB\R2012a\bin\win64 vfprintf abort 
java_command: <unknown>
Launcher Type: generic

Environment Variables:
JAVA_HOME=C:\Program Files\Java\jdk1.7.0_09\bin
PATH=C:\Python33\;C:\Program Files (x86)\NVIDIA Corporation\PhysX\Common;C:\Windows\system32;C:\Windows;C:\Windows\System32\Wbem;C:\Windows\System32\WindowsPowerShell\v1.0\;C:\Program Files\TortoiseSVN\bin;C:\Program Files\MATLAB\R2012a\runtime\win64;C:\Program Files\MATLAB\R2012a\bin;C:\Program Files\Java\jdk1.7.0_09\bin;C:\Program Files (x86)\Point Grey Research\FlyCapture2\bin;C:\Development\adt-bundle-windows-x86_64-20130219\sdk\platform-tools;C:\Development\adt-bundle-windows-x86_64-20130219\sdk\tools;C:\Development\apache-ant-1.8.4\bin;C:\Program Files\Point Grey Research\FlyCapture2\bin64;C:\Libraries\opencv\build\bin\Debug;C:\Libraries\tbb41_20121003oss\bin\intel64\vc10;C:\MinGW\bin;H:\Development\adt-bundle-windows-x86_64-20130219\sdk\platform-tools;H:\Development\adt-bundle-windows-x86_64-20130219\sdk\tools;H:\Development\apache-ant-1.9.2\bin;C:\Modeltech_pe_edu_10.2a\win32pe_edu;C:\Program Files (x86)\FAHClient
USERNAME=steve
OS=Windows_NT
PROCESSOR_IDENTIFIER=Intel64 Family 6 Model 26 Stepping 5, GenuineIntel



---------------  S Y S T E M  ---------------

OS: Windows 7 Build 7601 Service Pack 1

CPU:total 8 (8 cores per cpu, 2 threads per core) family 6 model 26 stepping 5, cmov, cx8, fxsr, mmx, sse, sse2, sse3, ssse3, sse4.1, sse4.2, ht

Memory: 4k page, physical 6288888k(2194556k free), swap 420210188k(414668500k free)

vm_info: Java HotSpot(TM) 64-Bit Server VM (14.3-b01) for windows-amd64 JRE (1.6.0_17-b04), built on Oct 11 2009 00:46:08 by "java_re" with MS VC++ 8.0

time: Tue Sep 17 20:44:35 2013
elapsed time: 39032 seconds

