#
# A fatal error has been detected by the Java Runtime Environment:
#
#  EXCEPTION_ACCESS_VIOLATION (0xc0000005) at pc=0x0000000077bf3290, pid=1336, tid=4932
#
# JRE version: 6.0_17-b04
# Java VM: Java HotSpot(TM) 64-Bit Server VM (14.3-b01 mixed mode windows-amd64 )
# Problematic frame:
# C  [ntdll.dll+0x53290]
#
# If you would like to submit a bug report, please visit:
#   http://java.sun.com/webapps/bugreport/crash.jsp
# The crash happened outside the Java Virtual Machine in native code.
# See problematic frame for where to report the bug.
#

---------------  T H R E A D  ---------------

Current thread (0x000000000f627800):  JavaThread "AddressBar directory emptiness poller" [_thread_in_native, id=4932, stack(0x0000000055030000,0x00000000550b0000)]

siginfo: ExceptionCode=0xc0000005, reading address 0x0000001960f66038

Registers:
EAX=0x00000000f579c498, EBX=0x0000001960f66030, ECX=0x000000ffffffffff, EDX=0x000000007de91330
ESP=0x00000000550ae620, EBP=0x0000000000000000, ESI=0x00000000050e0000, EDI=0x000000007de91340
EIP=0x0000000077bf3290, EFLAGS=0x0000000000010206

Top of Stack: (sp=0x00000000550ae620)
0x00000000550ae620:   0000000000000000 000000006de5cb87
0x00000000550ae630:   0000000000000002 00000000000000a0
0x00000000550ae640:   0000000000000001 000000006dec4642
0x00000000550ae650:   0000000007a05aa0 000000006dec4caa
0x00000000550ae660:   000000007bb703c8 0000000000000003
0x00000000550ae670:   6666666666666667 0000000000000004
0x00000000550ae680:   0000000007a05a50 00000000550ae858
0x00000000550ae690:   0000000000000000 00000000779a300a
0x00000000550ae6a0:   fffffffffffffffe 0000000000000004
0x00000000550ae6b0:   00000000079ac8c0 00000000550ae700
0x00000000550ae6c0:   000000007de91390 000000006de5cabc
0x00000000550ae6d0:   000000000000000f 0000000007a05ac8
0x00000000550ae6e0:   0000000007a05a50 00000000550ae858
0x00000000550ae6f0:   0000000000000004 000000007b734f66
0x00000000550ae700:   0000000000000004 0000000007a05aa0
0x00000000550ae710:   0000000007a05af0 00000000550ae858 

Instructions: (pc=0x0000000077bf3290)
0x0000000077bf3280:   33 d8 48 33 1d 3f f1 0d 00 48 c1 e3 04 0f 0d 0b
0x0000000077bf3290:   4c 8b 63 08 49 bd 01 00 00 00 01 00 00 00 49 be 


Stack: [0x0000000055030000,0x00000000550b0000],  sp=0x00000000550ae620,  free space=505k
Native frames: (J=compiled Java code, j=interpreted, Vv=VM code, C=native code)
C  [ntdll.dll+0x53290]

[error occurred during error reporting (printing native stack), id 0xc0000005]

Java frames: (J=compiled Java code, j=interpreted, Vv=VM code)
j  com.mathworks.services.settings.Setting.nativeGet(J[Ljava/lang/String;Ljava/lang/String;Ljava/lang/String;)Lcom/mathworks/services/settings/SettingInfo;+0
j  com.mathworks.services.settings.Setting.getInternal(ZLcom/mathworks/services/settings/SettingLevel;)Ljava/lang/Object;+230
j  com.mathworks.services.settings.Setting.get()Ljava/lang/Object;+3
j  com.mathworks.mlwidgets.explorer.widgets.address.AddressBar$EmptyPoller$1.run()V+25
j  java.util.TimerThread.mainLoop()V+221
j  java.util.TimerThread.run()V+1
v  ~StubRoutines::call_stub

---------------  P R O C E S S  ---------------

Java Threads: ( => current thread )
  0x000000000f630000 JavaThread "Code Analyzer updating thread" [_thread_blocked, id=5952, stack(0x00000000591b0000,0x0000000059230000)]
  0x000000000f62f800 JavaThread "Code Analyzer updating thread" [_thread_blocked, id=13800, stack(0x00000000621b0000,0x0000000062230000)]
  0x000000000f62e800 JavaThread "Code Analyzer updating thread" [_thread_blocked, id=11040, stack(0x0000000062240000,0x00000000622c0000)]
  0x000000000f62e000 JavaThread "Code Analyzer updating thread" [_thread_blocked, id=11828, stack(0x00000000255b0000,0x0000000025630000)]
  0x000000000f62d800 JavaThread "Code Analyzer updating thread" [_thread_blocked, id=7528, stack(0x00000000349f0000,0x0000000034a70000)]
  0x000000000f62c800 JavaThread "Active Reference Queue Daemon" daemon [_thread_blocked, id=10160, stack(0x0000000062110000,0x0000000062190000)]
  0x000000000f62a800 JavaThread "Timer-8" daemon [_thread_blocked, id=4248, stack(0x0000000061fb0000,0x0000000062030000)]
  0x000000000f62b000 JavaThread "Timer-7" daemon [_thread_blocked, id=11244, stack(0x0000000061450000,0x00000000614d0000)]
  0x000000000f629800 JavaThread "Explorer NavigationContext request queue" [_thread_in_native, id=13836, stack(0x0000000055120000,0x00000000551a0000)]
=>0x000000000f627800 JavaThread "AddressBar directory emptiness poller" [_thread_in_native, id=4932, stack(0x0000000055030000,0x00000000550b0000)]
  0x000000000f626000 JavaThread "Timer-1" [_thread_blocked, id=3884, stack(0x0000000021340000,0x00000000213c0000)]
  0x000000000f625800 JavaThread "TimerQueue" daemon [_thread_blocked, id=13584, stack(0x000000002d800000,0x000000002d880000)]
  0x000000000e77f000 JavaThread "FelixPackageAdmin" daemon [_thread_blocked, id=13884, stack(0x0000000025630000,0x00000000256b0000)]
  0x000000000e608000 JavaThread "FelixStartLevel" daemon [_thread_blocked, id=8160, stack(0x0000000014ff0000,0x0000000015070000)]
  0x000000000f4fe000 JavaThread "FelixDispatchQueue" daemon [_thread_blocked, id=8336, stack(0x0000000025520000,0x00000000255a0000)]
  0x000000000e0bd000 JavaThread "AWT-EventQueue-0" [_thread_in_native, id=7972, stack(0x0000000015080000,0x0000000015100000)]
  0x000000000e601000 JavaThread "com.google.common.base.internal.Finalizer" daemon [_thread_blocked, id=4464, stack(0x000000001d1e0000,0x000000001d260000)]
  0x000000000e6bf800 JavaThread "AWT-Windows" daemon [_thread_in_native, id=3920, stack(0x000000000df80000,0x000000000e000000)]
  0x000000000e6be800 JavaThread "AWT-Shutdown" [_thread_blocked, id=10308, stack(0x0000000010f50000,0x0000000010fd0000)]
  0x000000000e74b000 JavaThread "Java2D Disposer" daemon [_thread_blocked, id=13272, stack(0x0000000010e50000,0x0000000010ed0000)]
  0x000000000ef4f800 JavaThread "Timer-0" [_thread_blocked, id=7556, stack(0x000000000fc90000,0x000000000fd10000)]
  0x000000000eea5000 JavaThread "EventMgr Dispatcher" daemon [_thread_in_native, id=11500, stack(0x000000001d330000,0x0000000021330000)]
  0x000000000de8c800 JavaThread "Low Memory Detector" daemon [_thread_blocked, id=720, stack(0x000000000e000000,0x000000000e080000)]
  0x000000000de86000 JavaThread "CompilerThread1" daemon [_thread_in_native, id=6284, stack(0x000000005d430000,0x0000000061430000)]
  0x000000000de7f800 JavaThread "CompilerThread0" daemon [_thread_blocked, id=8920, stack(0x0000000059350000,0x000000005d350000)]
  0x000000000de7f000 JavaThread "Attach Listener" daemon [_thread_blocked, id=8588, stack(0x000000000db30000,0x000000000dbb0000)]
  0x000000000de26000 JavaThread "Finalizer" daemon [_thread_blocked, id=10984, stack(0x000000000d140000,0x000000000d1c0000)]
  0x000000000de1c000 JavaThread "Reference Handler" daemon [_thread_blocked, id=12452, stack(0x000000000dbc0000,0x000000000dc40000)]
  0x0000000005374800 JavaThread "main" [_thread_in_native, id=8356, stack(0x00000000001d0000,0x00000000041d0000)]

Other Threads:
  0x000000000de17000 VMThread [stack: 0x00000000551a0000,0x00000000591a0000] [id=11740]
  0x000000000deb9800 WatcherThread [stack: 0x0000000064fb0000,0x0000000068fb0000] [id=8312]

VM state:not at safepoint (normal execution)

VM Mutex/Monitor currently owned by a thread: None

Heap
 PSYoungGen      total 105344K, used 87567K [0x00000000d0000000, 0x00000000d8e60000, 0x00000000e8000000)
  eden space 99392K, 82% used [0x00000000d0000000,0x00000000d4fc06c0,0x00000000d6110000)
  from space 5952K, 99% used [0x00000000d8890000,0x00000000d8e53720,0x00000000d8e60000)
  to   space 15424K, 0% used [0x00000000d7040000,0x00000000d7040000,0x00000000d7f50000)
 PSOldGen        total 81728K, used 43650K [0x0000000088000000, 0x000000008cfd0000, 0x00000000d0000000)
  object space 81728K, 53% used [0x0000000088000000,0x000000008aaa0890,0x000000008cfd0000)
 PSPermGen       total 104384K, used 59099K [0x0000000080000000, 0x00000000865f0000, 0x0000000088000000)
  object space 104384K, 56% used [0x0000000080000000,0x00000000839b6ee0,0x00000000865f0000)

Dynamic libraries:
0x000000013f1b0000 - 0x000000013f1e2000 	C:\Program Files\MATLAB\R2012a\bin\win64\MATLAB.exe
0x0000000077ba0000 - 0x0000000077d49000 	C:\Windows\SYSTEM32\ntdll.dll
0x0000000077980000 - 0x0000000077a9f000 	C:\Windows\system32\kernel32.dll
0x000007fefdac0000 - 0x000007fefdb2b000 	C:\Windows\system32\KERNELBASE.dll
0x0000000074460000 - 0x0000000074554000 	C:\Program Files\MATLAB\R2012a\bin\win64\libut.dll
0x00000000758a0000 - 0x0000000075952000 	C:\Program Files\MATLAB\R2012a\bin\win64\libmwi18n.dll
0x0000000180000000 - 0x000000018000b000 	C:\Program Files\MATLAB\R2012a\bin\win64\libmwresource_core.dll
0x000000006dec0000 - 0x000000006df93000 	C:\Windows\WinSxS\amd64_microsoft.vc90.crt_1fc8b3b9a1e18e3b_9.0.30729.6161_none_08e61857a83bc251\MSVCP90.dll
0x000000006de10000 - 0x000000006deb3000 	C:\Windows\WinSxS\amd64_microsoft.vc90.crt_1fc8b3b9a1e18e3b_9.0.30729.6161_none_08e61857a83bc251\MSVCR90.dll
0x000000007a170000 - 0x000000007a19c000 	C:\Program Files\MATLAB\R2012a\bin\win64\boost_filesystem-vc90-mt-1_44.dll
0x000000007a560000 - 0x000000007a569000 	C:\Program Files\MATLAB\R2012a\bin\win64\boost_system-vc90-mt-1_44.dll
0x000007feffbd0000 - 0x000007feffcab000 	C:\Windows\system32\ADVAPI32.dll
0x000007fefe2e0000 - 0x000007fefe37f000 	C:\Windows\system32\msvcrt.dll
0x000007fefe6b0000 - 0x000007fefe6cf000 	C:\Windows\SYSTEM32\sechost.dll
0x000007feffcb0000 - 0x000007feffddd000 	C:\Windows\system32\RPCRT4.dll
0x000000007a010000 - 0x000000007a035000 	C:\Program Files\MATLAB\R2012a\bin\win64\LIBEXPAT.dll
0x000000006b740000 - 0x000000006b931000 	C:\Program Files\MATLAB\R2012a\bin\win64\icuin44.dll
0x000000006bd70000 - 0x000000006bee1000 	C:\Program Files\MATLAB\R2012a\bin\win64\icuuc44.dll
0x0000000010000000 - 0x0000000010e41000 	C:\Program Files\MATLAB\R2012a\bin\win64\icudt44.dll
0x0000000073f70000 - 0x00000000740ad000 	C:\Program Files\MATLAB\R2012a\bin\win64\libmwfl.dll
0x00000000044b0000 - 0x00000000047a6000 	C:\Program Files\MATLAB\R2012a\bin\win64\libmwMATLAB_res.dll
0x000000007a3b0000 - 0x000000007a3c0000 	C:\Program Files\MATLAB\R2012a\bin\win64\boost_date_time-vc90-mt-1_44.dll
0x000000007a250000 - 0x000000007a263000 	C:\Program Files\MATLAB\R2012a\bin\win64\boost_signals-vc90-mt-1_44.dll
0x000000007a2d0000 - 0x000000007a2e2000 	C:\Program Files\MATLAB\R2012a\bin\win64\boost_thread-vc90-mt-1_44.dll
0x00000000041d0000 - 0x0000000004216000 	C:\Program Files\MATLAB\R2012a\bin\win64\tbb.dll
0x000007feff770000 - 0x000007feff789000 	C:\Windows\system32\imagehlp.dll
0x0000000077d60000 - 0x0000000077d67000 	C:\Windows\system32\PSAPI.DLL
0x000000006fe10000 - 0x000000006fe23000 	C:\Program Files\MATLAB\R2012a\bin\win64\icuio44.dll
0x000007fefb480000 - 0x000007fefb5a5000 	C:\Windows\system32\dbghelp.dll
0x0000000077aa0000 - 0x0000000077b9a000 	C:\Windows\system32\USER32.dll
0x000007fefe380000 - 0x000007fefe3e7000 	C:\Windows\system32\GDI32.dll
0x000007fefe620000 - 0x000007fefe62e000 	C:\Windows\system32\LPK.dll
0x000007feff830000 - 0x000007feff8f9000 	C:\Windows\system32\USP10.dll
0x000000007bed0000 - 0x000000007c183000 	C:\Program Files\MATLAB\R2012a\bin\win64\libmwservices.dll
0x0000000075a20000 - 0x0000000075ae2000 	C:\Program Files\MATLAB\R2012a\bin\win64\libmx.dll
0x000000007a210000 - 0x000000007a228000 	C:\Program Files\MATLAB\R2012a\bin\win64\zlib1.dll
0x0000000004240000 - 0x0000000004261000 	C:\Program Files\MATLAB\R2012a\bin\win64\libmwmfl_scalar.dll
0x0000000075f10000 - 0x0000000075f5d000 	C:\Program Files\MATLAB\R2012a\bin\win64\mpath.dll
0x000000007b680000 - 0x000000007bbe1000 	C:\Program Files\MATLAB\R2012a\bin\win64\mlutil.dll
0x000000006dd30000 - 0x000000006ddaf000 	C:\Program Files\MATLAB\R2012a\bin\win64\xmlcore.dll
0x000000007bc30000 - 0x000000007be83000 	C:\Program Files\MATLAB\R2012a\bin\win64\xerces-c_2_7.dll
0x000007feffde0000 - 0x000007feffe2d000 	C:\Windows\system32\WS2_32.dll
0x000007feffb90000 - 0x000007feffb98000 	C:\Windows\system32\NSI.dll
0x00000000042c0000 - 0x00000000042da000 	C:\Program Files\MATLAB\R2012a\bin\win64\libmwMATLAB_settings_res.dll
0x00000000042f0000 - 0x0000000004337000 	C:\Program Files\MATLAB\R2012a\bin\win64\boost_serialization-vc90-mt-1_44.dll
0x000007fefe6d0000 - 0x000007feff458000 	C:\Windows\system32\SHELL32.dll
0x000007fefe630000 - 0x000007fefe6a1000 	C:\Windows\system32\SHLWAPI.dll
0x000007fef9470000 - 0x000007fef9510000 	C:\Windows\WinSxS\amd64_microsoft.windows.common-controls_6595b64144ccf1df_5.82.7601.17514_none_a4d6a923711520a9\COMCTL32.dll
0x000007feff790000 - 0x000007feff827000 	C:\Windows\system32\COMDLG32.dll
0x000007fefaeb0000 - 0x000007fefaec6000 	C:\Windows\system32\NETAPI32.dll
0x000007fefaea0000 - 0x000007fefaeac000 	C:\Windows\system32\netutils.dll
0x000007fefd4d0000 - 0x000007fefd4f3000 	C:\Windows\system32\srvcli.dll
0x000007fefae80000 - 0x000007fefae95000 	C:\Windows\system32\wkscli.dll
0x000007feff4c0000 - 0x000007feff6c3000 	C:\Windows\system32\ole32.dll
0x000007fefdf90000 - 0x000007fefe067000 	C:\Windows\system32\OLEAUT32.dll
0x0000000074970000 - 0x0000000074b06000 	C:\Program Files\MATLAB\R2012a\bin\win64\mcr.dll
0x0000000075000000 - 0x000000007536b000 	C:\Program Files\MATLAB\R2012a\bin\win64\iqm.dll
0x0000000069c70000 - 0x000000006a491000 	C:\Program Files\MATLAB\R2012a\bin\win64\m_interpreter.dll
0x000000006ee80000 - 0x000000006eea5000 	C:\Program Files\MATLAB\R2012a\bin\win64\libmex.dll
0x000000006b680000 - 0x000000006b733000 	C:\Program Files\MATLAB\R2012a\bin\win64\m_dispatcher.dll
0x0000000074880000 - 0x000000007496d000 	C:\Program Files\MATLAB\R2012a\bin\win64\boost_regex-vc90-mt-1_44.dll
0x000000006db20000 - 0x000000006dba4000 	C:\Program Files\MATLAB\R2012a\bin\win64\profiler.dll
0x00000000047c0000 - 0x0000000004a15000 	C:\Program Files\MATLAB\R2012a\bin\win64\libmwmathutil.dll
0x0000000079f40000 - 0x0000000079f6d000 	C:\Program Files\MATLAB\R2012a\bin\win64\libmwmathrng.dll
0x0000000074c10000 - 0x0000000074ced000 	C:\Program Files\MATLAB\R2012a\bin\win64\libmwmathcore.dll
0x0000000076160000 - 0x00000000761cb000 	C:\Program Files\MATLAB\R2012a\bin\win64\libmwspmatrix.dll
0x0000000075ea0000 - 0x0000000075f02000 	C:\Program Files\MATLAB\R2012a\bin\win64\libmwcholmod.dll
0x000000007a460000 - 0x000000007a46d000 	C:\Program Files\MATLAB\R2012a\bin\win64\libmwamd.dll
0x000000007a4b0000 - 0x000000007a4bc000 	C:\Program Files\MATLAB\R2012a\bin\win64\libmwcolamd.dll
0x000000006ee60000 - 0x000000006ee79000 	C:\Program Files\MATLAB\R2012a\bin\win64\libmwblas.dll
0x000000006db00000 - 0x000000006db12000 	C:\Program Files\MATLAB\R2012a\bin\win64\libmwbinder.dll
0x0000000070b40000 - 0x0000000070b4b000 	C:\Program Files\MATLAB\R2012a\bin\win64\libmwompwrapper.dll
0x000000006b5f0000 - 0x000000006b676000 	C:\Program Files\MATLAB\R2012a\bin\win64\libmwlapack.dll
0x000000006d5c0000 - 0x000000006d5e1000 	C:\Program Files\MATLAB\R2012a\bin\win64\m_pcodeio.dll
0x0000000079b10000 - 0x0000000079b77000 	C:\Program Files\MATLAB\R2012a\bin\win64\m_ir.dll
0x0000000064920000 - 0x0000000064f70000 	C:\Program Files\MATLAB\R2012a\bin\win64\m_parser.dll
0x000000006c5d0000 - 0x000000006c5ea000 	C:\Program Files\MATLAB\R2012a\bin\win64\ir_xfmr.dll
0x000000006b370000 - 0x000000006b5e9000 	C:\Program Files\MATLAB\R2012a\bin\win64\mcos.dll
0x00000000709c0000 - 0x00000000709cc000 	C:\Program Files\MATLAB\R2012a\bin\win64\mtok.dll
0x000000006c590000 - 0x000000006c5c1000 	C:\Program Files\MATLAB\R2012a\bin\win64\m_pcodegen.dll
0x0000000079fb0000 - 0x0000000079fe7000 	C:\Program Files\MATLAB\R2012a\bin\win64\libmwbridge.dll
0x000000006b2a0000 - 0x000000006b368000 	C:\Program Files\MATLAB\R2012a\bin\win64\udd.dll
0x000000006a7a0000 - 0x000000006a8f2000 	C:\Program Files\MATLAB\R2012a\bin\win64\libmwgui.dll
0x000000006c390000 - 0x000000006c3a7000 	C:\Program Files\MATLAB\R2012a\bin\win64\graphics_util.dll
0x0000000061510000 - 0x0000000061eb3000 	C:\Program Files\MATLAB\R2012a\bin\win64\hg.dll
0x0000000004b90000 - 0x0000000004bf7000 	C:\Program Files\MATLAB\R2012a\bin\win64\libmat.dll
0x0000000072d30000 - 0x0000000072f44000 	C:\Program Files\MATLAB\R2012a\bin\win64\hdf5dll.dll
0x0000000075710000 - 0x00000000757c1000 	C:\Program Files\MATLAB\R2012a\bin\win64\jmi.dll
0x0000000004c30000 - 0x0000000004c3e000 	C:\Program Files\MATLAB\R2012a\bin\win64\nativejava_services.dll
0x000000006b250000 - 0x000000006b292000 	C:\Program Files\MATLAB\R2012a\bin\win64\libmwhardcopy.dll
0x000000006b1f0000 - 0x000000006b24a000 	C:\Program Files\MATLAB\R2012a\bin\win64\libuij.dll
0x0000000064190000 - 0x000000006439c000 	C:\Program Files\MATLAB\R2012a\bin\win64\hgdatatypes.dll
0x000000006b050000 - 0x000000006b14d000 	C:\Program Files\MATLAB\R2012a\bin\win64\hgutils.dll
0x000000006a6e0000 - 0x000000006a79d000 	C:\Program Files\MATLAB\R2012a\bin\win64\udd_mi.dll
0x0000000004ca0000 - 0x0000000004cdb000 	C:\Program Files\MATLAB\R2012a\bin\win64\libmwgbtutils.dll
0x0000000004cf0000 - 0x0000000004d09000 	C:\Program Files\MATLAB\R2012a\bin\win64\libmwgbt.dll
0x0000000004d20000 - 0x0000000004fea000 	C:\Program Files\MATLAB\R2012a\bin\win64\uiw.dll
0x00000000704b0000 - 0x00000000704bf000 	C:\Program Files\MATLAB\R2012a\bin\win64\uinone.dll
0x000007fefacb0000 - 0x000007fefacc8000 	C:\Windows\system32\MPR.dll
0x0000000063ca0000 - 0x0000000064184000 	C:\Windows\WinSxS\amd64_microsoft.vc90.mfc_1fc8b3b9a1e18e3b_9.0.30729.6161_none_044aad0bab1eb146\mfc90.dll
0x000007fef8df0000 - 0x000007fef8df7000 	C:\Windows\system32\MSIMG32.dll
0x000007fef9530000 - 0x000007fef95a1000 	C:\Windows\system32\WINSPOOL.DRV
0x000000006bd50000 - 0x000000006bd70000 	C:\Program Files\MATLAB\R2012a\bin\win64\mwoles05.DLL
0x000000006a660000 - 0x000000006a6dc000 	C:\Program Files\MATLAB\R2012a\bin\win64\comcli.dll
0x000000006b1c0000 - 0x000000006b1ef000 	C:\Windows\WinSxS\amd64_microsoft.vc90.atl_1fc8b3b9a1e18e3b_9.0.30729.6161_none_0a1fd3a3a768b895\ATL90.DLL
0x000000006efa0000 - 0x000000006efac000 	C:\Program Files\MATLAB\R2012a\bin\win64\mlautoregister.dll
0x0000000005040000 - 0x0000000005050000 	C:\Program Files\MATLAB\R2012a\bin\win64\boost_iostreams-vc90-mt-1_44.dll
0x000007fefd850000 - 0x000007fefd8a7000 	C:\Windows\system32\apphelp.dll
0x000007fef37e0000 - 0x000007fef3831000 	C:\Windows\AppPatch\AppPatch64\AcGenral.DLL
0x000007fefd820000 - 0x000007fefd845000 	C:\Windows\system32\SspiCli.dll
0x0000000071a10000 - 0x0000000071a13000 	C:\Windows\system32\sfc.dll
0x000007fef9850000 - 0x000007fef9860000 	C:\Windows\system32\sfc_os.DLL
0x000007fefccc0000 - 0x000007fefccde000 	C:\Windows\system32\USERENV.dll
0x000007fefd980000 - 0x000007fefd98f000 	C:\Windows\system32\profapi.dll
0x000007fefbf00000 - 0x000007fefbf18000 	C:\Windows\system32\dwmapi.dll
0x000007feffba0000 - 0x000007feffbce000 	C:\Windows\system32\IMM32.DLL
0x000007fefe070000 - 0x000007fefe179000 	C:\Windows\system32\MSCTF.dll
0x000007fefbf80000 - 0x000007fefbfd6000 	C:\Windows\system32\UxTheme.dll
0x000000006d5b0000 - 0x000000006d5bd000 	C:\Windows\WinSxS\amd64_microsoft.vc90.mfcloc_1fc8b3b9a1e18e3b_9.0.30729.6161_none_01c9581e60cbee58\MFC90ENU.DLL
0x00000000050a0000 - 0x00000000050c9000 	C:\Program Files\MATLAB\R2012a\bin\win64\tbbmalloc.dll
0x000007fefc1c0000 - 0x000007fefc1cf000 	C:\Program Files\MATLAB\R2012a\bin\win64\xmlxrcsc.dll
0x000007fefd8b0000 - 0x000007fefd8bf000 	C:\Windows\system32\CRYPTBASE.dll
0x000007fefbf60000 - 0x000007fefbf80000 	C:\Program Files (x86)\TeamViewer\Version8\tv_x64.dll
0x000007fefcac0000 - 0x000007fefcacc000 	C:\Windows\system32\VERSION.dll
0x000007fefc430000 - 0x000007fefc624000 	C:\Windows\WinSxS\amd64_microsoft.windows.common-controls_6595b64144ccf1df_6.0.7601.17514_none_fa396087175ac9ac\comctl32.dll
0x000007fefddb0000 - 0x000007fefdf87000 	C:\Windows\system32\SETUPAPI.dll
0x000007fefda80000 - 0x000007fefdab6000 	C:\Windows\system32\CFGMGR32.dll
0x000007fefdd60000 - 0x000007fefdd7a000 	C:\Windows\system32\DEVOBJ.dll

VM Arguments:
jvm_args: -Xss512k -XX:PermSize=32m -Xms64m -XX:NewRatio=3 -XX:MaxPermSize=128m -Xmx1535m -XX:MaxDirectMemorySize=2147400000 -Dsun.java2d.noddraw=true -Dsun.awt.nopixfmt=true -Xshare:off -Xrs -Dsun.awt.disableMixing=true -Djava.library.path=C:\Program Files\MATLAB\R2012a\bin\win64 vfprintf abort 
java_command: <unknown>
Launcher Type: generic

Environment Variables:
JAVA_HOME=C:\Program Files\Java\jdk1.7.0_09\bin
PATH=C:\Python33\;C:\Program Files (x86)\NVIDIA Corporation\PhysX\Common;C:\Windows\system32;C:\Windows;C:\Windows\System32\Wbem;C:\Windows\System32\WindowsPowerShell\v1.0\;C:\Program Files\TortoiseSVN\bin;C:\Program Files\MATLAB\R2012a\runtime\win64;C:\Program Files\MATLAB\R2012a\bin;C:\Program Files\Java\jdk1.7.0_09\bin;C:\Program Files (x86)\Point Grey Research\FlyCapture2\bin;C:\Development\adt-bundle-windows-x86_64-20130219\sdk\platform-tools;C:\Development\adt-bundle-windows-x86_64-20130219\sdk\tools;C:\Development\apache-ant-1.8.4\bin;C:\Program Files\Point Grey Research\FlyCapture2\bin64;C:\Libraries\opencv\build\bin\Debug;C:\Libraries\tbb41_20121003oss\bin\intel64\vc10;C:\MinGW\bin;H:\Development\adt-bundle-windows-x86_64-20130219\sdk\platform-tools;H:\Development\adt-bundle-windows-x86_64-20130219\sdk\tools;H:\Development\apache-ant-1.9.2\bin;C:\Modeltech_pe_edu_10.2a\win32pe_edu;C:\Program Files (x86)\FAHClient
USERNAME=steve
OS=Windows_NT
PROCESSOR_IDENTIFIER=Intel64 Family 6 Model 26 Stepping 5, GenuineIntel



---------------  S Y S T E M  ---------------

OS: Windows 7 Build 7601 Service Pack 1

CPU:total 8 (8 cores per cpu, 2 threads per core) family 6 model 26 stepping 5, cmov, cx8, fxsr, mmx, sse, sse2, sse3, ssse3, sse4.1, sse4.2, ht

Memory: 4k page, physical 6288888k(1940540k free), swap 420210188k(414585292k free)

vm_info: Java HotSpot(TM) 64-Bit Server VM (14.3-b01) for windows-amd64 JRE (1.6.0_17-b04), built on Oct 11 2009 00:46:08 by "java_re" with MS VC++ 8.0

time: Tue Sep 17 22:32:52 2013
elapsed time: 324 seconds

