#
# A fatal error has been detected by the Java Runtime Environment:
#
#  EXCEPTION_ACCESS_VIOLATION (0xc0000005) at pc=0x0000000077ba24fd, pid=4100, tid=4960
#
# JRE version: 6.0_17-b04
# Java VM: Java HotSpot(TM) 64-Bit Server VM (14.3-b01 mixed mode windows-amd64 )
# Problematic frame:
# C  [ntdll.dll+0x24fd]
#
# If you would like to submit a bug report, please visit:
#   http://java.sun.com/webapps/bugreport/crash.jsp
# The crash happened outside the Java Virtual Machine in native code.
# See problematic frame for where to report the bug.
#

---------------  T H R E A D  ---------------

Current thread (0x000000004d3cd000):  JavaThread "AddressBar directory emptiness poller" [_thread_in_native, id=4960, stack(0x00000000448c0000,0x0000000044940000)]

siginfo: ExceptionCode=0xc0000005, reading address 0xffffffffffffffff

Registers:
EAX=0x0000000000000000, EBX=0x0000000000000000, ECX=0x000000007264e87a, EDX=0x406042cc033620cb
ESP=0x000000004493ebd0, EBP=0x0000000000000000, ESI=0x0000000005280080, EDI=0x000000000528028c
EIP=0x0000000077ba24fd, EFLAGS=0x0000000000010202

Top of Stack: (sp=0x000000004493ebd0)
0x000000004493ebd0:   00000000100c8b68 00000000100c8b7b
0x000000004493ebe0:   0000000000000000 000000006b80a73a
0x000000004493ebf0:   0000000077cb5430 0000000000000000
0x000000004493ec00:   0000000000000000 0000000005280a30
0x000000004493ec10:   00000000052809f0 0000000000000120
0x000000004493ec20:   00000000050c03a8 0000000005280080
0x000000004493ec30:   0000000005280a70 000000000528028c
0x000000004493ec40:   00000000052809e0 000000000e4ee140
0x000000004493ec50:   00000000050cbea0 0000000005280080
0x000000004493ec60:   0000000000000130 000000006b80ad84
0x000000004493ec70:   0000000077cb5430 0000000000000000
0x000000004493ec80:   0000000000000080 00000000050c0000
0x000000004493ec90:   0000000000000078 0000000000000078
0x000000004493eca0:   00000000050c02f8 0000000077bf3448
0x000000004493ecb0:   0000000000000000 0000000000000078
0x000000004493ecc0:   00000000052809e0 0000000005280470 

Instructions: (pc=0x0000000077ba24fd)
0x0000000077ba24ed:   8b c0 f0 0f b1 11 0f 85 04 f6 07 00 41 8b c0 c3
0x0000000077ba24fd:   8b 42 28 24 01 3c 01 0f 85 b6 c2 06 00 41 ff c3 


Stack: [0x00000000448c0000,0x0000000044940000],  sp=0x000000004493ebd0,  free space=506k
Native frames: (J=compiled Java code, j=interpreted, Vv=VM code, C=native code)
C  [ntdll.dll+0x24fd]

[error occurred during error reporting (printing native stack), id 0xc0000005]

Java frames: (J=compiled Java code, j=interpreted, Vv=VM code)
j  com.mathworks.services.settings.Setting.nativeGet(J[Ljava/lang/String;Ljava/lang/String;Ljava/lang/String;)Lcom/mathworks/services/settings/SettingInfo;+0
j  com.mathworks.services.settings.Setting.getInternal(ZLcom/mathworks/services/settings/SettingLevel;)Ljava/lang/Object;+230
j  com.mathworks.services.settings.Setting.get()Ljava/lang/Object;+3
j  com.mathworks.mlwidgets.explorer.widgets.address.AddressBar$EmptyPoller$1.run()V+25
j  java.util.TimerThread.mainLoop()V+221
j  java.util.TimerThread.run()V+1
v  ~StubRoutines::call_stub

---------------  P R O C E S S  ---------------

Java Threads: ( => current thread )
  0x000000004d3cf000 JavaThread "Explorer NavigationContext request queue" [_thread_in_Java, id=3824, stack(0x0000000014f40000,0x0000000014fc0000)]
  0x000000004d3d5800 JavaThread "Code Analyzer updating thread" [_thread_blocked, id=13620, stack(0x0000000019150000,0x00000000191d0000)]
  0x000000004d3d4800 JavaThread "Code Analyzer updating thread" [_thread_blocked, id=3204, stack(0x0000000063ea0000,0x0000000063f20000)]
  0x000000004d3d4000 JavaThread "Code Analyzer updating thread" [_thread_blocked, id=11980, stack(0x00000000615a0000,0x0000000061620000)]
  0x000000004d3d3800 JavaThread "Code Analyzer updating thread" [_thread_blocked, id=1904, stack(0x0000000061500000,0x0000000061580000)]
  0x000000004d3d2800 JavaThread "Code Analyzer updating thread" [_thread_blocked, id=12180, stack(0x0000000061410000,0x0000000061490000)]
  0x000000004d3d2000 JavaThread "Active Reference Queue Daemon" daemon [_thread_blocked, id=8208, stack(0x00000000612c0000,0x0000000061340000)]
  0x000000004d3cf800 JavaThread "Timer-8" daemon [_thread_blocked, id=11300, stack(0x00000000550a0000,0x0000000055120000)]
  0x000000004d3d0800 JavaThread "Timer-7" daemon [_thread_blocked, id=11288, stack(0x0000000061240000,0x00000000612c0000)]
=>0x000000004d3cd000 JavaThread "AddressBar directory emptiness poller" [_thread_in_native, id=4960, stack(0x00000000448c0000,0x0000000044940000)]
  0x000000004d3cb800 JavaThread "Timer-1" [_thread_blocked, id=1456, stack(0x000000003c750000,0x000000003c7d0000)]
  0x000000004d3ca800 JavaThread "TimerQueue" daemon [_thread_blocked, id=4268, stack(0x0000000014eb0000,0x0000000014f30000)]
  0x000000000eebd000 JavaThread "FelixPackageAdmin" daemon [_thread_blocked, id=10560, stack(0x000000000fc90000,0x000000000fd10000)]
  0x000000004d0d5800 JavaThread "FelixStartLevel" daemon [_thread_blocked, id=13792, stack(0x000000000f7e0000,0x000000000f860000)]
  0x000000000f0f1000 JavaThread "FelixDispatchQueue" daemon [_thread_blocked, id=5692, stack(0x000000000fd30000,0x000000000fdb0000)]
  0x000000000e935800 JavaThread "AWT-EventQueue-0" [_thread_in_Java, id=13924, stack(0x000000000fa10000,0x000000000fa90000)]
  0x000000000e6e5000 JavaThread "com.google.common.base.internal.Finalizer" daemon [_thread_blocked, id=8220, stack(0x000000000f890000,0x000000000f910000)]
  0x000000004d138800 JavaThread "AWT-Windows" daemon [_thread_in_native, id=3964, stack(0x000000000f930000,0x000000000f9b0000)]
  0x000000000f078800 JavaThread "AWT-Shutdown" [_thread_blocked, id=6848, stack(0x000000000f4d0000,0x000000000f550000)]
  0x000000000f077800 JavaThread "Java2D Disposer" daemon [_thread_blocked, id=6524, stack(0x000000000f730000,0x000000000f7b0000)]
  0x000000004ccb2800 JavaThread "Timer-0" [_thread_blocked, id=13100, stack(0x000000000d160000,0x000000000d1e0000)]
  0x000000004cc3a800 JavaThread "EventMgr Dispatcher" daemon [_thread_in_native, id=7288, stack(0x000000001d220000,0x0000000021220000)]
  0x000000000e6bc800 JavaThread "Low Memory Detector" daemon [_thread_blocked, id=3560, stack(0x000000000e800000,0x000000000e880000)]
  0x000000000e6b6000 JavaThread "CompilerThread1" daemon [_thread_blocked, id=12968, stack(0x0000000065040000,0x0000000069040000)]
  0x000000000e6af800 JavaThread "CompilerThread0" daemon [_thread_blocked, id=4432, stack(0x000000005d1d0000,0x00000000611d0000)]
  0x000000000e6af000 JavaThread "Attach Listener" daemon [_thread_blocked, id=6868, stack(0x000000000e720000,0x000000000e7a0000)]
  0x000000000e656000 JavaThread "Finalizer" daemon [_thread_blocked, id=13460, stack(0x000000000d340000,0x000000000d3c0000)]
  0x000000000e64c000 JavaThread "Reference Handler" daemon [_thread_blocked, id=752, stack(0x000000000d2b0000,0x000000000d330000)]
  0x00000000053f4800 JavaThread "main" [_thread_in_native, id=8424, stack(0x0000000000140000,0x0000000004140000)]

Other Threads:
  0x000000000e647000 VMThread [stack: 0x0000000059170000,0x000000005d170000] [id=13560]
  0x000000000e6e9800 WatcherThread [stack: 0x00000000e81c0000,0x00000000ec1c0000] [id=2344]

VM state:not at safepoint (normal execution)

VM Mutex/Monitor currently owned by a thread: None

Heap
 PSYoungGen      total 103104K, used 75353K [0x00000000d0000000, 0x00000000d9880000, 0x00000000e8000000)
  eden space 97984K, 71% used [0x00000000d0000000,0x00000000d449e990,0x00000000d5fb0000)
  from space 5120K, 99% used [0x00000000d9380000,0x00000000d9877cc8,0x00000000d9880000)
  to   space 26240K, 0% used [0x00000000d6540000,0x00000000d6540000,0x00000000d7ee0000)
 PSOldGen        total 84928K, used 44918K [0x0000000088000000, 0x000000008d2f0000, 0x00000000d0000000)
  object space 84928K, 52% used [0x0000000088000000,0x000000008abdd930,0x000000008d2f0000)
 PSPermGen       total 104384K, used 59086K [0x0000000080000000, 0x00000000865f0000, 0x0000000088000000)
  object space 104384K, 56% used [0x0000000080000000,0x00000000839b3978,0x00000000865f0000)

Dynamic libraries:
0x000000013f060000 - 0x000000013f092000 	C:\Program Files\MATLAB\R2012a\bin\win64\MATLAB.exe
0x0000000077ba0000 - 0x0000000077d49000 	C:\Windows\SYSTEM32\ntdll.dll
0x0000000077980000 - 0x0000000077a9f000 	C:\Windows\system32\kernel32.dll
0x000007fefdac0000 - 0x000007fefdb2b000 	C:\Windows\system32\KERNELBASE.dll
0x0000000074460000 - 0x0000000074554000 	C:\Program Files\MATLAB\R2012a\bin\win64\libut.dll
0x00000000758a0000 - 0x0000000075952000 	C:\Program Files\MATLAB\R2012a\bin\win64\libmwi18n.dll
0x0000000180000000 - 0x000000018000b000 	C:\Program Files\MATLAB\R2012a\bin\win64\libmwresource_core.dll
0x000000006dec0000 - 0x000000006df93000 	C:\Windows\WinSxS\amd64_microsoft.vc90.crt_1fc8b3b9a1e18e3b_9.0.30729.6161_none_08e61857a83bc251\MSVCP90.dll
0x000000006de10000 - 0x000000006deb3000 	C:\Windows\WinSxS\amd64_microsoft.vc90.crt_1fc8b3b9a1e18e3b_9.0.30729.6161_none_08e61857a83bc251\MSVCR90.dll
0x000000007a170000 - 0x000000007a19c000 	C:\Program Files\MATLAB\R2012a\bin\win64\boost_filesystem-vc90-mt-1_44.dll
0x000000007a560000 - 0x000000007a569000 	C:\Program Files\MATLAB\R2012a\bin\win64\boost_system-vc90-mt-1_44.dll
0x000007feffbd0000 - 0x000007feffcab000 	C:\Windows\system32\ADVAPI32.dll
0x000007fefe2e0000 - 0x000007fefe37f000 	C:\Windows\system32\msvcrt.dll
0x000007fefe6b0000 - 0x000007fefe6cf000 	C:\Windows\SYSTEM32\sechost.dll
0x000007feffcb0000 - 0x000007feffddd000 	C:\Windows\system32\RPCRT4.dll
0x000000007a010000 - 0x000000007a035000 	C:\Program Files\MATLAB\R2012a\bin\win64\LIBEXPAT.dll
0x000000006b540000 - 0x000000006b731000 	C:\Program Files\MATLAB\R2012a\bin\win64\icuin44.dll
0x000000006b7c0000 - 0x000000006b931000 	C:\Program Files\MATLAB\R2012a\bin\win64\icuuc44.dll
0x0000000010000000 - 0x0000000010e41000 	C:\Program Files\MATLAB\R2012a\bin\win64\icudt44.dll
0x0000000073f70000 - 0x00000000740ad000 	C:\Program Files\MATLAB\R2012a\bin\win64\libmwfl.dll
0x0000000004360000 - 0x0000000004656000 	C:\Program Files\MATLAB\R2012a\bin\win64\libmwMATLAB_res.dll
0x000000007a3b0000 - 0x000000007a3c0000 	C:\Program Files\MATLAB\R2012a\bin\win64\boost_date_time-vc90-mt-1_44.dll
0x000000007a250000 - 0x000000007a263000 	C:\Program Files\MATLAB\R2012a\bin\win64\boost_signals-vc90-mt-1_44.dll
0x000000007a2d0000 - 0x000000007a2e2000 	C:\Program Files\MATLAB\R2012a\bin\win64\boost_thread-vc90-mt-1_44.dll
0x00000000041a0000 - 0x00000000041e6000 	C:\Program Files\MATLAB\R2012a\bin\win64\tbb.dll
0x000007feff770000 - 0x000007feff789000 	C:\Windows\system32\imagehlp.dll
0x0000000077d60000 - 0x0000000077d67000 	C:\Windows\system32\PSAPI.DLL
0x000000006ee90000 - 0x000000006eea3000 	C:\Program Files\MATLAB\R2012a\bin\win64\icuio44.dll
0x000007fefb480000 - 0x000007fefb5a5000 	C:\Windows\system32\dbghelp.dll
0x0000000077aa0000 - 0x0000000077b9a000 	C:\Windows\system32\USER32.dll
0x000007fefe380000 - 0x000007fefe3e7000 	C:\Windows\system32\GDI32.dll
0x000007fefe620000 - 0x000007fefe62e000 	C:\Windows\system32\LPK.dll
0x000007feff830000 - 0x000007feff8f9000 	C:\Windows\system32\USP10.dll
0x000000007bed0000 - 0x000000007c183000 	C:\Program Files\MATLAB\R2012a\bin\win64\libmwservices.dll
0x0000000075a20000 - 0x0000000075ae2000 	C:\Program Files\MATLAB\R2012a\bin\win64\libmx.dll
0x000000007a210000 - 0x000000007a228000 	C:\Program Files\MATLAB\R2012a\bin\win64\zlib1.dll
0x0000000004660000 - 0x0000000004681000 	C:\Program Files\MATLAB\R2012a\bin\win64\libmwmfl_scalar.dll
0x0000000075f10000 - 0x0000000075f5d000 	C:\Program Files\MATLAB\R2012a\bin\win64\mpath.dll
0x000000007b680000 - 0x000000007bbe1000 	C:\Program Files\MATLAB\R2012a\bin\win64\mlutil.dll
0x000000006db30000 - 0x000000006dbaf000 	C:\Program Files\MATLAB\R2012a\bin\win64\xmlcore.dll
0x000000007bc30000 - 0x000000007be83000 	C:\Program Files\MATLAB\R2012a\bin\win64\xerces-c_2_7.dll
0x000007feffde0000 - 0x000007feffe2d000 	C:\Windows\system32\WS2_32.dll
0x000007feffb90000 - 0x000007feffb98000 	C:\Windows\system32\NSI.dll
0x00000000046c0000 - 0x00000000046da000 	C:\Program Files\MATLAB\R2012a\bin\win64\libmwMATLAB_settings_res.dll
0x00000000046f0000 - 0x0000000004737000 	C:\Program Files\MATLAB\R2012a\bin\win64\boost_serialization-vc90-mt-1_44.dll
0x000007fefe6d0000 - 0x000007feff458000 	C:\Windows\system32\SHELL32.dll
0x000007fefe630000 - 0x000007fefe6a1000 	C:\Windows\system32\SHLWAPI.dll
0x000007fef9470000 - 0x000007fef9510000 	C:\Windows\WinSxS\amd64_microsoft.windows.common-controls_6595b64144ccf1df_5.82.7601.17514_none_a4d6a923711520a9\COMCTL32.dll
0x000007feff790000 - 0x000007feff827000 	C:\Windows\system32\COMDLG32.dll
0x000007fefaeb0000 - 0x000007fefaec6000 	C:\Windows\system32\NETAPI32.dll
0x000007fefaea0000 - 0x000007fefaeac000 	C:\Windows\system32\netutils.dll
0x000007fefd4d0000 - 0x000007fefd4f3000 	C:\Windows\system32\srvcli.dll
0x000007fefae80000 - 0x000007fefae95000 	C:\Windows\system32\wkscli.dll
0x000007feff4c0000 - 0x000007feff6c3000 	C:\Windows\system32\ole32.dll
0x000007fefdf90000 - 0x000007fefe067000 	C:\Windows\system32\OLEAUT32.dll
0x0000000074970000 - 0x0000000074b06000 	C:\Program Files\MATLAB\R2012a\bin\win64\mcr.dll
0x0000000075000000 - 0x000000007536b000 	C:\Program Files\MATLAB\R2012a\bin\win64\iqm.dll
0x0000000061690000 - 0x0000000061eb1000 	C:\Program Files\MATLAB\R2012a\bin\win64\m_interpreter.dll
0x000000006ee60000 - 0x000000006ee85000 	C:\Program Files\MATLAB\R2012a\bin\win64\libmex.dll
0x000000006be30000 - 0x000000006bee3000 	C:\Program Files\MATLAB\R2012a\bin\win64\m_dispatcher.dll
0x0000000074880000 - 0x000000007496d000 	C:\Program Files\MATLAB\R2012a\bin\win64\boost_regex-vc90-mt-1_44.dll
0x000000006bda0000 - 0x000000006be24000 	C:\Program Files\MATLAB\R2012a\bin\win64\profiler.dll
0x00000000047c0000 - 0x0000000004a15000 	C:\Program Files\MATLAB\R2012a\bin\win64\libmwmathutil.dll
0x0000000079f40000 - 0x0000000079f6d000 	C:\Program Files\MATLAB\R2012a\bin\win64\libmwmathrng.dll
0x0000000074c10000 - 0x0000000074ced000 	C:\Program Files\MATLAB\R2012a\bin\win64\libmwmathcore.dll
0x0000000076160000 - 0x00000000761cb000 	C:\Program Files\MATLAB\R2012a\bin\win64\libmwspmatrix.dll
0x0000000075ea0000 - 0x0000000075f02000 	C:\Program Files\MATLAB\R2012a\bin\win64\libmwcholmod.dll
0x000000007a460000 - 0x000000007a46d000 	C:\Program Files\MATLAB\R2012a\bin\win64\libmwamd.dll
0x000000007a4b0000 - 0x000000007a4bc000 	C:\Program Files\MATLAB\R2012a\bin\win64\libmwcolamd.dll
0x000000006fe10000 - 0x000000006fe29000 	C:\Program Files\MATLAB\R2012a\bin\win64\libmwblas.dll
0x000000006dd90000 - 0x000000006dda2000 	C:\Program Files\MATLAB\R2012a\bin\win64\libmwbinder.dll
0x00000000709c0000 - 0x00000000709cb000 	C:\Program Files\MATLAB\R2012a\bin\win64\libmwompwrapper.dll
0x000000006b4b0000 - 0x000000006b536000 	C:\Program Files\MATLAB\R2012a\bin\win64\libmwlapack.dll
0x000000006dd60000 - 0x000000006dd81000 	C:\Program Files\MATLAB\R2012a\bin\win64\m_pcodeio.dll
0x0000000079b10000 - 0x0000000079b77000 	C:\Program Files\MATLAB\R2012a\bin\win64\m_ir.dll
0x0000000069e50000 - 0x000000006a4a0000 	C:\Program Files\MATLAB\R2012a\bin\win64\m_parser.dll
0x000000006dd40000 - 0x000000006dd5a000 	C:\Program Files\MATLAB\R2012a\bin\win64\ir_xfmr.dll
0x000000006b230000 - 0x000000006b4a9000 	C:\Program Files\MATLAB\R2012a\bin\win64\mcos.dll
0x0000000070b40000 - 0x0000000070b4c000 	C:\Program Files\MATLAB\R2012a\bin\win64\mtok.dll
0x000000006d5b0000 - 0x000000006d5e1000 	C:\Program Files\MATLAB\R2012a\bin\win64\m_pcodegen.dll
0x0000000079fb0000 - 0x0000000079fe7000 	C:\Program Files\MATLAB\R2012a\bin\win64\libmwbridge.dll
0x000000006b080000 - 0x000000006b148000 	C:\Program Files\MATLAB\R2012a\bin\win64\udd.dll
0x000000006a640000 - 0x000000006a792000 	C:\Program Files\MATLAB\R2012a\bin\win64\libmwgui.dll
0x000000006db10000 - 0x000000006db27000 	C:\Program Files\MATLAB\R2012a\bin\win64\graphics_util.dll
0x00000000505b0000 - 0x0000000050f53000 	C:\Program Files\MATLAB\R2012a\bin\win64\hg.dll
0x0000000004b90000 - 0x0000000004bf7000 	C:\Program Files\MATLAB\R2012a\bin\win64\libmat.dll
0x0000000072d30000 - 0x0000000072f44000 	C:\Program Files\MATLAB\R2012a\bin\win64\hdf5dll.dll
0x0000000075710000 - 0x00000000757c1000 	C:\Program Files\MATLAB\R2012a\bin\win64\jmi.dll
0x0000000004c30000 - 0x0000000004c3e000 	C:\Program Files\MATLAB\R2012a\bin\win64\nativejava_services.dll
0x000000006c5a0000 - 0x000000006c5e2000 	C:\Program Files\MATLAB\R2012a\bin\win64\libmwhardcopy.dll
0x000000006b760000 - 0x000000006b7ba000 	C:\Program Files\MATLAB\R2012a\bin\win64\libuij.dll
0x0000000069c40000 - 0x0000000069e4c000 	C:\Program Files\MATLAB\R2012a\bin\win64\hgdatatypes.dll
0x000000006a800000 - 0x000000006a8fd000 	C:\Program Files\MATLAB\R2012a\bin\win64\hgutils.dll
0x0000000064eb0000 - 0x0000000064f6d000 	C:\Program Files\MATLAB\R2012a\bin\win64\udd_mi.dll
0x0000000004ca0000 - 0x0000000004cdb000 	C:\Program Files\MATLAB\R2012a\bin\win64\libmwgbtutils.dll
0x0000000004cf0000 - 0x0000000004d09000 	C:\Program Files\MATLAB\R2012a\bin\win64\libmwgbt.dll
0x0000000004d20000 - 0x0000000004fea000 	C:\Program Files\MATLAB\R2012a\bin\win64\uiw.dll
0x000000006efa0000 - 0x000000006efaf000 	C:\Program Files\MATLAB\R2012a\bin\win64\uinone.dll
0x000007fefacb0000 - 0x000007fefacc8000 	C:\Windows\system32\MPR.dll
0x00000000649c0000 - 0x0000000064ea4000 	C:\Windows\WinSxS\amd64_microsoft.vc90.mfc_1fc8b3b9a1e18e3b_9.0.30729.6161_none_044aad0bab1eb146\mfc90.dll
0x000007fef8df0000 - 0x000007fef8df7000 	C:\Windows\system32\MSIMG32.dll
0x000007fef9530000 - 0x000007fef95a1000 	C:\Windows\system32\WINSPOOL.DRV
0x000000006c580000 - 0x000000006c5a0000 	C:\Program Files\MATLAB\R2012a\bin\win64\mwoles05.DLL
0x0000000069bc0000 - 0x0000000069c3c000 	C:\Program Files\MATLAB\R2012a\bin\win64\comcli.dll
0x000000006bd70000 - 0x000000006bd9f000 	C:\Windows\WinSxS\amd64_microsoft.vc90.atl_1fc8b3b9a1e18e3b_9.0.30729.6161_none_0a1fd3a3a768b895\ATL90.DLL
0x00000000704b0000 - 0x00000000704bc000 	C:\Program Files\MATLAB\R2012a\bin\win64\mlautoregister.dll
0x0000000005040000 - 0x0000000005050000 	C:\Program Files\MATLAB\R2012a\bin\win64\boost_iostreams-vc90-mt-1_44.dll
0x000007fefd850000 - 0x000007fefd8a7000 	C:\Windows\system32\apphelp.dll
0x000007fef37e0000 - 0x000007fef3831000 	C:\Windows\AppPatch\AppPatch64\AcGenral.DLL
0x000007fefd820000 - 0x000007fefd845000 	C:\Windows\system32\SspiCli.dll
0x0000000071a10000 - 0x0000000071a13000 	C:\Windows\system32\sfc.dll
0x000007fef9850000 - 0x000007fef9860000 	C:\Windows\system32\sfc_os.DLL
0x000007fefccc0000 - 0x000007fefccde000 	C:\Windows\system32\USERENV.dll
0x000007fefd980000 - 0x000007fefd98f000 	C:\Windows\system32\profapi.dll
0x000007fefbf00000 - 0x000007fefbf18000 	C:\Windows\system32\dwmapi.dll
0x000007feffba0000 - 0x000007feffbce000 	C:\Windows\system32\IMM32.DLL
0x000007fefe070000 - 0x000007fefe179000 	C:\Windows\system32\MSCTF.dll
0x000007fefbf80000 - 0x000007fefbfd6000 	C:\Windows\system32\UxTheme.dll
0x000000006dd30000 - 0x000000006dd3d000 	C:\Windows\WinSxS\amd64_microsoft.vc90.mfcloc_1fc8b3b9a1e18e3b_9.0.30729.6161_none_01c9581e60cbee58\MFC90ENU.DLL
0x00000000050d0000 - 0x00000000050f9000 	C:\Program Files\MATLAB\R2012a\bin\win64\tbbmalloc.dll
0x000007fefc060000 - 0x000007fefc06f000 	C:\Program Files\MATLAB\R2012a\bin\win64\xmlxrcsc.dll
0x000007fefd8b0000 - 0x000007fefd8bf000 	C:\Windows\system32\CRYPTBASE.dll
0x000007fefbf60000 - 0x000007fefbf80000 	C:\Program Files (x86)\TeamViewer\Version8\tv_x64.dll
0x000007fefcac0000 - 0x000007fefcacc000 	C:\Windows\system32\VERSION.dll
0x000007fefc430000 - 0x000007fefc624000 	C:\Windows\WinSxS\amd64_microsoft.windows.common-controls_6595b64144ccf1df_6.0.7601.17514_none_fa396087175ac9ac\comctl32.dll
0x000007fefddb0000 - 0x000007fefdf87000 	C:\Windows\system32\SETUPAPI.dll
0x000007fefda80000 - 0x000007fefdab6000 	C:\Windows\system32\CFGMGR32.dll
0x000007fefdd60000 - 0x000007fefdd7a000 	C:\Windows\system32\DEVOBJ.dll

VM Arguments:
jvm_args: -Xss512k -XX:PermSize=32m -Xms64m -XX:NewRatio=3 -XX:MaxPermSize=128m -Xmx1535m -XX:MaxDirectMemorySize=2147400000 -Dsun.java2d.noddraw=true -Dsun.awt.nopixfmt=true -Xshare:off -Xrs -Dsun.awt.disableMixing=true -Djava.library.path=C:\Program Files\MATLAB\R2012a\bin\win64 vfprintf abort 
java_command: <unknown>
Launcher Type: generic

Environment Variables:
JAVA_HOME=C:\Program Files\Java\jdk1.7.0_09\bin
PATH=C:\Python33\;C:\Program Files (x86)\NVIDIA Corporation\PhysX\Common;C:\Windows\system32;C:\Windows;C:\Windows\System32\Wbem;C:\Windows\System32\WindowsPowerShell\v1.0\;C:\Program Files\TortoiseSVN\bin;C:\Program Files\MATLAB\R2012a\runtime\win64;C:\Program Files\MATLAB\R2012a\bin;C:\Program Files\Java\jdk1.7.0_09\bin;C:\Program Files (x86)\Point Grey Research\FlyCapture2\bin;C:\Development\adt-bundle-windows-x86_64-20130219\sdk\platform-tools;C:\Development\adt-bundle-windows-x86_64-20130219\sdk\tools;C:\Development\apache-ant-1.8.4\bin;C:\Program Files\Point Grey Research\FlyCapture2\bin64;C:\Libraries\opencv\build\bin\Debug;C:\Libraries\tbb41_20121003oss\bin\intel64\vc10;C:\MinGW\bin;H:\Development\adt-bundle-windows-x86_64-20130219\sdk\platform-tools;H:\Development\adt-bundle-windows-x86_64-20130219\sdk\tools;H:\Development\apache-ant-1.9.2\bin;C:\Modeltech_pe_edu_10.2a\win32pe_edu;C:\Program Files (x86)\FAHClient
USERNAME=steve
OS=Windows_NT
PROCESSOR_IDENTIFIER=Intel64 Family 6 Model 26 Stepping 5, GenuineIntel



---------------  S Y S T E M  ---------------

OS: Windows 7 Build 7601 Service Pack 1

CPU:total 8 (8 cores per cpu, 2 threads per core) family 6 model 26 stepping 5, cmov, cx8, fxsr, mmx, sse, sse2, sse3, ssse3, sse4.1, sse4.2, ht

Memory: 4k page, physical 6288888k(1901436k free), swap 420210188k(414607060k free)

vm_info: Java HotSpot(TM) 64-Bit Server VM (14.3-b01) for windows-amd64 JRE (1.6.0_17-b04), built on Oct 11 2009 00:46:08 by "java_re" with MS VC++ 8.0

time: Tue Sep 17 22:51:17 2013
elapsed time: 247 seconds

