#
# A fatal error has been detected by the Java Runtime Environment:
#
#  EXCEPTION_ACCESS_VIOLATION (0xc0000005) at pc=0x0000000077321da0, pid=10228, tid=8564
#
# JRE version: 6.0_17-b04
# Java VM: Java HotSpot(TM) 64-Bit Server VM (14.3-b01 mixed mode windows-amd64 )
# Problematic frame:
# C  [ntdll.dll+0x51da0]
#
# If you would like to submit a bug report, please visit:
#   http://java.sun.com/webapps/bugreport/crash.jsp
# The crash happened outside the Java Virtual Machine in native code.
# See problematic frame for where to report the bug.
#

---------------  T H R E A D  ---------------

Current thread (0x0000000025f51000):  JavaThread "RequestQueue for GenericFileList" [_thread_in_native, id=8564, stack(0x000000000da00000,0x000000000da80000)]

siginfo: ExceptionCode=0xc0000005, reading address 0x00000090f25d2e78

Registers:
EAX=0x000000a34065b99e, EBX=0x00000090f25d2e70, ECX=0x000000ffffffffff, EDX=0x000000000e638250
ESP=0x000000000da7ec40, EBP=0x0000000000000000, ESI=0x00000000022f0000, EDI=0x000000000e638260
EIP=0x0000000077321da0, EFLAGS=0x0000000000010202

Top of Stack: (sp=0x000000000da7ec40)
0x000000000da7ec40:   000000000da7f0e8 000000007731cdd3
0x000000000da7ec50:   0000000025867888 000000000da7ed68
0x000000000da7ec60:   0000000025f51000 0000000078a77b96
0x000000000da7ec70:   0000000025f44248 000007fefce81726
0x000000000da7ec80:   000000000da7f0d0 0000000000000001
0x000000000da7ec90:   000000002568b5b0 019db1ded53e8001
0x000000000da7eca0:   0000000000000000 000000005224bbd7
0x000000000da7ecb0:   00000000090c03b0 0000000076e62c7a
0x000000000da7ecc0:   000000002568b5b0 000000000da7edf0
0x000000000da7ecd0:   000000002568b5b0 000000005224bbd7
0x000000000da7ece0:   00000000090c03b0 000000007393cabc
0x000000000da7ecf0:   000000002568b5b0 0000000025f51000
0x000000000da7ed00:   00000000090c03b0 000000000908e2e0
0x000000000da7ed10:   000000000da7edf0 00000000739b9f71
0x000000000da7ed20:   0000000000000300 0000000000000300
0x000000000da7ed30:   00000000090c03b0 019db1ded53e8001 

Instructions: (pc=0x0000000077321da0)
0x0000000077321d90:   33 d8 48 33 1d 27 16 0e 00 48 c1 e3 04 0f 0d 0b
0x0000000077321da0:   4c 8b 63 08 49 bd 01 00 00 00 01 00 00 00 49 be 


Stack: [0x000000000da00000,0x000000000da80000],  sp=0x000000000da7ec40,  free space=507k
Native frames: (J=compiled Java code, j=interpreted, Vv=VM code, C=native code)
C  [ntdll.dll+0x51da0]

[error occurred during error reporting (printing native stack), id 0xc0000005]

Java frames: (J=compiled Java code, j=interpreted, Vv=VM code)
J  com.mathworks.util.NativeJava.findFilesWindows(Ljava/lang/String;Ljava/lang/String;ZLcom/mathworks/util/AsyncReceiver;)Z
j  com.mathworks.mlwidgets.explorer.model.realfs.RealFileList.readFolders(Lcom/mathworks/util/ReturnRunnable;Lcom/mathworks/util/AsyncReceiver;)V+28
j  com.mathworks.mlwidgets.explorer.model.genericfs.GenericFileList$7.run()V+245
J  com.mathworks.util.RequestQueue.execute()V
J  com.mathworks.util.RequestQueue$1.run()V
j  java.lang.Thread.run()V+11
v  ~StubRoutines::call_stub

---------------  P R O C E S S  ---------------

Java Threads: ( => current thread )
  0x0000000025f53000 JavaThread "Foxtrot Single Worker Thread #1" daemon [_thread_blocked, id=9200, stack(0x000000001f2d0000,0x000000001f350000)]
  0x0000000025f51800 JavaThread "pool-2-thread-1" [_thread_blocked, id=8980, stack(0x000000000d670000,0x000000000d6f0000)]
=>0x0000000025f51000 JavaThread "RequestQueue for GenericFileList" [_thread_in_native, id=8564, stack(0x000000000da00000,0x000000000da80000)]
  0x0000000025f4e800 JavaThread "Code Analyzer updating thread" [_thread_blocked, id=6992, stack(0x00000000312d0000,0x0000000031350000)]
  0x0000000025f4e000 JavaThread "Code Analyzer updating thread" [_thread_blocked, id=8880, stack(0x000000002ebd0000,0x000000002ec50000)]
  0x0000000025f4d000 JavaThread "Code Analyzer updating thread" [_thread_blocked, id=6848, stack(0x0000000019800000,0x0000000019880000)]
  0x000000000ff30800 JavaThread "Code Analyzer updating thread" [_thread_blocked, id=9900, stack(0x00000000310c0000,0x0000000031140000)]
  0x0000000025f4c800 JavaThread "Code Analyzer updating thread" [_thread_blocked, id=4936, stack(0x00000000314e0000,0x0000000031560000)]
  0x000000000ff33800 JavaThread "Active Reference Queue Daemon" daemon [_thread_blocked, id=10216, stack(0x00000000237d0000,0x0000000023850000)]
  0x000000000ff34000 JavaThread "Timer-6" daemon [_thread_blocked, id=9032, stack(0x000000002b890000,0x000000002b910000)]
  0x000000000ff32000 JavaThread "Prefs Updater" daemon [_thread_blocked, id=8864, stack(0x000000002efb0000,0x000000002f030000)]
  0x000000000ff31800 JavaThread "Timer-2" [_thread_blocked, id=10136, stack(0x000000002ba40000,0x000000002bac0000)]
  0x000000000ff30000 JavaThread "Timer-1" daemon [_thread_blocked, id=1532, stack(0x0000000023870000,0x00000000238f0000)]
  0x000000000ff2f000 JavaThread "FelixPackageAdmin" daemon [_thread_blocked, id=10168, stack(0x0000000028bc0000,0x0000000028c40000)]
  0x000000000ff2e800 JavaThread "FelixStartLevel" daemon [_thread_blocked, id=4308, stack(0x0000000028b10000,0x0000000028b90000)]
  0x000000000ff2d800 JavaThread "FelixDispatchQueue" daemon [_thread_blocked, id=8420, stack(0x000000001c570000,0x000000001c5f0000)]
  0x000000000ff2c000 JavaThread "TimerQueue" daemon [_thread_blocked, id=8376, stack(0x000000001aec0000,0x000000001af40000)]
  0x000000000ff2b800 JavaThread "AWT-EventQueue-0" [_thread_blocked, id=8704, stack(0x0000000018120000,0x00000000181a0000)]
  0x000000000ff2b000 JavaThread "com.google.common.base.internal.Finalizer" daemon [_thread_blocked, id=2224, stack(0x000000000d4d0000,0x000000000d550000)]
  0x000000000ff29800 JavaThread "AWT-Windows" daemon [_thread_in_native, id=10184, stack(0x0000000014040000,0x00000000140c0000)]
  0x000000000ff28800 JavaThread "AWT-Shutdown" [_thread_blocked, id=4124, stack(0x00000000140c0000,0x0000000014140000)]
  0x000000000ff28000 JavaThread "Java2D Disposer" daemon [_thread_blocked, id=9504, stack(0x000000000d550000,0x000000000d5d0000)]
  0x000000000ff27000 JavaThread "Timer-0" [_thread_blocked, id=7848, stack(0x0000000013f60000,0x0000000013fe0000)]
  0x000000000ff26800 JavaThread "JMI Unnamed Thread" [_thread_in_native, id=2392, stack(0x00000000077f0000,0x0000000008cf0000)]
  0x000000000ff25800 JavaThread "Low Memory Detector" daemon [_thread_blocked, id=6092, stack(0x000000000bda0000,0x000000000be20000)]
  0x000000000ff3b000 JavaThread "CompilerThread1" daemon [_thread_blocked, id=1100, stack(0x0000000021ed0000,0x00000000233d0000)]
  0x000000000ff35000 JavaThread "CompilerThread0" daemon [_thread_blocked, id=8452, stack(0x0000000020930000,0x0000000021e30000)]
  0x000000000ff25000 JavaThread "Attach Listener" daemon [_thread_blocked, id=460, stack(0x000000000be70000,0x000000000bef0000)]
  0x000000000fecc000 JavaThread "Finalizer" daemon [_thread_blocked, id=6864, stack(0x000000000d440000,0x000000000d4c0000)]
  0x000000000fec2000 JavaThread "Reference Handler" daemon [_thread_blocked, id=4652, stack(0x000000000a710000,0x000000000a790000)]
  0x0000000002473000 JavaThread "main" [_thread_in_native, id=2200, stack(0x00000000000c0000,0x00000000015c0000)]

Other Threads:
  0x000000000febd000 VMThread [stack: 0x000000001f3b0000,0x00000000208b0000] [id=10208]
  0x000000000ff5c800 WatcherThread [stack: 0x0000000023910000,0x0000000024e10000] [id=8844]

VM state:not at safepoint (normal execution)

VM Mutex/Monitor currently owned by a thread: None

Heap
 PSYoungGen      total 17216K, used 10929K [0x00000000d0000000, 0x00000000d1420000, 0x00000000e8000000)
  eden space 14848K, 61% used [0x00000000d0000000,0x00000000d08dc908,0x00000000d0e80000)
  from space 2368K, 78% used [0x00000000d0e80000,0x00000000d104fcc0,0x00000000d10d0000)
  to   space 2432K, 0% used [0x00000000d11c0000,0x00000000d11c0000,0x00000000d1420000)
 PSOldGen        total 89920K, used 61472K [0x0000000088000000, 0x000000008d7d0000, 0x00000000d0000000)
  object space 89920K, 68% used [0x0000000088000000,0x000000008bc08250,0x000000008d7d0000)
 PSPermGen       total 127424K, used 60836K [0x0000000080000000, 0x0000000087c70000, 0x0000000088000000)
  object space 127424K, 47% used [0x0000000080000000,0x0000000083b690c0,0x0000000087c70000)

Dynamic libraries:
0x000000013f810000 - 0x000000013f839000 	C:\Program Files\MATLAB\R2011a\bin\win64\MATLAB.exe
0x00000000772d0000 - 0x000000007747b000 	C:\windows\SYSTEM32\ntdll.dll
0x0000000076e40000 - 0x0000000076f5f000 	C:\windows\system32\kernel32.dll
0x000007fefce80000 - 0x000007fefceeb000 	C:\windows\system32\KERNELBASE.dll
0x0000000074460000 - 0x0000000074569000 	C:\Program Files\MATLAB\R2011a\bin\win64\libut.dll
0x00000000758a0000 - 0x0000000075920000 	C:\Program Files\MATLAB\R2011a\bin\win64\libmwi18n.dll
0x0000000180000000 - 0x000000018000b000 	C:\Program Files\MATLAB\R2011a\bin\win64\libmwresource_core.dll
0x00000000739a0000 - 0x0000000073a73000 	C:\windows\WinSxS\amd64_microsoft.vc90.crt_1fc8b3b9a1e18e3b_9.0.30729.6161_none_08e61857a83bc251\MSVCP90.dll
0x00000000738f0000 - 0x0000000073993000 	C:\windows\WinSxS\amd64_microsoft.vc90.crt_1fc8b3b9a1e18e3b_9.0.30729.6161_none_08e61857a83bc251\MSVCR90.dll
0x000000007a3b0000 - 0x000000007a3c0000 	C:\Program Files\MATLAB\R2011a\bin\win64\boost_date_time-vc90-mt-1_40.dll
0x000000007a170000 - 0x000000007a189000 	C:\Program Files\MATLAB\R2011a\bin\win64\boost_filesystem-vc90-mt-1_40.dll
0x000000007a560000 - 0x000000007a569000 	C:\Program Files\MATLAB\R2011a\bin\win64\boost_system-vc90-mt-1_40.dll
0x000000007a2d0000 - 0x000000007a2e2000 	C:\Program Files\MATLAB\R2011a\bin\win64\boost_thread-vc90-mt-1_40.dll
0x000000007a010000 - 0x000000007a035000 	C:\Program Files\MATLAB\R2011a\bin\win64\LIBEXPAT.dll
0x00000000017f0000 - 0x00000000019ac000 	C:\Program Files\MATLAB\R2011a\bin\win64\icuin42.dll
0x00000000740b0000 - 0x0000000074223000 	C:\Program Files\MATLAB\R2011a\bin\win64\icuuc42.dll
0x000007fefe7f0000 - 0x000007fefe8cb000 	C:\windows\system32\ADVAPI32.dll
0x000007fefe200000 - 0x000007fefe29f000 	C:\windows\system32\msvcrt.dll
0x000007fefcef0000 - 0x000007fefcf0f000 	C:\windows\SYSTEM32\sechost.dll
0x000007fefe5f0000 - 0x000007fefe71e000 	C:\windows\system32\RPCRT4.dll
0x0000000010000000 - 0x0000000010f47000 	C:\Program Files\MATLAB\R2011a\bin\win64\icudt42.dll
0x0000000073f70000 - 0x000000007407d000 	C:\Program Files\MATLAB\R2011a\bin\win64\libmwfl.dll
0x00000000019b0000 - 0x0000000001a43000 	C:\Program Files\MATLAB\R2011a\bin\win64\libmwMATLAB_res.dll
0x000000007a250000 - 0x000000007a263000 	C:\Program Files\MATLAB\R2011a\bin\win64\boost_signals-vc90-mt-1_40.dll
0x00000000016a0000 - 0x00000000016e6000 	C:\Program Files\MATLAB\R2011a\bin\win64\tbb.dll
0x000007fefd180000 - 0x000007fefd197000 	C:\windows\system32\imagehlp.dll
0x00000000774a0000 - 0x00000000774a7000 	C:\windows\system32\PSAPI.DLL
0x000000007a3d0000 - 0x000000007a3e3000 	C:\Program Files\MATLAB\R2011a\bin\win64\icuio42.dll
0x000007fef7250000 - 0x000007fef7375000 	C:\windows\system32\dbghelp.dll
0x0000000076bf0000 - 0x0000000076cea000 	C:\windows\system32\USER32.dll
0x000007fefe340000 - 0x000007fefe3a7000 	C:\windows\system32\GDI32.dll
0x000007fefe920000 - 0x000007fefe92e000 	C:\windows\system32\LPK.dll
0x000007fefe720000 - 0x000007fefe7ea000 	C:\windows\system32\USP10.dll
0x000000007bed0000 - 0x000000007c0f5000 	C:\Program Files\MATLAB\R2011a\bin\win64\libmwservices.dll
0x0000000075a20000 - 0x0000000075ab2000 	C:\Program Files\MATLAB\R2011a\bin\win64\libmx.dll
0x000000007a210000 - 0x000000007a226000 	C:\Program Files\MATLAB\R2011a\bin\win64\zlib1.dll
0x0000000074330000 - 0x000000007444b000 	C:\Program Files\MATLAB\R2011a\bin\win64\libmwmathutil.dll
0x000000006eda0000 - 0x000000006edf4000 	C:\Program Files\MATLAB\R2011a\bin\win64\mpath.dll
0x000000007b680000 - 0x000000007b982000 	C:\Program Files\MATLAB\R2011a\bin\win64\mlutil.dll
0x000000006e820000 - 0x000000006e8a2000 	C:\Program Files\MATLAB\R2011a\bin\win64\xmlcore.dll
0x000000007bc30000 - 0x000000007be83000 	C:\Program Files\MATLAB\R2011a\bin\win64\xerces-c_2_7.dll
0x000007fefe8d0000 - 0x000007fefe91d000 	C:\windows\system32\WS2_32.dll
0x000007fefe930000 - 0x000007fefe938000 	C:\windows\system32\NSI.dll
0x000007fefd470000 - 0x000007fefe1f6000 	C:\windows\system32\SHELL32.dll
0x000007fefe940000 - 0x000007fefe9b1000 	C:\windows\system32\SHLWAPI.dll
0x000007fefcbd0000 - 0x000007fefcc70000 	C:\windows\WinSxS\amd64_microsoft.windows.common-controls_6595b64144ccf1df_5.82.7600.16385_none_a44af8ec57f961cf\COMCTL32.dll
0x000007fefd3d0000 - 0x000007fefd468000 	C:\windows\system32\COMDLG32.dll
0x000007fefab90000 - 0x000007fefaba6000 	C:\windows\system32\NETAPI32.dll
0x000007fefab80000 - 0x000007fefab8c000 	C:\windows\system32\netutils.dll
0x000007fefc750000 - 0x000007fefc773000 	C:\windows\system32\srvcli.dll
0x000007fefab60000 - 0x000007fefab75000 	C:\windows\system32\wkscli.dll
0x000007fefe3b0000 - 0x000007fefe5b1000 	C:\windows\system32\ole32.dll
0x000007fefd0a0000 - 0x000007fefd177000 	C:\windows\system32\OLEAUT32.dll
0x0000000074970000 - 0x0000000074a34000 	C:\Program Files\MATLAB\R2011a\bin\win64\mcr.dll
0x0000000075000000 - 0x00000000750e4000 	C:\Program Files\MATLAB\R2011a\bin\win64\iqm.dll
0x0000000066b90000 - 0x000000006732c000 	C:\Program Files\MATLAB\R2011a\bin\win64\m_interpreter.dll
0x0000000073110000 - 0x000000007311f000 	C:\Program Files\MATLAB\R2011a\bin\win64\libmex.dll
0x000000006e510000 - 0x000000006e5b4000 	C:\Program Files\MATLAB\R2011a\bin\win64\m_dispatcher.dll
0x0000000074880000 - 0x0000000074945000 	C:\Program Files\MATLAB\R2011a\bin\win64\boost_regex-vc90-mt-1_40.dll
0x000000006e490000 - 0x000000006e50f000 	C:\Program Files\MATLAB\R2011a\bin\win64\profiler.dll
0x0000000079f40000 - 0x0000000079f6c000 	C:\Program Files\MATLAB\R2011a\bin\win64\libmwmathrng.dll
0x0000000070110000 - 0x0000000070130000 	C:\Program Files\MATLAB\R2011a\bin\win64\m_pcodeio.dll
0x0000000079b10000 - 0x0000000079b71000 	C:\Program Files\MATLAB\R2011a\bin\win64\m_ir.dll
0x000000006a580000 - 0x000000006abbb000 	C:\Program Files\MATLAB\R2011a\bin\win64\m_parser.dll
0x0000000070130000 - 0x0000000070149000 	C:\Program Files\MATLAB\R2011a\bin\win64\ir_xfmr.dll
0x000000006bc60000 - 0x000000006beab000 	C:\Program Files\MATLAB\R2011a\bin\win64\mcos.dll
0x0000000073d40000 - 0x0000000073d4c000 	C:\Program Files\MATLAB\R2011a\bin\win64\mtok.dll
0x000000006f1a0000 - 0x000000006f1cb000 	C:\Program Files\MATLAB\R2011a\bin\win64\m_pcodegen.dll
0x0000000076160000 - 0x00000000761c2000 	C:\Program Files\MATLAB\R2011a\bin\win64\libmwspmatrix.dll
0x0000000079fb0000 - 0x0000000079fde000 	C:\Program Files\MATLAB\R2011a\bin\win64\libmwbridge.dll
0x000000006df60000 - 0x000000006e019000 	C:\Program Files\MATLAB\R2011a\bin\win64\udd.dll
0x000000006cab0000 - 0x000000006cbf1000 	C:\Program Files\MATLAB\R2011a\bin\win64\libmwgui.dll
0x000000006fcf0000 - 0x000000006fd07000 	C:\Program Files\MATLAB\R2011a\bin\win64\graphics_util.dll
0x0000000059880000 - 0x000000005a100000 	C:\Program Files\MATLAB\R2011a\bin\win64\hg.dll
0x0000000076100000 - 0x000000007614f000 	C:\Program Files\MATLAB\R2011a\bin\win64\libmat.dll
0x0000000072d30000 - 0x0000000072f33000 	C:\Program Files\MATLAB\R2011a\bin\win64\libhdf5.dll
0x000000006d260000 - 0x000000006d2db000 	C:\Program Files\MATLAB\R2011a\bin\win64\jmi.dll
0x0000000001c60000 - 0x0000000001c6e000 	C:\Program Files\MATLAB\R2011a\bin\win64\nativejava_services.dll
0x000000006e450000 - 0x000000006e48c000 	C:\Program Files\MATLAB\R2011a\bin\win64\libmwhardcopy.dll
0x000000006d200000 - 0x000000006d258000 	C:\Program Files\MATLAB\R2011a\bin\win64\libuij.dll
0x000000006c8c0000 - 0x000000006caa3000 	C:\Program Files\MATLAB\R2011a\bin\win64\hgdatatypes.dll
0x000000006c790000 - 0x000000006c84c000 	C:\Program Files\MATLAB\R2011a\bin\win64\hgutils.dll
0x000000006cfd0000 - 0x000000006d04c000 	C:\Program Files\MATLAB\R2011a\bin\win64\libmwlapack.dll
0x000000006f9a0000 - 0x000000006f9b2000 	C:\Program Files\MATLAB\R2011a\bin\win64\libmwbinder.dll
0x0000000072860000 - 0x000000007286b000 	C:\Program Files\MATLAB\R2011a\bin\win64\libmwompwrapper.dll
0x0000000001cf0000 - 0x0000000001fb4000 	C:\Program Files\MATLAB\R2011a\bin\win64\uiw.dll
0x00000000707d0000 - 0x00000000707da000 	C:\Program Files\MATLAB\R2011a\bin\win64\uinone.dll
0x00000000664d0000 - 0x00000000669b4000 	C:\windows\WinSxS\amd64_microsoft.vc90.mfc_1fc8b3b9a1e18e3b_9.0.30729.6161_none_044aad0bab1eb146\mfc90.dll
0x000007fefa850000 - 0x000007fefa857000 	C:\windows\system32\MSIMG32.dll
0x000007fefa0d0000 - 0x000007fefa140000 	C:\windows\system32\WINSPOOL.DRV
0x000000006bbb0000 - 0x000000006bc59000 	C:\Program Files\MATLAB\R2011a\bin\win64\udd_mi.dll
0x000000006d760000 - 0x000000006d77b000 	C:\Program Files\MATLAB\R2011a\bin\win64\mwoles05.DLL
0x000000006bb40000 - 0x000000006bbae000 	C:\Program Files\MATLAB\R2011a\bin\win64\comcli.dll
0x0000000070690000 - 0x00000000706bf000 	C:\windows\WinSxS\amd64_microsoft.vc90.atl_1fc8b3b9a1e18e3b_9.0.30729.6161_none_0a1fd3a3a768b895\ATL90.DLL
0x000000006ff20000 - 0x000000006ff2c000 	C:\Program Files\MATLAB\R2011a\bin\win64\mlautoregister.dll
0x0000000002020000 - 0x000000000202d000 	C:\Program Files\MATLAB\R2011a\bin\win64\boost_iostreams-vc90-mt-1_40.dll
0x000007fefc9f0000 - 0x000007fefca47000 	C:\windows\system32\apphelp.dll
0x000007fef2900000 - 0x000007fef2951000 	C:\windows\AppPatch\AppPatch64\AcGenral.DLL
0x000007fefc9c0000 - 0x000007fefc9e5000 	C:\windows\system32\SspiCli.dll
0x0000000070f20000 - 0x0000000070f23000 	C:\windows\system32\sfc.dll
0x000007fef8720000 - 0x000007fef8730000 	C:\windows\system32\sfc_os.DLL
0x000007fefbe20000 - 0x000007fefbe3e000 	C:\windows\system32\USERENV.dll
0x000007fefcb20000 - 0x000007fefcb2f000 	C:\windows\system32\profapi.dll
0x000007fefae40000 - 0x000007fefae58000 	C:\windows\system32\dwmapi.dll
0x000007fefb870000 - 0x000007fefb888000 	C:\windows\system32\MPR.dll
0x000007fefe5c0000 - 0x000007fefe5ee000 	C:\windows\system32\IMM32.DLL
0x000007fefcf10000 - 0x000007fefd019000 	C:\windows\system32\MSCTF.dll
0x000007fefb220000 - 0x000007fefb276000 	C:\windows\system32\UxTheme.dll
0x0000000070340000 - 0x000000007034d000 	C:\windows\WinSxS\amd64_microsoft.vc90.mfcloc_1fc8b3b9a1e18e3b_9.0.30729.6161_none_01c9581e60cbee58\MFC90ENU.DLL
0x000007fefbc20000 - 0x000007fefbc2c000 	C:\windows\system32\VERSION.dll
0x0000000002540000 - 0x0000000002569000 	C:\Program Files\MATLAB\R2011a\bin\win64\tbbmalloc.dll
0x0000000004940000 - 0x0000000004989000 	C:\Program Files (x86)\Intel\ComposerXE-2011\redist\intel64\compiler\cilkrts20.dll
0x000007fefa360000 - 0x000007fefa387000 	C:\windows\system32\iphlpapi.dll
0x000007fefa350000 - 0x000007fefa35b000 	C:\windows\system32\WINNSI.DLL
0x000007fefc210000 - 0x000007fefc26b000 	C:\windows\system32\DNSAPI.dll
0x000007fefa230000 - 0x000007fefa248000 	C:\windows\system32\dhcpcsvc.DLL
0x000007fefa210000 - 0x000007fefa221000 	C:\windows\system32\dhcpcsvc6.DLL
0x000000006fce0000 - 0x000000006fce3000 	C:\windows\system32\icmp.Dll
0x000007fefca50000 - 0x000007fefca5f000 	C:\windows\system32\CRYPTBASE.dll
0x000007fefcc90000 - 0x000007fefccc6000 	C:\windows\system32\CFGMGR32.dll
0x0000000078870000 - 0x0000000078ecd000 	C:\Program Files\MATLAB\R2011a\sys\java\jre\win64\jre\bin\server\jvm.dll
0x000007fef9c70000 - 0x000007fef9cab000 	C:\windows\system32\WINMM.dll
0x000000007a440000 - 0x000000007a44e000 	C:\Program Files\MATLAB\R2011a\sys\java\jre\win64\jre\bin\verify.dll
0x000000007a070000 - 0x000000007a097000 	C:\Program Files\MATLAB\R2011a\sys\java\jre\win64\jre\bin\java.dll
0x000000007a540000 - 0x000000007a54a000 	C:\Program Files\MATLAB\R2011a\sys\java\jre\win64\jre\bin\hpi.dll
0x000000007a370000 - 0x000000007a382000 	C:\Program Files\MATLAB\R2011a\sys\java\jre\win64\jre\bin\zip.dll
0x000007fefe2a0000 - 0x000007fefe339000 	C:\windows\system32\CLBCatQ.DLL
0x0000000075b90000 - 0x0000000075bfb000 	C:\Program Files\MATLAB\R2011a\sys\java\jre\win64\jre\bin\fontmanager.dll

VM Arguments:
jvm_args: -Xss512k -XX:PermSize=32m -Xms64m -XX:NewRatio=3 -XX:MaxPermSize=128m -Xmx1535m -XX:MaxDirectMemorySize=2147400000 -Dsun.java2d.noddraw=true -Dsun.awt.nopixfmt=true -Xshare:off -Xrs -Dsun.awt.disableMixing=true -Djava.library.path=C:\Program Files\MATLAB\R2011a\bin\win64 vfprintf abort 
java_command: <unknown>
Launcher Type: generic

Environment Variables:
CLASSPATH=.;C:\Program Files (x86)\Java\jre6\lib\ext\QTJava.zip
PATH=C:\Program Files (x86)\NVIDIA Corporation\PhysX\Common;C:\Program Files\NVIDIA GPU Computing Toolkit\CUDA\v5.5\bin;C:\Program Files\NVIDIA GPU Computing Toolkit\CUDA\v5.5\libnvvp;c:\devkitPro\msys\bin;C:\Program Files (x86)\Intel\ComposerXE-2011\redist\intel64\tbb\vc10;C:\Program Files (x86)\Intel\ComposerXE-2011\redist\ia32\tbb\vc10;C:\Program Files (x86)\Intel\ComposerXE-2011\redist\intel64\ipp;C:\Program Files (x86)\Intel\ComposerXE-2011\redist\ia32\ipp;C:\Program Files (x86)\Intel\ComposerXE-2011\redist\intel64\mkl;C:\Program Files (x86)\Intel\ComposerXE-2011\redist\ia32\mkl;C:\Program Files (x86)\Intel\ComposerXE-2011\redist\intel64\compiler;C:\Program Files (x86)\Intel\ComposerXE-2011\redist\ia32\compiler;C:\Program Files (x86)\Intel\ComposerXE-2011\compiler\lib;C:\Program Files (x86)\Java\jdk1.7.0_03\bin;C:\Program Files\Common Files\Microsoft Shared\Windows Live;C:\Program Files (x86)\Common Files\Microsoft Shared\Windows Live;C:\Program Files (x86)\Code Laboratories\CL-Eye Platform SDK\Bin;C:\Program Files\Common Files\Autodesk Shared\;C:\Program Files (x86)\Autodesk\Backburner\;C:\Program Files (x86)\Windows Live\Shared;C:\Program Files\TortoiseSVN\bin;C:\Program Files\Point Grey Research\FlyCapture2\gtk64\bin\;C:\Program Files (x86)\SoftKinetic\DepthSenseSDK\bin;C:\Program Files\SoftKinetic\DepthSenseSDK\bin;D:\Libraries\opencv32\build\bin\Debug;C:\strawberry\c\bin;C:\strawberry\perl\site\bin;C:\strawberry\perl\bin;C:\Program Files (x86)\ProTeXt\miktex\bin;C:\windows\System32;C:\Program Files (x86)\FreeArc\bin;C:\Python26;C:\Python26\DLLs;C:\Python26\Scripts;C:\Python26\Lib\site-packages\PyQt4;C:\Python26\gnuplot\bin;C:\Python26\Lib\site-packages\vtk;C:\Program Files (x86)\pythonxy\console;C:\Program Files (x86)\pythonxy\SciTE-2.21;C:\Program Files (x86)\pythonxy\mingw\bin;C:\Users\just.steve\Downloads\opencv\build\bin\Debug;C:\Users\just.steve\Downloads\opencv\build\bin\Release;C:\Program Files (x86)\FAHClient
USERNAME=just.steve
OS=Windows_NT
PROCESSOR_IDENTIFIER=Intel64 Family 6 Model 26 Stepping 5, GenuineIntel



---------------  S Y S T E M  ---------------

OS: Windows 7 Build 7600 

CPU:total 8 (8 cores per cpu, 2 threads per core) family 6 model 26 stepping 5, cmov, cx8, fxsr, mmx, sse, sse2, sse3, ssse3, sse4.1, sse4.2, ht

Memory: 4k page, physical 6288888k(1218768k free), swap 12575876k(7057056k free)

vm_info: Java HotSpot(TM) 64-Bit Server VM (14.3-b01) for windows-amd64 JRE (1.6.0_17-b04), built on Oct 11 2009 00:46:08 by "java_re" with MS VC++ 8.0

time: Mon Sep 16 15:19:22 2013
elapsed time: 58930 seconds

