#
# A fatal error has been detected by the Java Runtime Environment:
#
#  EXCEPTION_ACCESS_VIOLATION (0xc0000005) at pc=0x0000000077bf3290, pid=11416, tid=2344
#
# JRE version: 6.0_17-b04
# Java VM: Java HotSpot(TM) 64-Bit Server VM (14.3-b01 mixed mode windows-amd64 )
# Problematic frame:
# C  [ntdll.dll+0x53290]
#
# If you would like to submit a bug report, please visit:
#   http://java.sun.com/webapps/bugreport/crash.jsp
# The crash happened outside the Java Virtual Machine in native code.
# See problematic frame for where to report the bug.
#

---------------  T H R E A D  ---------------

Current thread (0x000000000f859000):  JavaThread "AddressBar directory emptiness poller" [_thread_in_native, id=2344, stack(0x00000000347d0000,0x0000000034850000)]

siginfo: ExceptionCode=0xc0000005, reading address 0x00000746b5b80aa8

Registers:
EAX=0x0000000076ee65c8, EBX=0x00000746b5b80aa0, ECX=0x000000ffffffffff, EDX=0x000000000ea88e90
ESP=0x000000003484e7d0, EBP=0x0000000000000000, ESI=0x0000000005290000, EDI=0x000000000ea88ea0
EIP=0x0000000077bf3290, EFLAGS=0x0000000000010206

Top of Stack: (sp=0x000000003484e7d0)
0x000000003484e7d0:   0000000000000000 000000006de5cb87
0x000000003484e7e0:   0000000000000002 00000000000000a0
0x000000003484e7f0:   0000000000000001 000000006dec4642
0x000000003484e800:   0000000007af5aa0 000000006dec4caa
0x000000003484e810:   000000007bb703c8 0000000000000003
0x000000003484e820:   6666666666666667 0000000000000004
0x000000003484e830:   0000000007af5a50 000000003484ea08
0x000000003484e840:   0000000000000000 00000000779a300a
0x000000003484e850:   fffffffffffffffe 0000000000000004
0x000000003484e860:   0000000007a968c0 000000003484e800
0x000000003484e870:   000000000ea88ef0 000000006de5cabc
0x000000003484e880:   000000000000000f 0000000007af5ac8
0x000000003484e890:   0000000007af5a50 000000003484ea08
0x000000003484e8a0:   0000000000000004 000000007b734f66
0x000000003484e8b0:   0000000000000004 0000000007af5aa0
0x000000003484e8c0:   0000000007af5af0 000000003484ea08 

Instructions: (pc=0x0000000077bf3290)
0x0000000077bf3280:   33 d8 48 33 1d 3f f1 0d 00 48 c1 e3 04 0f 0d 0b
0x0000000077bf3290:   4c 8b 63 08 49 bd 01 00 00 00 01 00 00 00 49 be 


Stack: [0x00000000347d0000,0x0000000034850000],  sp=0x000000003484e7d0,  free space=505k
Native frames: (J=compiled Java code, j=interpreted, Vv=VM code, C=native code)
C  [ntdll.dll+0x53290]

[error occurred during error reporting (printing native stack), id 0xc0000005]

Java frames: (J=compiled Java code, j=interpreted, Vv=VM code)
j  com.mathworks.services.settings.Setting.nativeGet(J[Ljava/lang/String;Ljava/lang/String;Ljava/lang/String;)Lcom/mathworks/services/settings/SettingInfo;+0
j  com.mathworks.services.settings.Setting.getInternal(ZLcom/mathworks/services/settings/SettingLevel;)Ljava/lang/Object;+230
j  com.mathworks.services.settings.Setting.get()Ljava/lang/Object;+3
j  com.mathworks.mlwidgets.explorer.widgets.address.AddressBar$EmptyPoller$1.run()V+25
j  java.util.TimerThread.mainLoop()V+221
j  java.util.TimerThread.run()V+1
v  ~StubRoutines::call_stub

---------------  P R O C E S S  ---------------

Java Threads: ( => current thread )
  0x000000000f859800 JavaThread "Inactive RequestProcessor thread [Was:TimedSoftReference/org.openide.util.TimedSoftReference]" daemon [_thread_blocked, id=10840, stack(0x000000002d6e0000,0x000000002d760000)]
  0x000000000f85b000 JavaThread "Explorer NavigationContext request queue" [_thread_in_Java, id=1824, stack(0x000000002d9f0000,0x000000002da70000)]
  0x000000007ab26000 JavaThread "Code Analyzer updating thread" [_thread_blocked, id=12180, stack(0x00000000509f0000,0x0000000050a70000)]
  0x000000007ab25800 JavaThread "Code Analyzer updating thread" [_thread_blocked, id=6468, stack(0x0000000010f60000,0x0000000010fe0000)]
  0x000000007ab24800 JavaThread "Code Analyzer updating thread" [_thread_blocked, id=8208, stack(0x0000000048c20000,0x0000000048ca0000)]
  0x000000007ab24000 JavaThread "Code Analyzer updating thread" [_thread_blocked, id=11300, stack(0x0000000050920000,0x00000000509a0000)]
  0x000000007ab23800 JavaThread "Code Analyzer updating thread" [_thread_blocked, id=11288, stack(0x0000000050890000,0x0000000050910000)]
  0x000000000f85e000 JavaThread "Active Reference Queue Daemon" daemon [_thread_blocked, id=1456, stack(0x0000000040a10000,0x0000000040a90000)]
  0x000000000f85c000 JavaThread "Timer-7" daemon [_thread_blocked, id=13924, stack(0x0000000044b50000,0x0000000044bd0000)]
  0x000000000f85c800 JavaThread "Timer-6" daemon [_thread_blocked, id=13792, stack(0x0000000040970000,0x00000000409f0000)]
=>0x000000000f859000 JavaThread "AddressBar directory emptiness poller" [_thread_in_native, id=2344, stack(0x00000000347d0000,0x0000000034850000)]
  0x000000000f857800 JavaThread "Timer-1" [_thread_blocked, id=12968, stack(0x0000000025540000,0x00000000255c0000)]
  0x000000000f857000 JavaThread "TimerQueue" daemon [_thread_blocked, id=13460, stack(0x000000000edf0000,0x000000000ee70000)]
  0x000000000f49d000 JavaThread "FelixPackageAdmin" daemon [_thread_blocked, id=13560, stack(0x0000000010ec0000,0x0000000010f40000)]
  0x000000000fb29800 JavaThread "FelixStartLevel" daemon [_thread_blocked, id=11924, stack(0x000000000f120000,0x000000000f1a0000)]
  0x000000000f86e000 JavaThread "FelixDispatchQueue" daemon [_thread_blocked, id=3208, stack(0x000000000ff60000,0x000000000ffe0000)]
  0x000000000fada800 JavaThread "AWT-EventQueue-0" [_thread_in_native, id=5288, stack(0x000000000f0a0000,0x000000000f120000)]
  0x000000004d370000 JavaThread "com.google.common.base.internal.Finalizer" daemon [_thread_blocked, id=11660, stack(0x000000000ef20000,0x000000000efa0000)]
  0x000000000faef800 JavaThread "AWT-Windows" daemon [_thread_in_native, id=12212, stack(0x000000000ed70000,0x000000000edf0000)]
  0x000000000fa0c800 JavaThread "AWT-Shutdown" [_thread_blocked, id=10656, stack(0x000000000d270000,0x000000000d2f0000)]
  0x000000000fa0c000 JavaThread "Java2D Disposer" daemon [_thread_blocked, id=8424, stack(0x000000000d970000,0x000000000d9f0000)]
  0x000000004cf03800 JavaThread "Timer-0" [_thread_blocked, id=1124, stack(0x000000000d8d0000,0x000000000d950000)]
  0x000000004cde8000 JavaThread "EventMgr Dispatcher" daemon [_thread_in_native, id=4184, stack(0x000000001d250000,0x0000000021250000)]
  0x000000000d59c800 JavaThread "Low Memory Detector" daemon [_thread_blocked, id=11400, stack(0x000000000d790000,0x000000000d810000)]
  0x000000000d596000 JavaThread "CompilerThread1" daemon [_thread_blocked, id=7792, stack(0x00000000650c0000,0x00000000690c0000)]
  0x000000000d58f800 JavaThread "CompilerThread0" daemon [_thread_blocked, id=13952, stack(0x000000005d2d0000,0x00000000612d0000)]
  0x000000000d58f000 JavaThread "Attach Listener" daemon [_thread_blocked, id=8364, stack(0x000000000d330000,0x000000000d3b0000)]
  0x000000000d536000 JavaThread "Finalizer" daemon [_thread_blocked, id=7128, stack(0x000000000d670000,0x000000000d6f0000)]
  0x000000000d52c000 JavaThread "Reference Handler" daemon [_thread_blocked, id=2156, stack(0x000000000d0d0000,0x000000000d150000)]
  0x0000000005414800 JavaThread "main" [_thread_in_native, id=7572, stack(0x00000000001a0000,0x00000000041a0000)]

Other Threads:
  0x000000000d527000 VMThread [stack: 0x0000000059210000,0x000000005d210000] [id=13476]
  0x000000000d5c9800 WatcherThread [stack: 0x00000000e8100000,0x00000000ec100000] [id=6496]

VM state:not at safepoint (normal execution)

VM Mutex/Monitor currently owned by a thread: None

Heap
 PSYoungGen      total 101696K, used 73424K [0x00000000d0000000, 0x00000000d8ee0000, 0x00000000e8000000)
  eden space 74752K, 91% used [0x00000000d0000000,0x00000000d4306d80,0x00000000d4900000)
  from space 26944K, 17% used [0x00000000d6280000,0x00000000d672d358,0x00000000d7cd0000)
  to   space 26112K, 0% used [0x00000000d4900000,0x00000000d4900000,0x00000000d6280000)
 PSOldGen        total 83584K, used 44944K [0x0000000088000000, 0x000000008d1a0000, 0x00000000d0000000)
  object space 83584K, 53% used [0x0000000088000000,0x000000008abe4030,0x000000008d1a0000)
 PSPermGen       total 104576K, used 59017K [0x0000000080000000, 0x0000000086620000, 0x0000000088000000)
  object space 104576K, 56% used [0x0000000080000000,0x00000000839a25b8,0x0000000086620000)

Dynamic libraries:
0x000000013f9d0000 - 0x000000013fa02000 	C:\Program Files\MATLAB\R2012a\bin\win64\MATLAB.exe
0x0000000077ba0000 - 0x0000000077d49000 	C:\Windows\SYSTEM32\ntdll.dll
0x0000000077980000 - 0x0000000077a9f000 	C:\Windows\system32\kernel32.dll
0x000007fefdac0000 - 0x000007fefdb2b000 	C:\Windows\system32\KERNELBASE.dll
0x0000000074460000 - 0x0000000074554000 	C:\Program Files\MATLAB\R2012a\bin\win64\libut.dll
0x00000000758a0000 - 0x0000000075952000 	C:\Program Files\MATLAB\R2012a\bin\win64\libmwi18n.dll
0x0000000180000000 - 0x000000018000b000 	C:\Program Files\MATLAB\R2012a\bin\win64\libmwresource_core.dll
0x000000006dec0000 - 0x000000006df93000 	C:\Windows\WinSxS\amd64_microsoft.vc90.crt_1fc8b3b9a1e18e3b_9.0.30729.6161_none_08e61857a83bc251\MSVCP90.dll
0x000000006de10000 - 0x000000006deb3000 	C:\Windows\WinSxS\amd64_microsoft.vc90.crt_1fc8b3b9a1e18e3b_9.0.30729.6161_none_08e61857a83bc251\MSVCR90.dll
0x000000007a170000 - 0x000000007a19c000 	C:\Program Files\MATLAB\R2012a\bin\win64\boost_filesystem-vc90-mt-1_44.dll
0x000000007a560000 - 0x000000007a569000 	C:\Program Files\MATLAB\R2012a\bin\win64\boost_system-vc90-mt-1_44.dll
0x000007feffbd0000 - 0x000007feffcab000 	C:\Windows\system32\ADVAPI32.dll
0x000007fefe2e0000 - 0x000007fefe37f000 	C:\Windows\system32\msvcrt.dll
0x000007fefe6b0000 - 0x000007fefe6cf000 	C:\Windows\SYSTEM32\sechost.dll
0x000007feffcb0000 - 0x000007feffddd000 	C:\Windows\system32\RPCRT4.dll
0x000000007a010000 - 0x000000007a035000 	C:\Program Files\MATLAB\R2012a\bin\win64\LIBEXPAT.dll
0x000000006b740000 - 0x000000006b931000 	C:\Program Files\MATLAB\R2012a\bin\win64\icuin44.dll
0x000000006bd70000 - 0x000000006bee1000 	C:\Program Files\MATLAB\R2012a\bin\win64\icuuc44.dll
0x0000000010000000 - 0x0000000010e41000 	C:\Program Files\MATLAB\R2012a\bin\win64\icudt44.dll
0x0000000073f70000 - 0x00000000740ad000 	C:\Program Files\MATLAB\R2012a\bin\win64\libmwfl.dll
0x0000000004380000 - 0x0000000004676000 	C:\Program Files\MATLAB\R2012a\bin\win64\libmwMATLAB_res.dll
0x000000007a3b0000 - 0x000000007a3c0000 	C:\Program Files\MATLAB\R2012a\bin\win64\boost_date_time-vc90-mt-1_44.dll
0x000000007a250000 - 0x000000007a263000 	C:\Program Files\MATLAB\R2012a\bin\win64\boost_signals-vc90-mt-1_44.dll
0x000000007a2d0000 - 0x000000007a2e2000 	C:\Program Files\MATLAB\R2012a\bin\win64\boost_thread-vc90-mt-1_44.dll
0x00000000041a0000 - 0x00000000041e6000 	C:\Program Files\MATLAB\R2012a\bin\win64\tbb.dll
0x000007feff770000 - 0x000007feff789000 	C:\Windows\system32\imagehlp.dll
0x0000000077d60000 - 0x0000000077d67000 	C:\Windows\system32\PSAPI.DLL
0x000000006fe10000 - 0x000000006fe23000 	C:\Program Files\MATLAB\R2012a\bin\win64\icuio44.dll
0x000007fefb480000 - 0x000007fefb5a5000 	C:\Windows\system32\dbghelp.dll
0x0000000077aa0000 - 0x0000000077b9a000 	C:\Windows\system32\USER32.dll
0x000007fefe380000 - 0x000007fefe3e7000 	C:\Windows\system32\GDI32.dll
0x000007fefe620000 - 0x000007fefe62e000 	C:\Windows\system32\LPK.dll
0x000007feff830000 - 0x000007feff8f9000 	C:\Windows\system32\USP10.dll
0x000000007bed0000 - 0x000000007c183000 	C:\Program Files\MATLAB\R2012a\bin\win64\libmwservices.dll
0x0000000075a20000 - 0x0000000075ae2000 	C:\Program Files\MATLAB\R2012a\bin\win64\libmx.dll
0x000000007a210000 - 0x000000007a228000 	C:\Program Files\MATLAB\R2012a\bin\win64\zlib1.dll
0x0000000004240000 - 0x0000000004261000 	C:\Program Files\MATLAB\R2012a\bin\win64\libmwmfl_scalar.dll
0x0000000075f10000 - 0x0000000075f5d000 	C:\Program Files\MATLAB\R2012a\bin\win64\mpath.dll
0x000000007b680000 - 0x000000007bbe1000 	C:\Program Files\MATLAB\R2012a\bin\win64\mlutil.dll
0x000000006dd30000 - 0x000000006ddaf000 	C:\Program Files\MATLAB\R2012a\bin\win64\xmlcore.dll
0x000000007bc30000 - 0x000000007be83000 	C:\Program Files\MATLAB\R2012a\bin\win64\xerces-c_2_7.dll
0x000007feffde0000 - 0x000007feffe2d000 	C:\Windows\system32\WS2_32.dll
0x000007feffb90000 - 0x000007feffb98000 	C:\Windows\system32\NSI.dll
0x00000000046c0000 - 0x00000000046da000 	C:\Program Files\MATLAB\R2012a\bin\win64\libmwMATLAB_settings_res.dll
0x00000000046f0000 - 0x0000000004737000 	C:\Program Files\MATLAB\R2012a\bin\win64\boost_serialization-vc90-mt-1_44.dll
0x000007fefe6d0000 - 0x000007feff458000 	C:\Windows\system32\SHELL32.dll
0x000007fefe630000 - 0x000007fefe6a1000 	C:\Windows\system32\SHLWAPI.dll
0x000007fef9470000 - 0x000007fef9510000 	C:\Windows\WinSxS\amd64_microsoft.windows.common-controls_6595b64144ccf1df_5.82.7601.17514_none_a4d6a923711520a9\COMCTL32.dll
0x000007feff790000 - 0x000007feff827000 	C:\Windows\system32\COMDLG32.dll
0x000007fefaeb0000 - 0x000007fefaec6000 	C:\Windows\system32\NETAPI32.dll
0x000007fefaea0000 - 0x000007fefaeac000 	C:\Windows\system32\netutils.dll
0x000007fefd4d0000 - 0x000007fefd4f3000 	C:\Windows\system32\srvcli.dll
0x000007fefae80000 - 0x000007fefae95000 	C:\Windows\system32\wkscli.dll
0x000007feff4c0000 - 0x000007feff6c3000 	C:\Windows\system32\ole32.dll
0x000007fefdf90000 - 0x000007fefe067000 	C:\Windows\system32\OLEAUT32.dll
0x0000000074970000 - 0x0000000074b06000 	C:\Program Files\MATLAB\R2012a\bin\win64\mcr.dll
0x0000000075000000 - 0x000000007536b000 	C:\Program Files\MATLAB\R2012a\bin\win64\iqm.dll
0x0000000069c70000 - 0x000000006a491000 	C:\Program Files\MATLAB\R2012a\bin\win64\m_interpreter.dll
0x000000006ee80000 - 0x000000006eea5000 	C:\Program Files\MATLAB\R2012a\bin\win64\libmex.dll
0x000000006b680000 - 0x000000006b733000 	C:\Program Files\MATLAB\R2012a\bin\win64\m_dispatcher.dll
0x0000000074880000 - 0x000000007496d000 	C:\Program Files\MATLAB\R2012a\bin\win64\boost_regex-vc90-mt-1_44.dll
0x000000006db20000 - 0x000000006dba4000 	C:\Program Files\MATLAB\R2012a\bin\win64\profiler.dll
0x00000000047c0000 - 0x0000000004a15000 	C:\Program Files\MATLAB\R2012a\bin\win64\libmwmathutil.dll
0x0000000079f40000 - 0x0000000079f6d000 	C:\Program Files\MATLAB\R2012a\bin\win64\libmwmathrng.dll
0x0000000074c10000 - 0x0000000074ced000 	C:\Program Files\MATLAB\R2012a\bin\win64\libmwmathcore.dll
0x0000000076160000 - 0x00000000761cb000 	C:\Program Files\MATLAB\R2012a\bin\win64\libmwspmatrix.dll
0x0000000075ea0000 - 0x0000000075f02000 	C:\Program Files\MATLAB\R2012a\bin\win64\libmwcholmod.dll
0x000000007a460000 - 0x000000007a46d000 	C:\Program Files\MATLAB\R2012a\bin\win64\libmwamd.dll
0x000000007a4b0000 - 0x000000007a4bc000 	C:\Program Files\MATLAB\R2012a\bin\win64\libmwcolamd.dll
0x000000006ee60000 - 0x000000006ee79000 	C:\Program Files\MATLAB\R2012a\bin\win64\libmwblas.dll
0x000000006db00000 - 0x000000006db12000 	C:\Program Files\MATLAB\R2012a\bin\win64\libmwbinder.dll
0x0000000070b40000 - 0x0000000070b4b000 	C:\Program Files\MATLAB\R2012a\bin\win64\libmwompwrapper.dll
0x000000006b5f0000 - 0x000000006b676000 	C:\Program Files\MATLAB\R2012a\bin\win64\libmwlapack.dll
0x000000006d5c0000 - 0x000000006d5e1000 	C:\Program Files\MATLAB\R2012a\bin\win64\m_pcodeio.dll
0x0000000079b10000 - 0x0000000079b77000 	C:\Program Files\MATLAB\R2012a\bin\win64\m_ir.dll
0x0000000064920000 - 0x0000000064f70000 	C:\Program Files\MATLAB\R2012a\bin\win64\m_parser.dll
0x000000006c5d0000 - 0x000000006c5ea000 	C:\Program Files\MATLAB\R2012a\bin\win64\ir_xfmr.dll
0x000000006b370000 - 0x000000006b5e9000 	C:\Program Files\MATLAB\R2012a\bin\win64\mcos.dll
0x00000000709c0000 - 0x00000000709cc000 	C:\Program Files\MATLAB\R2012a\bin\win64\mtok.dll
0x000000006c590000 - 0x000000006c5c1000 	C:\Program Files\MATLAB\R2012a\bin\win64\m_pcodegen.dll
0x0000000079fb0000 - 0x0000000079fe7000 	C:\Program Files\MATLAB\R2012a\bin\win64\libmwbridge.dll
0x000000006b2a0000 - 0x000000006b368000 	C:\Program Files\MATLAB\R2012a\bin\win64\udd.dll
0x000000006a7a0000 - 0x000000006a8f2000 	C:\Program Files\MATLAB\R2012a\bin\win64\libmwgui.dll
0x000000006bd50000 - 0x000000006bd67000 	C:\Program Files\MATLAB\R2012a\bin\win64\graphics_util.dll
0x0000000061510000 - 0x0000000061eb3000 	C:\Program Files\MATLAB\R2012a\bin\win64\hg.dll
0x0000000004b90000 - 0x0000000004bf7000 	C:\Program Files\MATLAB\R2012a\bin\win64\libmat.dll
0x0000000072d30000 - 0x0000000072f44000 	C:\Program Files\MATLAB\R2012a\bin\win64\hdf5dll.dll
0x0000000075710000 - 0x00000000757c1000 	C:\Program Files\MATLAB\R2012a\bin\win64\jmi.dll
0x0000000004c30000 - 0x0000000004c3e000 	C:\Program Files\MATLAB\R2012a\bin\win64\nativejava_services.dll
0x000000006b250000 - 0x000000006b292000 	C:\Program Files\MATLAB\R2012a\bin\win64\libmwhardcopy.dll
0x000000006b1f0000 - 0x000000006b24a000 	C:\Program Files\MATLAB\R2012a\bin\win64\libuij.dll
0x0000000064190000 - 0x000000006439c000 	C:\Program Files\MATLAB\R2012a\bin\win64\hgdatatypes.dll
0x000000006b050000 - 0x000000006b14d000 	C:\Program Files\MATLAB\R2012a\bin\win64\hgutils.dll
0x000000006a6e0000 - 0x000000006a79d000 	C:\Program Files\MATLAB\R2012a\bin\win64\udd_mi.dll
0x0000000004ca0000 - 0x0000000004cdb000 	C:\Program Files\MATLAB\R2012a\bin\win64\libmwgbtutils.dll
0x0000000004cf0000 - 0x0000000004d09000 	C:\Program Files\MATLAB\R2012a\bin\win64\libmwgbt.dll
0x0000000004d20000 - 0x0000000004fea000 	C:\Program Files\MATLAB\R2012a\bin\win64\uiw.dll
0x00000000704b0000 - 0x00000000704bf000 	C:\Program Files\MATLAB\R2012a\bin\win64\uinone.dll
0x000007fefacb0000 - 0x000007fefacc8000 	C:\Windows\system32\MPR.dll
0x0000000050a70000 - 0x0000000050f54000 	C:\Windows\WinSxS\amd64_microsoft.vc90.mfc_1fc8b3b9a1e18e3b_9.0.30729.6161_none_044aad0bab1eb146\mfc90.dll
0x000007fef8df0000 - 0x000007fef8df7000 	C:\Windows\system32\MSIMG32.dll
0x000007fef9530000 - 0x000007fef95a1000 	C:\Windows\system32\WINSPOOL.DRV
0x000000006b1d0000 - 0x000000006b1f0000 	C:\Program Files\MATLAB\R2012a\bin\win64\mwoles05.DLL
0x000000006a660000 - 0x000000006a6dc000 	C:\Program Files\MATLAB\R2012a\bin\win64\comcli.dll
0x000000006a630000 - 0x000000006a65f000 	C:\Windows\WinSxS\amd64_microsoft.vc90.atl_1fc8b3b9a1e18e3b_9.0.30729.6161_none_0a1fd3a3a768b895\ATL90.DLL
0x000000006efa0000 - 0x000000006efac000 	C:\Program Files\MATLAB\R2012a\bin\win64\mlautoregister.dll
0x0000000005040000 - 0x0000000005050000 	C:\Program Files\MATLAB\R2012a\bin\win64\boost_iostreams-vc90-mt-1_44.dll
0x000007fefd850000 - 0x000007fefd8a7000 	C:\Windows\system32\apphelp.dll
0x000007fef5b40000 - 0x000007fef5b91000 	C:\Windows\AppPatch\AppPatch64\AcGenral.DLL
0x000007fefd820000 - 0x000007fefd845000 	C:\Windows\system32\SspiCli.dll
0x0000000071a10000 - 0x0000000071a13000 	C:\Windows\system32\sfc.dll
0x000007fef9850000 - 0x000007fef9860000 	C:\Windows\system32\sfc_os.DLL
0x000007fefccc0000 - 0x000007fefccde000 	C:\Windows\system32\USERENV.dll
0x000007fefd980000 - 0x000007fefd98f000 	C:\Windows\system32\profapi.dll
0x000007fefbf00000 - 0x000007fefbf18000 	C:\Windows\system32\dwmapi.dll
0x000007feffba0000 - 0x000007feffbce000 	C:\Windows\system32\IMM32.DLL
0x000007fefe070000 - 0x000007fefe179000 	C:\Windows\system32\MSCTF.dll
0x000007fefbf80000 - 0x000007fefbfd6000 	C:\Windows\system32\UxTheme.dll
0x000000006d5b0000 - 0x000000006d5bd000 	C:\Windows\WinSxS\amd64_microsoft.vc90.mfcloc_1fc8b3b9a1e18e3b_9.0.30729.6161_none_01c9581e60cbee58\MFC90ENU.DLL
0x00000000051a0000 - 0x00000000051c9000 	C:\Program Files\MATLAB\R2012a\bin\win64\tbbmalloc.dll
0x000007fefc1c0000 - 0x000007fefc1cf000 	C:\Program Files\MATLAB\R2012a\bin\win64\xmlxrcsc.dll
0x000007fefd8b0000 - 0x000007fefd8bf000 	C:\Windows\system32\CRYPTBASE.dll
0x000007fefbf60000 - 0x000007fefbf80000 	C:\Program Files (x86)\TeamViewer\Version8\tv_x64.dll
0x000007fefcac0000 - 0x000007fefcacc000 	C:\Windows\system32\VERSION.dll
0x000007fefc430000 - 0x000007fefc624000 	C:\Windows\WinSxS\amd64_microsoft.windows.common-controls_6595b64144ccf1df_6.0.7601.17514_none_fa396087175ac9ac\comctl32.dll
0x000007fefddb0000 - 0x000007fefdf87000 	C:\Windows\system32\SETUPAPI.dll
0x000007fefda80000 - 0x000007fefdab6000 	C:\Windows\system32\CFGMGR32.dll
0x000007fefdd60000 - 0x000007fefdd7a000 	C:\Windows\system32\DEVOBJ.dll

VM Arguments:
jvm_args: -Xss512k -XX:PermSize=32m -Xms64m -XX:NewRatio=3 -XX:MaxPermSize=128m -Xmx1535m -XX:MaxDirectMemorySize=2147400000 -Dsun.java2d.noddraw=true -Dsun.awt.nopixfmt=true -Xshare:off -Xrs -Dsun.awt.disableMixing=true -Djava.library.path=C:\Program Files\MATLAB\R2012a\bin\win64 vfprintf abort 
java_command: <unknown>
Launcher Type: generic

Environment Variables:
JAVA_HOME=C:\Program Files\Java\jdk1.7.0_09\bin
PATH=C:\Python33\;C:\Program Files (x86)\NVIDIA Corporation\PhysX\Common;C:\Windows\system32;C:\Windows;C:\Windows\System32\Wbem;C:\Windows\System32\WindowsPowerShell\v1.0\;C:\Program Files\TortoiseSVN\bin;C:\Program Files\MATLAB\R2012a\runtime\win64;C:\Program Files\MATLAB\R2012a\bin;C:\Program Files\Java\jdk1.7.0_09\bin;C:\Program Files (x86)\Point Grey Research\FlyCapture2\bin;C:\Development\adt-bundle-windows-x86_64-20130219\sdk\platform-tools;C:\Development\adt-bundle-windows-x86_64-20130219\sdk\tools;C:\Development\apache-ant-1.8.4\bin;C:\Program Files\Point Grey Research\FlyCapture2\bin64;C:\Libraries\opencv\build\bin\Debug;C:\Libraries\tbb41_20121003oss\bin\intel64\vc10;C:\MinGW\bin;H:\Development\adt-bundle-windows-x86_64-20130219\sdk\platform-tools;H:\Development\adt-bundle-windows-x86_64-20130219\sdk\tools;H:\Development\apache-ant-1.9.2\bin;C:\Modeltech_pe_edu_10.2a\win32pe_edu;C:\Program Files (x86)\FAHClient
USERNAME=steve
OS=Windows_NT
PROCESSOR_IDENTIFIER=Intel64 Family 6 Model 26 Stepping 5, GenuineIntel



---------------  S Y S T E M  ---------------

OS: Windows 7 Build 7601 Service Pack 1

CPU:total 8 (8 cores per cpu, 2 threads per core) family 6 model 26 stepping 5, cmov, cx8, fxsr, mmx, sse, sse2, sse3, ssse3, sse4.1, sse4.2, ht

Memory: 4k page, physical 6288888k(1895456k free), swap 420210188k(414621572k free)

vm_info: Java HotSpot(TM) 64-Bit Server VM (14.3-b01) for windows-amd64 JRE (1.6.0_17-b04), built on Oct 11 2009 00:46:08 by "java_re" with MS VC++ 8.0

time: Tue Sep 17 23:37:13 2013
elapsed time: 491 seconds

