#
# A fatal error has been detected by the Java Runtime Environment:
#
#  EXCEPTION_ACCESS_VIOLATION (0xc0000005) at pc=0x0000000077bf3290, pid=2864, tid=5688
#
# JRE version: 6.0_17-b04
# Java VM: Java HotSpot(TM) 64-Bit Server VM (14.3-b01 mixed mode windows-amd64 )
# Problematic frame:
# C  [ntdll.dll+0x53290]
#
# If you would like to submit a bug report, please visit:
#   http://java.sun.com/webapps/bugreport/crash.jsp
# The crash happened outside the Java Virtual Machine in native code.
# See problematic frame for where to report the bug.
#

---------------  T H R E A D  ---------------

Current thread (0x000000005886f800):  JavaThread "AddressBar directory emptiness poller" [_thread_in_native, id=5688, stack(0x0000000054e90000,0x0000000054f10000)]

siginfo: ExceptionCode=0xc0000005, reading address 0x00000b25634c8268

Registers:
EAX=0x00000000629120c8, EBX=0x00000b25634c8260, ECX=0x000000ffffffffff, EDX=0x0000000062036ae0
ESP=0x0000000054f0ebb0, EBP=0x0000000000000000, ESI=0x0000000005360000, EDI=0x0000000062036af0
EIP=0x0000000077bf3290, EFLAGS=0x0000000000010206

Top of Stack: (sp=0x0000000054f0ebb0)
0x0000000054f0ebb0:   0000000000000000 000000006df6cb87
0x0000000054f0ebc0:   0000000000000002 0000000000000078
0x0000000054f0ebd0:   0000000000000001 000000006dfd4642
0x0000000054f0ebe0:   000000006200b4b8 000000006dfd4caa
0x0000000054f0ebf0:   000000007bb70330 0000000000000002
0x0000000054f0ec00:   6666666666666667 0000000000000003
0x0000000054f0ec10:   000000006200b490 0000000054f0ede8
0x0000000054f0ec20:   0000000000000000 00000000779a300a
0x0000000054f0ec30:   fffffffffffffffe 0000000000000003
0x0000000054f0ec40:   0000000007c668c0 0000000054f0ec00
0x0000000054f0ec50:   0000000062036b18 000000006df6cabc
0x0000000054f0ec60:   000000000000000f 000000006200b4e0
0x0000000054f0ec70:   000000006200b490 0000000054f0ede8
0x0000000054f0ec80:   0000000000000003 000000007b734f66
0x0000000054f0ec90:   0000000000000003 000000006200b4b8
0x0000000054f0eca0:   000000006200b508 0000000054f0ede8 

Instructions: (pc=0x0000000077bf3290)
0x0000000077bf3280:   33 d8 48 33 1d 3f f1 0d 00 48 c1 e3 04 0f 0d 0b
0x0000000077bf3290:   4c 8b 63 08 49 bd 01 00 00 00 01 00 00 00 49 be 


Stack: [0x0000000054e90000,0x0000000054f10000],  sp=0x0000000054f0ebb0,  free space=506k
Native frames: (J=compiled Java code, j=interpreted, Vv=VM code, C=native code)
C  [ntdll.dll+0x53290]

[error occurred during error reporting (printing native stack), id 0xc0000005]

Java frames: (J=compiled Java code, j=interpreted, Vv=VM code)
j  com.mathworks.services.settings.Setting.nativeGet(J[Ljava/lang/String;Ljava/lang/String;Ljava/lang/String;)Lcom/mathworks/services/settings/SettingInfo;+0
j  com.mathworks.services.settings.Setting.getInternal(ZLcom/mathworks/services/settings/SettingLevel;)Ljava/lang/Object;+230
j  com.mathworks.services.settings.Setting.get()Ljava/lang/Object;+3
j  com.mathworks.mlwidgets.explorer.widgets.address.AddressBar$EmptyPoller$1.run()V+25
j  java.util.TimerThread.mainLoop()V+221
j  java.util.TimerThread.run()V+1
v  ~StubRoutines::call_stub

---------------  P R O C E S S  ---------------

Java Threads: ( => current thread )
  0x0000000058879000 JavaThread "Timer-28" [_thread_new, id=6616, stack(0x0000000000000000,0x0000000000000000)]
  0x0000000058878000 JavaThread "Code Analyzer updating thread" [_thread_blocked, id=3704, stack(0x0000000057100000,0x0000000057180000)]
  0x0000000058877800 JavaThread "Code Analyzer updating thread" [_thread_blocked, id=9056, stack(0x0000000057080000,0x0000000057100000)]
  0x0000000058877000 JavaThread "Code Analyzer updating thread" [_thread_blocked, id=3364, stack(0x000000003c620000,0x000000003c6a0000)]
  0x0000000058876000 JavaThread "Code Analyzer updating thread" [_thread_blocked, id=1196, stack(0x0000000056fc0000,0x0000000057040000)]
  0x0000000058875800 JavaThread "Code Analyzer updating thread" [_thread_blocked, id=6516, stack(0x0000000055210000,0x0000000055290000)]
  0x0000000058874800 JavaThread "Active Reference Queue Daemon" daemon [_thread_blocked, id=7624, stack(0x0000000056f00000,0x0000000056f80000)]
  0x0000000058872800 JavaThread "Timer-6" daemon [_thread_blocked, id=4000, stack(0x0000000056df0000,0x0000000056e70000)]
  0x0000000058873000 JavaThread "Timer-5" daemon [_thread_blocked, id=8908, stack(0x00000000550e0000,0x0000000055160000)]
  0x0000000058871800 JavaThread "Explorer NavigationContext request queue" [_thread_in_Java, id=5980, stack(0x0000000010e60000,0x0000000010ee0000)]
=>0x000000005886f800 JavaThread "AddressBar directory emptiness poller" [_thread_in_native, id=5688, stack(0x0000000054e90000,0x0000000054f10000)]
  0x000000005886e000 JavaThread "Timer-1" [_thread_blocked, id=9012, stack(0x000000000fce0000,0x000000000fd60000)]
  0x000000005886d800 JavaThread "TimerQueue" daemon [_thread_blocked, id=3732, stack(0x0000000021230000,0x00000000212b0000)]
  0x000000000f735000 JavaThread "FelixPackageAdmin" daemon [_thread_blocked, id=4036, stack(0x0000000010f00000,0x0000000010f80000)]
  0x000000000f105000 JavaThread "FelixStartLevel" daemon [_thread_blocked, id=7584, stack(0x000000000fed0000,0x000000000ff50000)]
  0x000000000f10b000 JavaThread "FelixDispatchQueue" daemon [_thread_blocked, id=8792, stack(0x000000000eab0000,0x000000000eb30000)]
  0x000000000f0f2000 JavaThread "AWT-EventQueue-0" [_thread_in_Java, id=2296, stack(0x000000000fc60000,0x000000000fce0000)]
  0x00000000584cd800 JavaThread "com.google.common.base.internal.Finalizer" daemon [_thread_blocked, id=8852, stack(0x000000000fbe0000,0x000000000fc60000)]
  0x000000000f79d800 JavaThread "AWT-Windows" daemon [_thread_in_native, id=4608, stack(0x000000000ee30000,0x000000000eeb0000)]
  0x000000000f4cc000 JavaThread "AWT-Shutdown" [_thread_blocked, id=8416, stack(0x000000000eb60000,0x000000000ebe0000)]
  0x000000000f4cb000 JavaThread "Java2D Disposer" daemon [_thread_blocked, id=2540, stack(0x000000000ec60000,0x000000000ece0000)]
  0x0000000058204000 JavaThread "Timer-0" [_thread_blocked, id=4592, stack(0x000000000e820000,0x000000000e8a0000)]
  0x000000005808e800 JavaThread "EventMgr Dispatcher" daemon [_thread_in_native, id=2124, stack(0x000000001d1f0000,0x00000000211f0000)]
  0x000000000e6ac800 JavaThread "Low Memory Detector" daemon [_thread_blocked, id=8984, stack(0x000000000d160000,0x000000000d1e0000)]
  0x000000000e6a6000 JavaThread "CompilerThread1" daemon [_thread_in_native, id=2876, stack(0x00000000ec1a0000,0x00000000f01a0000)]
  0x000000000e69f800 JavaThread "CompilerThread0" daemon [_thread_blocked, id=7824, stack(0x00000000e8100000,0x00000000ec100000)]
  0x000000000e69f000 JavaThread "Attach Listener" daemon [_thread_blocked, id=4112, stack(0x000000000d2f0000,0x000000000d370000)]
  0x000000000e646000 JavaThread "Finalizer" daemon [_thread_blocked, id=2964, stack(0x000000000e730000,0x000000000e7b0000)]
  0x000000000e63c000 JavaThread "Reference Handler" daemon [_thread_blocked, id=8576, stack(0x000000000d260000,0x000000000d2e0000)]
  0x00000000053e4800 JavaThread "main" [_thread_in_native, id=3332, stack(0x0000000000040000,0x0000000004040000)]

Other Threads:
  0x000000000e637000 VMThread [stack: 0x00000000697a0000,0x000000006d7a0000] [id=8028]
  0x000000000e6d9800 WatcherThread [stack: 0x00000000f0280000,0x00000000f4280000] [id=4340]

VM state:not at safepoint (normal execution)

VM Mutex/Monitor currently owned by a thread: None

Heap
 PSYoungGen      total 72896K, used 47508K [0x00000000d0000000, 0x00000000d5580000, 0x00000000e8000000)
  eden space 59392K, 72% used [0x00000000d0000000,0x00000000d2a33720,0x00000000d3a00000)
  from space 13504K, 31% used [0x00000000d4850000,0x00000000d4c81b40,0x00000000d5580000)
  to   space 14080K, 0% used [0x00000000d3a00000,0x00000000d3a00000,0x00000000d47c0000)
 PSOldGen        total 84480K, used 51822K [0x0000000088000000, 0x000000008d280000, 0x00000000d0000000)
  object space 84480K, 61% used [0x0000000088000000,0x000000008b29bb20,0x000000008d280000)
 PSPermGen       total 108608K, used 59496K [0x0000000080000000, 0x0000000086a10000, 0x0000000088000000)
  object space 108608K, 54% used [0x0000000080000000,0x0000000083a1a2e0,0x0000000086a10000)

Dynamic libraries:
0x000000013f5b0000 - 0x000000013f5e2000 	C:\Program Files\MATLAB\R2012a\bin\win64\MATLAB.exe
0x0000000077ba0000 - 0x0000000077d49000 	C:\Windows\SYSTEM32\ntdll.dll
0x0000000077980000 - 0x0000000077a9f000 	C:\Windows\system32\kernel32.dll
0x000007fefdac0000 - 0x000007fefdb2b000 	C:\Windows\system32\KERNELBASE.dll
0x0000000074460000 - 0x0000000074554000 	C:\Program Files\MATLAB\R2012a\bin\win64\libut.dll
0x00000000758a0000 - 0x0000000075952000 	C:\Program Files\MATLAB\R2012a\bin\win64\libmwi18n.dll
0x0000000180000000 - 0x000000018000b000 	C:\Program Files\MATLAB\R2012a\bin\win64\libmwresource_core.dll
0x000000006dfd0000 - 0x000000006e0a3000 	C:\Windows\WinSxS\amd64_microsoft.vc90.crt_1fc8b3b9a1e18e3b_9.0.30729.6161_none_08e61857a83bc251\MSVCP90.dll
0x000000006df20000 - 0x000000006dfc3000 	C:\Windows\WinSxS\amd64_microsoft.vc90.crt_1fc8b3b9a1e18e3b_9.0.30729.6161_none_08e61857a83bc251\MSVCR90.dll
0x000000007a170000 - 0x000000007a19c000 	C:\Program Files\MATLAB\R2012a\bin\win64\boost_filesystem-vc90-mt-1_44.dll
0x000000007a560000 - 0x000000007a569000 	C:\Program Files\MATLAB\R2012a\bin\win64\boost_system-vc90-mt-1_44.dll
0x000007feffbd0000 - 0x000007feffcab000 	C:\Windows\system32\ADVAPI32.dll
0x000007fefe2e0000 - 0x000007fefe37f000 	C:\Windows\system32\msvcrt.dll
0x000007fefe6b0000 - 0x000007fefe6cf000 	C:\Windows\SYSTEM32\sechost.dll
0x000007feffcb0000 - 0x000007feffddd000 	C:\Windows\system32\RPCRT4.dll
0x000000007a010000 - 0x000000007a035000 	C:\Program Files\MATLAB\R2012a\bin\win64\LIBEXPAT.dll
0x000000005ab60000 - 0x000000005ad51000 	C:\Program Files\MATLAB\R2012a\bin\win64\icuin44.dll
0x000000005e1d0000 - 0x000000005e341000 	C:\Program Files\MATLAB\R2012a\bin\win64\icuuc44.dll
0x0000000010000000 - 0x0000000010e41000 	C:\Program Files\MATLAB\R2012a\bin\win64\icudt44.dll
0x0000000073f70000 - 0x00000000740ad000 	C:\Program Files\MATLAB\R2012a\bin\win64\libmwfl.dll
0x00000000042c0000 - 0x00000000045b6000 	C:\Program Files\MATLAB\R2012a\bin\win64\libmwMATLAB_res.dll
0x000000007a3b0000 - 0x000000007a3c0000 	C:\Program Files\MATLAB\R2012a\bin\win64\boost_date_time-vc90-mt-1_44.dll
0x000000007a250000 - 0x000000007a263000 	C:\Program Files\MATLAB\R2012a\bin\win64\boost_signals-vc90-mt-1_44.dll
0x000000007a2d0000 - 0x000000007a2e2000 	C:\Program Files\MATLAB\R2012a\bin\win64\boost_thread-vc90-mt-1_44.dll
0x00000000045c0000 - 0x0000000004606000 	C:\Program Files\MATLAB\R2012a\bin\win64\tbb.dll
0x000007feff770000 - 0x000007feff789000 	C:\Windows\system32\imagehlp.dll
0x0000000077d60000 - 0x0000000077d67000 	C:\Windows\system32\PSAPI.DLL
0x0000000067df0000 - 0x0000000067e03000 	C:\Program Files\MATLAB\R2012a\bin\win64\icuio44.dll
0x000007fefb480000 - 0x000007fefb5a5000 	C:\Windows\system32\dbghelp.dll
0x0000000077aa0000 - 0x0000000077b9a000 	C:\Windows\system32\USER32.dll
0x000007fefe380000 - 0x000007fefe3e7000 	C:\Windows\system32\GDI32.dll
0x000007fefe620000 - 0x000007fefe62e000 	C:\Windows\system32\LPK.dll
0x000007feff830000 - 0x000007feff8f9000 	C:\Windows\system32\USP10.dll
0x000000007bed0000 - 0x000000007c183000 	C:\Program Files\MATLAB\R2012a\bin\win64\libmwservices.dll
0x0000000075a20000 - 0x0000000075ae2000 	C:\Program Files\MATLAB\R2012a\bin\win64\libmx.dll
0x000000007a210000 - 0x000000007a228000 	C:\Program Files\MATLAB\R2012a\bin\win64\zlib1.dll
0x0000000004640000 - 0x0000000004661000 	C:\Program Files\MATLAB\R2012a\bin\win64\libmwmfl_scalar.dll
0x0000000075f10000 - 0x0000000075f5d000 	C:\Program Files\MATLAB\R2012a\bin\win64\mpath.dll
0x000000007b680000 - 0x000000007bbe1000 	C:\Program Files\MATLAB\R2012a\bin\win64\mlutil.dll
0x0000000067d70000 - 0x0000000067def000 	C:\Program Files\MATLAB\R2012a\bin\win64\xmlcore.dll
0x000000007bc30000 - 0x000000007be83000 	C:\Program Files\MATLAB\R2012a\bin\win64\xerces-c_2_7.dll
0x000007feffde0000 - 0x000007feffe2d000 	C:\Windows\system32\WS2_32.dll
0x000007feffb90000 - 0x000007feffb98000 	C:\Windows\system32\NSI.dll
0x00000000046c0000 - 0x00000000046da000 	C:\Program Files\MATLAB\R2012a\bin\win64\libmwMATLAB_settings_res.dll
0x00000000046f0000 - 0x0000000004737000 	C:\Program Files\MATLAB\R2012a\bin\win64\boost_serialization-vc90-mt-1_44.dll
0x000007fefe6d0000 - 0x000007feff458000 	C:\Windows\system32\SHELL32.dll
0x000007fefe630000 - 0x000007fefe6a1000 	C:\Windows\system32\SHLWAPI.dll
0x000007fef9470000 - 0x000007fef9510000 	C:\Windows\WinSxS\amd64_microsoft.windows.common-controls_6595b64144ccf1df_5.82.7601.17514_none_a4d6a923711520a9\COMCTL32.dll
0x000007feff790000 - 0x000007feff827000 	C:\Windows\system32\COMDLG32.dll
0x000007fefaeb0000 - 0x000007fefaec6000 	C:\Windows\system32\NETAPI32.dll
0x000007fefaea0000 - 0x000007fefaeac000 	C:\Windows\system32\netutils.dll
0x000007fefd4d0000 - 0x000007fefd4f3000 	C:\Windows\system32\srvcli.dll
0x000007fefae80000 - 0x000007fefae95000 	C:\Windows\system32\wkscli.dll
0x000007feff4c0000 - 0x000007feff6c3000 	C:\Windows\system32\ole32.dll
0x000007fefdf90000 - 0x000007fefe067000 	C:\Windows\system32\OLEAUT32.dll
0x0000000074970000 - 0x0000000074b06000 	C:\Program Files\MATLAB\R2012a\bin\win64\mcr.dll
0x0000000075000000 - 0x000000007536b000 	C:\Program Files\MATLAB\R2012a\bin\win64\iqm.dll
0x00000000565c0000 - 0x0000000056de1000 	C:\Program Files\MATLAB\R2012a\bin\win64\m_interpreter.dll
0x0000000067d40000 - 0x0000000067d65000 	C:\Program Files\MATLAB\R2012a\bin\win64\libmex.dll
0x0000000060740000 - 0x00000000607f3000 	C:\Program Files\MATLAB\R2012a\bin\win64\m_dispatcher.dll
0x0000000074880000 - 0x000000007496d000 	C:\Program Files\MATLAB\R2012a\bin\win64\boost_regex-vc90-mt-1_44.dll
0x00000000604a0000 - 0x0000000060524000 	C:\Program Files\MATLAB\R2012a\bin\win64\profiler.dll
0x00000000047c0000 - 0x0000000004a15000 	C:\Program Files\MATLAB\R2012a\bin\win64\libmwmathutil.dll
0x0000000079f40000 - 0x0000000079f6d000 	C:\Program Files\MATLAB\R2012a\bin\win64\libmwmathrng.dll
0x0000000074c10000 - 0x0000000074ced000 	C:\Program Files\MATLAB\R2012a\bin\win64\libmwmathcore.dll
0x0000000076160000 - 0x00000000761cb000 	C:\Program Files\MATLAB\R2012a\bin\win64\libmwspmatrix.dll
0x0000000075ea0000 - 0x0000000075f02000 	C:\Program Files\MATLAB\R2012a\bin\win64\libmwcholmod.dll
0x000000007a460000 - 0x000000007a46d000 	C:\Program Files\MATLAB\R2012a\bin\win64\libmwamd.dll
0x000000007a4b0000 - 0x000000007a4bc000 	C:\Program Files\MATLAB\R2012a\bin\win64\libmwcolamd.dll
0x0000000067d20000 - 0x0000000067d39000 	C:\Program Files\MATLAB\R2012a\bin\win64\libmwblas.dll
0x0000000066930000 - 0x0000000066942000 	C:\Program Files\MATLAB\R2012a\bin\win64\libmwbinder.dll
0x0000000069640000 - 0x000000006964b000 	C:\Program Files\MATLAB\R2012a\bin\win64\libmwompwrapper.dll
0x0000000060410000 - 0x0000000060496000 	C:\Program Files\MATLAB\R2012a\bin\win64\libmwlapack.dll
0x0000000062f40000 - 0x0000000062f61000 	C:\Program Files\MATLAB\R2012a\bin\win64\m_pcodeio.dll
0x0000000079b10000 - 0x0000000079b77000 	C:\Program Files\MATLAB\R2012a\bin\win64\m_ir.dll
0x00000000577c0000 - 0x0000000057e10000 	C:\Program Files\MATLAB\R2012a\bin\win64\m_parser.dll
0x0000000062f20000 - 0x0000000062f3a000 	C:\Program Files\MATLAB\R2012a\bin\win64\ir_xfmr.dll
0x0000000056340000 - 0x00000000565b9000 	C:\Program Files\MATLAB\R2012a\bin\win64\mcos.dll
0x0000000067bc0000 - 0x0000000067bcc000 	C:\Program Files\MATLAB\R2012a\bin\win64\mtok.dll
0x0000000061ad0000 - 0x0000000061b01000 	C:\Program Files\MATLAB\R2012a\bin\win64\m_pcodegen.dll
0x0000000079fb0000 - 0x0000000079fe7000 	C:\Program Files\MATLAB\R2012a\bin\win64\libmwbridge.dll
0x000000005fd60000 - 0x000000005fe28000 	C:\Program Files\MATLAB\R2012a\bin\win64\udd.dll
0x000000005aa00000 - 0x000000005ab52000 	C:\Program Files\MATLAB\R2012a\bin\win64\libmwgui.dll
0x0000000062f00000 - 0x0000000062f17000 	C:\Program Files\MATLAB\R2012a\bin\win64\graphics_util.dll
0x0000000055990000 - 0x0000000056333000 	C:\Program Files\MATLAB\R2012a\bin\win64\hg.dll
0x0000000004b90000 - 0x0000000004bf7000 	C:\Program Files\MATLAB\R2012a\bin\win64\libmat.dll
0x0000000072d30000 - 0x0000000072f44000 	C:\Program Files\MATLAB\R2012a\bin\win64\hdf5dll.dll
0x0000000075710000 - 0x00000000757c1000 	C:\Program Files\MATLAB\R2012a\bin\win64\jmi.dll
0x0000000004c30000 - 0x0000000004c3e000 	C:\Program Files\MATLAB\R2012a\bin\win64\nativejava_services.dll
0x00000000606f0000 - 0x0000000060732000 	C:\Program Files\MATLAB\R2012a\bin\win64\libmwhardcopy.dll
0x000000005fd00000 - 0x000000005fd5a000 	C:\Program Files\MATLAB\R2012a\bin\win64\libuij.dll
0x0000000055780000 - 0x000000005598c000 	C:\Program Files\MATLAB\R2012a\bin\win64\hgdatatypes.dll
0x000000005e0d0000 - 0x000000005e1cd000 	C:\Program Files\MATLAB\R2012a\bin\win64\hgutils.dll
0x000000005a940000 - 0x000000005a9fd000 	C:\Program Files\MATLAB\R2012a\bin\win64\udd_mi.dll
0x0000000004ca0000 - 0x0000000004cdb000 	C:\Program Files\MATLAB\R2012a\bin\win64\libmwgbtutils.dll
0x0000000004cf0000 - 0x0000000004d09000 	C:\Program Files\MATLAB\R2012a\bin\win64\libmwgbt.dll
0x0000000004d20000 - 0x0000000004fea000 	C:\Program Files\MATLAB\R2012a\bin\win64\uiw.dll
0x0000000066920000 - 0x000000006692f000 	C:\Program Files\MATLAB\R2012a\bin\win64\uinone.dll
0x000007fefacb0000 - 0x000007fefacc8000 	C:\Windows\system32\MPR.dll
0x0000000055290000 - 0x0000000055774000 	C:\Windows\WinSxS\amd64_microsoft.vc90.mfc_1fc8b3b9a1e18e3b_9.0.30729.6161_none_044aad0bab1eb146\mfc90.dll
0x000007fef8df0000 - 0x000007fef8df7000 	C:\Windows\system32\MSIMG32.dll
0x000007fef9530000 - 0x000007fef95a1000 	C:\Windows\system32\WINSPOOL.DRV
0x00000000606d0000 - 0x00000000606f0000 	C:\Program Files\MATLAB\R2012a\bin\win64\mwoles05.DLL
0x000000005fc80000 - 0x000000005fcfc000 	C:\Program Files\MATLAB\R2012a\bin\win64\comcli.dll
0x00000000603e0000 - 0x000000006040f000 	C:\Windows\WinSxS\amd64_microsoft.vc90.atl_1fc8b3b9a1e18e3b_9.0.30729.6161_none_0a1fd3a3a768b895\ATL90.DLL
0x0000000062ef0000 - 0x0000000062efc000 	C:\Program Files\MATLAB\R2012a\bin\win64\mlautoregister.dll
0x0000000005040000 - 0x0000000005050000 	C:\Program Files\MATLAB\R2012a\bin\win64\boost_iostreams-vc90-mt-1_44.dll
0x000007fefd850000 - 0x000007fefd8a7000 	C:\Windows\system32\apphelp.dll
0x000007fef80d0000 - 0x000007fef8121000 	C:\Windows\AppPatch\AppPatch64\AcGenral.DLL
0x000007fefd820000 - 0x000007fefd845000 	C:\Windows\system32\SspiCli.dll
0x0000000071a10000 - 0x0000000071a13000 	C:\Windows\system32\sfc.dll
0x000007fef9850000 - 0x000007fef9860000 	C:\Windows\system32\sfc_os.DLL
0x000007fefccc0000 - 0x000007fefccde000 	C:\Windows\system32\USERENV.dll
0x000007fefd980000 - 0x000007fefd98f000 	C:\Windows\system32\profapi.dll
0x000007fefbf00000 - 0x000007fefbf18000 	C:\Windows\system32\dwmapi.dll
0x000007feffba0000 - 0x000007feffbce000 	C:\Windows\system32\IMM32.DLL
0x000007fefe070000 - 0x000007fefe179000 	C:\Windows\system32\MSCTF.dll
0x000007fefbf80000 - 0x000007fefbfd6000 	C:\Windows\system32\UxTheme.dll
0x0000000061ac0000 - 0x0000000061acd000 	C:\Windows\WinSxS\amd64_microsoft.vc90.mfcloc_1fc8b3b9a1e18e3b_9.0.30729.6161_none_01c9581e60cbee58\MFC90ENU.DLL
0x00000000051c0000 - 0x00000000051e9000 	C:\Program Files\MATLAB\R2012a\bin\win64\tbbmalloc.dll
0x000007fefc060000 - 0x000007fefc06f000 	C:\Program Files\MATLAB\R2012a\bin\win64\xmlxrcsc.dll
0x000007fefd8b0000 - 0x000007fefd8bf000 	C:\Windows\system32\CRYPTBASE.dll
0x000007fef82c0000 - 0x000007fef82e0000 	C:\Program Files (x86)\TeamViewer\Version8\tv_x64.dll
0x000007fefcac0000 - 0x000007fefcacc000 	C:\Windows\system32\VERSION.dll
0x000007fefc430000 - 0x000007fefc624000 	C:\Windows\WinSxS\amd64_microsoft.windows.common-controls_6595b64144ccf1df_6.0.7601.17514_none_fa396087175ac9ac\comctl32.dll
0x000007fefddb0000 - 0x000007fefdf87000 	C:\Windows\system32\SETUPAPI.dll
0x000007fefda80000 - 0x000007fefdab6000 	C:\Windows\system32\CFGMGR32.dll
0x000007fefdd60000 - 0x000007fefdd7a000 	C:\Windows\system32\DEVOBJ.dll

VM Arguments:
jvm_args: -Xss512k -XX:PermSize=32m -Xms64m -XX:NewRatio=3 -XX:MaxPermSize=128m -Xmx1535m -XX:MaxDirectMemorySize=2147400000 -Dsun.java2d.noddraw=true -Dsun.awt.nopixfmt=true -Xshare:off -Xrs -Dsun.awt.disableMixing=true -Djava.library.path=C:\Program Files\MATLAB\R2012a\bin\win64 vfprintf abort 
java_command: <unknown>
Launcher Type: generic

Environment Variables:
JAVA_HOME=C:\Program Files\Java\jdk1.7.0_09\bin
PATH=C:\Python33\;C:\Program Files (x86)\NVIDIA Corporation\PhysX\Common;C:\Windows\system32;C:\Windows;C:\Windows\System32\Wbem;C:\Windows\System32\WindowsPowerShell\v1.0\;C:\Program Files\TortoiseSVN\bin;C:\Program Files\MATLAB\R2012a\runtime\win64;C:\Program Files\MATLAB\R2012a\bin;C:\Program Files\Java\jdk1.7.0_09\bin;C:\Program Files (x86)\Point Grey Research\FlyCapture2\bin;C:\Development\adt-bundle-windows-x86_64-20130219\sdk\platform-tools;C:\Development\adt-bundle-windows-x86_64-20130219\sdk\tools;C:\Development\apache-ant-1.8.4\bin;C:\Program Files\Point Grey Research\FlyCapture2\bin64;C:\Libraries\opencv\build\bin\Debug;C:\Libraries\tbb41_20121003oss\bin\intel64\vc10;C:\MinGW\bin;H:\Development\adt-bundle-windows-x86_64-20130219\sdk\platform-tools;H:\Development\adt-bundle-windows-x86_64-20130219\sdk\tools;H:\Development\apache-ant-1.9.2\bin;C:\Modeltech_pe_edu_10.2a\win32pe_edu;C:\Program Files (x86)\FAHClient
USERNAME=steve
OS=Windows_NT
PROCESSOR_IDENTIFIER=Intel64 Family 6 Model 26 Stepping 5, GenuineIntel



---------------  S Y S T E M  ---------------

OS: Windows 7 Build 7601 Service Pack 1

CPU:total 8 (8 cores per cpu, 2 threads per core) family 6 model 26 stepping 5, cmov, cx8, fxsr, mmx, sse, sse2, sse3, ssse3, sse4.1, sse4.2, ht

Memory: 4k page, physical 6288888k(3560572k free), swap 420210188k(416606316k free)

vm_info: Java HotSpot(TM) 64-Bit Server VM (14.3-b01) for windows-amd64 JRE (1.6.0_17-b04), built on Oct 11 2009 00:46:08 by "java_re" with MS VC++ 8.0

time: Tue Sep 17 01:01:17 2013
elapsed time: 258 seconds

