#
# A fatal error has been detected by the Java Runtime Environment:
#
#  EXCEPTION_ACCESS_VIOLATION (0xc0000005) at pc=0x0000000077bf3290, pid=5500, tid=5724
#
# JRE version: 6.0_17-b04
# Java VM: Java HotSpot(TM) 64-Bit Server VM (14.3-b01 mixed mode windows-amd64 )
# Problematic frame:
# C  [ntdll.dll+0x53290]
#
# If you would like to submit a bug report, please visit:
#   http://java.sun.com/webapps/bugreport/crash.jsp
# The crash happened outside the Java Virtual Machine in native code.
# See problematic frame for where to report the bug.
#

---------------  T H R E A D  ---------------

Current thread (0x000000004e178800):  JavaThread "AddressBar directory emptiness poller" [_thread_in_native, id=5724, stack(0x00000000547b0000,0x0000000054830000)]

siginfo: ExceptionCode=0xc0000005, reading address 0x00000cb124c737a8

Registers:
EAX=0x0000000340667a27, EBX=0x00000cb124c737a0, ECX=0x000000ffffffffff, EDX=0x000000005b70c4b0
ESP=0x000000005482ec20, EBP=0x0000000000000000, ESI=0x0000000006830000, EDI=0x000000005b70c4c0
EIP=0x0000000077bf3290, EFLAGS=0x0000000000010206

Top of Stack: (sp=0x000000005482ec20)
0x000000005482ec20:   0000000000000000 000000006ed4cb87
0x000000005482ec30:   0000000000000002 00000000000000a0
0x000000005482ec40:   0000000000000001 000000006db34642
0x000000005482ec50:   000000005b5f9e20 000000006db34caa
0x000000005482ec60:   000000007bb703c8 0000000000000003
0x000000005482ec70:   6666666666666667 0000000000000004
0x000000005482ec80:   000000005b5f9dd0 000000005482ee58
0x000000005482ec90:   0000000000000000 00000000779a300a
0x000000005482eca0:   fffffffffffffffe 0000000000000004
0x000000005482ecb0:   0000000008ff0d70 000000005482ed00
0x000000005482ecc0:   000000005b70c510 000000006ed4cabc
0x000000005482ecd0:   000000000000000f 000000005b5f9e48
0x000000005482ece0:   000000005b5f9dd0 000000005482ee58
0x000000005482ecf0:   0000000000000004 000000007b734f66
0x000000005482ed00:   0000000000000004 000000005b5f9e20
0x000000005482ed10:   000000005b5f9e70 000000005482ee58 

Instructions: (pc=0x0000000077bf3290)
0x0000000077bf3280:   33 d8 48 33 1d 3f f1 0d 00 48 c1 e3 04 0f 0d 0b
0x0000000077bf3290:   4c 8b 63 08 49 bd 01 00 00 00 01 00 00 00 49 be 


Stack: [0x00000000547b0000,0x0000000054830000],  sp=0x000000005482ec20,  free space=507k
Native frames: (J=compiled Java code, j=interpreted, Vv=VM code, C=native code)
C  [ntdll.dll+0x53290]

[error occurred during error reporting (printing native stack), id 0xc0000005]

Java frames: (J=compiled Java code, j=interpreted, Vv=VM code)
j  com.mathworks.services.settings.Setting.nativeGet(J[Ljava/lang/String;Ljava/lang/String;Ljava/lang/String;)Lcom/mathworks/services/settings/SettingInfo;+0
j  com.mathworks.services.settings.Setting.getInternal(ZLcom/mathworks/services/settings/SettingLevel;)Ljava/lang/Object;+230
j  com.mathworks.services.settings.Setting.get()Ljava/lang/Object;+3
j  com.mathworks.mlwidgets.explorer.widgets.address.AddressBar$EmptyPoller$1.run()V+25
j  java.util.TimerThread.mainLoop()V+221
j  java.util.TimerThread.run()V+1
v  ~StubRoutines::call_stub

---------------  P R O C E S S  ---------------

Java Threads: ( => current thread )
  0x000000004e17c800 JavaThread "Explorer NavigationContext request queue" [_thread_in_Java, id=8600, stack(0x000000002da40000,0x000000002dac0000)]
  0x000000004e182000 JavaThread "Code Analyzer updating thread" [_thread_blocked, id=5628, stack(0x000000002d730000,0x000000002d7b0000)]
  0x000000004e185000 JavaThread "Prefs Updater" daemon [_thread_blocked, id=3208, stack(0x000000002df50000,0x000000002dfd0000)]
  0x000000004e180000 JavaThread "Code Analyzer updating thread" [_thread_blocked, id=2852, stack(0x0000000057e00000,0x0000000057e80000)]
  0x000000004e17f000 JavaThread "Code Analyzer updating thread" [_thread_blocked, id=5460, stack(0x00000000576a0000,0x0000000057720000)]
  0x000000004e17e800 JavaThread "Code Analyzer updating thread" [_thread_blocked, id=5740, stack(0x0000000057d50000,0x0000000057dd0000)]
  0x000000004e17e000 JavaThread "Code Analyzer updating thread" [_thread_blocked, id=4276, stack(0x0000000057cb0000,0x0000000057d30000)]
  0x000000004e17d000 JavaThread "Active Reference Queue Daemon" daemon [_thread_blocked, id=3136, stack(0x0000000057b50000,0x0000000057bd0000)]
  0x000000004e17b000 JavaThread "Timer-6" daemon [_thread_blocked, id=4420, stack(0x0000000057a20000,0x0000000057aa0000)]
  0x000000004e17b800 JavaThread "Timer-5" daemon [_thread_blocked, id=5300, stack(0x0000000057940000,0x00000000579c0000)]
=>0x000000004e178800 JavaThread "AddressBar directory emptiness poller" [_thread_in_native, id=5724, stack(0x00000000547b0000,0x0000000054830000)]
  0x000000004e177800 JavaThread "Timer-1" [_thread_blocked, id=2076, stack(0x000000002d3f0000,0x000000002d470000)]
  0x000000004e176000 JavaThread "TimerQueue" daemon [_thread_blocked, id=1852, stack(0x000000004e930000,0x000000004e9b0000)]
  0x000000004d290800 JavaThread "FelixPackageAdmin" daemon [_thread_blocked, id=1572, stack(0x0000000029340000,0x00000000293c0000)]
  0x000000004e079000 JavaThread "FelixStartLevel" daemon [_thread_blocked, id=1592, stack(0x000000004cde0000,0x000000004ce60000)]
  0x000000004e078800 JavaThread "FelixDispatchQueue" daemon [_thread_blocked, id=5940, stack(0x0000000048cf0000,0x0000000048d70000)]
  0x000000004df15000 JavaThread "AWT-EventQueue-0" [_thread_in_Java, id=2148, stack(0x000000003ca30000,0x000000003cab0000)]
  0x000000004dff8800 JavaThread "com.google.common.base.internal.Finalizer" daemon [_thread_blocked, id=5640, stack(0x00000000292c0000,0x0000000029340000)]
  0x000000004d347000 JavaThread "AWT-Windows" daemon [_thread_in_native, id=5136, stack(0x0000000010e70000,0x0000000010ef0000)]
  0x000000004d346000 JavaThread "AWT-Shutdown" [_thread_blocked, id=6136, stack(0x000000000ff40000,0x000000000ffc0000)]
  0x000000004d344800 JavaThread "Java2D Disposer" daemon [_thread_blocked, id=5956, stack(0x000000001d0f0000,0x000000001d170000)]
  0x000000004dbc3800 JavaThread "Timer-0" [_thread_blocked, id=4484, stack(0x000000000e9e0000,0x000000000ea60000)]
  0x000000004db9d800 JavaThread "EventMgr Dispatcher" daemon [_thread_in_native, id=5932, stack(0x00000000190f0000,0x000000001d0f0000)]
  0x000000004d0fc800 JavaThread "Low Memory Detector" daemon [_thread_blocked, id=5516, stack(0x000000000e410000,0x000000000e490000)]
  0x000000004d0f6000 JavaThread "CompilerThread1" daemon [_thread_blocked, id=5992, stack(0x00000000e8070000,0x00000000ec070000)]
  0x000000004d0ef800 JavaThread "CompilerThread0" daemon [_thread_blocked, id=4172, stack(0x0000000069690000,0x000000006d690000)]
  0x000000004d0ef000 JavaThread "Attach Listener" daemon [_thread_blocked, id=5772, stack(0x0000000009d80000,0x0000000009e00000)]
  0x000000004d096000 JavaThread "Finalizer" daemon [_thread_blocked, id=1148, stack(0x0000000025210000,0x0000000025290000)]
  0x000000004d08c000 JavaThread "Reference Handler" daemon [_thread_blocked, id=2724, stack(0x0000000019000000,0x0000000019080000)]
  0x00000000068b4800 JavaThread "main" [_thread_in_native, id=1664, stack(0x0000000000110000,0x0000000004110000)]

Other Threads:
  0x000000004d087000 VMThread [stack: 0x0000000065630000,0x0000000069630000] [id=436]
  0x000000004d121800 WatcherThread [stack: 0x00000000ec1a0000,0x00000000f01a0000] [id=5704]

VM state:not at safepoint (normal execution)

VM Mutex/Monitor currently owned by a thread:  ([mutex/lock_event])
[0x00000000068b2a40] Threads_lock - owner thread: 0x000000004d087000

Heap
 PSYoungGen      total 117056K, used 97894K [0x00000000d0000000, 0x00000000d9a10000, 0x00000000e8000000)
  eden space 93120K, 98% used [0x00000000d0000000,0x00000000d59fa178,0x00000000d5af0000)
  from space 23936K, 24% used [0x00000000d5af0000,0x00000000d608f8e0,0x00000000d7250000)
  to   space 22912K, 0% used [0x00000000d83b0000,0x00000000d83b0000,0x00000000d9a10000)
 PSOldGen        total 81920K, used 48493K [0x0000000088000000, 0x000000008d000000, 0x00000000d0000000)
  object space 81920K, 59% used [0x0000000088000000,0x000000008af5b450,0x000000008d000000)
 PSPermGen       total 107392K, used 60789K [0x0000000080000000, 0x00000000868e0000, 0x0000000088000000)
  object space 107392K, 56% used [0x0000000080000000,0x0000000083b5d618,0x00000000868e0000)

Dynamic libraries:
0x000000013fbd0000 - 0x000000013fc02000 	C:\Program Files\MATLAB\R2012a\bin\win64\MATLAB.exe
0x0000000077ba0000 - 0x0000000077d49000 	C:\Windows\SYSTEM32\ntdll.dll
0x0000000077980000 - 0x0000000077a9f000 	C:\Windows\system32\kernel32.dll
0x000007fefdac0000 - 0x000007fefdb2b000 	C:\Windows\system32\KERNELBASE.dll
0x0000000074460000 - 0x0000000074554000 	C:\Program Files\MATLAB\R2012a\bin\win64\libut.dll
0x00000000758a0000 - 0x0000000075952000 	C:\Program Files\MATLAB\R2012a\bin\win64\libmwi18n.dll
0x0000000180000000 - 0x000000018000b000 	C:\Program Files\MATLAB\R2012a\bin\win64\libmwresource_core.dll
0x000000006db30000 - 0x000000006dc03000 	C:\Windows\WinSxS\amd64_microsoft.vc90.crt_1fc8b3b9a1e18e3b_9.0.30729.6161_none_08e61857a83bc251\MSVCP90.dll
0x000000006ed00000 - 0x000000006eda3000 	C:\Windows\WinSxS\amd64_microsoft.vc90.crt_1fc8b3b9a1e18e3b_9.0.30729.6161_none_08e61857a83bc251\MSVCR90.dll
0x000000007a170000 - 0x000000007a19c000 	C:\Program Files\MATLAB\R2012a\bin\win64\boost_filesystem-vc90-mt-1_44.dll
0x000000007a560000 - 0x000000007a569000 	C:\Program Files\MATLAB\R2012a\bin\win64\boost_system-vc90-mt-1_44.dll
0x000007feffbd0000 - 0x000007feffcab000 	C:\Windows\system32\ADVAPI32.dll
0x000007fefe2e0000 - 0x000007fefe37f000 	C:\Windows\system32\msvcrt.dll
0x000007fefe6b0000 - 0x000007fefe6cf000 	C:\Windows\SYSTEM32\sechost.dll
0x000007feffcb0000 - 0x000007feffddd000 	C:\Windows\system32\RPCRT4.dll
0x000000007a010000 - 0x000000007a035000 	C:\Program Files\MATLAB\R2012a\bin\win64\LIBEXPAT.dll
0x00000000584e0000 - 0x00000000586d1000 	C:\Program Files\MATLAB\R2012a\bin\win64\icuin44.dll
0x000000005dad0000 - 0x000000005dc41000 	C:\Program Files\MATLAB\R2012a\bin\win64\icuuc44.dll
0x0000000010000000 - 0x0000000010e41000 	C:\Program Files\MATLAB\R2012a\bin\win64\icudt44.dll
0x0000000073f70000 - 0x00000000740ad000 	C:\Program Files\MATLAB\R2012a\bin\win64\libmwfl.dll
0x0000000004270000 - 0x0000000004566000 	C:\Program Files\MATLAB\R2012a\bin\win64\libmwMATLAB_res.dll
0x000000007a3b0000 - 0x000000007a3c0000 	C:\Program Files\MATLAB\R2012a\bin\win64\boost_date_time-vc90-mt-1_44.dll
0x000000007a250000 - 0x000000007a263000 	C:\Program Files\MATLAB\R2012a\bin\win64\boost_signals-vc90-mt-1_44.dll
0x000000007a2d0000 - 0x000000007a2e2000 	C:\Program Files\MATLAB\R2012a\bin\win64\boost_thread-vc90-mt-1_44.dll
0x0000000004590000 - 0x00000000045d6000 	C:\Program Files\MATLAB\R2012a\bin\win64\tbb.dll
0x000007feff770000 - 0x000007feff789000 	C:\Windows\system32\imagehlp.dll
0x0000000077d60000 - 0x0000000077d67000 	C:\Windows\system32\PSAPI.DLL
0x00000000613b0000 - 0x00000000613c3000 	C:\Program Files\MATLAB\R2012a\bin\win64\icuio44.dll
0x000007fefb480000 - 0x000007fefb5a5000 	C:\Windows\system32\dbghelp.dll
0x0000000077aa0000 - 0x0000000077b9a000 	C:\Windows\system32\USER32.dll
0x000007fefe380000 - 0x000007fefe3e7000 	C:\Windows\system32\GDI32.dll
0x000007fefe620000 - 0x000007fefe62e000 	C:\Windows\system32\LPK.dll
0x000007feff830000 - 0x000007feff8f9000 	C:\Windows\system32\USP10.dll
0x000000007bed0000 - 0x000000007c183000 	C:\Program Files\MATLAB\R2012a\bin\win64\libmwservices.dll
0x0000000075a20000 - 0x0000000075ae2000 	C:\Program Files\MATLAB\R2012a\bin\win64\libmx.dll
0x000000007a210000 - 0x000000007a228000 	C:\Program Files\MATLAB\R2012a\bin\win64\zlib1.dll
0x0000000004630000 - 0x0000000004651000 	C:\Program Files\MATLAB\R2012a\bin\win64\libmwmfl_scalar.dll
0x0000000075f10000 - 0x0000000075f5d000 	C:\Program Files\MATLAB\R2012a\bin\win64\mpath.dll
0x000000007b680000 - 0x000000007bbe1000 	C:\Program Files\MATLAB\R2012a\bin\win64\mlutil.dll
0x000000005ded0000 - 0x000000005df4f000 	C:\Program Files\MATLAB\R2012a\bin\win64\xmlcore.dll
0x000000007bc30000 - 0x000000007be83000 	C:\Program Files\MATLAB\R2012a\bin\win64\xerces-c_2_7.dll
0x000007feffde0000 - 0x000007feffe2d000 	C:\Windows\system32\WS2_32.dll
0x000007feffb90000 - 0x000007feffb98000 	C:\Windows\system32\NSI.dll
0x00000000046b0000 - 0x00000000046ca000 	C:\Program Files\MATLAB\R2012a\bin\win64\libmwMATLAB_settings_res.dll
0x00000000046e0000 - 0x0000000004727000 	C:\Program Files\MATLAB\R2012a\bin\win64\boost_serialization-vc90-mt-1_44.dll
0x000007fefe6d0000 - 0x000007feff458000 	C:\Windows\system32\SHELL32.dll
0x000007fefe630000 - 0x000007fefe6a1000 	C:\Windows\system32\SHLWAPI.dll
0x000007fef9470000 - 0x000007fef9510000 	C:\Windows\WinSxS\amd64_microsoft.windows.common-controls_6595b64144ccf1df_5.82.7601.17514_none_a4d6a923711520a9\COMCTL32.dll
0x000007feff790000 - 0x000007feff827000 	C:\Windows\system32\COMDLG32.dll
0x000007fefaeb0000 - 0x000007fefaec6000 	C:\Windows\system32\NETAPI32.dll
0x000007fefaea0000 - 0x000007fefaeac000 	C:\Windows\system32\netutils.dll
0x000007fefd4d0000 - 0x000007fefd4f3000 	C:\Windows\system32\srvcli.dll
0x000007fefae80000 - 0x000007fefae95000 	C:\Windows\system32\wkscli.dll
0x000007feff4c0000 - 0x000007feff6c3000 	C:\Windows\system32\ole32.dll
0x000007fefdf90000 - 0x000007fefe067000 	C:\Windows\system32\OLEAUT32.dll
0x0000000074970000 - 0x0000000074b06000 	C:\Program Files\MATLAB\R2012a\bin\win64\mcr.dll
0x0000000075000000 - 0x000000007536b000 	C:\Program Files\MATLAB\R2012a\bin\win64\iqm.dll
0x0000000004760000 - 0x0000000004f81000 	C:\Program Files\MATLAB\R2012a\bin\win64\m_interpreter.dll
0x000000005dea0000 - 0x000000005dec5000 	C:\Program Files\MATLAB\R2012a\bin\win64\libmex.dll
0x00000000588c0000 - 0x0000000058973000 	C:\Program Files\MATLAB\R2012a\bin\win64\m_dispatcher.dll
0x0000000074880000 - 0x000000007496d000 	C:\Program Files\MATLAB\R2012a\bin\win64\boost_regex-vc90-mt-1_44.dll
0x0000000058450000 - 0x00000000584d4000 	C:\Program Files\MATLAB\R2012a\bin\win64\profiler.dll
0x0000000004fe0000 - 0x0000000005235000 	C:\Program Files\MATLAB\R2012a\bin\win64\libmwmathutil.dll
0x0000000079f40000 - 0x0000000079f6d000 	C:\Program Files\MATLAB\R2012a\bin\win64\libmwmathrng.dll
0x0000000074c10000 - 0x0000000074ced000 	C:\Program Files\MATLAB\R2012a\bin\win64\libmwmathcore.dll
0x0000000076160000 - 0x00000000761cb000 	C:\Program Files\MATLAB\R2012a\bin\win64\libmwspmatrix.dll
0x0000000075ea0000 - 0x0000000075f02000 	C:\Program Files\MATLAB\R2012a\bin\win64\libmwcholmod.dll
0x000000007a460000 - 0x000000007a46d000 	C:\Program Files\MATLAB\R2012a\bin\win64\libmwamd.dll
0x000000007a4b0000 - 0x000000007a4bc000 	C:\Program Files\MATLAB\R2012a\bin\win64\libmwcolamd.dll
0x000000005de80000 - 0x000000005de99000 	C:\Program Files\MATLAB\R2012a\bin\win64\libmwblas.dll
0x000000005dab0000 - 0x000000005dac2000 	C:\Program Files\MATLAB\R2012a\bin\win64\libmwbinder.dll
0x000000005e810000 - 0x000000005e81b000 	C:\Program Files\MATLAB\R2012a\bin\win64\libmwompwrapper.dll
0x00000000583c0000 - 0x0000000058446000 	C:\Program Files\MATLAB\R2012a\bin\win64\libmwlapack.dll
0x000000005da80000 - 0x000000005daa1000 	C:\Program Files\MATLAB\R2012a\bin\win64\m_pcodeio.dll
0x0000000079b10000 - 0x0000000079b77000 	C:\Program Files\MATLAB\R2012a\bin\win64\m_ir.dll
0x0000000078cd0000 - 0x0000000079320000 	C:\Program Files\MATLAB\R2012a\bin\win64\m_parser.dll
0x000000005da60000 - 0x000000005da7a000 	C:\Program Files\MATLAB\R2012a\bin\win64\ir_xfmr.dll
0x0000000058140000 - 0x00000000583b9000 	C:\Program Files\MATLAB\R2012a\bin\win64\mcos.dll
0x000000005a030000 - 0x000000005a03c000 	C:\Program Files\MATLAB\R2012a\bin\win64\mtok.dll
0x0000000058880000 - 0x00000000588b1000 	C:\Program Files\MATLAB\R2012a\bin\win64\m_pcodegen.dll
0x0000000079fb0000 - 0x0000000079fe7000 	C:\Program Files\MATLAB\R2012a\bin\win64\libmwbridge.dll
0x0000000057770000 - 0x0000000057838000 	C:\Program Files\MATLAB\R2012a\bin\win64\udd.dll
0x00000000549d0000 - 0x0000000054b22000 	C:\Program Files\MATLAB\R2012a\bin\win64\libmwgui.dll
0x000000005a010000 - 0x000000005a027000 	C:\Program Files\MATLAB\R2012a\bin\win64\graphics_util.dll
0x00000000053a0000 - 0x0000000005d43000 	C:\Program Files\MATLAB\R2012a\bin\win64\hg.dll
0x0000000005d60000 - 0x0000000005dc7000 	C:\Program Files\MATLAB\R2012a\bin\win64\libmat.dll
0x0000000072d30000 - 0x0000000072f44000 	C:\Program Files\MATLAB\R2012a\bin\win64\hdf5dll.dll
0x0000000075710000 - 0x00000000757c1000 	C:\Program Files\MATLAB\R2012a\bin\win64\jmi.dll
0x0000000005e00000 - 0x0000000005e0e000 	C:\Program Files\MATLAB\R2012a\bin\win64\nativejava_services.dll
0x00000000580f0000 - 0x0000000058132000 	C:\Program Files\MATLAB\R2012a\bin\win64\libmwhardcopy.dll
0x0000000054970000 - 0x00000000549ca000 	C:\Program Files\MATLAB\R2012a\bin\win64\libuij.dll
0x00000000723a0000 - 0x00000000725ac000 	C:\Program Files\MATLAB\R2012a\bin\win64\hgdatatypes.dll
0x0000000050080000 - 0x000000005017d000 	C:\Program Files\MATLAB\R2012a\bin\win64\hgutils.dll
0x00000000548b0000 - 0x000000005496d000 	C:\Program Files\MATLAB\R2012a\bin\win64\udd_mi.dll
0x0000000005e70000 - 0x0000000005eab000 	C:\Program Files\MATLAB\R2012a\bin\win64\libmwgbtutils.dll
0x0000000005ec0000 - 0x0000000005ed9000 	C:\Program Files\MATLAB\R2012a\bin\win64\libmwgbt.dll
0x0000000005ef0000 - 0x00000000061ba000 	C:\Program Files\MATLAB\R2012a\bin\win64\uiw.dll
0x000000005a000000 - 0x000000005a00f000 	C:\Program Files\MATLAB\R2012a\bin\win64\uinone.dll
0x000007fefacb0000 - 0x000007fefacc8000 	C:\Windows\system32\MPR.dll
0x00000000061e0000 - 0x00000000066c4000 	C:\Windows\WinSxS\amd64_microsoft.vc90.mfc_1fc8b3b9a1e18e3b_9.0.30729.6161_none_044aad0bab1eb146\mfc90.dll
0x000007fef8df0000 - 0x000007fef8df7000 	C:\Windows\system32\MSIMG32.dll
0x000007fef9530000 - 0x000007fef95a1000 	C:\Windows\system32\WINSPOOL.DRV
0x0000000057b20000 - 0x0000000057b40000 	C:\Program Files\MATLAB\R2012a\bin\win64\mwoles05.DLL
0x0000000050000000 - 0x000000005007c000 	C:\Program Files\MATLAB\R2012a\bin\win64\comcli.dll
0x0000000077fd0000 - 0x0000000077fff000 	C:\Windows\WinSxS\amd64_microsoft.vc90.atl_1fc8b3b9a1e18e3b_9.0.30729.6161_none_0a1fd3a3a768b895\ATL90.DLL
0x0000000058870000 - 0x000000005887c000 	C:\Program Files\MATLAB\R2012a\bin\win64\mlautoregister.dll
0x0000000006700000 - 0x0000000006710000 	C:\Program Files\MATLAB\R2012a\bin\win64\boost_iostreams-vc90-mt-1_44.dll
0x000007feffba0000 - 0x000007feffbce000 	C:\Windows\system32\IMM32.DLL
0x000007fefe070000 - 0x000007fefe179000 	C:\Windows\system32\MSCTF.dll
0x000007fefbf80000 - 0x000007fefbfd6000 	C:\Windows\system32\UxTheme.dll
0x000007fefbf00000 - 0x000007fefbf18000 	C:\Windows\system32\dwmapi.dll
0x0000000057760000 - 0x000000005776d000 	C:\Windows\WinSxS\amd64_microsoft.vc90.mfcloc_1fc8b3b9a1e18e3b_9.0.30729.6161_none_01c9581e60cbee58\MFC90ENU.DLL
0x0000000006970000 - 0x0000000006999000 	C:\Program Files\MATLAB\R2012a\bin\win64\tbbmalloc.dll
0x000007fefd980000 - 0x000007fefd98f000 	C:\Windows\system32\profapi.dll
0x000007fef96b0000 - 0x000007fef96bf000 	C:\Program Files\MATLAB\R2012a\bin\win64\xmlxrcsc.dll
0x000007fefd8b0000 - 0x000007fefd8bf000 	C:\Windows\system32\CRYPTBASE.dll
0x000007fefc430000 - 0x000007fefc624000 	C:\Windows\WinSxS\amd64_microsoft.windows.common-controls_6595b64144ccf1df_6.0.7601.17514_none_fa396087175ac9ac\comctl32.dll
0x000007fefddb0000 - 0x000007fefdf87000 	C:\Windows\system32\SETUPAPI.dll
0x000007fefda80000 - 0x000007fefdab6000 	C:\Windows\system32\CFGMGR32.dll
0x000007fefdd60000 - 0x000007fefdd7a000 	C:\Windows\system32\DEVOBJ.dll
0x000007feff6d0000 - 0x000007feff769000 	C:\Windows\system32\CLBCatQ.DLL
0x000007fefc080000 - 0x000007fefc1ac000 	C:\Windows\system32\propsys.dll
0x000007fefbb60000 - 0x000007fefbb8d000 	C:\Windows\system32\ntmarta.dll
0x000007feff460000 - 0x000007feff4b2000 	C:\Windows\system32\WLDAP32.dll
0x0000000009570000 - 0x0000000009bcd000 	C:\Program Files\MATLAB\R2012a\sys\java\jre\win64\jre\bin\server\jvm.dll
0x000007fef8d20000 - 0x000007fef8d5b000 	C:\Windows\system32\WINMM.dll
0x000007fefa9c0000 - 0x000007fefa9e7000 	C:\Windows\system32\iphlpapi.dll
0x000007fefa9b0000 - 0x000007fefa9bb000 	C:\Windows\system32\WINNSI.DLL

VM Arguments:
jvm_args: -Xss512k -XX:PermSize=32m -Xms64m -XX:NewRatio=3 -XX:MaxPermSize=128m -Xmx1535m -XX:MaxDirectMemorySize=2147400000 -Dsun.java2d.noddraw=true -Dsun.awt.nopixfmt=true -Xshare:off -Xrs -Dsun.awt.disableMixing=true -Djava.library.path=C:\Program Files\MATLAB\R2012a\bin\win64 vfprintf abort 
java_command: <unknown>
Launcher Type: generic

Environment Variables:
JAVA_HOME=C:\Program Files\Java\jdk1.7.0_09\bin
PATH=C:\Python33\;C:\Program Files (x86)\NVIDIA Corporation\PhysX\Common;C:\Windows\system32;C:\Windows;C:\Windows\System32\Wbem;C:\Windows\System32\WindowsPowerShell\v1.0\;C:\Program Files\TortoiseSVN\bin;C:\Program Files\MATLAB\R2012a\runtime\win64;C:\Program Files\MATLAB\R2012a\bin;C:\Program Files\Java\jdk1.7.0_09\bin;C:\Program Files (x86)\Point Grey Research\FlyCapture2\bin;C:\Development\adt-bundle-windows-x86_64-20130219\sdk\platform-tools;C:\Development\adt-bundle-windows-x86_64-20130219\sdk\tools;C:\Development\apache-ant-1.8.4\bin;C:\Program Files\Point Grey Research\FlyCapture2\bin64;C:\Libraries\opencv\build\bin\Debug;C:\Libraries\tbb41_20121003oss\bin\intel64\vc10;C:\MinGW\bin;H:\Development\adt-bundle-windows-x86_64-20130219\sdk\platform-tools;H:\Development\adt-bundle-windows-x86_64-20130219\sdk\tools;H:\Development\apache-ant-1.9.2\bin;C:\Modeltech_pe_edu_10.2a\win32pe_edu;C:\Program Files (x86)\FAHClient
USERNAME=steve
OS=Windows_NT
PROCESSOR_IDENTIFIER=Intel64 Family 6 Model 26 Stepping 5, GenuineIntel



---------------  S Y S T E M  ---------------

OS: Windows 7 Build 7601 Service Pack 1

CPU:total 8 (8 cores per cpu, 2 threads per core) family 6 model 26 stepping 5, cmov, cx8, fxsr, mmx, sse, sse2, sse3, ssse3, sse4.1, sse4.2, ht

Memory: 4k page, physical 6288888k(1972556k free), swap 420210188k(415311884k free)

vm_info: Java HotSpot(TM) 64-Bit Server VM (14.3-b01) for windows-amd64 JRE (1.6.0_17-b04), built on Oct 11 2009 00:46:08 by "java_re" with MS VC++ 8.0

time: Mon Sep 16 18:14:25 2013
elapsed time: 437 seconds

