#
# A fatal error has been detected by the Java Runtime Environment:
#
#  EXCEPTION_ACCESS_VIOLATION (0xc0000005) at pc=0x0000000077c13290, pid=10848, tid=14824
#
# JRE version: 6.0_17-b04
# Java VM: Java HotSpot(TM) 64-Bit Server VM (14.3-b01 mixed mode windows-amd64 )
# Problematic frame:
# C  [ntdll.dll+0x53290]
#
# If you would like to submit a bug report, please visit:
#   http://java.sun.com/webapps/bugreport/crash.jsp
# The crash happened outside the Java Virtual Machine in native code.
# See problematic frame for where to report the bug.
#

---------------  T H R E A D  ---------------

Current thread (0x000000005a4a6800):  JavaThread "Explorer NavigationContext request queue" daemon [_thread_in_native, id=14824, stack(0x00000000dc000000,0x00000000e0000000)]

siginfo: ExceptionCode=0xc0000005, reading address 0x000000007ea881d8

Registers:
EAX=0x00000074343d76e5, EBX=0x000000007ea881d0, ECX=0x000000ffffffffff, EDX=0x000000007cae5b30
ESP=0x00000000dfffeff0, EBP=0x0000000000000000, ESI=0x0000000006d90000, EDI=0x000000007cae5b40
EIP=0x0000000077c13290, EFLAGS=0x0000000000010202

Top of Stack: (sp=0x00000000dfffeff0)
0x00000000dfffeff0:   0000000000000001 000000005d995270
0x00000000dffff000:   000000005da1de00 0000000004180000
0x00000000dffff010:   000000005da1ddf0 0000000077c140fd
0x00000000dffff020:   0000000004180000 0000000000000001
0x00000000dffff030:   0000000000000001 000000006f175f40
0x00000000dffff040:   0000000000000001 000000005d995270
0x00000000dffff050:   0000000000000000 0000000052371964
0x00000000dffff060:   00000000dffff1e0 0000000077ac300a
0x00000000dffff070:   0000000000000001 000000005a4a69b8
0x00000000dffff080:   000000005d995270 000000005da1de00
0x00000000dffff090:   000000005a4a6800 0000000079138d94
0x00000000dffff0a0:   000000000000179c 000000000000179c
0x00000000dffff0b0:   000000005d995270 0000000000000000
0x00000000dffff0c0:   000000005a4a69b8 000000007a0dd171
0x00000000dffff0d0:   000000005da1de00 000000005a4a69b8
0x00000000dffff0e0:   0000000052371964 000000005a4a69b8 

Instructions: (pc=0x0000000077c13290)
0x0000000077c13280:   33 d8 48 33 1d 3f f1 0d 00 48 c1 e3 04 0f 0d 0b
0x0000000077c13290:   4c 8b 63 08 49 bd 01 00 00 00 01 00 00 00 49 be 


Stack: [0x00000000dc000000,0x00000000e0000000],  sp=0x00000000dfffeff0,  free space=65531k
Native frames: (J=compiled Java code, j=interpreted, Vv=VM code, C=native code)
C  [ntdll.dll+0x53290]

[error occurred during error reporting (printing native stack), id 0xc0000005]

Java frames: (J=compiled Java code, j=interpreted, Vv=VM code)
j  com.mathworks.util.NativeJava.listFiles(Ljava/lang/String;Lcom/mathworks/util/AsyncReceiver;)Z+0
j  com.mathworks.mlwidgets.explorer.model.realfs.RealFileList.readFilesAndFolders(Lcom/mathworks/util/AsyncReceiver;)V+23
j  com.mathworks.mlwidgets.explorer.model.overlayfs.OverlayFileList.readFilesAndFolders(Lcom/mathworks/util/AsyncReceiver;)V+9
j  com.mathworks.mlwidgets.explorer.model.vfs.VirtualFileList.readFilesAndFolders(Lcom/mathworks/util/AsyncReceiver;)V+13
j  com.mathworks.mlwidgets.explorer.model.table.UiFileList.readAndUpdateCache(ZLcom/mathworks/util/CapturingReceiver;)V+91
j  com.mathworks.mlwidgets.explorer.model.table.UiFileList.access$500(Lcom/mathworks/mlwidgets/explorer/model/table/UiFileList;ZLcom/mathworks/util/CapturingReceiver;)V+3
j  com.mathworks.mlwidgets.explorer.model.table.UiFileList$6.run()V+66
j  com.mathworks.util.RequestQueue.execute()V+65
j  com.mathworks.util.RequestQueue.access$000(Lcom/mathworks/util/RequestQueue;)V+1
j  com.mathworks.util.RequestQueue$2.run()V+4
j  java.lang.Thread.run()V+11
v  ~StubRoutines::call_stub

---------------  P R O C E S S  ---------------

Java Threads: ( => current thread )
  0x000000005a4a5800 JavaThread "Unnamed RequestAggregator Timer" daemon [_thread_blocked, id=5684, stack(0x00000000a8000000,0x00000000ac000000)]
  0x000000005a4a5000 JavaThread "Swing-Shell" daemon [_thread_blocked, id=8480, stack(0x00000000f8000000,0x00000000fc000000)]
  0x000000005a4b0000 JavaThread "Thread-39" daemon [_thread_blocked, id=12720, stack(0x0000000130000000,0x0000000134000000)]
  0x000000005a4af000 JavaThread "Timer-2" daemon [_thread_blocked, id=15100, stack(0x000000010c000000,0x0000000110000000)]
  0x000000005a4ae800 JavaThread "Main message loop" daemon [_thread_in_native, id=5756, stack(0x0000000108000000,0x000000010c000000)]
  0x000000005a4ac000 JavaThread "com.jniwrapper.NativeResourceCollector" daemon [_thread_blocked, id=13184, stack(0x0000000100000000,0x0000000104000000)]
  0x000000005a4aa800 JavaThread "Code Analyzer updating thread" [_thread_blocked, id=10092, stack(0x00000000f4000000,0x00000000f8000000)]
  0x000000005a4aa000 JavaThread "Code Analyzer updating thread" [_thread_blocked, id=4668, stack(0x00000000f0000000,0x00000000f4000000)]
  0x000000005a4a9800 JavaThread "Active Reference Queue Daemon" daemon [_thread_blocked, id=6120, stack(0x00000000ec000000,0x00000000f0000000)]
  0x000000005a4a8800 JavaThread "Timer-1" daemon [_thread_blocked, id=14356, stack(0x00000000e8000000,0x00000000ec000000)]
  0x000000005a4a8000 JavaThread "ClipboardMonitor Timer" daemon [_thread_blocked, id=13668, stack(0x00000000e4000000,0x00000000e8000000)]
=>0x000000005a4a6800 JavaThread "Explorer NavigationContext request queue" daemon [_thread_in_native, id=14824, stack(0x00000000dc000000,0x00000000e0000000)]
  0x000000005a4a4000 JavaThread "AddressBar directory emptiness poller" daemon [_thread_blocked, id=1412, stack(0x00000000d0000000,0x00000000d4000000)]
  0x000000005a4a3800 JavaThread "Explorer Refresh Service 1463176019" daemon [_thread_blocked, id=7844, stack(0x00000000c4000000,0x00000000c8000000)]
  0x000000005a4a3000 JavaThread "Thread-4" daemon [_thread_blocked, id=12044, stack(0x00000000cc000000,0x00000000d0000000)]
  0x000000005a4a2000 JavaThread "TimerQueue" daemon [_thread_blocked, id=14976, stack(0x00000000c8000000,0x00000000cc000000)]
  0x000000005a4a1800 JavaThread "Thread-3" daemon [_thread_blocked, id=5012, stack(0x00000000b4000000,0x00000000b8000000)]
  0x000000005a4a0800 JavaThread "FelixPackageAdmin" daemon [_thread_blocked, id=13840, stack(0x00000000c0000000,0x00000000c4000000)]
  0x000000005a350000 JavaThread "FelixStartLevel" daemon [_thread_blocked, id=15028, stack(0x00000000bc000000,0x00000000c0000000)]
  0x000000005a34f000 JavaThread "FelixDispatchQueue" daemon [_thread_blocked, id=12812, stack(0x00000000b8000000,0x00000000bc000000)]
  0x000000005a3e6800 JavaThread "AWT-EventQueue-0" [_thread_blocked, id=11604, stack(0x00000000b0000000,0x00000000b4000000)]
  0x000000005a331800 JavaThread "com.google.common.base.internal.Finalizer" daemon [_thread_blocked, id=13984, stack(0x00000000ac000000,0x00000000b0000000)]
  0x000000005a32e000 JavaThread "AWT-Windows" daemon [_thread_in_native, id=12472, stack(0x00000000a4000000,0x00000000a8000000)]
  0x000000005a228000 JavaThread "AWT-Shutdown" [_thread_blocked, id=15220, stack(0x00000000a0000000,0x00000000a4000000)]
  0x000000005a227000 JavaThread "Java2D Disposer" daemon [_thread_blocked, id=14468, stack(0x000000009c000000,0x00000000a0000000)]
  0x0000000059e21000 JavaThread "Timer-0" [_thread_blocked, id=684, stack(0x0000000098000000,0x000000009c000000)]
  0x0000000059d0a000 JavaThread "EventMgr Dispatcher" daemon [_thread_in_native, id=13892, stack(0x0000000094000000,0x0000000098000000)]
  0x000000000fb4a800 JavaThread "Low Memory Detector" daemon [_thread_blocked, id=4868, stack(0x000000008c000000,0x0000000090000000)]
  0x000000000fb40800 JavaThread "CompilerThread1" daemon [_thread_in_native, id=14204, stack(0x0000000088000000,0x000000008c000000)]
  0x000000000fb40000 JavaThread "CompilerThread0" daemon [_thread_in_native, id=7172, stack(0x0000000084000000,0x0000000088000000)]
  0x000000000fb39800 JavaThread "Attach Listener" daemon [_thread_blocked, id=14788, stack(0x0000000080000000,0x0000000084000000)]
  0x000000000fadb000 JavaThread "Finalizer" daemon [_thread_blocked, id=14812, stack(0x0000000069ea0000,0x000000006dea0000)]
  0x000000000fada000 JavaThread "Reference Handler" daemon [_thread_blocked, id=14712, stack(0x0000000065ea0000,0x0000000069ea0000)]
  0x0000000006e8f000 JavaThread "main" [_thread_in_native, id=9352, stack(0x0000000000030000,0x0000000004030000)]

Other Threads:
  0x000000000fad7000 VMThread [stack: 0x0000000061ea0000,0x0000000065ea0000] [id=14684]
  0x000000000fb95800 WatcherThread [stack: 0x0000000090000000,0x0000000094000000] [id=5276]

VM state:not at safepoint (normal execution)

VM Mutex/Monitor currently owned by a thread: None

Heap
 PSYoungGen      total 33088K, used 18719K [0x0000000041c30000, 0x0000000044bd0000, 0x0000000044d30000)
  eden space 17536K, 94% used [0x0000000041c30000,0x0000000042c71430,0x0000000042d50000)
  from space 15552K, 13% used [0x0000000042d50000,0x0000000042f56b08,0x0000000043c80000)
  to   space 15040K, 0% used [0x0000000043d20000,0x0000000043d20000,0x0000000044bd0000)
 PSOldGen        total 98816K, used 56325K [0x0000000038930000, 0x000000003e9b0000, 0x0000000041c30000)
  object space 98816K, 57% used [0x0000000038930000,0x000000003c031660,0x000000003e9b0000)
 PSPermGen       total 102656K, used 71729K [0x0000000030930000, 0x0000000036d70000, 0x0000000038930000)
  object space 102656K, 69% used [0x0000000030930000,0x0000000034f3c610,0x0000000036d70000)

Dynamic libraries:
0x0000000140000000 - 0x0000000140028000 	C:\Program Files\MATLAB\R2013a\bin\win64\MATLAB.exe
0x0000000077bc0000 - 0x0000000077d69000 	C:\Windows\SYSTEM32\ntdll.dll
0x0000000077aa0000 - 0x0000000077bbf000 	C:\Windows\system32\kernel32.dll
0x000007fefdba0000 - 0x000007fefdc0b000 	C:\Windows\system32\KERNELBASE.dll
0x0000000074460000 - 0x0000000074515000 	C:\Program Files\MATLAB\R2013a\bin\win64\libut.dll
0x00000000758a0000 - 0x000000007595f000 	C:\Program Files\MATLAB\R2013a\bin\win64\libmwi18n.dll
0x0000000180000000 - 0x000000018000d000 	C:\Program Files\MATLAB\R2013a\bin\win64\libmwresource_core.dll
0x00000000786b0000 - 0x0000000078748000 	C:\Program Files\MATLAB\R2013a\bin\win64\MSVCP100.dll
0x00000000790d0000 - 0x00000000791a2000 	C:\Program Files\MATLAB\R2013a\bin\win64\MSVCR100.dll
0x000000005de90000 - 0x000000005de9e000 	C:\Program Files\MATLAB\R2013a\bin\win64\boost_date_time-vc100-mt-1_49.dll
0x00000000791b0000 - 0x00000000791dc000 	C:\Program Files\MATLAB\R2013a\bin\win64\boost_filesystem-vc100-mt-1_49.dll
0x0000000079f10000 - 0x0000000079f19000 	C:\Program Files\MATLAB\R2013a\bin\win64\boost_system-vc100-mt-1_49.dll
0x000007feff8c0000 - 0x000007feff99b000 	C:\Windows\system32\ADVAPI32.dll
0x000007feff780000 - 0x000007feff81f000 	C:\Windows\system32\msvcrt.dll
0x000007feff8a0000 - 0x000007feff8bf000 	C:\Windows\SYSTEM32\sechost.dll
0x000007fefe280000 - 0x000007fefe3ad000 	C:\Windows\system32\RPCRT4.dll
0x00000000799e0000 - 0x0000000079a05000 	C:\Program Files\MATLAB\R2013a\bin\win64\LIBEXPAT.dll
0x0000000073040000 - 0x00000000731ca000 	C:\Program Files\MATLAB\R2013a\bin\win64\icuin49.dll
0x0000000073cc0000 - 0x0000000073dfe000 	C:\Program Files\MATLAB\R2013a\bin\win64\icuuc49.dll
0x000000000fed0000 - 0x0000000010ff2000 	C:\Program Files\MATLAB\R2013a\bin\win64\icudt49.dll
0x0000000079c10000 - 0x0000000079c20000 	C:\Program Files\MATLAB\R2013a\bin\win64\icuio49.dll
0x0000000073f70000 - 0x0000000074112000 	C:\Program Files\MATLAB\R2013a\bin\win64\libmwfl.dll
0x000000007a350000 - 0x000000007a737000 	C:\Program Files\MATLAB\R2013a\bin\win64\libmwMATLAB_res.dll
0x0000000073aa0000 - 0x0000000073b7f000 	C:\Program Files\MATLAB\R2013a\bin\win64\boost_regex-vc100-mt-1_49.dll
0x00000000779a0000 - 0x0000000077a9a000 	C:\Windows\system32\USER32.dll
0x000007feff820000 - 0x000007feff887000 	C:\Windows\system32\GDI32.dll
0x000007feff890000 - 0x000007feff89e000 	C:\Windows\system32\LPK.dll
0x000007feffce0000 - 0x000007feffda9000 	C:\Windows\system32\USP10.dll
0x0000000079cc0000 - 0x0000000079cd1000 	C:\Program Files\MATLAB\R2013a\bin\win64\boost_signals-vc100-mt-1_49.dll
0x000000007a270000 - 0x000000007a281000 	C:\Program Files\MATLAB\R2013a\bin\win64\boost_thread-vc100-mt-1_49.dll
0x000007fef7760000 - 0x000007fef77ec000 	C:\Program Files\MATLAB\R2013a\bin\win64\boost_log-vc100-mt-1_49.dll
0x0000000077d80000 - 0x0000000077d87000 	C:\Windows\system32\PSAPI.DLL
0x000007feffc90000 - 0x000007feffcdd000 	C:\Windows\system32\WS2_32.dll
0x000007feffe90000 - 0x000007feffe98000 	C:\Windows\system32\NSI.dll
0x000007fefac90000 - 0x000007fefacc3000 	C:\Program Files\MATLAB\R2013a\bin\win64\tbb.dll
0x000007fefe6c0000 - 0x000007fefe6d9000 	C:\Windows\system32\imagehlp.dll
0x000007fefc370000 - 0x000007fefc39c000 	C:\Windows\system32\POWRPROF.dll
0x000007fefe0a0000 - 0x000007fefe277000 	C:\Windows\system32\SETUPAPI.dll
0x000007fefdaa0000 - 0x000007fefdad6000 	C:\Windows\system32\CFGMGR32.dll
0x000007feffdb0000 - 0x000007feffe87000 	C:\Windows\system32\OLEAUT32.dll
0x000007fefe7e0000 - 0x000007fefe9e3000 	C:\Windows\system32\ole32.dll
0x000007fefdda0000 - 0x000007fefddba000 	C:\Windows\system32\DEVOBJ.dll
0x0000000004100000 - 0x0000000004121000 	C:\Program Files\MATLAB\R2013a\bin\win64\libmwmfl_scalar.dll
0x000007fefb4b0000 - 0x000007fefb5d5000 	C:\Windows\system32\dbghelp.dll
0x0000000004280000 - 0x00000000045af000 	C:\Program Files\MATLAB\R2013a\bin\win64\libmwservices.dll
0x0000000075a20000 - 0x0000000075b0b000 	C:\Program Files\MATLAB\R2013a\bin\win64\libmx.dll
0x000007fefad00000 - 0x000007fefad28000 	C:\Program Files\MATLAB\R2013a\bin\win64\tbbmalloc.dll
0x000000007a050000 - 0x000000007a067000 	C:\Program Files\MATLAB\R2013a\bin\win64\zlib1.dll
0x0000000004130000 - 0x000000000417e000 	C:\Program Files\MATLAB\R2013a\bin\win64\libmwregexp.dll
0x0000000075f10000 - 0x0000000075f57000 	C:\Program Files\MATLAB\R2013a\bin\win64\mpath.dll
0x000000007b680000 - 0x000000007bc66000 	C:\Program Files\MATLAB\R2013a\bin\win64\mlutil.dll
0x00000000754d0000 - 0x0000000075547000 	C:\Program Files\MATLAB\R2013a\bin\win64\xmlcore.dll
0x000000007ac90000 - 0x000000007aed1000 	C:\Program Files\MATLAB\R2013a\bin\win64\xerces-c_2_7.dll
0x00000000045c0000 - 0x00000000045e2000 	C:\Program Files\MATLAB\R2013a\bin\win64\libmwMATLAB_settings_res.dll
0x000007fefb080000 - 0x000007fefb090000 	C:\Program Files\MATLAB\R2013a\bin\win64\boost_iostreams-vc100-mt-1_49.dll
0x000007fef8080000 - 0x000007fef80c6000 	C:\Program Files\MATLAB\R2013a\bin\win64\boost_serialization-vc100-mt-1_49.dll
0x000007fefe9f0000 - 0x000007feff778000 	C:\Windows\system32\SHELL32.dll
0x000007feff9a0000 - 0x000007feffa11000 	C:\Windows\system32\SHLWAPI.dll
0x00000000045f0000 - 0x00000000045f6000 	C:\Program Files\MATLAB\R2013a\bin\win64\libmwnativedisplay.dll
0x000007fef94a0000 - 0x000007fef9540000 	C:\Windows\WinSxS\amd64_microsoft.windows.common-controls_6595b64144ccf1df_5.82.7601.18201_none_a4d3b9377117c3df\COMCTL32.dll
0x000007fefe000000 - 0x000007fefe097000 	C:\Windows\system32\COMDLG32.dll
0x000007fefaed0000 - 0x000007fefaee6000 	C:\Windows\system32\NETAPI32.dll
0x000007fefaec0000 - 0x000007fefaecc000 	C:\Windows\system32\netutils.dll
0x000007fefd510000 - 0x000007fefd533000 	C:\Windows\system32\srvcli.dll
0x000007fefaea0000 - 0x000007fefaeb5000 	C:\Windows\system32\wkscli.dll
0x0000000074970000 - 0x0000000074a18000 	C:\Program Files\MATLAB\R2013a\bin\win64\mcr.dll
0x0000000075000000 - 0x00000000753b1000 	C:\Program Files\MATLAB\R2013a\bin\win64\iqm.dll
0x0000000074e80000 - 0x0000000074f30000 	C:\Program Files\MATLAB\R2013a\bin\win64\m_dispatcher.dll
0x0000000004600000 - 0x0000000004e08000 	C:\Program Files\MATLAB\R2013a\bin\win64\m_interpreter.dll
0x0000000004e10000 - 0x0000000004e34000 	C:\Program Files\MATLAB\R2013a\bin\win64\libmex.dll
0x0000000075430000 - 0x00000000754ab000 	C:\Program Files\MATLAB\R2013a\bin\win64\profiler.dll
0x0000000004e40000 - 0x00000000050c3000 	C:\Program Files\MATLAB\R2013a\bin\win64\libmwmathutil.dll
0x0000000079f40000 - 0x0000000079f66000 	C:\Program Files\MATLAB\R2013a\bin\win64\libmwmathrng.dll
0x00000000050d0000 - 0x00000000050e0000 	C:\Program Files\MATLAB\R2013a\bin\win64\libmwmfl_rng.dll
0x0000000074c10000 - 0x0000000074cf8000 	C:\Program Files\MATLAB\R2013a\bin\win64\libmwmathcore.dll
0x0000000076160000 - 0x00000000761c3000 	C:\Program Files\MATLAB\R2013a\bin\win64\libmwspmatrix.dll
0x000000007b0a0000 - 0x000000007b2f6000 	C:\Program Files\MATLAB\R2013a\bin\win64\mcos.dll
0x0000000075ea0000 - 0x0000000075f02000 	C:\Program Files\MATLAB\R2013a\bin\win64\libmwcholmod.dll
0x00000000050f0000 - 0x00000000050fd000 	C:\Program Files\MATLAB\R2013a\bin\win64\libmwamd.dll
0x000000006ea20000 - 0x000000006eac3000 	C:\Windows\WinSxS\amd64_microsoft.vc90.crt_1fc8b3b9a1e18e3b_9.0.30729.6161_none_08e61857a83bc251\MSVCR90.dll
0x0000000005110000 - 0x000000000511c000 	C:\Program Files\MATLAB\R2013a\bin\win64\libmwcolamd.dll
0x000000007a290000 - 0x000000007a2a3000 	C:\Program Files\MATLAB\R2013a\bin\win64\libmwblas.dll
0x000000007a310000 - 0x000000007a325000 	C:\Program Files\MATLAB\R2013a\bin\win64\libmwbinder.dll
0x0000000005130000 - 0x000000000513b000 	C:\Program Files\MATLAB\R2013a\bin\win64\libmwompwrapper.dll
0x0000000075820000 - 0x000000007589e000 	C:\Program Files\MATLAB\R2013a\bin\win64\libmwlapack.dll
0x000000007a1b0000 - 0x000000007a1d0000 	C:\Program Files\MATLAB\R2013a\bin\win64\m_pcodeio.dll
0x0000000079b10000 - 0x0000000079b6c000 	C:\Program Files\MATLAB\R2013a\bin\win64\m_ir.dll
0x0000000005140000 - 0x00000000057e9000 	C:\Program Files\MATLAB\R2013a\bin\win64\m_parser.dll
0x000000007a2f0000 - 0x000000007a307000 	C:\Program Files\MATLAB\R2013a\bin\win64\ir_xfmr.dll
0x00000000057f0000 - 0x0000000005800000 	C:\Program Files\MATLAB\R2013a\bin\win64\mtok.dll
0x000000007a130000 - 0x000000007a158000 	C:\Program Files\MATLAB\R2013a\bin\win64\m_pcodegen.dll
0x0000000079fb0000 - 0x0000000079fdf000 	C:\Program Files\MATLAB\R2013a\bin\win64\libmwbridge.dll
0x0000000074f40000 - 0x0000000074ff6000 	C:\Program Files\MATLAB\R2013a\bin\win64\udd.dll
0x0000000005800000 - 0x000000000594e000 	C:\Program Files\MATLAB\R2013a\bin\win64\libmwgui.dll
0x000000007a1d0000 - 0x000000007a1f4000 	C:\Program Files\MATLAB\R2013a\bin\win64\graphics_util.dll
0x000007fef76a0000 - 0x000007fef7758000 	C:\Program Files\MATLAB\R2013a\bin\win64\libtex_base.dll
0x0000000005950000 - 0x0000000006293000 	C:\Program Files\MATLAB\R2013a\bin\win64\hg.dll
0x0000000076100000 - 0x000000007615a000 	C:\Program Files\MATLAB\R2013a\bin\win64\libmat.dll
0x0000000072d30000 - 0x0000000072f38000 	C:\Program Files\MATLAB\R2013a\bin\win64\hdf5dll.dll
0x0000000075710000 - 0x00000000757d8000 	C:\Program Files\MATLAB\R2013a\bin\win64\jmi.dll
0x00000000062b0000 - 0x00000000062be000 	C:\Program Files\MATLAB\R2013a\bin\win64\nativejava_services.dll
0x00000000062c0000 - 0x0000000006300000 	C:\Program Files\MATLAB\R2013a\bin\win64\libmwhardcopy.dll
0x0000000075c70000 - 0x0000000075cce000 	C:\Program Files\MATLAB\R2013a\bin\win64\libuij.dll
0x0000000006300000 - 0x000000000653f000 	C:\Program Files\MATLAB\R2013a\bin\win64\hgdatatypes.dll
0x0000000006540000 - 0x000000000662b000 	C:\Program Files\MATLAB\R2013a\bin\win64\hgutils.dll
0x0000000006630000 - 0x00000000066de000 	C:\Program Files\MATLAB\R2013a\bin\win64\udd_mi.dll
0x00000000066e0000 - 0x0000000006716000 	C:\Program Files\MATLAB\R2013a\bin\win64\libmwgbtutils.dll
0x0000000006720000 - 0x0000000006734000 	C:\Program Files\MATLAB\R2013a\bin\win64\libmwgbt.dll
0x0000000006740000 - 0x0000000006a0e000 	C:\Program Files\MATLAB\R2013a\bin\win64\uiw.dll
0x0000000006a10000 - 0x0000000006a19000 	C:\Program Files\MATLAB\R2013a\bin\win64\uinone.dll
0x0000000006a20000 - 0x0000000006a46000 	C:\Program Files\MATLAB\R2013a\bin\win64\libmwnativefiledialogs.dll
0x0000000006a50000 - 0x0000000006a5c000 	C:\Program Files\MATLAB\R2013a\bin\win64\libmwplatform_res.dll
0x000007fefacd0000 - 0x000007feface8000 	C:\Windows\system32\MPR.dll
0x0000000079230000 - 0x000000007978d000 	C:\Program Files\MATLAB\R2013a\bin\win64\mfc100.dll
0x000007fef8e20000 - 0x000007fef8e27000 	C:\Windows\system32\MSIMG32.dll
0x000007fef9550000 - 0x000007fef95c1000 	C:\Windows\system32\WINSPOOL.DRV
0x0000000006a60000 - 0x0000000006a7d000 	C:\Program Files\MATLAB\R2013a\bin\win64\mwoles05.DLL
0x0000000006a80000 - 0x0000000006aec000 	C:\Program Files\MATLAB\R2013a\bin\win64\comcli.dll
0x0000000079aa0000 - 0x0000000079acb000 	C:\Program Files\MATLAB\R2013a\bin\win64\ATL100.DLL
0x0000000006af0000 - 0x0000000006afc000 	C:\Program Files\MATLAB\R2013a\bin\win64\mlautoregister.dll
0x0000000006b00000 - 0x0000000006c56000 	C:\Program Files\MATLAB\R2013a\bin\win64\mvm.dll
0x000007feffea0000 - 0x000007feffece000 	C:\Windows\system32\IMM32.DLL
0x000007feffb80000 - 0x000007feffc89000 	C:\Windows\system32\MSCTF.dll
0x000007fefbfe0000 - 0x000007fefc036000 	C:\Windows\system32\UxTheme.dll
0x000007fefbf20000 - 0x000007fefbf38000 	C:\Windows\system32\dwmapi.dll
0x000000005c380000 - 0x000000005c38d000 	C:\Program Files\MATLAB\R2013a\bin\win64\MFC100ENU.DLL
0x00000000086b0000 - 0x00000000086fe000 	C:\Program Files\MATLAB\R2013a\bin\win64\MVMLocal.dll
0x000007fefd9a0000 - 0x000007fefd9af000 	C:\Windows\system32\profapi.dll

VM Arguments:
jvm_args: -XX:PermSize=32m -Xms64m -XX:NewRatio=3 -XX:MaxPermSize=128m -Xmx196m -XX:MaxDirectMemorySize=2147400000 -Dsun.java2d.noddraw=true -Dsun.awt.nopixfmt=true -Xshare:off -Xrs -Dsun.awt.disableMixing=true -Djava.library.path=C:\Program Files\MATLAB\R2013a\bin\win64;C:\Program Files\MATLAB\R2013a\sys\jxbrowser\win64\lib vfprintf abort -XX:ParallelGCThreads=6 
java_command: <unknown>
Launcher Type: generic

Environment Variables:
JAVA_HOME=C:\Program Files\Java\jdk1.7.0_09\bin
CLASSPATH=.;C:\Program Files (x86)\Java\jre7\lib\ext\QTJava.zip
PATH=C:\Program Files\NVIDIA GPU Computing Toolkit\CUDA\v5.5\bin;C:\Program Files\NVIDIA GPU Computing Toolkit\CUDA\v5.5\libnvvp;C:\Program Files (x86)\NVIDIA Corporation\PhysX\Common;C:\Python33\;C:\Windows\system32;C:\Windows;C:\Windows\System32\Wbem;C:\Windows\System32\WindowsPowerShell\v1.0\;C:\Program Files\TortoiseSVN\bin;C:\Program Files\Java\jdk1.7.0_09\bin;C:\Development\adt-bundle-windows-x86_64-20130219\sdk\platform-tools;C:\Development\adt-bundle-windows-x86_64-20130219\sdk\tools;C:\Development\apache-ant-1.8.4\bin;C:\Libraries\opencv\build\bin\Debug;C:\Libraries\tbb41_20121003oss\bin\intel64\vc10;C:\MinGW\bin;H:\Development\adt-bundle-windows-x86_64-20130219\sdk\platform-tools;H:\Development\adt-bundle-windows-x86_64-20130219\sdk\tools;H:\Development\apache-ant-1.9.2\bin;C:\Program Files (x86)\QuickTime\QTSystem\;C:\Program Files (x86)\Windows Kits\8.0\Windows Performance Toolkit\;C:\Program Files\Microsoft SQL Server\110\Tools\Binn\;C:\Program Files\MATLAB\R2013a\runtime\win64;C:\Program Files\MATLAB\R2013a\bin;C:\Modeltech_pe_edu_10.2a\win32pe_edu;C:\Program Files (x86)\FAHClient
USERNAME=steve
OS=Windows_NT
PROCESSOR_IDENTIFIER=Intel64 Family 6 Model 26 Stepping 5, GenuineIntel



---------------  S Y S T E M  ---------------

OS: Windows 7 Build 7601 Service Pack 1

CPU:total 8 (8 cores per cpu, 2 threads per core) family 6 model 26 stepping 5, cmov, cx8, fxsr, mmx, sse, sse2, sse3, ssse3, sse4.1, sse4.2, ht

Memory: 4k page, physical 6288888k(1140288k free), swap 419728092k(411985732k free)

vm_info: Java HotSpot(TM) 64-Bit Server VM (14.3-b01) for windows-amd64 JRE (1.6.0_17-b04), built on Oct 11 2009 00:46:08 by "java_re" with MS VC++ 8.0

time: Mon Oct 14 03:03:56 2013
elapsed time: 241 seconds

